Round Score: 2
Possible Round Score: 6
Possible Total: 6
Total Score: 2
Rank: 33.33333333333333
--------------------
Round Score: 0
Possible Round Score: 2
Possible Total: 8
Total Score: 2
Rank: 25
--------------------
Round Score: 0
Possible Round Score: 1
Possible Total: 9
Total Score: 2
Rank: 22.22222222222222
--------------------
Round Score: 0
Possible Round Score: 1
Possible Total: 10
Total Score: 2
Rank: 20
--------------------
Round Score: 0
Possible Round Score: 2
Possible Total: 12
Total Score: 2
Rank: 16.666666666666664
--------------------
Round Score: 0.5
Possible Round Score: 2
Possible Total: 14
Total Score: 2.5
Rank: 17.857142857142858
--------------------
Round Score: 1
Possible Round Score: 4
Possible Total: 18
Total Score: 3.5
Rank: 19.444444444444446
--------------------
Round Score: 0.3333333333333333
Possible Round Score: 2
Possible Total: 20
Total Score: 3.8333333333333335
Rank: 19.166666666666668
--------------------
Round Score: 0
Possible Round Score: 3
Possible Total: 23
Total Score: 3.8333333333333335
Rank: 16.666666666666668
--------------------
Round Score: 0.6000000000000001
Possible Round Score: 3
Possible Total: 26
Total Score: 4.433333333333334
Rank: 17.05128205128205
--------------------
Round Score: 0
Possible Round Score: 7
Possible Total: 33
Total Score: 4.433333333333334
Rank: 13.434343434343434
--------------------
Round Score: 0
Possible Round Score: 1
Possible Total: 34
Total Score: 4.433333333333334
Rank: 13.039215686274511
--------------------
Round Score: 0.6666666666666666
Possible Round Score: 2
Possible Total: 36
Total Score: 5.1000000000000005
Rank: 14.16666666666667
--------------------
Round Score: 0
Possible Round Score: 1
Possible Total: 37
Total Score: 5.1000000000000005
Rank: 13.783783783783784
--------------------
Round Score: 0
Possible Round Score: 1
Possible Total: 38
Total Score: 5.1000000000000005
Rank: 13.421052631578947
--------------------
Round Score: 0.5
Possible Round Score: 2
Possible Total: 40
Total Score: 5.6000000000000005
Rank: 14.000000000000002
--------------------
Round Score: 1.3333333333333333
Possible Round Score: 4
Possible Total: 44
Total Score: 6.933333333333334
Rank: 15.75757575757576
--------------------
Round Score: 1.2000000000000002
Possible Round Score: 3
Possible Total: 47
Total Score: 8.133333333333333
Rank: 17.30496453900709
--------------------
Round Score: 3.333333333333333
Possible Round Score: 5
Possible Total: 52
Total Score: 11.466666666666665
Rank: 22.051282051282048
--------------------
Round Score: 0
Possible Round Score: 1
Possible Total: 53
Total Score: 11.466666666666665
Rank: 21.635220125786162
--------------------
Round Score: 0
Possible Round Score: 1
Possible Total: 54
Total Score: 11.466666666666665
Rank: 21.234567901234566
--------------------
Round Score: 1.5
Possible Round Score: 3
Possible Total: 57
Total Score: 12.966666666666665
Rank: 22.748538011695903
--------------------
Round Score: 0
Possible Round Score: 1
Possible Total: 58
Total Score: 12.966666666666665
Rank: 22.356321839080458
--------------------
Round Score: 0
Possible Round Score: 2
Possible Total: 60
Total Score: 12.966666666666665
Rank: 21.611111111111107
--------------------
Round Score: 0
Possible Round Score: 2
Possible Total: 62
Total Score: 12.966666666666665
Rank: 20.913978494623652
--------------------
Round Score: 1
Possible Round Score: 3
Possible Total: 65
Total Score: 13.966666666666665
Rank: 21.487179487179482
--------------------
Round Score: 0.4
Possible Round Score: 2
Possible Total: 67
Total Score: 14.366666666666665
Rank: 21.44278606965174
--------------------
Round Score: 0
Possible Round Score: 4
Possible Total: 71
Total Score: 14.366666666666665
Rank: 20.234741784037556
--------------------
Round Score: 0
Possible Round Score: 3
Possible Total: 74
Total Score: 14.366666666666665
Rank: 19.414414414414413
--------------------
Round Score: 0
Possible Round Score: 1
Possible Total: 75
Total Score: 14.366666666666665
Rank: 19.155555555555555
--------------------
Round Score: 0
Possible Round Score: 2
Possible Total: 77
Total Score: 14.366666666666665
Rank: 18.658008658008658
--------------------
Round Score: 0
Possible Round Score: 1
Possible Total: 78
Total Score: 14.366666666666665
Rank: 18.418803418803417
--------------------
Round Score: 0
Possible Round Score: 3
Possible Total: 81
Total Score: 14.366666666666665
Rank: 17.73662551440329
--------------------
Round Score: 0
Possible Round Score: 1
Possible Total: 82
Total Score: 14.366666666666665
Rank: 17.52032520325203
--------------------
Round Score: 0.5
Possible Round Score: 3
Possible Total: 85
Total Score: 14.866666666666665
Rank: 17.49019607843137
--------------------
Round Score: 0
Possible Round Score: 4
Possible Total: 89
Total Score: 14.866666666666665
Rank: 16.704119850187265
--------------------
Round Score: 0
Possible Round Score: 2
Possible Total: 91
Total Score: 14.866666666666665
Rank: 16.336996336996336
--------------------
Round Score: 0
Possible Round Score: 1
Possible Total: 92
Total Score: 14.866666666666665
Rank: 16.15942028985507
--------------------
Round Score: 0.6666666666666666
Possible Round Score: 4
Possible Total: 96
Total Score: 15.533333333333331
Rank: 16.180555555555554
--------------------
Round Score: 0
Possible Round Score: 7
Possible Total: 103
Total Score: 15.533333333333331
Rank: 15.080906148867312
--------------------
Round Score: 0
Possible Round Score: 1
Possible Total: 104
Total Score: 15.533333333333331
Rank: 14.935897435897433
--------------------
Round Score: 0
Possible Round Score: 3
Possible Total: 107
Total Score: 15.533333333333331
Rank: 14.51713395638629
--------------------
Round Score: 0
Possible Round Score: 1
Possible Total: 108
Total Score: 15.533333333333331
Rank: 14.382716049382715
--------------------
Round Score: 0
Possible Round Score: 1
Possible Total: 109
Total Score: 15.533333333333331
Rank: 14.250764525993882
--------------------
Round Score: 0
Possible Round Score: 1
Possible Total: 110
Total Score: 15.533333333333331
Rank: 14.121212121212121
--------------------
Round Score: 0
Possible Round Score: 2
Possible Total: 112
Total Score: 15.533333333333331
Rank: 13.869047619047617
--------------------
Round Score: 0.5
Possible Round Score: 2
Possible Total: 114
Total Score: 16.03333333333333
Rank: 14.064327485380115
--------------------
Round Score: 0
Possible Round Score: 1
Possible Total: 115
Total Score: 16.03333333333333
Rank: 13.942028985507246
--------------------
Round Score: 6.6
Possible Round Score: 11
Possible Total: 126
Total Score: 22.633333333333333
Rank: 17.962962962962965
--------------------
Round Score: 0
Possible Round Score: 1
Possible Total: 127
Total Score: 22.633333333333333
Rank: 17.821522309711284
--------------------
Round Score: 0.5
Possible Round Score: 2
Possible Total: 129
Total Score: 23.133333333333333
Rank: 17.9328165374677
--------------------
Round Score: 0
Possible Round Score: 2
Possible Total: 131
Total Score: 23.133333333333333
Rank: 17.659033078880405
--------------------
Round Score: 1
Possible Round Score: 4
Possible Total: 135
Total Score: 24.133333333333333
Rank: 17.876543209876544
--------------------
Round Score: 0
Possible Round Score: 4
Possible Total: 139
Total Score: 24.133333333333333
Rank: 17.3621103117506
--------------------
Round Score: 0.6666666666666666
Possible Round Score: 2
Possible Total: 141
Total Score: 24.8
Rank: 17.588652482269502
--------------------
Round Score: 0
Possible Round Score: 2
Possible Total: 143
Total Score: 24.8
Rank: 17.342657342657343
--------------------
Round Score: 0
Possible Round Score: 2
Possible Total: 145
Total Score: 24.8
Rank: 17.103448275862068
--------------------
Round Score: 0
Possible Round Score: 1
Possible Total: 146
Total Score: 24.8
Rank: 16.986301369863014
--------------------
Round Score: 0
Possible Round Score: 1
Possible Total: 147
Total Score: 24.8
Rank: 16.87074829931973
--------------------
Round Score: 0
Possible Round Score: 1
Possible Total: 148
Total Score: 24.8
Rank: 16.756756756756758
--------------------
Round Score: 0.5
Possible Round Score: 2
Possible Total: 150
Total Score: 25.3
Rank: 16.866666666666667
--------------------
Round Score: 3.333333333333333
Possible Round Score: 5
Possible Total: 155
Total Score: 28.633333333333333
Rank: 18.473118279569892
--------------------
Round Score: 0
Possible Round Score: 5
Possible Total: 160
Total Score: 28.633333333333333
Rank: 17.895833333333332
--------------------
Round Score: 0.5
Possible Round Score: 2
Possible Total: 162
Total Score: 29.133333333333333
Rank: 17.983539094650205
--------------------
Round Score: 1.5
Possible Round Score: 3
Possible Total: 165
Total Score: 30.633333333333333
Rank: 18.565656565656568
--------------------
Round Score: 5
Possible Round Score: 10
Possible Total: 175
Total Score: 35.63333333333333
Rank: 20.36190476190476
--------------------
Round Score: 2.6666666666666665
Possible Round Score: 4
Possible Total: 179
Total Score: 38.3
Rank: 21.396648044692736
--------------------
Round Score: 0
Possible Round Score: 3
Possible Total: 182
Total Score: 38.3
Rank: 21.04395604395604
--------------------
Round Score: 0.2857142857142857
Possible Round Score: 2
Possible Total: 184
Total Score: 38.58571428571428
Rank: 20.970496894409933
--------------------
Round Score: 1.75
Possible Round Score: 7
Possible Total: 191
Total Score: 40.33571428571428
Rank: 21.118175018698576
--------------------
Round Score: 0.4
Possible Round Score: 2
Possible Total: 193
Total Score: 40.73571428571428
Rank: 21.10658771280533
--------------------
Round Score: 0
Possible Round Score: 1
Possible Total: 194
Total Score: 40.73571428571428
Rank: 20.997790868924888
--------------------
Round Score: 0
Possible Round Score: 1
Possible Total: 195
Total Score: 40.73571428571428
Rank: 20.890109890109887
--------------------
Round Score: 1
Possible Round Score: 3
Possible Total: 198
Total Score: 41.73571428571428
Rank: 21.07864357864358
--------------------
Round Score: 0
Possible Round Score: 2
Possible Total: 200
Total Score: 41.73571428571428
Rank: 20.86785714285714
--------------------
Round Score: 0
Possible Round Score: 1
Possible Total: 201
Total Score: 41.73571428571428
Rank: 20.764036958066807
--------------------
Round Score: 0
Possible Round Score: 4
Possible Total: 205
Total Score: 41.73571428571428
Rank: 20.3588850174216
--------------------
Round Score: 0
Possible Round Score: 6
Possible Total: 211
Total Score: 41.73571428571428
Rank: 19.779959377115773
--------------------
Round Score: 0
Possible Round Score: 2
Possible Total: 213
Total Score: 41.73571428571428
Rank: 19.59423205902079
--------------------
Round Score: 2.4
Possible Round Score: 4
Possible Total: 217
Total Score: 44.13571428571428
Rank: 20.339038841342987
--------------------
Round Score: 2
Possible Round Score: 3
Possible Total: 220
Total Score: 46.13571428571428
Rank: 20.970779220779217
--------------------
Round Score: 0
Possible Round Score: 1
Possible Total: 221
Total Score: 46.13571428571428
Rank: 20.875888817065285
--------------------
Round Score: 0
Possible Round Score: 1
Possible Total: 222
Total Score: 46.13571428571428
Rank: 20.78185328185328
--------------------
Round Score: 0.5
Possible Round Score: 2
Possible Total: 224
Total Score: 46.63571428571428
Rank: 20.819515306122447
--------------------
Round Score: 0.6666666666666666
Possible Round Score: 2
Possible Total: 226
Total Score: 47.30238095238094
Rank: 20.930257058575638
--------------------
Round Score: 0
Possible Round Score: 1
Possible Total: 227
Total Score: 47.30238095238094
Rank: 20.838053282987197
--------------------
Round Score: 0
Possible Round Score: 1
Possible Total: 228
Total Score: 47.30238095238094
Rank: 20.74665831244778
--------------------
Round Score: 0.5
Possible Round Score: 2
Possible Total: 230
Total Score: 47.80238095238094
Rank: 20.78364389233954
--------------------
Round Score: 0.5
Possible Round Score: 2
Possible Total: 232
Total Score: 48.30238095238094
Rank: 20.819991789819372
--------------------
Round Score: 0
Possible Round Score: 1
Possible Total: 233
Total Score: 48.30238095238094
Rank: 20.73063560188023
--------------------
Round Score: 0
Possible Round Score: 2
Possible Total: 235
Total Score: 48.30238095238094
Rank: 20.554204660587637
--------------------
Round Score: 0
Possible Round Score: 2
Possible Total: 237
Total Score: 48.30238095238094
Rank: 20.38075145670082
--------------------
Round Score: 1
Possible Round Score: 3
Possible Total: 240
Total Score: 49.30238095238094
Rank: 20.542658730158728
--------------------
Round Score: 0.4
Possible Round Score: 2
Possible Total: 242
Total Score: 49.70238095238094
Rank: 20.538173947264852
--------------------
Round Score: 0.2857142857142857
Possible Round Score: 2
Possible Total: 244
Total Score: 49.98809523809523
Rank: 20.48692427790788
--------------------
Round Score: 0.6666666666666666
Possible Round Score: 2
Possible Total: 246
Total Score: 50.65476190476189
Rank: 20.591366627951988
--------------------
Round Score: 0.4
Possible Round Score: 2
Possible Total: 248
Total Score: 51.05476190476189
Rank: 20.586597542242696
--------------------
Round Score: 0
Possible Round Score: 1
Possible Total: 249
Total Score: 51.05476190476189
Rank: 20.503920443679473
--------------------
Round Score: 1
Possible Round Score: 2
Possible Total: 251
Total Score: 52.05476190476189
Rank: 20.738948966040592
--------------------
Round Score: 0
Possible Round Score: 4
Possible Total: 255
Total Score: 52.05476190476189
Rank: 20.413632119514467
--------------------
Round Score: 0
Possible Round Score: 3
Possible Total: 258
Total Score: 52.05476190476189
Rank: 20.176264304171276
--------------------
Round Score: 0.3333333333333333
Possible Round Score: 2
Possible Total: 260
Total Score: 52.388095238095225
Rank: 20.149267399267394
--------------------
Round Score: 0.6666666666666666
Possible Round Score: 2
Possible Total: 262
Total Score: 53.05476190476189
Rank: 20.24990912395492
--------------------
Round Score: 1.3333333333333333
Possible Round Score: 4
Possible Total: 266
Total Score: 54.388095238095225
Rank: 20.446652345148582
--------------------
Round Score: 0.6666666666666666
Possible Round Score: 2
Possible Total: 268
Total Score: 55.05476190476189
Rank: 20.542821606254435
--------------------
Round Score: 0
Possible Round Score: 1
Possible Total: 269
Total Score: 55.05476190476189
Rank: 20.466454239688435
--------------------
Round Score: 0
Possible Round Score: 1
Possible Total: 270
Total Score: 55.05476190476189
Rank: 20.390652557319218
--------------------
Round Score: 0
Possible Round Score: 1
Possible Total: 271
Total Score: 55.05476190476189
Rank: 20.315410296960106
--------------------
Round Score: 0
Possible Round Score: 1
Possible Total: 272
Total Score: 55.05476190476189
Rank: 20.240721288515402
--------------------
Round Score: 2
Possible Round Score: 5
Possible Total: 277
Total Score: 57.05476190476189
Rank: 20.59738696922812
--------------------
Round Score: 0.5
Possible Round Score: 2
Possible Total: 279
Total Score: 57.55476190476189
Rank: 20.628946919269495
--------------------
Round Score: 0.6666666666666666
Possible Round Score: 2
Possible Total: 281
Total Score: 58.221428571428554
Rank: 20.71936959837315
--------------------
Round Score: 1.2000000000000002
Possible Round Score: 6
Possible Total: 287
Total Score: 59.42142857142856
Rank: 20.704330512692877
--------------------
Round Score: 0.25
Possible Round Score: 2
Possible Total: 289
Total Score: 59.67142857142856
Rank: 20.647553138902612
--------------------
Round Score: 1.6
Possible Round Score: 4
Possible Total: 293
Total Score: 61.27142857142856
Rank: 20.911750365675275
--------------------
Round Score: 0
Possible Round Score: 1
Possible Total: 294
Total Score: 61.27142857142856
Rank: 20.840621963070937
--------------------
Round Score: 1.5
Possible Round Score: 3
Possible Total: 297
Total Score: 62.77142857142856
Rank: 21.13516113516113
--------------------
Round Score: 0
Possible Round Score: 2
Possible Total: 299
Total Score: 62.77142857142856
Rank: 20.99378881987577
--------------------
Round Score: 0.8
Possible Round Score: 4
Possible Total: 303
Total Score: 63.571428571428555
Rank: 20.980669495520978
--------------------
Round Score: 0
Possible Round Score: 4
Possible Total: 307
Total Score: 63.571428571428555
Rank: 20.707305723592363
--------------------
Round Score: 0
Possible Round Score: 1
Possible Total: 308
Total Score: 63.571428571428555
Rank: 20.640074211502775
--------------------
Round Score: 0
Possible Round Score: 1
Possible Total: 309
Total Score: 63.571428571428555
Rank: 20.573277854831247
--------------------
Round Score: 0
Possible Round Score: 1
Possible Total: 310
Total Score: 63.571428571428555
Rank: 20.506912442396306
--------------------
Round Score: 0
Possible Round Score: 3
Possible Total: 313
Total Score: 63.571428571428555
Rank: 20.310360565951616
--------------------
Round Score: 0
Possible Round Score: 1
Possible Total: 314
Total Score: 63.571428571428555
Rank: 20.245677888989984
--------------------
Round Score: 0
Possible Round Score: 1
Possible Total: 315
Total Score: 63.571428571428555
Rank: 20.181405895691604
--------------------
Round Score: 1
Possible Round Score: 3
Possible Total: 318
Total Score: 64.57142857142856
Rank: 20.305480682839168
--------------------
Round Score: 0
Possible Round Score: 1
Possible Total: 319
Total Score: 64.57142857142856
Rank: 20.241827138378856
--------------------
Round Score: 0
Possible Round Score: 2
Possible Total: 321
Total Score: 64.57142857142856
Rank: 20.115709835336
--------------------
Round Score: 0
Possible Round Score: 4
Possible Total: 325
Total Score: 64.57142857142856
Rank: 19.868131868131865
--------------------
Round Score: 0
Possible Round Score: 1
Possible Total: 326
Total Score: 64.57142857142856
Rank: 19.807186678352316
--------------------
Round Score: 0
Possible Round Score: 3
Possible Total: 329
Total Score: 64.57142857142856
Rank: 19.626574033868863
--------------------
Round Score: 0
Possible Round Score: 1
Possible Total: 330
Total Score: 64.57142857142856
Rank: 19.567099567099564
--------------------
Round Score: 0.5
Possible Round Score: 2
Possible Total: 332
Total Score: 65.07142857142856
Rank: 19.59982788296041
--------------------
Round Score: 0
Possible Round Score: 1
Possible Total: 333
Total Score: 65.07142857142856
Rank: 19.540969540969535
--------------------
Round Score: 0.6666666666666666
Possible Round Score: 2
Possible Total: 335
Total Score: 65.73809523809523
Rank: 19.62331201137171
--------------------
Round Score: 1.5
Possible Round Score: 3
Possible Total: 338
Total Score: 67.23809523809523
Rank: 19.892927585235274
--------------------
Round Score: 1.5
Possible Round Score: 6
Possible Total: 344
Total Score: 68.73809523809523
Rank: 19.982004429678845
--------------------
Round Score: 1.5
Possible Round Score: 3
Possible Total: 347
Total Score: 70.23809523809523
Rank: 20.241526005214762
--------------------
Round Score: 3.5
Possible Round Score: 7
Possible Total: 354
Total Score: 73.73809523809523
Rank: 20.82997040624159
--------------------
Round Score: 0
Possible Round Score: 4
Possible Total: 358
Total Score: 73.73809523809523
Rank: 20.597233306730512
--------------------
Round Score: 1.2000000000000002
Possible Round Score: 6
Possible Total: 364
Total Score: 74.93809523809523
Rank: 20.587388801674514
--------------------
Round Score: 0
Possible Round Score: 1
Possible Total: 365
Total Score: 74.93809523809523
Rank: 20.530984996738418
--------------------
Round Score: 1
Possible Round Score: 3
Possible Total: 368
Total Score: 75.93809523809523
Rank: 20.635351966873703
--------------------
Round Score: 3.75
Possible Round Score: 5
Possible Total: 373
Total Score: 79.68809523809523
Rank: 21.36410060002553
--------------------
Round Score: 0.8
Possible Round Score: 4
Possible Total: 377
Total Score: 80.48809523809523
Rank: 21.34962738411014
--------------------
Round Score: 0.5
Possible Round Score: 3
Possible Total: 380
Total Score: 80.98809523809523
Rank: 21.312656641604008
--------------------
Round Score: 1
Possible Round Score: 3
Possible Total: 383
Total Score: 81.98809523809523
Rank: 21.40681337809275
--------------------
Round Score: 0
Possible Round Score: 4
Possible Total: 387
Total Score: 81.98809523809523
Rank: 21.185554325089207
--------------------
Round Score: 0.5
Possible Round Score: 2
Possible Total: 389
Total Score: 82.48809523809523
Rank: 21.205165870975637
--------------------
Round Score: 1.5
Possible Round Score: 3
Possible Total: 392
Total Score: 83.98809523809523
Rank: 21.425534499514086
--------------------
Round Score: 1
Possible Round Score: 3
Possible Total: 395
Total Score: 84.98809523809523
Rank: 21.51597347799879
--------------------
Round Score: 0.6000000000000001
Possible Round Score: 3
Possible Total: 398
Total Score: 85.58809523809522
Rank: 21.50454654223498
--------------------
Round Score: 0
Possible Round Score: 4
Possible Total: 402
Total Score: 85.58809523809522
Rank: 21.290570954750056
--------------------
Round Score: 2
Possible Round Score: 6
Possible Total: 408
Total Score: 87.58809523809522
Rank: 21.467670401493926
--------------------
Round Score: 0
Possible Round Score: 2
Possible Total: 410
Total Score: 87.58809523809522
Rank: 21.362950058072006
--------------------
Round Score: 0
Possible Round Score: 2
Possible Total: 412
Total Score: 87.58809523809522
Rank: 21.259246417013404
--------------------
Round Score: 2
Possible Round Score: 4
Possible Total: 416
Total Score: 89.58809523809522
Rank: 21.535599816849814
--------------------
Round Score: 0
Possible Round Score: 5
Possible Total: 421
Total Score: 89.58809523809522
Rank: 21.27983259812238
--------------------
Round Score: 0.5
Possible Round Score: 2
Possible Total: 423
Total Score: 90.08809523809522
Rank: 21.29742204210289
--------------------
Round Score: 1
Possible Round Score: 2
Possible Total: 425
Total Score: 91.08809523809522
Rank: 21.432492997198878
--------------------
Round Score: 4.5
Possible Round Score: 9
Possible Total: 434
Total Score: 95.58809523809522
Rank: 22.0249067368883
--------------------
Round Score: 0
Possible Round Score: 1
Possible Total: 435
Total Score: 95.58809523809522
Rank: 21.974274767378212
--------------------
Round Score: 0
Possible Round Score: 2
Possible Total: 437
Total Score: 95.58809523809522
Rank: 21.873706004140782
--------------------
Round Score: 0
Possible Round Score: 1
Possible Total: 438
Total Score: 95.58809523809522
Rank: 21.8237660360948
--------------------
Round Score: 0
Possible Round Score: 1
Possible Total: 439
Total Score: 95.58809523809522
Rank: 21.77405358498752
--------------------
Round Score: 0
Possible Round Score: 1
Possible Total: 440
Total Score: 95.58809523809522
Rank: 21.724567099567096
--------------------
Round Score: 1.6
Possible Round Score: 4
Possible Total: 444
Total Score: 97.18809523809522
Rank: 21.889210639210635
--------------------
Round Score: 0
Possible Round Score: 2
Possible Total: 446
Total Score: 97.18809523809522
Rank: 21.791052743967537
--------------------
Round Score: 0.4
Possible Round Score: 2
Possible Total: 448
Total Score: 97.58809523809522
Rank: 21.78305697278911
--------------------
Round Score: 0
Possible Round Score: 1
Possible Total: 449
Total Score: 97.58809523809522
Rank: 21.734542369286242
--------------------
Round Score: 0
Possible Round Score: 1
Possible Total: 450
Total Score: 97.58809523809522
Rank: 21.68624338624338
--------------------
Round Score: 1.2000000000000002
Possible Round Score: 6
Possible Total: 456
Total Score: 98.78809523809522
Rank: 21.664055973266496
--------------------
Round Score: 1.3333333333333333
Possible Round Score: 4
Possible Total: 460
Total Score: 100.12142857142855
Rank: 21.765527950310553
--------------------
Round Score: 4
Possible Round Score: 8
Possible Total: 468
Total Score: 104.12142857142855
Rank: 22.248168498168493
--------------------
Round Score: 0
Possible Round Score: 3
Possible Total: 471
Total Score: 104.12142857142855
Rank: 22.106460418562328
--------------------
Round Score: 0.4
Possible Round Score: 2
Possible Total: 473
Total Score: 104.52142857142856
Rank: 22.097553609181514
--------------------
Round Score: 0.5
Possible Round Score: 2
Possible Total: 475
Total Score: 105.02142857142856
Rank: 22.109774436090223
--------------------
Round Score: 0
Possible Round Score: 2
Possible Total: 477
Total Score: 105.02142857142856
Rank: 22.017070979335127
--------------------
Round Score: 0.6666666666666666
Possible Round Score: 2
Possible Total: 479
Total Score: 105.68809523809523
Rank: 22.064320508996914
--------------------
Round Score: 0
Possible Round Score: 4
Possible Total: 483
Total Score: 105.68809523809523
Rank: 21.88159321699694
--------------------
Round Score: 0
Possible Round Score: 1
Possible Total: 484
Total Score: 105.68809523809523
Rank: 21.83638331365604
--------------------
Round Score: 0
Possible Round Score: 1
Possible Total: 485
Total Score: 105.68809523809523
Rank: 21.791359842906232
--------------------
Round Score: 0.4
Possible Round Score: 2
Possible Total: 487
Total Score: 106.08809523809524
Rank: 21.784003128972326
--------------------
Round Score: 0.6666666666666666
Possible Round Score: 2
Possible Total: 489
Total Score: 106.7547619047619
Rank: 21.831239653325543
--------------------
Round Score: 1
Possible Round Score: 3
Possible Total: 492
Total Score: 107.7547619047619
Rank: 21.90137437088657
--------------------
Round Score: 1.3333333333333333
Possible Round Score: 4
Possible Total: 496
Total Score: 109.08809523809524
Rank: 21.993567588325654
--------------------
Round Score: 0
Possible Round Score: 1
Possible Total: 497
Total Score: 109.08809523809524
Rank: 21.949314937242505
--------------------
Round Score: 0
Possible Round Score: 1
Possible Total: 498
Total Score: 109.08809523809524
Rank: 21.905240007649645
--------------------
Round Score: 0
Possible Round Score: 7
Possible Total: 505
Total Score: 109.08809523809524
Rank: 21.6016030174446
--------------------
Round Score: 0
Possible Round Score: 2
Possible Total: 507
Total Score: 109.08809523809524
Rank: 21.51638959331267
--------------------
Round Score: 0.4
Possible Round Score: 2
Possible Total: 509
Total Score: 109.48809523809524
Rank: 21.510431284498083
--------------------
Round Score: 0.5
Possible Round Score: 2
Possible Total: 511
Total Score: 109.98809523809524
Rank: 21.52408908768987
--------------------
Round Score: 2.5
Possible Round Score: 5
Possible Total: 516
Total Score: 112.48809523809524
Rank: 21.8000184569952
--------------------
Round Score: 1
Possible Round Score: 2
Possible Total: 518
Total Score: 113.48809523809524
Rank: 21.90889869461298
--------------------
Round Score: 1.3333333333333333
Possible Round Score: 4
Possible Total: 522
Total Score: 114.82142857142857
Rank: 21.996442255062945
--------------------
Round Score: 0
Possible Round Score: 1
Possible Total: 523
Total Score: 114.82142857142857
Rank: 21.954384048074296
--------------------
Round Score: 0.4
Possible Round Score: 2
Possible Total: 525
Total Score: 115.22142857142858
Rank: 21.946938775510205
--------------------
Round Score: 0
Possible Round Score: 1
Possible Total: 526
Total Score: 115.22142857142858
Rank: 21.905214557305815
--------------------
Round Score: 0
Possible Round Score: 3
Possible Total: 529
Total Score: 115.22142857142858
Rank: 21.78098838779368
--------------------
Round Score: 0.5
Possible Round Score: 3
Possible Total: 532
Total Score: 115.72142857142858
Rank: 21.752148227712137
--------------------
Round Score: 0
Possible Round Score: 2
Possible Total: 534
Total Score: 115.72142857142858
Rank: 21.67067950775816
--------------------
Round Score: 0.75
Possible Round Score: 3
Possible Total: 537
Total Score: 116.47142857142858
Rank: 21.68927906358074
--------------------
Round Score: 0
Possible Round Score: 1
Possible Total: 538
Total Score: 116.47142857142858
Rank: 21.64896441848115
--------------------
Round Score: 0
Possible Round Score: 1
Possible Total: 539
Total Score: 116.47142857142858
Rank: 21.608799363901404
--------------------
Round Score: 0
Possible Round Score: 2
Possible Total: 541
Total Score: 116.47142857142858
Rank: 21.52891470821231
--------------------
Round Score: 0
Possible Round Score: 1
Possible Total: 542
Total Score: 116.47142857142858
Rank: 21.489193463363208
--------------------
Round Score: 1.5
Possible Round Score: 6
Possible Total: 548
Total Score: 117.97142857142858
Rank: 21.527632950990615
--------------------
Round Score: 4.5
Possible Round Score: 9
Possible Total: 557
Total Score: 122.47142857142858
Rank: 21.987689151064377
--------------------
Round Score: 0
Possible Round Score: 4
Possible Total: 561
Total Score: 122.47142857142858
Rank: 21.83091418385536
--------------------
Round Score: 0
Possible Round Score: 2
Possible Total: 563
Total Score: 122.47142857142858
Rank: 21.75336209083989
--------------------
Round Score: 0
Possible Round Score: 1
Possible Total: 564
Total Score: 122.47142857142858
Rank: 21.714792299898683
--------------------
Round Score: 0
Possible Round Score: 2
Possible Total: 566
Total Score: 122.47142857142858
Rank: 21.63806158505805
--------------------
Round Score: 0
Possible Round Score: 1
Possible Total: 567
Total Score: 122.47142857142858
Rank: 21.599899218946838
--------------------
Round Score: 0.5
Possible Round Score: 2
Possible Total: 569
Total Score: 122.97142857142858
Rank: 21.611850364047203
--------------------
Round Score: 0.6666666666666666
Possible Round Score: 2
Possible Total: 571
Total Score: 123.63809523809525
Rank: 21.652906346426487
--------------------
Round Score: 2
Possible Round Score: 4
Possible Total: 575
Total Score: 125.63809523809525
Rank: 21.85010351966874
--------------------
Round Score: 0
Possible Round Score: 1
Possible Total: 576
Total Score: 125.63809523809525
Rank: 21.812169312169313
--------------------
Round Score: 2
Possible Round Score: 4
Possible Total: 580
Total Score: 127.63809523809525
Rank: 22.00656814449918
--------------------
Round Score: 1
Possible Round Score: 3
Possible Total: 583
Total Score: 128.63809523809525
Rank: 22.064853385608103
--------------------
Round Score: 0
Possible Round Score: 1
Possible Total: 584
Total Score: 128.63809523809525
Rank: 22.02707110241357
--------------------
Round Score: 0
Possible Round Score: 1
Possible Total: 585
Total Score: 128.63809523809525
Rank: 21.98941798941799
--------------------
Round Score: 0
Possible Round Score: 3
Possible Total: 588
Total Score: 128.63809523809525
Rank: 21.877227081308714
--------------------
Round Score: 0
Possible Round Score: 3
Possible Total: 591
Total Score: 128.63809523809525
Rank: 21.766175167190397
--------------------
Round Score: 0
Possible Round Score: 1
Possible Total: 592
Total Score: 128.63809523809525
Rank: 21.72940797940798
--------------------
Round Score: 1.3333333333333333
Possible Round Score: 4
Possible Total: 596
Total Score: 129.9714285714286
Rank: 21.80728667305849
--------------------
Round Score: 0.6000000000000001
Possible Round Score: 3
Possible Total: 599
Total Score: 130.57142857142858
Rank: 21.79823515382781
--------------------
Round Score: 1.3333333333333333
Possible Round Score: 4
Possible Total: 603
Total Score: 131.90476190476193
Rank: 21.874753218036805
--------------------
Round Score: 3.333333333333333
Possible Round Score: 5
Possible Total: 608
Total Score: 135.23809523809527
Rank: 22.243107769423563
--------------------
Round Score: 0
Possible Round Score: 2
Possible Total: 610
Total Score: 135.23809523809527
Rank: 22.170179547228734
--------------------
Round Score: 0
Possible Round Score: 1
Possible Total: 611
Total Score: 135.23809523809527
Rank: 22.133894474320012
--------------------
Round Score: 4.5
Possible Round Score: 6
Possible Total: 617
Total Score: 139.73809523809527
Rank: 22.647989503743155
--------------------
Round Score: 0
Possible Round Score: 1
Possible Total: 618
Total Score: 139.73809523809527
Rank: 22.611342271536454
--------------------
Round Score: 0
Possible Round Score: 4
Possible Total: 622
Total Score: 139.73809523809527
Rank: 22.465931710304705
--------------------
Round Score: 0.3333333333333333
Possible Round Score: 2
Possible Total: 624
Total Score: 140.0714285714286
Rank: 22.44734432234433
--------------------
Round Score: 0
Possible Round Score: 2
Possible Total: 626
Total Score: 140.0714285714286
Rank: 22.375627567320862
--------------------
Round Score: 6
Possible Round Score: 12
Possible Total: 638
Total Score: 146.0714285714286
Rank: 22.89520824003583
--------------------
Round Score: 0
Possible Round Score: 1
Possible Total: 639
Total Score: 146.0714285714286
Rank: 22.859378493181318
--------------------
Round Score: 1.3333333333333333
Possible Round Score: 4
Possible Total: 643
Total Score: 147.40476190476195
Rank: 22.924535288454425
--------------------
Round Score: 0
Possible Round Score: 1
Possible Total: 644
Total Score: 147.40476190476195
Rank: 22.88893818396925
--------------------
Round Score: 1
Possible Round Score: 3
Possible Total: 647
Total Score: 148.40476190476195
Rank: 22.937366600426888
--------------------
Round Score: 1
Possible Round Score: 3
Possible Total: 650
Total Score: 149.40476190476195
Rank: 22.985347985347993
--------------------
Round Score: 0
Possible Round Score: 2
Possible Total: 652
Total Score: 149.40476190476195
Rank: 22.91484078293895
--------------------
Round Score: 1.3333333333333333
Possible Round Score: 4
Possible Total: 656
Total Score: 150.7380952380953
Rank: 22.97836817653892
--------------------
Round Score: 0
Possible Round Score: 2
Possible Total: 658
Total Score: 150.7380952380953
Rank: 22.908525112172537
--------------------
Round Score: 1.2000000000000002
Possible Round Score: 3
Possible Total: 661
Total Score: 151.9380952380953
Rank: 22.986096102586277
--------------------
Round Score: 0
Possible Round Score: 1
Possible Total: 662
Total Score: 151.9380952380953
Rank: 22.95137390303554
--------------------
Round Score: 1.5
Possible Round Score: 3
Possible Total: 665
Total Score: 153.4380952380953
Rank: 23.073397780164704
--------------------
Round Score: 1.3333333333333333
Possible Round Score: 4
Possible Total: 669
Total Score: 154.77142857142863
Rank: 23.1347426863122
--------------------
Round Score: 0
Possible Round Score: 1
Possible Total: 670
Total Score: 154.77142857142863
Rank: 23.100213219616215
--------------------
Round Score: 0
Possible Round Score: 1
Possible Total: 671
Total Score: 154.77142857142863
Rank: 23.065786672344057
--------------------
Round Score: 0
Possible Round Score: 1
Possible Total: 672
Total Score: 154.77142857142863
Rank: 23.03146258503402
--------------------
Round Score: 2
Possible Round Score: 4
Possible Total: 676
Total Score: 156.77142857142863
Rank: 23.191039729501277
--------------------
Round Score: 0
Possible Round Score: 1
Possible Total: 677
Total Score: 156.77142857142863
Rank: 23.15678413167336
--------------------
Round Score: 0.6666666666666666
Possible Round Score: 2
Possible Total: 679
Total Score: 157.4380952380953
Rank: 23.186759239778393
--------------------
Round Score: 0
Possible Round Score: 1
Possible Total: 680
Total Score: 157.4380952380953
Rank: 23.15266106442578
--------------------
Round Score: 0
Possible Round Score: 6
Possible Total: 686
Total Score: 157.4380952380953
Rank: 22.95015965569902
--------------------
Round Score: 0
Possible Round Score: 3
Possible Total: 689
Total Score: 157.4380952380953
Rank: 22.85023152947682
--------------------
Round Score: 0
Possible Round Score: 1
Possible Total: 690
Total Score: 157.4380952380953
Rank: 22.817115251897867
--------------------
Round Score: 0
Possible Round Score: 1
Possible Total: 691
Total Score: 157.4380952380953
Rank: 22.784094824615817
--------------------
Round Score: 1.2000000000000002
Possible Round Score: 3
Possible Total: 694
Total Score: 158.63809523809527
Rank: 22.858515163990674
--------------------
Round Score: 1.1428571428571428
Possible Round Score: 4
Possible Total: 698
Total Score: 159.7809523809524
Rank: 22.891253922772552
--------------------
Round Score: 0
Possible Round Score: 5
Possible Total: 703
Total Score: 159.7809523809524
Rank: 22.728442728442733
--------------------
Round Score: 0
Possible Round Score: 3
Possible Total: 706
Total Score: 159.7809523809524
Rank: 22.631862943477678
--------------------
Round Score: 1.5
Possible Round Score: 3
Possible Total: 709
Total Score: 161.2809523809524
Rank: 22.74766606219357
--------------------
Round Score: 0
Possible Round Score: 5
Possible Total: 714
Total Score: 161.2809523809524
Rank: 22.588368680805658
--------------------
Round Score: 0
Possible Round Score: 2
Possible Total: 716
Total Score: 161.2809523809524
Rank: 22.525272678903967
--------------------
Round Score: 0
Possible Round Score: 3
Possible Total: 719
Total Score: 161.2809523809524
Rank: 22.431286840188097
--------------------
Round Score: 0.6666666666666666
Possible Round Score: 2
Possible Total: 721
Total Score: 161.94761904761907
Rank: 22.461528300640648
--------------------
Round Score: 1.3333333333333333
Possible Round Score: 4
Possible Total: 725
Total Score: 163.2809523809524
Rank: 22.521510673234815
--------------------
Round Score: 1.5
Possible Round Score: 3
Possible Total: 728
Total Score: 164.7809523809524
Rank: 22.634746206174782
--------------------
Round Score: 0
Possible Round Score: 2
Possible Total: 730
Total Score: 164.7809523809524
Rank: 22.572733202870193
--------------------
Round Score: 0.8571428571428571
Possible Round Score: 3
Possible Total: 733
Total Score: 165.63809523809527
Rank: 22.597284479958425
--------------------
Round Score: 0.6666666666666666
Possible Round Score: 2
Possible Total: 735
Total Score: 166.30476190476193
Rank: 22.626498218334955
--------------------
Round Score: 2.6666666666666665
Possible Round Score: 4
Possible Total: 739
Total Score: 168.9714285714286
Rank: 22.864875314131066
--------------------
Round Score: 0
Possible Round Score: 5
Possible Total: 744
Total Score: 168.9714285714286
Rank: 22.711213517665133
--------------------
Round Score: 1
Possible Round Score: 3
Possible Total: 747
Total Score: 169.9714285714286
Rank: 22.75387263339071
--------------------
Round Score: 0
Possible Round Score: 1
Possible Total: 748
Total Score: 169.9714285714286
Rank: 22.723453017570666
--------------------
Round Score: 0
Possible Round Score: 4
Possible Total: 752
Total Score: 169.9714285714286
Rank: 22.602583586626142
--------------------
Round Score: 0
Possible Round Score: 2
Possible Total: 754
Total Score: 169.9714285714286
Rank: 22.542629784009097
--------------------
Round Score: 0
Possible Round Score: 1
Possible Total: 755
Total Score: 169.9714285714286
Rank: 22.512771996215708
--------------------
Round Score: 0
Possible Round Score: 5
Possible Total: 760
Total Score: 169.9714285714286
Rank: 22.36466165413534
--------------------
Round Score: 0
Possible Round Score: 1
Possible Total: 761
Total Score: 169.9714285714286
Rank: 22.335273136850013
--------------------
Round Score: 1.5
Possible Round Score: 3
Possible Total: 764
Total Score: 171.4714285714286
Rank: 22.443904263275993
--------------------
Round Score: 0
Possible Round Score: 3
Possible Total: 767
Total Score: 171.4714285714286
Rank: 22.356118457813377
--------------------
Round Score: 0
Possible Round Score: 1
Possible Total: 768
Total Score: 171.4714285714286
Rank: 22.32700892857143
--------------------
Round Score: 2
Possible Round Score: 8
Possible Total: 776
Total Score: 173.4714285714286
Rank: 22.354565537555228
--------------------
Round Score: 0.3333333333333333
Possible Round Score: 2
Possible Total: 778
Total Score: 173.80476190476193
Rank: 22.33994368955809
--------------------
Round Score: 1
Possible Round Score: 3
Possible Total: 781
Total Score: 174.80476190476193
Rank: 22.38217181879154
--------------------
Round Score: 2.333333333333333
Possible Round Score: 7
Possible Total: 788
Total Score: 177.13809523809527
Rank: 22.47945371041818
--------------------
Round Score: 0
Possible Round Score: 1
Possible Total: 789
Total Score: 177.13809523809527
Rank: 22.450962641076714
--------------------
Round Score: 0.6666666666666666
Possible Round Score: 2
Possible Total: 791
Total Score: 177.80476190476193
Rank: 22.478478116910487
--------------------
Round Score: 0
Possible Round Score: 4
Possible Total: 795
Total Score: 177.80476190476193
Rank: 22.365378855944897
--------------------
Round Score: 0
Possible Round Score: 2
Possible Total: 797
Total Score: 177.80476190476193
Rank: 22.309254944135752
--------------------
Round Score: 1
Possible Round Score: 3
Possible Total: 800
Total Score: 178.80476190476193
Rank: 22.35059523809524
--------------------
Round Score: 0
Possible Round Score: 1
Possible Total: 801
Total Score: 178.80476190476193
Rank: 22.322691873253675
--------------------
Round Score: 1.5
Possible Round Score: 3
Possible Total: 804
Total Score: 180.30476190476193
Rank: 22.425965411040043
--------------------
Round Score: 1.3333333333333333
Possible Round Score: 4
Possible Total: 808
Total Score: 181.63809523809527
Rank: 22.479962281942484
--------------------
Round Score: 0
Possible Round Score: 4
Possible Total: 812
Total Score: 181.63809523809527
Rank: 22.36922355148957
--------------------
Round Score: 0
Possible Round Score: 4
Possible Total: 816
Total Score: 181.63809523809527
Rank: 22.259570494864615
--------------------
Round Score: 0.6666666666666666
Possible Round Score: 2
Possible Total: 818
Total Score: 182.30476190476193
Rank: 22.286645709628598
--------------------
Round Score: 0.6666666666666666
Possible Round Score: 2
Possible Total: 820
Total Score: 182.9714285714286
Rank: 22.313588850174217
--------------------
Round Score: 0
Possible Round Score: 1
Possible Total: 821
Total Score: 182.9714285714286
Rank: 22.286410301026624
--------------------
Round Score: 0
Possible Round Score: 1
Possible Total: 822
Total Score: 182.9714285714286
Rank: 22.259297879735836
--------------------
Round Score: 3.5
Possible Round Score: 7
Possible Total: 829
Total Score: 186.4714285714286
Rank: 22.493537825262795
--------------------
Round Score: 1
Possible Round Score: 3
Possible Total: 832
Total Score: 187.4714285714286
Rank: 22.53262362637363
--------------------
Round Score: 0.75
Possible Round Score: 3
Possible Total: 835
Total Score: 188.2214285714286
Rank: 22.541488451668094
--------------------
Round Score: 0
Possible Round Score: 1
Possible Total: 836
Total Score: 188.2214285714286
Rank: 22.514524948735477
--------------------
Round Score: 4.2
Possible Round Score: 7
Possible Total: 843
Total Score: 192.42142857142858
Rank: 22.825792238603626
--------------------
Round Score: 0
Possible Round Score: 1
Possible Total: 844
Total Score: 192.42142857142858
Rank: 22.798747461069738
--------------------
Round Score: 0
Possible Round Score: 4
Possible Total: 848
Total Score: 192.42142857142858
Rank: 22.691206199460918
--------------------
Round Score: 0
Possible Round Score: 1
Possible Total: 849
Total Score: 192.42142857142858
Rank: 22.66447921924954
--------------------
Round Score: 4.666666666666666
Possible Round Score: 7
Possible Total: 856
Total Score: 197.08809523809524
Rank: 23.024310191366265
--------------------
Round Score: 0
Possible Round Score: 1
Possible Total: 857
Total Score: 197.08809523809524
Rank: 22.997444018447517
--------------------
Round Score: 0
Possible Round Score: 2
Possible Total: 859
Total Score: 197.08809523809524
Rank: 22.943899329231108
--------------------
Round Score: 0
Possible Round Score: 4
Possible Total: 863
Total Score: 197.08809523809524
Rank: 22.837554488771175
--------------------
Round Score: 0
Possible Round Score: 3
Possible Total: 866
Total Score: 197.08809523809524
Rank: 22.758440558671506
--------------------
Round Score: 0.5
Possible Round Score: 3
Possible Total: 869
Total Score: 197.58809523809524
Rank: 22.73741026905584
--------------------
Round Score: 1.5
Possible Round Score: 3
Possible Total: 872
Total Score: 199.08809523809524
Rank: 22.83120358235037
--------------------
Round Score: 0.6666666666666666
Possible Round Score: 2
Possible Total: 874
Total Score: 199.7547619047619
Rank: 22.855235915876644
--------------------
Round Score: 0
Possible Round Score: 1
Possible Total: 875
Total Score: 199.7547619047619
Rank: 22.8291156462585
--------------------
Round Score: 0
Possible Round Score: 4
Possible Total: 879
Total Score: 199.7547619047619
Rank: 22.72522888563844
--------------------
Round Score: 1.75
Possible Round Score: 7
Possible Total: 886
Total Score: 201.5047619047619
Rank: 22.74320111791895
--------------------
Round Score: 1.3333333333333333
Possible Round Score: 4
Possible Total: 890
Total Score: 202.83809523809524
Rank: 22.790797217763508
--------------------
Round Score: 0
Possible Round Score: 1
Possible Total: 891
Total Score: 202.83809523809524
Rank: 22.765218320773876
--------------------
Round Score: 0
Possible Round Score: 1
Possible Total: 892
Total Score: 202.83809523809524
Rank: 22.739696775571215
--------------------
Round Score: 0
Possible Round Score: 1
Possible Total: 893
Total Score: 202.83809523809524
Rank: 22.714232389484348
--------------------
Round Score: 0
Possible Round Score: 1
Possible Total: 894
Total Score: 202.83809523809524
Rank: 22.688824970704164
--------------------
Round Score: 0
Possible Round Score: 1
Possible Total: 895
Total Score: 202.83809523809524
Rank: 22.663474328278795
--------------------
Round Score: 0
Possible Round Score: 1
Possible Total: 896
Total Score: 202.83809523809524
Rank: 22.638180272108844
--------------------
Round Score: 1.3333333333333333
Possible Round Score: 4
Possible Total: 900
Total Score: 204.17142857142858
Rank: 22.685714285714287
--------------------
Round Score: 0.6000000000000001
Possible Round Score: 3
Possible Total: 903
Total Score: 204.77142857142857
Rank: 22.676791646891314
--------------------
Round Score: 0
Possible Round Score: 4
Possible Total: 907
Total Score: 204.77142857142857
Rank: 22.57678374547173
--------------------
Round Score: 0
Possible Round Score: 2
Possible Total: 909
Total Score: 204.77142857142857
Rank: 22.52710985384253
--------------------
Round Score: 1.5
Possible Round Score: 3
Possible Total: 912
Total Score: 206.27142857142857
Rank: 22.617481203007518
--------------------
Round Score: 0
Possible Round Score: 1
Possible Total: 913
Total Score: 206.27142857142857
Rank: 22.592708496322956
--------------------
Round Score: 1.75
Possible Round Score: 7
Possible Total: 920
Total Score: 208.02142857142857
Rank: 22.611024844720497
--------------------
Round Score: 0
Possible Round Score: 2
Possible Total: 922
Total Score: 208.02142857142857
Rank: 22.561977068484662
--------------------
Round Score: 0.5
Possible Round Score: 2
Possible Total: 924
Total Score: 208.52142857142857
Rank: 22.567254174397032
--------------------
Round Score: 0.6666666666666666
Possible Round Score: 2
Possible Total: 926
Total Score: 209.18809523809523
Rank: 22.590507045150673
--------------------
Round Score: 0
Possible Round Score: 2
Possible Total: 928
Total Score: 209.18809523809523
Rank: 22.541820607553365
--------------------
Round Score: 0.6666666666666666
Possible Round Score: 2
Possible Total: 930
Total Score: 209.8547619047619
Rank: 22.565028161802353
--------------------
Round Score: 1.6666666666666665
Possible Round Score: 5
Possible Total: 935
Total Score: 211.52142857142854
Rank: 22.62261268143621
--------------------
Round Score: 2
Possible Round Score: 6
Possible Total: 941
Total Score: 213.52142857142854
Rank: 22.69090633065128
--------------------
Round Score: 0.75
Possible Round Score: 3
Possible Total: 944
Total Score: 214.27142857142854
Rank: 22.698244552058107
--------------------
Round Score: 0
Possible Round Score: 2
Possible Total: 946
Total Score: 214.27142857142854
Rank: 22.65025672002416
--------------------
Round Score: 0.5
Possible Round Score: 2
Possible Total: 948
Total Score: 214.77142857142854
Rank: 22.655213984327904
--------------------
Round Score: 0.5714285714285714
Possible Round Score: 4
Possible Total: 952
Total Score: 215.34285714285713
Rank: 22.62004801920768
--------------------
Round Score: 0
Possible Round Score: 1
Possible Total: 953
Total Score: 215.34285714285713
Rank: 22.596312396941986
--------------------
Round Score: 2
Possible Round Score: 5
Possible Total: 958
Total Score: 217.34285714285713
Rank: 22.687145839546673
--------------------
Round Score: 0
Possible Round Score: 2
Possible Total: 960
Total Score: 217.34285714285713
Rank: 22.63988095238095
--------------------
Round Score: 0
Possible Round Score: 5
Possible Total: 965
Total Score: 217.34285714285713
Rank: 22.52257586972613
--------------------
Round Score: 0
Possible Round Score: 2
Possible Total: 967
Total Score: 217.34285714285713
Rank: 22.475993499778397
--------------------
Round Score: 0
Possible Round Score: 1
Possible Total: 968
Total Score: 217.34285714285713
Rank: 22.45277449822904
--------------------
Round Score: 0
Possible Round Score: 1
Possible Total: 969
Total Score: 217.34285714285713
Rank: 22.429603420315495
--------------------
Round Score: 0
Possible Round Score: 1
Possible Total: 970
Total Score: 217.34285714285713
Rank: 22.406480117820323
--------------------
Round Score: 0
Possible Round Score: 2
Possible Total: 972
Total Score: 217.34285714285713
Rank: 22.360376249265137
--------------------
Round Score: 0
Possible Round Score: 1
Possible Total: 973
Total Score: 217.34285714285713
Rank: 22.3373953898106
--------------------
Round Score: 1.3333333333333333
Possible Round Score: 4
Possible Total: 977
Total Score: 218.67619047619047
Rank: 22.382414583028705
--------------------
Round Score: 2.333333333333333
Possible Round Score: 7
Possible Total: 984
Total Score: 221.0095238095238
Rank: 22.460317460317462
--------------------
Round Score: 1.6
Possible Round Score: 8
Possible Total: 992
Total Score: 222.6095238095238
Rank: 22.44047619047619
--------------------
Round Score: 1
Possible Round Score: 3
Possible Total: 995
Total Score: 223.6095238095238
Rank: 22.47331897583154
--------------------
Round Score: 0
Possible Round Score: 2
Possible Total: 997
Total Score: 223.6095238095238
Rank: 22.428237092229068
--------------------
Round Score: 4
Possible Round Score: 8
Possible Total: 1005
Total Score: 227.6095238095238
Rank: 22.647713811892917
--------------------
Round Score: 0.6666666666666666
Possible Round Score: 2
Possible Total: 1007
Total Score: 228.27619047619046
Rank: 22.66893649217383
--------------------
Round Score: 1
Possible Round Score: 3
Possible Total: 1010
Total Score: 229.27619047619046
Rank: 22.700612918434697
--------------------
Round Score: 2
Possible Round Score: 6
Possible Total: 1016
Total Score: 231.27619047619046
Rank: 22.763404574428193
--------------------
Round Score: 1.5
Possible Round Score: 3
Possible Total: 1019
Total Score: 232.77619047619046
Rank: 22.84359082200103
--------------------
Round Score: 1.5
Possible Round Score: 3
Possible Total: 1022
Total Score: 234.27619047619046
Rank: 22.9233063088249
--------------------
Round Score: 0
Possible Round Score: 2
Possible Total: 1024
Total Score: 234.27619047619046
Rank: 22.878534226190474
--------------------
Round Score: 0.75
Possible Round Score: 3
Possible Total: 1027
Total Score: 235.02619047619046
Rank: 22.88473130245282
--------------------
Round Score: 0
Possible Round Score: 2
Possible Total: 1029
Total Score: 235.02619047619046
Rank: 22.840251746957286
--------------------
Round Score: 1
Possible Round Score: 3
Possible Total: 1032
Total Score: 236.02619047619046
Rank: 22.87075489110373
--------------------
Round Score: 0
Possible Round Score: 1
Possible Total: 1033
Total Score: 236.02619047619046
Rank: 22.848614760521826
--------------------
Round Score: 0
Possible Round Score: 2
Possible Total: 1035
Total Score: 236.02619047619046
Rank: 22.804462847941107
--------------------
Round Score: 0
Possible Round Score: 1
Possible Total: 1036
Total Score: 236.02619047619046
Rank: 22.782450818165103
--------------------
Round Score: 1
Possible Round Score: 4
Possible Total: 1040
Total Score: 237.02619047619046
Rank: 22.790979853479854
--------------------
Round Score: 0
Possible Round Score: 1
Possible Total: 1041
Total Score: 237.02619047619046
Rank: 22.769086501074973
--------------------
Round Score: 0
Possible Round Score: 2
Possible Total: 1043
Total Score: 237.02619047619046
Rank: 22.725425740766102
--------------------
Round Score: 2
Possible Round Score: 6
Possible Total: 1049
Total Score: 239.02619047619046
Rank: 22.78610014072359
--------------------
Round Score: 2.5
Possible Round Score: 5
Possible Total: 1054
Total Score: 241.52619047619046
Rank: 22.915198337399474
--------------------
Round Score: 1.2000000000000002
Possible Round Score: 6
Possible Total: 1060
Total Score: 242.72619047619045
Rank: 22.89869721473495
--------------------
Round Score: 0
Possible Round Score: 4
Possible Total: 1064
Total Score: 242.72619047619045
Rank: 22.812611886860005
--------------------
Round Score: 0.6666666666666666
Possible Round Score: 2
Possible Total: 1066
Total Score: 243.3928571428571
Rank: 22.832350576253013
--------------------
Round Score: 1.1428571428571428
Possible Round Score: 8
Possible Total: 1074
Total Score: 244.53571428571425
Rank: 22.76868848097898
--------------------
Round Score: 0
Possible Round Score: 1
Possible Total: 1075
Total Score: 244.53571428571425
Rank: 22.747508305647838
--------------------
Round Score: 0
Possible Round Score: 2
Possible Total: 1077
Total Score: 244.53571428571425
Rank: 22.705265950391297
--------------------
Round Score: 2
Possible Round Score: 3
Possible Total: 1080
Total Score: 246.53571428571425
Rank: 22.82738095238095
--------------------
Round Score: 0
Possible Round Score: 2
Possible Total: 1082
Total Score: 246.53571428571425
Rank: 22.78518616318986
--------------------
Round Score: 0
Possible Round Score: 1
Possible Total: 1083
Total Score: 246.53571428571425
Rank: 22.764147210130588
--------------------
Round Score: 0.3333333333333333
Possible Round Score: 2
Possible Total: 1085
Total Score: 246.8690476190476
Rank: 22.752907614658767
--------------------
Round Score: 2.6666666666666665
Possible Round Score: 8
Possible Total: 1093
Total Score: 249.53571428571425
Rank: 22.830348973990326
--------------------
Round Score: 0
Possible Round Score: 9
Possible Total: 1102
Total Score: 249.53571428571425
Rank: 22.64389421830438
--------------------
Round Score: 1
Possible Round Score: 3
Possible Total: 1105
Total Score: 250.53571428571425
Rank: 22.67291531997414
--------------------
Round Score: 0
Possible Round Score: 2
Possible Total: 1107
Total Score: 250.53571428571425
Rank: 22.631952510001287
--------------------
Round Score: 0
Possible Round Score: 1
Possible Total: 1108
Total Score: 250.53571428571425
Rank: 22.611526560082513
--------------------
Round Score: 0
Possible Round Score: 2
Possible Total: 1110
Total Score: 250.53571428571425
Rank: 22.570785070785067
--------------------
Round Score: 0
Possible Round Score: 4
Possible Total: 1114
Total Score: 250.53571428571425
Rank: 22.48974095922031
--------------------
Round Score: 0
Possible Round Score: 1
Possible Total: 1115
Total Score: 250.53571428571425
Rank: 22.469570787956435
--------------------
Round Score: 0
Possible Round Score: 1
Possible Total: 1116
Total Score: 250.53571428571425
Rank: 22.44943676395289
--------------------
Round Score: 1.3333333333333333
Possible Round Score: 4
Possible Total: 1120
Total Score: 251.8690476190476
Rank: 22.48830782312925
--------------------
Round Score: 0
Possible Round Score: 1
Possible Total: 1121
Total Score: 251.8690476190476
Rank: 22.468246888407457
--------------------
Round Score: 1.25
Possible Round Score: 5
Possible Total: 1126
Total Score: 253.1190476190476
Rank: 22.47948913135414
--------------------
Round Score: 0
Possible Round Score: 3
Possible Total: 1129
Total Score: 253.1190476190476
Rank: 22.419756210721665
--------------------
Round Score: 1.5
Possible Round Score: 3
Possible Total: 1132
Total Score: 254.6190476190476
Rank: 22.492848729597846
--------------------
Round Score: 0
Possible Round Score: 2
Possible Total: 1134
Total Score: 254.6190476190476
Rank: 22.45317880238515
--------------------
Round Score: 0
Possible Round Score: 2
Possible Total: 1136
Total Score: 254.6190476190476
Rank: 22.413648558014753
--------------------
Round Score: 0
Possible Round Score: 2
Possible Total: 1138
Total Score: 254.6190476190476
Rank: 22.374257260021757
--------------------
Round Score: 0
Possible Round Score: 2
Possible Total: 1140
Total Score: 254.6190476190476
Rank: 22.33500417710944
--------------------
Round Score: 0
Possible Round Score: 9
Possible Total: 1149
Total Score: 254.6190476190476
Rank: 22.160056363711714
--------------------
Round Score: 0
Possible Round Score: 1
Possible Total: 1150
Total Score: 254.6190476190476
Rank: 22.140786749482398
--------------------
Round Score: 0
Possible Round Score: 2
Possible Total: 1152
Total Score: 254.6190476190476
Rank: 22.10234788359788
--------------------
Round Score: 0.6666666666666666
Possible Round Score: 2
Possible Total: 1154
Total Score: 255.28571428571425
Rank: 22.121812329784596
--------------------
Round Score: 0
Possible Round Score: 3
Possible Total: 1157
Total Score: 255.28571428571425
Rank: 22.06445240153105
--------------------
Round Score: 0
Possible Round Score: 3
Possible Total: 1160
Total Score: 255.28571428571425
Rank: 22.007389162561573
--------------------
Round Score: 0
Possible Round Score: 1
Possible Total: 1161
Total Score: 255.28571428571425
Rank: 21.98843361634059
--------------------
Round Score: 1.6666666666666665
Possible Round Score: 5
Possible Total: 1166
Total Score: 256.9523809523809
Rank: 22.0370824144409
--------------------
Round Score: 0
Possible Round Score: 1
Possible Total: 1167
Total Score: 256.9523809523809
Rank: 22.01819888195209
--------------------
Round Score: 0
Possible Round Score: 4
Possible Total: 1171
Total Score: 256.9523809523809
Rank: 21.94298727176609
--------------------
Round Score: 0.6666666666666666
Possible Round Score: 2
Possible Total: 1173
Total Score: 257.6190476190476
Rank: 21.962408151666462
--------------------
Round Score: 0
Possible Round Score: 1
Possible Total: 1174
Total Score: 257.6190476190476
Rank: 21.94370081933966
--------------------
Round Score: 0
Possible Round Score: 1
Possible Total: 1175
Total Score: 257.6190476190476
Rank: 21.925025329280643
--------------------
Round Score: 0.4
Possible Round Score: 2
Possible Total: 1177
Total Score: 258.01904761904757
Rank: 21.921754258202853
--------------------
Round Score: 0
Possible Round Score: 7
Possible Total: 1184
Total Score: 258.01904761904757
Rank: 21.792149292149286
--------------------
Round Score: 1
Possible Round Score: 2
Possible Total: 1186
Total Score: 259.01904761904757
Rank: 21.83971733718782
--------------------
Round Score: 0
Possible Round Score: 1
Possible Total: 1187
Total Score: 259.01904761904757
Rank: 21.821318249287916
--------------------
Round Score: 0
Possible Round Score: 2
Possible Total: 1189
Total Score: 259.01904761904757
Rank: 21.78461292002082
--------------------
Round Score: 0
Possible Round Score: 2
Possible Total: 1191
Total Score: 259.01904761904757
Rank: 21.748030866418773
--------------------
Round Score: 0.6666666666666666
Possible Round Score: 2
Possible Total: 1193
Total Score: 259.68571428571425
Rank: 21.76745299964076
--------------------
Round Score: 0.6666666666666666
Possible Round Score: 2
Possible Total: 1195
Total Score: 260.35238095238094
Rank: 21.786810121538153
--------------------
Round Score: 0
Possible Round Score: 3
Possible Total: 1198
Total Score: 260.35238095238094
Rank: 21.73225216630893
--------------------
Round Score: 0
Possible Round Score: 1
Possible Total: 1199
Total Score: 260.35238095238094
Rank: 21.71412685174153
--------------------
Round Score: 0
Possible Round Score: 1
Possible Total: 1200
Total Score: 260.35238095238094
Rank: 21.696031746031743
--------------------
Round Score: 0
Possible Round Score: 1
Possible Total: 1201
Total Score: 260.35238095238094
Rank: 21.67796677372031
--------------------
Round Score: 0.6666666666666666
Possible Round Score: 2
Possible Total: 1203
Total Score: 261.0190476190476
Rank: 21.697343941732967
--------------------
Round Score: 1.6
Possible Round Score: 4
Possible Total: 1207
Total Score: 262.61904761904765
Rank: 21.757998974237587
--------------------
Round Score: 1.75
Possible Round Score: 7
Possible Total: 1214
Total Score: 264.36904761904765
Rank: 21.776692555111012
--------------------
Round Score: 2.333333333333333
Possible Round Score: 7
Possible Total: 1221
Total Score: 266.70238095238096
Rank: 21.842946842946844
--------------------
Round Score: 0
Possible Round Score: 1
Possible Total: 1222
Total Score: 266.70238095238096
Rank: 21.825072091029536
--------------------
Round Score: 0.75
Possible Round Score: 3
Possible Total: 1225
Total Score: 267.45238095238096
Rank: 21.83284742468416
--------------------
Round Score: 0
Possible Round Score: 1
Possible Total: 1226
Total Score: 267.45238095238096
Rank: 21.81503922939486
--------------------
Round Score: 1
Possible Round Score: 3
Possible Total: 1229
Total Score: 268.45238095238096
Rank: 21.84315548839552
--------------------
Round Score: 0
Possible Round Score: 4
Possible Total: 1233
Total Score: 268.45238095238096
Rank: 21.77229367010389
--------------------
Round Score: 1
Possible Round Score: 3
Possible Total: 1236
Total Score: 269.45238095238096
Rank: 21.800354445985516
--------------------
Round Score: 0
Possible Round Score: 1
Possible Total: 1237
Total Score: 269.45238095238096
Rank: 21.78273087731455
--------------------
Round Score: 0
Possible Round Score: 1
Possible Total: 1238
Total Score: 269.45238095238096
Rank: 21.76513577967536
--------------------
Round Score: 0
Possible Round Score: 2
Possible Total: 1240
Total Score: 269.45238095238096
Rank: 21.730030721966205
--------------------
Round Score: 1.5
Possible Round Score: 3
Possible Total: 1243
Total Score: 270.95238095238096
Rank: 21.798260736313836
--------------------
Round Score: 0
Possible Round Score: 4
Possible Total: 1247
Total Score: 270.95238095238096
Rank: 21.72833848856303
--------------------
Round Score: 0
Possible Round Score: 1
Possible Total: 1248
Total Score: 270.95238095238096
Rank: 21.71092796092796
--------------------
Round Score: 0
Possible Round Score: 1
Possible Total: 1249
Total Score: 270.95238095238096
Rank: 21.693545312440428
--------------------
Round Score: 0
Possible Round Score: 2
Possible Total: 1251
Total Score: 270.95238095238096
Rank: 21.658863385482093
--------------------
Round Score: 1
Possible Round Score: 3
Possible Total: 1254
Total Score: 271.95238095238096
Rank: 21.68679273942432
--------------------
Round Score: 1.3333333333333333
Possible Round Score: 4
Possible Total: 1258
Total Score: 273.2857142857143
Rank: 21.723824665001136
--------------------
Round Score: 0
Possible Round Score: 1
Possible Total: 1259
Total Score: 273.2857142857143
Rank: 21.706569840009077
--------------------
Round Score: 0.75
Possible Round Score: 3
Possible Total: 1262
Total Score: 274.0357142857143
Rank: 21.71439891328956
--------------------
Round Score: 0
Possible Round Score: 2
Possible Total: 1264
Total Score: 274.0357142857143
Rank: 21.68004068716094
--------------------
Round Score: 0
Possible Round Score: 1
Possible Total: 1265
Total Score: 274.0357142857143
Rank: 21.662902315076227
--------------------
Round Score: 0
Possible Round Score: 1
Possible Total: 1266
Total Score: 274.0357142857143
Rank: 21.645791017828934
--------------------
Round Score: 0.5
Possible Round Score: 2
Possible Total: 1268
Total Score: 274.5357142857143
Rank: 21.651081568273998
--------------------
Round Score: 0
Possible Round Score: 1
Possible Total: 1269
Total Score: 274.5357142857143
Rank: 21.634020038275356
--------------------
Round Score: 2.6666666666666665
Possible Round Score: 4
Possible Total: 1273
Total Score: 277.20238095238096
Rank: 21.775520891781692
--------------------
Round Score: 2
Possible Round Score: 4
Possible Total: 1277
Total Score: 279.20238095238096
Rank: 21.863929596897492
--------------------
Round Score: 0
Possible Round Score: 2
Possible Total: 1279
Total Score: 279.20238095238096
Rank: 21.829740496667785
--------------------
Round Score: 0
Possible Round Score: 1
Possible Total: 1280
Total Score: 279.20238095238096
Rank: 21.812686011904763
--------------------
Round Score: 0
Possible Round Score: 1
Possible Total: 1281
Total Score: 279.20238095238096
Rank: 21.79565815397197
--------------------
Round Score: 0
Possible Round Score: 1
Possible Total: 1282
Total Score: 279.20238095238096
Rank: 21.77865686056014
--------------------
Round Score: 0
Possible Round Score: 4
Possible Total: 1286
Total Score: 279.20238095238096
Rank: 21.710916092720137
--------------------
Round Score: 3
Possible Round Score: 6
Possible Total: 1292
Total Score: 282.20238095238096
Rank: 21.842289547397908
--------------------
Round Score: 0
Possible Round Score: 1
Possible Total: 1293
Total Score: 282.20238095238096
Rank: 21.825396825396826
--------------------
Round Score: 0
Possible Round Score: 4
Possible Total: 1297
Total Score: 282.20238095238096
Rank: 21.75808642655212
--------------------
Round Score: 0
Possible Round Score: 2
Possible Total: 1299
Total Score: 282.20238095238096
Rank: 21.724586678397305
--------------------
Round Score: 0
Possible Round Score: 1
Possible Total: 1300
Total Score: 282.20238095238096
Rank: 21.70787545787546
--------------------
Round Score: 0.5
Possible Round Score: 2
Possible Total: 1302
Total Score: 282.70238095238096
Rank: 21.712932484821888
--------------------
Round Score: 0
Possible Round Score: 1
Possible Total: 1303
Total Score: 282.70238095238096
Rank: 21.696268683989327
--------------------
Round Score: 0.6666666666666666
Possible Round Score: 2
Possible Total: 1305
Total Score: 283.36904761904765
Rank: 21.714103265827404
--------------------
Round Score: 0
Possible Round Score: 2
Possible Total: 1307
Total Score: 283.36904761904765
Rank: 21.680875869858273
--------------------
Round Score: 0.6666666666666666
Possible Round Score: 2
Possible Total: 1309
Total Score: 284.03571428571433
Rank: 21.698679471788722
--------------------
Round Score: 2.5
Possible Round Score: 5
Possible Total: 1314
Total Score: 286.53571428571433
Rank: 21.80637095020657
--------------------
Round Score: 0
Possible Round Score: 1
Possible Total: 1315
Total Score: 286.53571428571433
Rank: 21.789788158609454
--------------------
Round Score: 1.4285714285714284
Possible Round Score: 5
Possible Total: 1320
Total Score: 287.9642857142858
Rank: 21.815476190476197
--------------------
Round Score: 0
Possible Round Score: 1
Possible Total: 1321
Total Score: 287.9642857142858
Rank: 21.79896182545691
--------------------
Round Score: 0
Possible Round Score: 1
Possible Total: 1322
Total Score: 287.9642857142858
Rank: 21.782472444348393
--------------------
Round Score: 0
Possible Round Score: 1
Possible Total: 1323
Total Score: 287.9642857142858
Rank: 21.76600799049779
--------------------
Round Score: 1.5
Possible Round Score: 3
Possible Total: 1326
Total Score: 289.4642857142858
Rank: 21.82988580047404
--------------------
Round Score: 0
Possible Round Score: 2
Possible Total: 1328
Total Score: 289.4642857142858
Rank: 21.79700946643718
--------------------
Round Score: 0.5
Possible Round Score: 2
Possible Total: 1330
Total Score: 289.9642857142858
Rank: 21.801825993555322
--------------------
Round Score: 0.6666666666666666
Possible Round Score: 2
Possible Total: 1332
Total Score: 290.63095238095246
Rank: 21.819140569140576
--------------------
Round Score: 0
Possible Round Score: 1
Possible Total: 1333
Total Score: 290.63095238095246
Rank: 21.802772121601834
--------------------
Round Score: 1.3333333333333333
Possible Round Score: 4
Possible Total: 1337
Total Score: 291.9642857142858
Rank: 21.83726893898921
--------------------
Round Score: 0.5
Possible Round Score: 2
Possible Total: 1339
Total Score: 292.4642857142858
Rank: 21.84199295849782
--------------------
Round Score: 0
Possible Round Score: 3
Possible Total: 1342
Total Score: 292.4642857142858
Rank: 21.793165850542902
--------------------
Round Score: 0
Possible Round Score: 1
Possible Total: 1343
Total Score: 292.4642857142858
Rank: 21.77693862355069
--------------------
