Round Score: 0
Possible Round Score: 1
Possible Total: 1
Total Score: 0
Rank: 0
--------------------
Round Score: 0
Possible Round Score: 1
Possible Total: 2
Total Score: 0
Rank: 0
--------------------
Round Score: 0
Possible Round Score: 1
Possible Total: 3
Total Score: 0
Rank: 0
--------------------
Round Score: 0
Possible Round Score: 1
Possible Total: 4
Total Score: 0
Rank: 0
--------------------
Round Score: 0
Possible Round Score: 1
Possible Total: 5
Total Score: 0
Rank: 0
--------------------
Round Score: 0
Possible Round Score: 1
Possible Total: 6
Total Score: 0
Rank: 0
--------------------
Round Score: 0
Possible Round Score: 1
Possible Total: 7
Total Score: 0
Rank: 0
--------------------
Round Score: 0
Possible Round Score: 1
Possible Total: 8
Total Score: 0
Rank: 0
--------------------
Round Score: 0
Possible Round Score: 1
Possible Total: 9
Total Score: 0
Rank: 0
--------------------
Round Score: 0
Possible Round Score: 1
Possible Total: 10
Total Score: 0
Rank: 0
--------------------
Round Score: 0
Possible Round Score: 1
Possible Total: 11
Total Score: 0
Rank: 0
--------------------
Round Score: 0
Possible Round Score: 1
Possible Total: 12
Total Score: 0
Rank: 0
--------------------
Round Score: 0
Possible Round Score: 1
Possible Total: 13
Total Score: 0
Rank: 0
--------------------
Round Score: 0
Possible Round Score: 1
Possible Total: 14
Total Score: 0
Rank: 0
--------------------
Round Score: 0
Possible Round Score: 1
Possible Total: 15
Total Score: 0
Rank: 0
--------------------
Round Score: 0
Possible Round Score: 1
Possible Total: 16
Total Score: 0
Rank: 0
--------------------
Round Score: 0
Possible Round Score: 1
Possible Total: 17
Total Score: 0
Rank: 0
--------------------
Round Score: 0
Possible Round Score: 3
Possible Total: 20
Total Score: 0
Rank: 0
--------------------
Round Score: 0
Possible Round Score: 1
Possible Total: 21
Total Score: 0
Rank: 0
--------------------
Round Score: 0
Possible Round Score: 1
Possible Total: 22
Total Score: 0
Rank: 0
--------------------
Round Score: 1
Possible Round Score: 2
Possible Total: 24
Total Score: 1
Rank: 4.166666666666666
--------------------
Round Score: 0
Possible Round Score: 3
Possible Total: 27
Total Score: 1
Rank: 3.7037037037037033
--------------------
Round Score: 0
Possible Round Score: 1
Possible Total: 28
Total Score: 1
Rank: 3.571428571428571
--------------------
Round Score: 1
Possible Round Score: 2
Possible Total: 30
Total Score: 2
Rank: 6.666666666666667
--------------------
Round Score: 0
Possible Round Score: 1
Possible Total: 31
Total Score: 2
Rank: 6.451612903225806
--------------------
Round Score: 0
Possible Round Score: 1
Possible Total: 32
Total Score: 2
Rank: 6.25
--------------------
Round Score: 0
Possible Round Score: 1
Possible Total: 33
Total Score: 2
Rank: 6.0606060606060606
--------------------
Round Score: 0
Possible Round Score: 1
Possible Total: 34
Total Score: 2
Rank: 5.88235294117647
--------------------
Round Score: 0
Possible Round Score: 1
Possible Total: 35
Total Score: 2
Rank: 5.714285714285714
--------------------
Round Score: 0
Possible Round Score: 4
Possible Total: 39
Total Score: 2
Rank: 5.128205128205128
--------------------
Round Score: 0
Possible Round Score: 1
Possible Total: 40
Total Score: 2
Rank: 5
--------------------
Round Score: 0
Possible Round Score: 1
Possible Total: 41
Total Score: 2
Rank: 4.878048780487805
--------------------
Round Score: 0
Possible Round Score: 1
Possible Total: 42
Total Score: 2
Rank: 4.761904761904762
--------------------
Round Score: 0
Possible Round Score: 1
Possible Total: 43
Total Score: 2
Rank: 4.651162790697675
--------------------
Round Score: 0
Possible Round Score: 1
Possible Total: 44
Total Score: 2
Rank: 4.545454545454546
--------------------
Round Score: 0.6666666666666666
Possible Round Score: 2
Possible Total: 46
Total Score: 2.6666666666666665
Rank: 5.797101449275361
--------------------
Round Score: 0
Possible Round Score: 1
Possible Total: 47
Total Score: 2.6666666666666665
Rank: 5.673758865248227
--------------------
Round Score: 0
Possible Round Score: 1
Possible Total: 48
Total Score: 2.6666666666666665
Rank: 5.555555555555555
--------------------
Round Score: 0
Possible Round Score: 1
Possible Total: 49
Total Score: 2.6666666666666665
Rank: 5.442176870748299
--------------------
Round Score: 0
Possible Round Score: 1
Possible Total: 50
Total Score: 2.6666666666666665
Rank: 5.333333333333333
--------------------
Round Score: 1
Possible Round Score: 2
Possible Total: 52
Total Score: 3.6666666666666665
Rank: 7.051282051282051
--------------------
Round Score: 0
Possible Round Score: 1
Possible Total: 53
Total Score: 3.6666666666666665
Rank: 6.918238993710692
--------------------
Round Score: 1.3333333333333333
Possible Round Score: 4
Possible Total: 57
Total Score: 5
Rank: 8.771929824561402
--------------------
Round Score: 0
Possible Round Score: 3
Possible Total: 60
Total Score: 5
Rank: 8.333333333333332
--------------------
Round Score: 0
Possible Round Score: 1
Possible Total: 61
Total Score: 5
Rank: 8.19672131147541
--------------------
Round Score: 0
Possible Round Score: 1
Possible Total: 62
Total Score: 5
Rank: 8.064516129032258
--------------------
Round Score: 0
Possible Round Score: 1
Possible Total: 63
Total Score: 5
Rank: 7.936507936507936
--------------------
Round Score: 0
Possible Round Score: 1
Possible Total: 64
Total Score: 5
Rank: 7.8125
--------------------
Round Score: 0
Possible Round Score: 1
Possible Total: 65
Total Score: 5
Rank: 7.6923076923076925
--------------------
Round Score: 0
Possible Round Score: 1
Possible Total: 66
Total Score: 5
Rank: 7.575757575757576
--------------------
Round Score: 0
Possible Round Score: 1
Possible Total: 67
Total Score: 5
Rank: 7.462686567164178
--------------------
Round Score: 0
Possible Round Score: 1
Possible Total: 68
Total Score: 5
Rank: 7.352941176470589
--------------------
Round Score: 0
Possible Round Score: 4
Possible Total: 72
Total Score: 5
Rank: 6.944444444444445
--------------------
Round Score: 1
Possible Round Score: 2
Possible Total: 74
Total Score: 6
Rank: 8.108108108108109
--------------------
Round Score: 0
Possible Round Score: 1
Possible Total: 75
Total Score: 6
Rank: 8
--------------------
Round Score: 0
Possible Round Score: 1
Possible Total: 76
Total Score: 6
Rank: 7.894736842105263
--------------------
Round Score: 0
Possible Round Score: 1
Possible Total: 77
Total Score: 6
Rank: 7.792207792207792
--------------------
Round Score: 0
Possible Round Score: 1
Possible Total: 78
Total Score: 6
Rank: 7.6923076923076925
--------------------
Round Score: 0
Possible Round Score: 1
Possible Total: 79
Total Score: 6
Rank: 7.59493670886076
--------------------
Round Score: 0
Possible Round Score: 1
Possible Total: 80
Total Score: 6
Rank: 7.5
--------------------
Round Score: 0
Possible Round Score: 1
Possible Total: 81
Total Score: 6
Rank: 7.4074074074074066
--------------------
Round Score: 0
Possible Round Score: 5
Possible Total: 86
Total Score: 6
Rank: 6.976744186046512
--------------------
Round Score: 0
Possible Round Score: 1
Possible Total: 87
Total Score: 6
Rank: 6.896551724137931
--------------------
Round Score: 0
Possible Round Score: 1
Possible Total: 88
Total Score: 6
Rank: 6.8181818181818175
--------------------
Round Score: 0
Possible Round Score: 1
Possible Total: 89
Total Score: 6
Rank: 6.741573033707865
--------------------
Round Score: 0
Possible Round Score: 1
Possible Total: 90
Total Score: 6
Rank: 6.666666666666667
--------------------
Round Score: 0
Possible Round Score: 1
Possible Total: 91
Total Score: 6
Rank: 6.593406593406594
--------------------
Round Score: 0
Possible Round Score: 3
Possible Total: 94
Total Score: 6
Rank: 6.382978723404255
--------------------
Round Score: 0
Possible Round Score: 3
Possible Total: 97
Total Score: 6
Rank: 6.185567010309279
--------------------
Round Score: 1
Possible Round Score: 4
Possible Total: 101
Total Score: 7
Rank: 6.9306930693069315
--------------------
Round Score: 0
Possible Round Score: 1
Possible Total: 102
Total Score: 7
Rank: 6.862745098039216
--------------------
Round Score: 0
Possible Round Score: 1
Possible Total: 103
Total Score: 7
Rank: 6.796116504854369
--------------------
Round Score: 0
Possible Round Score: 1
Possible Total: 104
Total Score: 7
Rank: 6.730769230769231
--------------------
Round Score: 0
Possible Round Score: 1
Possible Total: 105
Total Score: 7
Rank: 6.666666666666667
--------------------
Round Score: 0
Possible Round Score: 1
Possible Total: 106
Total Score: 7
Rank: 6.60377358490566
--------------------
Round Score: 0
Possible Round Score: 1
Possible Total: 107
Total Score: 7
Rank: 6.5420560747663545
--------------------
Round Score: 0
Possible Round Score: 1
Possible Total: 108
Total Score: 7
Rank: 6.481481481481481
--------------------
Round Score: 0
Possible Round Score: 1
Possible Total: 109
Total Score: 7
Rank: 6.422018348623854
--------------------
Round Score: 0
Possible Round Score: 1
Possible Total: 110
Total Score: 7
Rank: 6.363636363636363
--------------------
Round Score: 0
Possible Round Score: 1
Possible Total: 111
Total Score: 7
Rank: 6.306306306306306
--------------------
Round Score: 0
Possible Round Score: 1
Possible Total: 112
Total Score: 7
Rank: 6.25
--------------------
Round Score: 0
Possible Round Score: 1
Possible Total: 113
Total Score: 7
Rank: 6.1946902654867255
--------------------
Round Score: 0
Possible Round Score: 4
Possible Total: 117
Total Score: 7
Rank: 5.982905982905983
--------------------
Round Score: 0
Possible Round Score: 1
Possible Total: 118
Total Score: 7
Rank: 5.932203389830509
--------------------
Round Score: 0
Possible Round Score: 1
Possible Total: 119
Total Score: 7
Rank: 5.88235294117647
--------------------
Round Score: 0.8571428571428571
Possible Round Score: 3
Possible Total: 122
Total Score: 7.857142857142857
Rank: 6.440281030444965
--------------------
Round Score: 0.6666666666666666
Possible Round Score: 2
Possible Total: 124
Total Score: 8.523809523809524
Rank: 6.874039938556067
--------------------
Round Score: 0
Possible Round Score: 1
Possible Total: 125
Total Score: 8.523809523809524
Rank: 6.819047619047619
--------------------
Round Score: 0
Possible Round Score: 1
Possible Total: 126
Total Score: 8.523809523809524
Rank: 6.764928193499623
--------------------
Round Score: 0
Possible Round Score: 1
Possible Total: 127
Total Score: 8.523809523809524
Rank: 6.7116610423697045
--------------------
Round Score: 0
Possible Round Score: 1
Possible Total: 128
Total Score: 8.523809523809524
Rank: 6.659226190476191
--------------------
Round Score: 0
Possible Round Score: 1
Possible Total: 129
Total Score: 8.523809523809524
Rank: 6.607604282022887
--------------------
Round Score: 1
Possible Round Score: 3
Possible Total: 132
Total Score: 9.523809523809524
Rank: 7.215007215007215
--------------------
Round Score: 0
Possible Round Score: 1
Possible Total: 133
Total Score: 9.523809523809524
Rank: 7.160759040458288
--------------------
Round Score: 0
Possible Round Score: 1
Possible Total: 134
Total Score: 9.523809523809524
Rank: 7.107320540156362
--------------------
Round Score: 0
Possible Round Score: 1
Possible Total: 135
Total Score: 9.523809523809524
Rank: 7.054673721340388
--------------------
Round Score: 0
Possible Round Score: 1
Possible Total: 136
Total Score: 9.523809523809524
Rank: 7.002801120448179
--------------------
Round Score: 0
Possible Round Score: 3
Possible Total: 139
Total Score: 9.523809523809524
Rank: 6.851661527920521
--------------------
Round Score: 0
Possible Round Score: 1
Possible Total: 140
Total Score: 9.523809523809524
Rank: 6.802721088435375
--------------------
Round Score: 0
Possible Round Score: 1
Possible Total: 141
Total Score: 9.523809523809524
Rank: 6.754474839581223
--------------------
Round Score: 0
Possible Round Score: 1
Possible Total: 142
Total Score: 9.523809523809524
Rank: 6.70690811535882
--------------------
Round Score: 0
Possible Round Score: 1
Possible Total: 143
Total Score: 9.523809523809524
Rank: 6.660006660006659
--------------------
Round Score: 0
Possible Round Score: 1
Possible Total: 144
Total Score: 9.523809523809524
Rank: 6.613756613756613
--------------------
Round Score: 1
Possible Round Score: 2
Possible Total: 146
Total Score: 10.523809523809524
Rank: 7.20808871493803
--------------------
Round Score: 0
Possible Round Score: 1
Possible Total: 147
Total Score: 10.523809523809524
Rank: 7.159054097829608
--------------------
Round Score: 0
Possible Round Score: 1
Possible Total: 148
Total Score: 10.523809523809524
Rank: 7.110682110682111
--------------------
Round Score: 0
Possible Round Score: 1
Possible Total: 149
Total Score: 10.523809523809524
Rank: 7.062959411952701
--------------------
Round Score: 0
Possible Round Score: 1
Possible Total: 150
Total Score: 10.523809523809524
Rank: 7.015873015873016
--------------------
Round Score: 0
Possible Round Score: 1
Possible Total: 151
Total Score: 10.523809523809524
Rank: 6.9694102806685585
--------------------
Round Score: 0
Possible Round Score: 1
Possible Total: 152
Total Score: 10.523809523809524
Rank: 6.923558897243108
--------------------
Round Score: 0
Possible Round Score: 1
Possible Total: 153
Total Score: 10.523809523809524
Rank: 6.878306878306878
--------------------
Round Score: 0
Possible Round Score: 1
Possible Total: 154
Total Score: 10.523809523809524
Rank: 6.833642547928262
--------------------
Round Score: 0
Possible Round Score: 1
Possible Total: 155
Total Score: 10.523809523809524
Rank: 6.7895545314900145
--------------------
Round Score: 0
Possible Round Score: 1
Possible Total: 156
Total Score: 10.523809523809524
Rank: 6.746031746031746
--------------------
Round Score: 0
Possible Round Score: 1
Possible Total: 157
Total Score: 10.523809523809524
Rank: 6.70306339096148
--------------------
Round Score: 0
Possible Round Score: 1
Possible Total: 158
Total Score: 10.523809523809524
Rank: 6.660638939119952
--------------------
Round Score: 0
Possible Round Score: 1
Possible Total: 159
Total Score: 10.523809523809524
Rank: 6.618748128182091
--------------------
Round Score: 0
Possible Round Score: 1
Possible Total: 160
Total Score: 10.523809523809524
Rank: 6.5773809523809526
--------------------
Round Score: 0
Possible Round Score: 1
Possible Total: 161
Total Score: 10.523809523809524
Rank: 6.536527654540077
--------------------
Round Score: 1
Possible Round Score: 2
Possible Total: 163
Total Score: 11.523809523809524
Rank: 7.069821793748174
--------------------
Round Score: 0
Possible Round Score: 1
Possible Total: 164
Total Score: 11.523809523809524
Rank: 7.0267131242741
--------------------
Round Score: 0
Possible Round Score: 1
Possible Total: 165
Total Score: 11.523809523809524
Rank: 6.984126984126984
--------------------
Round Score: 0
Possible Round Score: 1
Possible Total: 166
Total Score: 11.523809523809524
Rank: 6.942053930005737
--------------------
Round Score: 0
Possible Round Score: 1
Possible Total: 167
Total Score: 11.523809523809524
Rank: 6.900484744796122
--------------------
Round Score: 0
Possible Round Score: 1
Possible Total: 168
Total Score: 11.523809523809524
Rank: 6.859410430839002
--------------------
Round Score: 0
Possible Round Score: 1
Possible Total: 169
Total Score: 11.523809523809524
Rank: 6.8188222034375885
--------------------
Round Score: 0
Possible Round Score: 1
Possible Total: 170
Total Score: 11.523809523809524
Rank: 6.778711484593837
--------------------
Round Score: 0
Possible Round Score: 1
Possible Total: 171
Total Score: 11.523809523809524
Rank: 6.739069896964633
--------------------
Round Score: 0
Possible Round Score: 1
Possible Total: 172
Total Score: 11.523809523809524
Rank: 6.699889258028794
--------------------
Round Score: 0
Possible Round Score: 1
Possible Total: 173
Total Score: 11.523809523809524
Rank: 6.661161574456371
--------------------
Round Score: 0
Possible Round Score: 1
Possible Total: 174
Total Score: 11.523809523809524
Rank: 6.62287903667214
--------------------
Round Score: 0
Possible Round Score: 1
Possible Total: 175
Total Score: 11.523809523809524
Rank: 6.585034013605442
--------------------
Round Score: 0
Possible Round Score: 1
Possible Total: 176
Total Score: 11.523809523809524
Rank: 6.547619047619048
--------------------
Round Score: 0
Possible Round Score: 1
Possible Total: 177
Total Score: 11.523809523809524
Rank: 6.5106268496099
--------------------
Round Score: 0
Possible Round Score: 1
Possible Total: 178
Total Score: 11.523809523809524
Rank: 6.474050294275013
--------------------
Round Score: 0
Possible Round Score: 1
Possible Total: 179
Total Score: 11.523809523809524
Rank: 6.437882415536047
--------------------
Round Score: 0
Possible Round Score: 1
Possible Total: 180
Total Score: 11.523809523809524
Rank: 6.402116402116402
--------------------
Round Score: 0
Possible Round Score: 1
Possible Total: 181
Total Score: 11.523809523809524
Rank: 6.36674559326493
--------------------
Round Score: 0
Possible Round Score: 1
Possible Total: 182
Total Score: 11.523809523809524
Rank: 6.331763474620618
--------------------
Round Score: 0
Possible Round Score: 1
Possible Total: 183
Total Score: 11.523809523809524
Rank: 6.297163674212855
--------------------
Round Score: 0
Possible Round Score: 1
Possible Total: 184
Total Score: 11.523809523809524
Rank: 6.262939958592133
--------------------
Round Score: 0
Possible Round Score: 1
Possible Total: 185
Total Score: 11.523809523809524
Rank: 6.229086229086229
--------------------
Round Score: 0
Possible Round Score: 1
Possible Total: 186
Total Score: 11.523809523809524
Rank: 6.1955965181771635
--------------------
Round Score: 0
Possible Round Score: 1
Possible Total: 187
Total Score: 11.523809523809524
Rank: 6.162464985994397
--------------------
Round Score: 1
Possible Round Score: 2
Possible Total: 189
Total Score: 12.523809523809524
Rank: 6.626354245401865
--------------------
Round Score: 0
Possible Round Score: 1
Possible Total: 190
Total Score: 12.523809523809524
Rank: 6.591478696741855
--------------------
Round Score: 0
Possible Round Score: 1
Possible Total: 191
Total Score: 12.523809523809524
Rank: 6.556968337073049
--------------------
Round Score: 0
Possible Round Score: 1
Possible Total: 192
Total Score: 12.523809523809524
Rank: 6.5228174603174605
--------------------
Round Score: 0
Possible Round Score: 1
Possible Total: 193
Total Score: 12.523809523809524
Rank: 6.489020478657784
--------------------
Round Score: 1
Possible Round Score: 2
Possible Total: 195
Total Score: 13.523809523809524
Rank: 6.9352869352869355
--------------------
Round Score: 0
Possible Round Score: 1
Possible Total: 196
Total Score: 13.523809523809524
Rank: 6.899902818270165
--------------------
Round Score: 0
Possible Round Score: 1
Possible Total: 197
Total Score: 13.523809523809524
Rank: 6.864877930867778
--------------------
Round Score: 0
Possible Round Score: 1
Possible Total: 198
Total Score: 13.523809523809524
Rank: 6.830206830206831
--------------------
Round Score: 0
Possible Round Score: 1
Possible Total: 199
Total Score: 13.523809523809524
Rank: 6.795884182818856
--------------------
Round Score: 0
Possible Round Score: 1
Possible Total: 200
Total Score: 13.523809523809524
Rank: 6.761904761904762
--------------------
Round Score: 0
Possible Round Score: 1
Possible Total: 201
Total Score: 13.523809523809524
Rank: 6.728263444681355
--------------------
Round Score: 0
Possible Round Score: 1
Possible Total: 202
Total Score: 13.523809523809524
Rank: 6.694955209806695
--------------------
Round Score: 0
Possible Round Score: 1
Possible Total: 203
Total Score: 13.523809523809524
Rank: 6.661975134881539
--------------------
Round Score: 0
Possible Round Score: 1
Possible Total: 204
Total Score: 13.523809523809524
Rank: 6.629318394024277
--------------------
Round Score: 0
Possible Round Score: 1
Possible Total: 205
Total Score: 13.523809523809524
Rank: 6.596980255516841
--------------------
Round Score: 0
Possible Round Score: 1
Possible Total: 206
Total Score: 13.523809523809524
Rank: 6.564956079519186
--------------------
Round Score: 0
Possible Round Score: 1
Possible Total: 207
Total Score: 13.523809523809524
Rank: 6.5332413158500104
--------------------
Round Score: 0
Possible Round Score: 1
Possible Total: 208
Total Score: 13.523809523809524
Rank: 6.501831501831503
--------------------
Round Score: 0.6666666666666666
Possible Round Score: 2
Possible Total: 210
Total Score: 14.19047619047619
Rank: 6.757369614512471
--------------------
Round Score: 0
Possible Round Score: 1
Possible Total: 211
Total Score: 14.19047619047619
Rank: 6.7253441661024596
--------------------
Round Score: 0
Possible Round Score: 1
Possible Total: 212
Total Score: 14.19047619047619
Rank: 6.693620844564241
--------------------
Round Score: 0
Possible Round Score: 1
Possible Total: 213
Total Score: 14.19047619047619
Rank: 6.6621953945897605
--------------------
Round Score: 0
Possible Round Score: 1
Possible Total: 214
Total Score: 14.19047619047619
Rank: 6.631063640409435
--------------------
Round Score: 0
Possible Round Score: 1
Possible Total: 215
Total Score: 14.19047619047619
Rank: 6.6002214839424145
--------------------
Round Score: 0
Possible Round Score: 1
Possible Total: 216
Total Score: 14.19047619047619
Rank: 6.569664902998236
--------------------
Round Score: 0
Possible Round Score: 1
Possible Total: 217
Total Score: 14.19047619047619
Rank: 6.539389949528199
--------------------
Round Score: 0
Possible Round Score: 1
Possible Total: 218
Total Score: 14.19047619047619
Rank: 6.509392747924858
--------------------
Round Score: 0
Possible Round Score: 1
Possible Total: 219
Total Score: 14.19047619047619
Rank: 6.479669493368123
--------------------
Round Score: 0
Possible Round Score: 1
Possible Total: 220
Total Score: 14.19047619047619
Rank: 6.45021645021645
--------------------
Round Score: 0
Possible Round Score: 1
Possible Total: 221
Total Score: 14.19047619047619
Rank: 6.4210299504417145
--------------------
Round Score: 0
Possible Round Score: 1
Possible Total: 222
Total Score: 14.19047619047619
Rank: 6.392106392106392
--------------------
Round Score: 0
Possible Round Score: 1
Possible Total: 223
Total Score: 14.19047619047619
Rank: 6.363442237881698
--------------------
Round Score: 1
Possible Round Score: 3
Possible Total: 226
Total Score: 15.19047619047619
Rank: 6.721449641803624
--------------------
Round Score: 0
Possible Round Score: 1
Possible Total: 227
Total Score: 15.19047619047619
Rank: 6.691839731487308
--------------------
Round Score: 0.6666666666666666
Possible Round Score: 2
Possible Total: 229
Total Score: 15.857142857142856
Rank: 6.92451653150343
--------------------
Round Score: 0
Possible Round Score: 1
Possible Total: 230
Total Score: 15.857142857142856
Rank: 6.894409937888198
--------------------
Round Score: 0
Possible Round Score: 1
Possible Total: 231
Total Score: 15.857142857142856
Rank: 6.86456400742115
--------------------
Round Score: 1
Possible Round Score: 2
Possible Total: 233
Total Score: 16.857142857142854
Rank: 7.234825260576332
--------------------
Round Score: 0
Possible Round Score: 1
Possible Total: 234
Total Score: 16.857142857142854
Rank: 7.203907203907203
--------------------
Round Score: 0
Possible Round Score: 1
Possible Total: 235
Total Score: 16.857142857142854
Rank: 7.173252279635258
--------------------
Round Score: 0
Possible Round Score: 1
Possible Total: 236
Total Score: 16.857142857142854
Rank: 7.1428571428571415
--------------------
Round Score: 0
Possible Round Score: 1
Possible Total: 237
Total Score: 16.857142857142854
Rank: 7.112718505123568
--------------------
Round Score: 0
Possible Round Score: 1
Possible Total: 238
Total Score: 16.857142857142854
Rank: 7.0828331332533
--------------------
Round Score: 0
Possible Round Score: 1
Possible Total: 239
Total Score: 16.857142857142854
Rank: 7.053197848176926
--------------------
Round Score: 0
Possible Round Score: 1
Possible Total: 240
Total Score: 16.857142857142854
Rank: 7.023809523809523
--------------------
Round Score: 0
Possible Round Score: 1
Possible Total: 241
Total Score: 16.857142857142854
Rank: 6.994665085951392
--------------------
Round Score: 0
Possible Round Score: 1
Possible Total: 242
Total Score: 16.857142857142854
Rank: 6.965761511216055
--------------------
Round Score: 0
Possible Round Score: 1
Possible Total: 243
Total Score: 16.857142857142854
Rank: 6.937095825984714
--------------------
Round Score: 0
Possible Round Score: 1
Possible Total: 244
Total Score: 16.857142857142854
Rank: 6.908665105386416
--------------------
Round Score: 0
Possible Round Score: 1
Possible Total: 245
Total Score: 16.857142857142854
Rank: 6.880466472303206
--------------------
Round Score: 0
Possible Round Score: 1
Possible Total: 246
Total Score: 16.857142857142854
Rank: 6.852497096399535
--------------------
Round Score: 0
Possible Round Score: 1
Possible Total: 247
Total Score: 16.857142857142854
Rank: 6.824754193175245
--------------------
Round Score: 0
Possible Round Score: 1
Possible Total: 248
Total Score: 16.857142857142854
Rank: 6.797235023041473
--------------------
Round Score: 0
Possible Round Score: 1
Possible Total: 249
Total Score: 16.857142857142854
Rank: 6.769936890418816
--------------------
Round Score: 0
Possible Round Score: 1
Possible Total: 250
Total Score: 16.857142857142854
Rank: 6.742857142857142
--------------------
Round Score: 0
Possible Round Score: 1
Possible Total: 251
Total Score: 16.857142857142854
Rank: 6.715993170176436
--------------------
Round Score: 0
Possible Round Score: 1
Possible Total: 252
Total Score: 16.857142857142854
Rank: 6.689342403628117
--------------------
Round Score: 0
Possible Round Score: 1
Possible Total: 253
Total Score: 16.857142857142854
Rank: 6.662902315076227
--------------------
Round Score: 0
Possible Round Score: 1
Possible Total: 254
Total Score: 16.857142857142854
Rank: 6.6366704161979735
--------------------
Round Score: 0.6666666666666666
Possible Round Score: 2
Possible Total: 256
Total Score: 17.523809523809522
Rank: 6.845238095238095
--------------------
Round Score: 0
Possible Round Score: 2
Possible Total: 258
Total Score: 17.523809523809522
Rank: 6.792174234034698
--------------------
Round Score: 0
Possible Round Score: 3
Possible Total: 261
Total Score: 17.523809523809522
Rank: 6.714103265827403
--------------------
Round Score: 0
Possible Round Score: 1
Possible Total: 262
Total Score: 17.523809523809522
Rank: 6.688476917484551
--------------------
Round Score: 0
Possible Round Score: 1
Possible Total: 263
Total Score: 17.523809523809522
Rank: 6.663045446315408
--------------------
Round Score: 0
Possible Round Score: 1
Possible Total: 264
Total Score: 17.523809523809522
Rank: 6.637806637806637
--------------------
Round Score: 0
Possible Round Score: 1
Possible Total: 265
Total Score: 17.523809523809522
Rank: 6.612758310871518
--------------------
Round Score: 0
Possible Round Score: 3
Possible Total: 268
Total Score: 17.523809523809522
Rank: 6.5387348969438515
--------------------
Round Score: 0
Possible Round Score: 1
Possible Total: 269
Total Score: 17.523809523809522
Rank: 6.514427332271197
--------------------
Round Score: 0
Possible Round Score: 1
Possible Total: 270
Total Score: 17.523809523809522
Rank: 6.490299823633157
--------------------
Round Score: 0
Possible Round Score: 1
Possible Total: 271
Total Score: 17.523809523809522
Rank: 6.4663503777894915
--------------------
Round Score: 1
Possible Round Score: 2
Possible Total: 273
Total Score: 18.523809523809522
Rank: 6.785278213849642
--------------------
Round Score: 0
Possible Round Score: 1
Possible Total: 274
Total Score: 18.523809523809522
Rank: 6.760514424748
--------------------
Round Score: 0
Possible Round Score: 1
Possible Total: 275
Total Score: 18.523809523809522
Rank: 6.735930735930736
--------------------
Round Score: 0
Possible Round Score: 1
Possible Total: 276
Total Score: 18.523809523809522
Rank: 6.711525189786059
--------------------
Round Score: 0
Possible Round Score: 1
Possible Total: 277
Total Score: 18.523809523809522
Rank: 6.687295856970947
--------------------
Round Score: 0
Possible Round Score: 1
Possible Total: 278
Total Score: 18.523809523809522
Rank: 6.663240835902706
--------------------
Round Score: 0
Possible Round Score: 1
Possible Total: 279
Total Score: 18.523809523809522
Rank: 6.639358252261478
--------------------
Round Score: 0
Possible Round Score: 1
Possible Total: 280
Total Score: 18.523809523809522
Rank: 6.615646258503401
--------------------
Round Score: 1
Possible Round Score: 2
Possible Total: 282
Total Score: 19.523809523809522
Rank: 6.923336710570753
--------------------
Round Score: 0
Possible Round Score: 1
Possible Total: 283
Total Score: 19.523809523809522
Rank: 6.898872623254249
--------------------
Round Score: 0
Possible Round Score: 1
Possible Total: 284
Total Score: 19.523809523809522
Rank: 6.87458081824279
--------------------
Round Score: 0
Possible Round Score: 1
Possible Total: 285
Total Score: 19.523809523809522
Rank: 6.8504594820384295
--------------------
Round Score: 0
Possible Round Score: 1
Possible Total: 286
Total Score: 19.523809523809522
Rank: 6.826506826506826
--------------------
Round Score: 0
Possible Round Score: 1
Possible Total: 287
Total Score: 19.523809523809522
Rank: 6.802721088435374
--------------------
Round Score: 0
Possible Round Score: 4
Possible Total: 291
Total Score: 19.523809523809522
Rank: 6.709212894779905
--------------------
Round Score: 0
Possible Round Score: 1
Possible Total: 292
Total Score: 19.523809523809522
Rank: 6.6862361382909326
--------------------
Round Score: 0
Possible Round Score: 1
Possible Total: 293
Total Score: 19.523809523809522
Rank: 6.663416219730212
--------------------
Round Score: 0
Possible Round Score: 1
Possible Total: 294
Total Score: 19.523809523809522
Rank: 6.640751538710722
--------------------
Round Score: 0
Possible Round Score: 3
Possible Total: 297
Total Score: 19.523809523809522
Rank: 6.573673240339907
--------------------
Round Score: 3.333333333333333
Possible Round Score: 10
Possible Total: 307
Total Score: 22.857142857142854
Rank: 7.445323406235457
--------------------
Round Score: 0
Possible Round Score: 1
Possible Total: 308
Total Score: 22.857142857142854
Rank: 7.421150278293134
--------------------
Round Score: 0
Possible Round Score: 5
Possible Total: 313
Total Score: 22.857142857142854
Rank: 7.302601551802828
--------------------
Round Score: 0
Possible Round Score: 1
Possible Total: 314
Total Score: 22.857142857142854
Rank: 7.279344858962693
--------------------
Round Score: 0
Possible Round Score: 5
Possible Total: 319
Total Score: 22.857142857142854
Rank: 7.165248544558889
--------------------
Round Score: 0
Possible Round Score: 1
Possible Total: 320
Total Score: 22.857142857142854
Rank: 7.142857142857142
--------------------
Round Score: 0
Possible Round Score: 3
Possible Total: 323
Total Score: 22.857142857142854
Rank: 7.076514816452896
--------------------
Round Score: 0
Possible Round Score: 1
Possible Total: 324
Total Score: 22.857142857142854
Rank: 7.054673721340388
--------------------
Round Score: 0
Possible Round Score: 1
Possible Total: 325
Total Score: 22.857142857142854
Rank: 7.032967032967032
--------------------
Round Score: 0
Possible Round Score: 1
Possible Total: 326
Total Score: 22.857142857142854
Rank: 7.011393514460998
--------------------
Round Score: 0
Possible Round Score: 1
Possible Total: 327
Total Score: 22.857142857142854
Rank: 6.989951944080383
--------------------
Round Score: 0
Possible Round Score: 1
Possible Total: 328
Total Score: 22.857142857142854
Rank: 6.968641114982578
--------------------
Round Score: 0
Possible Round Score: 1
Possible Total: 329
Total Score: 22.857142857142854
Rank: 6.9474598349978285
--------------------
Round Score: 0
Possible Round Score: 1
Possible Total: 330
Total Score: 22.857142857142854
Rank: 6.926406926406925
--------------------
Round Score: 0
Possible Round Score: 1
Possible Total: 331
Total Score: 22.857142857142854
Rank: 6.905481225722916
--------------------
Round Score: 0
Possible Round Score: 1
Possible Total: 332
Total Score: 22.857142857142854
Rank: 6.884681583476763
--------------------
Round Score: 0
Possible Round Score: 1
Possible Total: 333
Total Score: 22.857142857142854
Rank: 6.864006864006863
--------------------
Round Score: 0
Possible Round Score: 1
Possible Total: 334
Total Score: 22.857142857142854
Rank: 6.843455945252351
--------------------
Round Score: 0
Possible Round Score: 1
Possible Total: 335
Total Score: 22.857142857142854
Rank: 6.823027718550105
--------------------
Round Score: 0
Possible Round Score: 1
Possible Total: 336
Total Score: 22.857142857142854
Rank: 6.802721088435374
--------------------
Round Score: 1
Possible Round Score: 2
Possible Total: 338
Total Score: 23.857142857142854
Rank: 7.058326289095519
--------------------
Round Score: 0
Possible Round Score: 1
Possible Total: 339
Total Score: 23.857142857142854
Rank: 7.037505267593762
--------------------
Round Score: 0
Possible Round Score: 1
Possible Total: 340
Total Score: 23.857142857142854
Rank: 7.016806722689075
--------------------
Round Score: 0
Possible Round Score: 1
Possible Total: 341
Total Score: 23.857142857142854
Rank: 6.996229576874738
--------------------
Round Score: 0
Possible Round Score: 1
Possible Total: 342
Total Score: 23.857142857142854
Rank: 6.975772765246449
--------------------
Round Score: 0
Possible Round Score: 1
Possible Total: 343
Total Score: 23.857142857142854
Rank: 6.955435235318616
--------------------
Round Score: 0
Possible Round Score: 1
Possible Total: 344
Total Score: 23.857142857142854
Rank: 6.9352159468438535
--------------------
Round Score: 0
Possible Round Score: 1
Possible Total: 345
Total Score: 23.857142857142854
Rank: 6.91511387163561
--------------------
Round Score: 0
Possible Round Score: 1
Possible Total: 346
Total Score: 23.857142857142854
Rank: 6.8951279933938885
--------------------
Round Score: 0
Possible Round Score: 1
Possible Total: 347
Total Score: 23.857142857142854
Rank: 6.875257307533963
--------------------
Round Score: 0
Possible Round Score: 1
Possible Total: 348
Total Score: 23.857142857142854
Rank: 6.855500821018061
--------------------
Round Score: 0
Possible Round Score: 1
Possible Total: 349
Total Score: 23.857142857142854
Rank: 6.835857552189929
--------------------
Round Score: 1
Possible Round Score: 2
Possible Total: 351
Total Score: 24.857142857142854
Rank: 7.0818070818070815
--------------------
Round Score: 1
Possible Round Score: 2
Possible Total: 353
Total Score: 25.857142857142854
Rank: 7.324969647915823
--------------------
Round Score: 0
Possible Round Score: 1
Possible Total: 354
Total Score: 25.857142857142854
Rank: 7.304277643260693
--------------------
Round Score: 0
Possible Round Score: 1
Possible Total: 355
Total Score: 25.857142857142854
Rank: 7.283702213279677
--------------------
Round Score: 0
Possible Round Score: 1
Possible Total: 356
Total Score: 25.857142857142854
Rank: 7.263242375601925
--------------------
Round Score: 0
Possible Round Score: 1
Possible Total: 357
Total Score: 25.857142857142854
Rank: 7.242897158863544
--------------------
Round Score: 0
Possible Round Score: 1
Possible Total: 358
Total Score: 25.857142857142854
Rank: 7.22266560255387
--------------------
Round Score: 1.25
Possible Round Score: 5
Possible Total: 363
Total Score: 27.107142857142854
Rank: 7.467532467532467
--------------------
Round Score: 0
Possible Round Score: 3
Possible Total: 366
Total Score: 27.107142857142854
Rank: 7.406323185011708
--------------------
Round Score: 0
Possible Round Score: 1
Possible Total: 367
Total Score: 27.107142857142854
Rank: 7.386142467886336
--------------------
Round Score: 0
Possible Round Score: 1
Possible Total: 368
Total Score: 27.107142857142854
Rank: 7.366071428571427
--------------------
Round Score: 0
Possible Round Score: 1
Possible Total: 369
Total Score: 27.107142857142854
Rank: 7.346109175377467
--------------------
Round Score: 0
Possible Round Score: 1
Possible Total: 370
Total Score: 27.107142857142854
Rank: 7.326254826254826
--------------------
Round Score: 0
Possible Round Score: 3
Possible Total: 373
Total Score: 27.107142857142854
Rank: 7.267330524703178
--------------------
Round Score: 0
Possible Round Score: 3
Possible Total: 376
Total Score: 27.107142857142854
Rank: 7.209346504559269
--------------------
Round Score: 1
Possible Round Score: 2
Possible Total: 378
Total Score: 28.107142857142854
Rank: 7.43575207860922
--------------------
Round Score: 0
Possible Round Score: 1
Possible Total: 379
Total Score: 28.107142857142854
Rank: 7.416132679984921
--------------------
Round Score: 0
Possible Round Score: 1
Possible Total: 380
Total Score: 28.107142857142854
Rank: 7.396616541353383
--------------------
Round Score: 0
Possible Round Score: 1
Possible Total: 381
Total Score: 28.107142857142854
Rank: 7.377202849643794
--------------------
Round Score: 0
Possible Round Score: 1
Possible Total: 382
Total Score: 28.107142857142854
Rank: 7.357890800299176
--------------------
Round Score: 0
Possible Round Score: 1
Possible Total: 383
Total Score: 28.107142857142854
Rank: 7.338679597165236
--------------------
Round Score: 0
Possible Round Score: 1
Possible Total: 384
Total Score: 28.107142857142854
Rank: 7.319568452380952
--------------------
Round Score: 0
Possible Round Score: 1
Possible Total: 385
Total Score: 28.107142857142854
Rank: 7.300556586270872
--------------------
Round Score: 0
Possible Round Score: 1
Possible Total: 386
Total Score: 28.107142857142854
Rank: 7.281643227239082
--------------------
Round Score: 1
Possible Round Score: 2
Possible Total: 388
Total Score: 29.107142857142854
Rank: 7.501840942562592
--------------------
Round Score: 0
Possible Round Score: 1
Possible Total: 389
Total Score: 29.107142857142854
Rank: 7.482556004406904
--------------------
Round Score: 1
Possible Round Score: 2
Possible Total: 391
Total Score: 30.107142857142854
Rank: 7.700036536353672
--------------------
Round Score: 0
Possible Round Score: 3
Possible Total: 394
Total Score: 30.107142857142854
Rank: 7.641406816533719
--------------------
Round Score: 0
Possible Round Score: 1
Possible Total: 395
Total Score: 30.107142857142854
Rank: 7.622061482820976
--------------------
Round Score: 1
Possible Round Score: 2
Possible Total: 397
Total Score: 31.107142857142854
Rank: 7.8355523569629355
--------------------
Round Score: 0
Possible Round Score: 1
Possible Total: 398
Total Score: 31.107142857142854
Rank: 7.815865039483129
--------------------
Round Score: 0
Possible Round Score: 1
Possible Total: 399
Total Score: 31.107142857142854
Rank: 7.79627640529896
--------------------
Round Score: 0
Possible Round Score: 1
Possible Total: 400
Total Score: 31.107142857142854
Rank: 7.7767857142857135
--------------------
Round Score: 0
Possible Round Score: 1
Possible Total: 401
Total Score: 31.107142857142854
Rank: 7.75739223370146
--------------------
Round Score: 0
Possible Round Score: 1
Possible Total: 402
Total Score: 31.107142857142854
Rank: 7.738095238095237
--------------------
Round Score: 0
Possible Round Score: 1
Possible Total: 403
Total Score: 31.107142857142854
Rank: 7.71889400921659
--------------------
Round Score: 0
Possible Round Score: 1
Possible Total: 404
Total Score: 31.107142857142854
Rank: 7.699787835926449
--------------------
Round Score: 1
Possible Round Score: 2
Possible Total: 406
Total Score: 32.107142857142854
Rank: 7.908163265306121
--------------------
Round Score: 0
Possible Round Score: 2
Possible Total: 408
Total Score: 32.107142857142854
Rank: 7.8693977591036415
--------------------
Round Score: 0
Possible Round Score: 1
Possible Total: 409
Total Score: 32.107142857142854
Rank: 7.850157177785539
--------------------
Round Score: 0
Possible Round Score: 1
Possible Total: 410
Total Score: 32.107142857142854
Rank: 7.831010452961672
--------------------
Round Score: 0
Possible Round Score: 1
Possible Total: 411
Total Score: 32.107142857142854
Rank: 7.811956899548139
--------------------
Round Score: 0
Possible Round Score: 1
Possible Total: 412
Total Score: 32.107142857142854
Rank: 7.7929958391123435
--------------------
Round Score: 0
Possible Round Score: 1
Possible Total: 413
Total Score: 32.107142857142854
Rank: 7.774126599792458
--------------------
Round Score: 0
Possible Round Score: 1
Possible Total: 414
Total Score: 32.107142857142854
Rank: 7.75534851621808
--------------------
Round Score: 0
Possible Round Score: 1
Possible Total: 415
Total Score: 32.107142857142854
Rank: 7.736660929432013
--------------------
Round Score: 0
Possible Round Score: 1
Possible Total: 416
Total Score: 32.107142857142854
Rank: 7.718063186813186
--------------------
Round Score: 0
Possible Round Score: 1
Possible Total: 417
Total Score: 32.107142857142854
Rank: 7.699554642000685
--------------------
Round Score: 0
Possible Round Score: 1
Possible Total: 418
Total Score: 32.107142857142854
Rank: 7.681134654818865
--------------------
Round Score: 0
Possible Round Score: 1
Possible Total: 419
Total Score: 32.107142857142854
Rank: 7.662802591203545
--------------------
Round Score: 0
Possible Round Score: 1
Possible Total: 420
Total Score: 32.107142857142854
Rank: 7.644557823129252
--------------------
Round Score: 0
Possible Round Score: 1
Possible Total: 421
Total Score: 32.107142857142854
Rank: 7.6263997285374945
--------------------
Round Score: 0
Possible Round Score: 1
Possible Total: 422
Total Score: 32.107142857142854
Rank: 7.608327691266078
--------------------
Round Score: 0
Possible Round Score: 1
Possible Total: 423
Total Score: 32.107142857142854
Rank: 7.590341100979398
--------------------
Round Score: 0
Possible Round Score: 2
Possible Total: 425
Total Score: 32.107142857142854
Rank: 7.554621848739496
--------------------
Round Score: 0
Possible Round Score: 1
Possible Total: 426
Total Score: 32.107142857142854
Rank: 7.536887994634473
--------------------
Round Score: 0
Possible Round Score: 6
Possible Total: 432
Total Score: 32.107142857142854
Rank: 7.432208994708994
--------------------
Round Score: 1
Possible Round Score: 3
Possible Total: 435
Total Score: 33.107142857142854
Rank: 7.610837438423644
--------------------
Round Score: 0
Possible Round Score: 1
Possible Total: 436
Total Score: 33.107142857142854
Rank: 7.593381389252948
--------------------
Round Score: 0
Possible Round Score: 1
Possible Total: 437
Total Score: 33.107142857142854
Rank: 7.576005230467472
--------------------
Round Score: 0
Possible Round Score: 3
Possible Total: 440
Total Score: 33.107142857142854
Rank: 7.524350649350649
--------------------
Round Score: 0
Possible Round Score: 1
Possible Total: 441
Total Score: 33.107142857142854
Rank: 7.507288629737609
--------------------
Round Score: 1
Possible Round Score: 2
Possible Total: 443
Total Score: 34.107142857142854
Rank: 7.699129313124797
--------------------
Round Score: 0
Possible Round Score: 1
Possible Total: 444
Total Score: 34.107142857142854
Rank: 7.681788931788931
--------------------
Round Score: 0
Possible Round Score: 1
Possible Total: 445
Total Score: 34.107142857142854
Rank: 7.664526484751204
--------------------
Round Score: 0
Possible Round Score: 1
Possible Total: 446
Total Score: 34.107142857142854
Rank: 7.647341447789878
--------------------
Round Score: 0
Possible Round Score: 1
Possible Total: 447
Total Score: 34.107142857142854
Rank: 7.63023330137424
--------------------
Round Score: 0
Possible Round Score: 1
Possible Total: 448
Total Score: 34.107142857142854
Rank: 7.613201530612244
--------------------
Round Score: 0
Possible Round Score: 1
Possible Total: 449
Total Score: 34.107142857142854
Rank: 7.596245625198854
--------------------
Round Score: 0
Possible Round Score: 1
Possible Total: 450
Total Score: 34.107142857142854
Rank: 7.579365079365079
--------------------
Round Score: 0
Possible Round Score: 1
Possible Total: 451
Total Score: 34.107142857142854
Rank: 7.562559391827683
--------------------
Round Score: 0
Possible Round Score: 1
Possible Total: 452
Total Score: 34.107142857142854
Rank: 7.5458280657395695
--------------------
Round Score: 0
Possible Round Score: 1
Possible Total: 453
Total Score: 34.107142857142854
Rank: 7.529170608640806
--------------------
Round Score: 0
Possible Round Score: 1
Possible Total: 454
Total Score: 34.107142857142854
Rank: 7.51258653241032
--------------------
Round Score: 0
Possible Round Score: 1
Possible Total: 455
Total Score: 34.107142857142854
Rank: 7.49607535321821
--------------------
Round Score: 0
Possible Round Score: 3
Possible Total: 458
Total Score: 34.107142857142854
Rank: 7.446974422956955
--------------------
Round Score: 0
Possible Round Score: 1
Possible Total: 459
Total Score: 34.107142857142854
Rank: 7.4307500778089
--------------------
Round Score: 0
Possible Round Score: 1
Possible Total: 460
Total Score: 34.107142857142854
Rank: 7.414596273291925
--------------------
Round Score: 0
Possible Round Score: 1
Possible Total: 461
Total Score: 34.107142857142854
Rank: 7.398512550356368
--------------------
Round Score: 0.6666666666666666
Possible Round Score: 2
Possible Total: 463
Total Score: 34.77380952380952
Rank: 7.5105420137817545
--------------------
Round Score: 0
Possible Round Score: 1
Possible Total: 464
Total Score: 34.77380952380952
Rank: 7.494355500821016
--------------------
Round Score: 0
Possible Round Score: 1
Possible Total: 465
Total Score: 34.77380952380952
Rank: 7.478238607270864
--------------------
Round Score: 0
Possible Round Score: 4
Possible Total: 469
Total Score: 34.77380952380952
Rank: 7.414458320641688
--------------------
Round Score: 0
Possible Round Score: 1
Possible Total: 470
Total Score: 34.77380952380952
Rank: 7.39868287740628
--------------------
Round Score: 0
Possible Round Score: 1
Possible Total: 471
Total Score: 34.77380952380952
Rank: 7.382974421190982
--------------------
Round Score: 0
Possible Round Score: 1
Possible Total: 472
Total Score: 34.77380952380952
Rank: 7.36733252623083
--------------------
Round Score: 0
Possible Round Score: 1
Possible Total: 473
Total Score: 34.77380952380952
Rank: 7.35175677036142
--------------------
Round Score: 0
Possible Round Score: 1
Possible Total: 474
Total Score: 34.77380952380952
Rank: 7.336246734980911
--------------------
Round Score: 0
Possible Round Score: 1
Possible Total: 475
Total Score: 34.77380952380952
Rank: 7.32080200501253
--------------------
Round Score: 0
Possible Round Score: 1
Possible Total: 476
Total Score: 34.77380952380952
Rank: 7.305422168867545
--------------------
Round Score: 0
Possible Round Score: 1
Possible Total: 477
Total Score: 34.77380952380952
Rank: 7.290106818408704
--------------------
Round Score: 0
Possible Round Score: 1
Possible Total: 478
Total Score: 34.77380952380952
Rank: 7.2748555489141244
--------------------
Round Score: 0
Possible Round Score: 1
Possible Total: 479
Total Score: 34.77380952380952
Rank: 7.2596679590416535
--------------------
Round Score: 0
Possible Round Score: 1
Possible Total: 480
Total Score: 34.77380952380952
Rank: 7.24454365079365
--------------------
Round Score: 0
Possible Round Score: 1
Possible Total: 481
Total Score: 34.77380952380952
Rank: 7.229482229482229
--------------------
Round Score: 0
Possible Round Score: 1
Possible Total: 482
Total Score: 34.77380952380952
Rank: 7.214483303694921
--------------------
Round Score: 0
Possible Round Score: 1
Possible Total: 483
Total Score: 34.77380952380952
Rank: 7.19954648526077
--------------------
Round Score: 3.333333333333333
Possible Round Score: 10
Possible Total: 493
Total Score: 38.107142857142854
Rank: 7.729643581570558
--------------------
Round Score: 1
Possible Round Score: 2
Possible Total: 495
Total Score: 39.107142857142854
Rank: 7.900432900432899
--------------------
Round Score: 0
Possible Round Score: 1
Possible Total: 496
Total Score: 39.107142857142854
Rank: 7.884504608294931
--------------------
Round Score: 0
Possible Round Score: 1
Possible Total: 497
Total Score: 39.107142857142854
Rank: 7.8686404139120425
--------------------
Round Score: 0
Possible Round Score: 1
Possible Total: 498
Total Score: 39.107142857142854
Rank: 7.852839931153184
--------------------
Round Score: 0
Possible Round Score: 1
Possible Total: 499
Total Score: 39.107142857142854
Rank: 7.837102776982535
--------------------
Round Score: 0
Possible Round Score: 1
Possible Total: 500
Total Score: 39.107142857142854
Rank: 7.821428571428571
--------------------
Round Score: 0
Possible Round Score: 1
Possible Total: 501
Total Score: 39.107142857142854
Rank: 7.805816937553464
--------------------
Round Score: 0
Possible Round Score: 1
Possible Total: 502
Total Score: 39.107142857142854
Rank: 7.790267501422879
--------------------
Round Score: 0
Possible Round Score: 1
Possible Total: 503
Total Score: 39.107142857142854
Rank: 7.774779892076114
--------------------
Round Score: 0
Possible Round Score: 1
Possible Total: 504
Total Score: 39.107142857142854
Rank: 7.759353741496598
--------------------
Round Score: 0
Possible Round Score: 1
Possible Total: 505
Total Score: 39.107142857142854
Rank: 7.743988684582743
--------------------
Round Score: 0
Possible Round Score: 1
Possible Total: 506
Total Score: 39.107142857142854
Rank: 7.728684359119141
--------------------
Round Score: 0
Possible Round Score: 1
Possible Total: 507
Total Score: 39.107142857142854
Rank: 7.713440405748097
--------------------
Round Score: 0
Possible Round Score: 1
Possible Total: 508
Total Score: 39.107142857142854
Rank: 7.698256467941507
--------------------
Round Score: 0
Possible Round Score: 1
Possible Total: 509
Total Score: 39.107142857142854
Rank: 7.683132191973057
--------------------
Round Score: 0
Possible Round Score: 1
Possible Total: 510
Total Score: 39.107142857142854
Rank: 7.668067226890756
--------------------
Round Score: 0
Possible Round Score: 1
Possible Total: 511
Total Score: 39.107142857142854
Rank: 7.653061224489795
--------------------
Round Score: 0
Possible Round Score: 1
Possible Total: 512
Total Score: 39.107142857142854
Rank: 7.6381138392857135
--------------------
Round Score: 0
Possible Round Score: 1
Possible Total: 513
Total Score: 39.107142857142854
Rank: 7.623224728487886
--------------------
Round Score: 0
Possible Round Score: 1
Possible Total: 514
Total Score: 39.107142857142854
Rank: 7.608393551973318
--------------------
Round Score: 1
Possible Round Score: 3
Possible Total: 517
Total Score: 40.107142857142854
Rank: 7.757667864050842
--------------------
Round Score: 0
Possible Round Score: 1
Possible Total: 518
Total Score: 40.107142857142854
Rank: 7.742691671263099
--------------------
Round Score: 0
Possible Round Score: 1
Possible Total: 519
Total Score: 40.107142857142854
Rank: 7.727773190200936
--------------------
Round Score: 0
Possible Round Score: 1
Possible Total: 520
Total Score: 40.107142857142854
Rank: 7.712912087912087
--------------------
Round Score: 0
Possible Round Score: 1
Possible Total: 521
Total Score: 40.107142857142854
Rank: 7.698108034000548
--------------------
Round Score: 0
Possible Round Score: 1
Possible Total: 522
Total Score: 40.107142857142854
Rank: 7.683360700602079
--------------------
Round Score: 0
Possible Round Score: 1
Possible Total: 523
Total Score: 40.107142857142854
Rank: 7.66866976236001
--------------------
Round Score: 1
Possible Round Score: 3
Possible Total: 526
Total Score: 41.107142857142854
Rank: 7.815046170559478
--------------------
Round Score: 0
Possible Round Score: 1
Possible Total: 527
Total Score: 41.107142857142854
Rank: 7.8002168609379225
--------------------
Round Score: 0
Possible Round Score: 1
Possible Total: 528
Total Score: 41.107142857142854
Rank: 7.785443722943722
--------------------
Round Score: 0
Possible Round Score: 1
Possible Total: 529
Total Score: 41.107142857142854
Rank: 7.770726438023223
--------------------
Round Score: 0.6666666666666666
Possible Round Score: 2
Possible Total: 531
Total Score: 41.77380952380952
Rank: 7.867007443278629
--------------------
Round Score: 0
Possible Round Score: 1
Possible Total: 532
Total Score: 41.77380952380952
Rank: 7.852219835302542
--------------------
Round Score: 0
Possible Round Score: 1
Possible Total: 533
Total Score: 41.77380952380952
Rank: 7.837487715536495
--------------------
Round Score: 0
Possible Round Score: 1
Possible Total: 534
Total Score: 41.77380952380952
Rank: 7.822810772248974
--------------------
Round Score: 0
Possible Round Score: 1
Possible Total: 535
Total Score: 41.77380952380952
Rank: 7.808188696039162
--------------------
Round Score: 1
Possible Round Score: 3
Possible Total: 538
Total Score: 42.77380952380952
Rank: 7.950522216321472
--------------------
Round Score: 0
Possible Round Score: 1
Possible Total: 539
Total Score: 42.77380952380952
Rank: 7.935771711281914
--------------------
Round Score: 0
Possible Round Score: 1
Possible Total: 540
Total Score: 42.77380952380952
Rank: 7.921075837742503
--------------------
Round Score: 0
Possible Round Score: 1
Possible Total: 541
Total Score: 42.77380952380952
Rank: 7.906434292755918
--------------------
Round Score: 0
Possible Round Score: 1
Possible Total: 542
Total Score: 42.77380952380952
Rank: 7.891846775610613
--------------------
Round Score: 0
Possible Round Score: 2
Possible Total: 544
Total Score: 42.77380952380952
Rank: 7.86283263305322
--------------------
Round Score: 0
Possible Round Score: 4
Possible Total: 548
Total Score: 42.77380952380952
Rank: 7.805439694125825
--------------------
Round Score: 0
Possible Round Score: 1
Possible Total: 549
Total Score: 42.77380952380952
Rank: 7.791222135484429
--------------------
Round Score: 0
Possible Round Score: 1
Possible Total: 550
Total Score: 42.77380952380952
Rank: 7.777056277056276
--------------------
Round Score: 0
Possible Round Score: 1
Possible Total: 551
Total Score: 42.77380952380952
Rank: 7.762941837352
--------------------
Round Score: 0
Possible Round Score: 1
Possible Total: 552
Total Score: 42.77380952380952
Rank: 7.748878536922015
--------------------
Round Score: 0
Possible Round Score: 1
Possible Total: 553
Total Score: 42.77380952380952
Rank: 7.734866098338069
--------------------
Round Score: 0
Possible Round Score: 1
Possible Total: 554
Total Score: 42.77380952380952
Rank: 7.720904246175003
--------------------
Round Score: 0
Possible Round Score: 1
Possible Total: 555
Total Score: 42.77380952380952
Rank: 7.706992706992706
--------------------
Round Score: 0
Possible Round Score: 1
Possible Total: 556
Total Score: 42.77380952380952
Rank: 7.693131209318259
--------------------
Round Score: 1
Possible Round Score: 2
Possible Total: 558
Total Score: 43.77380952380952
Rank: 7.844768731865505
--------------------
Round Score: 0
Possible Round Score: 1
Possible Total: 559
Total Score: 43.77380952380952
Rank: 7.8307351563165515
--------------------
Round Score: 0
Possible Round Score: 2
Possible Total: 561
Total Score: 43.77380952380952
Rank: 7.802818096935743
--------------------
Round Score: 0
Possible Round Score: 1
Possible Total: 562
Total Score: 43.77380952380952
Rank: 7.788934078969666
--------------------
Round Score: 0
Possible Round Score: 1
Possible Total: 563
Total Score: 43.77380952380952
Rank: 7.775099382559417
--------------------
Round Score: 0
Possible Round Score: 1
Possible Total: 564
Total Score: 43.77380952380952
Rank: 7.761313745356298
--------------------
Round Score: 0
Possible Round Score: 1
Possible Total: 565
Total Score: 43.77380952380952
Rank: 7.747576906868941
--------------------
Round Score: 0
Possible Round Score: 1
Possible Total: 566
Total Score: 43.77380952380952
Rank: 7.733888608446911
--------------------
Round Score: 0
Possible Round Score: 1
Possible Total: 567
Total Score: 43.77380952380952
Rank: 7.720248593264466
--------------------
Round Score: 0
Possible Round Score: 1
Possible Total: 568
Total Score: 43.77380952380952
Rank: 7.7066566063044935
--------------------
Round Score: 0
Possible Round Score: 1
Possible Total: 569
Total Score: 43.77380952380952
Rank: 7.693112394342622
--------------------
Round Score: 0
Possible Round Score: 1
Possible Total: 570
Total Score: 43.77380952380952
Rank: 7.679615705931495
--------------------
Round Score: 0
Possible Round Score: 1
Possible Total: 571
Total Score: 43.77380952380952
Rank: 7.6661662913852044
--------------------
Round Score: 0
Possible Round Score: 1
Possible Total: 572
Total Score: 43.77380952380952
Rank: 7.652763902763902
--------------------
Round Score: 1
Possible Round Score: 2
Possible Total: 574
Total Score: 44.77380952380952
Rank: 7.800315248050439
--------------------
Round Score: 0
Possible Round Score: 1
Possible Total: 575
Total Score: 44.77380952380952
Rank: 7.786749482401656
--------------------
Round Score: 0
Possible Round Score: 1
Possible Total: 576
Total Score: 44.77380952380952
Rank: 7.77323082010582
--------------------
Round Score: 0
Possible Round Score: 1
Possible Total: 577
Total Score: 44.77380952380952
Rank: 7.7597590162581485
--------------------
Round Score: 0
Possible Round Score: 1
Possible Total: 578
Total Score: 44.77380952380952
Rank: 7.746333827648706
--------------------
Round Score: 0
Possible Round Score: 1
Possible Total: 579
Total Score: 44.77380952380952
Rank: 7.732955012747758
--------------------
Round Score: 0
Possible Round Score: 2
Possible Total: 581
Total Score: 44.77380952380952
Rank: 7.706335546266699
--------------------
Round Score: 0
Possible Round Score: 1
Possible Total: 582
Total Score: 44.77380952380952
Rank: 7.693094419898543
--------------------
Round Score: 0
Possible Round Score: 1
Possible Total: 583
Total Score: 44.77380952380952
Rank: 7.679898717634566
--------------------
Round Score: 0
Possible Round Score: 1
Possible Total: 584
Total Score: 44.77380952380952
Rank: 7.666748206131767
--------------------
Round Score: 0
Possible Round Score: 1
Possible Total: 585
Total Score: 44.77380952380952
Rank: 7.653642653642653
--------------------
Round Score: 0
Possible Round Score: 1
Possible Total: 586
Total Score: 44.77380952380952
Rank: 7.640581830001625
--------------------
Round Score: 0
Possible Round Score: 1
Possible Total: 587
Total Score: 44.77380952380952
Rank: 7.627565506611503
--------------------
Round Score: 0
Possible Round Score: 1
Possible Total: 588
Total Score: 44.77380952380952
Rank: 7.61459345643019
--------------------
Round Score: 0
Possible Round Score: 1
Possible Total: 589
Total Score: 44.77380952380952
Rank: 7.601665453957473
--------------------
Round Score: 0
Possible Round Score: 1
Possible Total: 590
Total Score: 44.77380952380952
Rank: 7.588781275221952
--------------------
Round Score: 0
Possible Round Score: 1
Possible Total: 591
Total Score: 44.77380952380952
Rank: 7.575940697768107
--------------------
Round Score: 1
Possible Round Score: 2
Possible Total: 593
Total Score: 45.77380952380952
Rank: 7.719023528467035
--------------------
Round Score: 0
Possible Round Score: 1
Possible Total: 594
Total Score: 45.77380952380952
Rank: 7.7060285393618715
--------------------
Round Score: 1
Possible Round Score: 2
Possible Total: 596
Total Score: 46.77380952380952
Rank: 7.8479546180888455
--------------------
Round Score: 0
Possible Round Score: 1
Possible Total: 597
Total Score: 46.77380952380952
Rank: 7.834808965462231
--------------------
Round Score: 0
Possible Round Score: 1
Possible Total: 598
Total Score: 46.77380952380952
Rank: 7.821707278229016
--------------------
Round Score: 0
Possible Round Score: 1
Possible Total: 599
Total Score: 46.77380952380952
Rank: 7.808649336195245
--------------------
Round Score: 0
Possible Round Score: 1
Possible Total: 600
Total Score: 46.77380952380952
Rank: 7.795634920634919
--------------------
Round Score: 0
Possible Round Score: 1
Possible Total: 601
Total Score: 46.77380952380952
Rank: 7.78266381427779
--------------------
Round Score: 0
Possible Round Score: 1
Possible Total: 602
Total Score: 46.77380952380952
Rank: 7.769735801297262
--------------------
Round Score: 0
Possible Round Score: 1
Possible Total: 603
Total Score: 46.77380952380952
Rank: 7.756850667298427
--------------------
Round Score: 0
Possible Round Score: 1
Possible Total: 604
Total Score: 46.77380952380952
Rank: 7.7440081993062115
--------------------
Round Score: 0
Possible Round Score: 1
Possible Total: 605
Total Score: 46.77380952380952
Rank: 7.73120818575364
--------------------
Round Score: 0
Possible Round Score: 1
Possible Total: 606
Total Score: 46.77380952380952
Rank: 7.718450416470217
--------------------
Round Score: 0
Possible Round Score: 1
Possible Total: 607
Total Score: 46.77380952380952
Rank: 7.705734682670432
--------------------
Round Score: 0
Possible Round Score: 1
Possible Total: 608
Total Score: 46.77380952380952
Rank: 7.693060776942355
--------------------
Round Score: 0
Possible Round Score: 1
Possible Total: 609
Total Score: 46.77380952380952
Rank: 7.680428493236374
--------------------
Round Score: 0
Possible Round Score: 1
Possible Total: 610
Total Score: 46.77380952380952
Rank: 7.66783762685402
--------------------
Round Score: 0
Possible Round Score: 1
Possible Total: 611
Total Score: 46.77380952380952
Rank: 7.65528797443691
--------------------
Round Score: 0
Possible Round Score: 1
Possible Total: 612
Total Score: 46.77380952380952
Rank: 7.642779333955804
--------------------
Round Score: 0
Possible Round Score: 1
Possible Total: 613
Total Score: 46.77380952380952
Rank: 7.630311504699757
--------------------
Round Score: 0
Possible Round Score: 1
Possible Total: 614
Total Score: 46.77380952380952
Rank: 7.617884287265393
--------------------
Round Score: 0
Possible Round Score: 3
Possible Total: 617
Total Score: 46.77380952380952
Rank: 7.5808443312495175
--------------------
Round Score: 0
Possible Round Score: 1
Possible Total: 618
Total Score: 46.77380952380952
Rank: 7.5685775928494365
--------------------
Round Score: 0
Possible Round Score: 1
Possible Total: 619
Total Score: 46.77380952380952
Rank: 7.556350488499114
--------------------
Round Score: 0
Possible Round Score: 1
Possible Total: 620
Total Score: 46.77380952380952
Rank: 7.54416282642089
--------------------
Round Score: 0
Possible Round Score: 1
Possible Total: 621
Total Score: 46.77380952380952
Rank: 7.532014416072386
--------------------
Round Score: 1
Possible Round Score: 3
Possible Total: 624
Total Score: 47.77380952380952
Rank: 7.656059218559218
--------------------
Round Score: 0
Possible Round Score: 3
Possible Total: 627
Total Score: 47.77380952380952
Rank: 7.619427356269461
--------------------
Round Score: 0
Possible Round Score: 1
Possible Total: 628
Total Score: 47.77380952380952
Rank: 7.607294510160751
--------------------
Round Score: 0
Possible Round Score: 1
Possible Total: 629
Total Score: 47.77380952380952
Rank: 7.5952002422590645
--------------------
Round Score: 0
Possible Round Score: 1
Possible Total: 630
Total Score: 47.77380952380952
Rank: 7.583144368858654
--------------------
Round Score: 0
Possible Round Score: 1
Possible Total: 631
Total Score: 47.77380952380952
Rank: 7.5711267074183075
--------------------
Round Score: 0
Possible Round Score: 3
Possible Total: 634
Total Score: 47.77380952380952
Rank: 7.535301186720744
--------------------
Round Score: 0
Possible Round Score: 1
Possible Total: 635
Total Score: 47.77380952380952
Rank: 7.523434570678663
--------------------
Round Score: 0
Possible Round Score: 1
Possible Total: 636
Total Score: 47.77380952380952
Rank: 7.511605271039233
--------------------
Round Score: 0
Possible Round Score: 1
Possible Total: 637
Total Score: 47.77380952380952
Rank: 7.49981311205801
--------------------
Round Score: 0
Possible Round Score: 1
Possible Total: 638
Total Score: 47.77380952380952
Rank: 7.488057919092402
--------------------
Round Score: 0
Possible Round Score: 1
Possible Total: 639
Total Score: 47.77380952380952
Rank: 7.476339518593039
--------------------
Round Score: 0
Possible Round Score: 1
Possible Total: 640
Total Score: 47.77380952380952
Rank: 7.464657738095237
--------------------
Round Score: 1
Possible Round Score: 3
Possible Total: 643
Total Score: 48.77380952380952
Rank: 7.585351403391838
--------------------
Round Score: 0
Possible Round Score: 1
Possible Total: 644
Total Score: 48.77380952380952
Rank: 7.573572907423838
--------------------
Round Score: 1
Possible Round Score: 3
Possible Total: 647
Total Score: 49.77380952380952
Rank: 7.693015382350776
--------------------
Round Score: 0
Possible Round Score: 1
Possible Total: 648
Total Score: 49.77380952380952
Rank: 7.681143445032333
--------------------
Round Score: 0
Possible Round Score: 1
Possible Total: 649
Total Score: 49.77380952380952
Rank: 7.669308093036905
--------------------
Round Score: 0
Possible Round Score: 1
Possible Total: 650
Total Score: 49.77380952380952
Rank: 7.657509157509157
--------------------
Round Score: 0
Possible Round Score: 1
Possible Total: 651
Total Score: 49.77380952380952
Rank: 7.645746470631262
--------------------
Round Score: 0
Possible Round Score: 4
Possible Total: 655
Total Score: 49.77380952380952
Rank: 7.5990548891312235
--------------------
Round Score: 0
Possible Round Score: 1
Possible Total: 656
Total Score: 49.77380952380952
Rank: 7.5874709639953535
--------------------
Round Score: 0
Possible Round Score: 1
Possible Total: 657
Total Score: 49.77380952380952
Rank: 7.575922301949698
--------------------
Round Score: 0
Possible Round Score: 1
Possible Total: 658
Total Score: 49.77380952380952
Rank: 7.564408742220291
--------------------
Round Score: 0
Possible Round Score: 1
Possible Total: 659
Total Score: 49.77380952380952
Rank: 7.5529301250090315
--------------------
Round Score: 0
Possible Round Score: 1
Possible Total: 660
Total Score: 49.77380952380952
Rank: 7.541486291486291
--------------------
Round Score: 1
Possible Round Score: 3
Possible Total: 663
Total Score: 50.77380952380952
Rank: 7.658191481720893
--------------------
Round Score: 0
Possible Round Score: 2
Possible Total: 665
Total Score: 50.77380952380952
Rank: 7.635159326888649
--------------------
