Round Score: 0
Possible Round Score: 1
Possible Total: 1
Total Score: 0
Rank: 0
--------------------
Round Score: 0
Possible Round Score: 1
Possible Total: 2
Total Score: 0
Rank: 0
--------------------
Round Score: 0
Possible Round Score: 1
Possible Total: 3
Total Score: 0
Rank: 0
--------------------
Round Score: 0
Possible Round Score: 1
Possible Total: 4
Total Score: 0
Rank: 0
--------------------
Round Score: 0
Possible Round Score: 1
Possible Total: 5
Total Score: 0
Rank: 0
--------------------
Round Score: 0
Possible Round Score: 1
Possible Total: 6
Total Score: 0
Rank: 0
--------------------
Round Score: 1.3333333333333333
Possible Round Score: 4
Possible Total: 10
Total Score: 1.3333333333333333
Rank: 13.333333333333334
--------------------
Round Score: 0
Possible Round Score: 1
Possible Total: 11
Total Score: 1.3333333333333333
Rank: 12.12121212121212
--------------------
Round Score: 0
Possible Round Score: 1
Possible Total: 12
Total Score: 1.3333333333333333
Rank: 11.11111111111111
--------------------
Round Score: 0
Possible Round Score: 1
Possible Total: 13
Total Score: 1.3333333333333333
Rank: 10.256410256410255
--------------------
Round Score: 0
Possible Round Score: 1
Possible Total: 14
Total Score: 1.3333333333333333
Rank: 9.523809523809524
--------------------
Round Score: 0
Possible Round Score: 1
Possible Total: 15
Total Score: 1.3333333333333333
Rank: 8.888888888888888
--------------------
Round Score: 0
Possible Round Score: 1
Possible Total: 16
Total Score: 1.3333333333333333
Rank: 8.333333333333332
--------------------
Round Score: 0
Possible Round Score: 1
Possible Total: 17
Total Score: 1.3333333333333333
Rank: 7.8431372549019605
--------------------
Round Score: 0
Possible Round Score: 1
Possible Total: 18
Total Score: 1.3333333333333333
Rank: 7.4074074074074066
--------------------
Round Score: 0
Possible Round Score: 1
Possible Total: 19
Total Score: 1.3333333333333333
Rank: 7.017543859649122
--------------------
Round Score: 0
Possible Round Score: 1
Possible Total: 20
Total Score: 1.3333333333333333
Rank: 6.666666666666667
--------------------
Round Score: 0
Possible Round Score: 1
Possible Total: 21
Total Score: 1.3333333333333333
Rank: 6.349206349206349
--------------------
Round Score: 0
Possible Round Score: 2
Possible Total: 23
Total Score: 1.3333333333333333
Rank: 5.797101449275361
--------------------
Round Score: 0
Possible Round Score: 2
Possible Total: 25
Total Score: 1.3333333333333333
Rank: 5.333333333333333
--------------------
Round Score: 0
Possible Round Score: 1
Possible Total: 26
Total Score: 1.3333333333333333
Rank: 5.128205128205128
--------------------
Round Score: 0
Possible Round Score: 1
Possible Total: 27
Total Score: 1.3333333333333333
Rank: 4.938271604938271
--------------------
Round Score: 0
Possible Round Score: 1
Possible Total: 28
Total Score: 1.3333333333333333
Rank: 4.761904761904762
--------------------
Round Score: 0
Possible Round Score: 1
Possible Total: 29
Total Score: 1.3333333333333333
Rank: 4.597701149425287
--------------------
Round Score: 0
Possible Round Score: 1
Possible Total: 30
Total Score: 1.3333333333333333
Rank: 4.444444444444444
--------------------
Round Score: 0
Possible Round Score: 1
Possible Total: 31
Total Score: 1.3333333333333333
Rank: 4.301075268817204
--------------------
Round Score: 0
Possible Round Score: 1
Possible Total: 32
Total Score: 1.3333333333333333
Rank: 4.166666666666666
--------------------
Round Score: 0
Possible Round Score: 2
Possible Total: 34
Total Score: 1.3333333333333333
Rank: 3.9215686274509802
--------------------
Round Score: 1
Possible Round Score: 2
Possible Total: 36
Total Score: 2.333333333333333
Rank: 6.481481481481481
--------------------
Round Score: 0
Possible Round Score: 1
Possible Total: 37
Total Score: 2.333333333333333
Rank: 6.306306306306306
--------------------
Round Score: 0
Possible Round Score: 1
Possible Total: 38
Total Score: 2.333333333333333
Rank: 6.140350877192981
--------------------
Round Score: 0
Possible Round Score: 1
Possible Total: 39
Total Score: 2.333333333333333
Rank: 5.982905982905982
--------------------
Round Score: 0
Possible Round Score: 1
Possible Total: 40
Total Score: 2.333333333333333
Rank: 5.833333333333333
--------------------
Round Score: 0
Possible Round Score: 1
Possible Total: 41
Total Score: 2.333333333333333
Rank: 5.691056910569105
--------------------
Round Score: 0
Possible Round Score: 1
Possible Total: 42
Total Score: 2.333333333333333
Rank: 5.5555555555555545
--------------------
Round Score: 0
Possible Round Score: 1
Possible Total: 43
Total Score: 2.333333333333333
Rank: 5.426356589147286
--------------------
Round Score: 0
Possible Round Score: 1
Possible Total: 44
Total Score: 2.333333333333333
Rank: 5.303030303030303
--------------------
Round Score: 1.3333333333333333
Possible Round Score: 4
Possible Total: 48
Total Score: 3.666666666666666
Rank: 7.638888888888888
--------------------
Round Score: 0
Possible Round Score: 1
Possible Total: 49
Total Score: 3.666666666666666
Rank: 7.48299319727891
--------------------
Round Score: 0
Possible Round Score: 1
Possible Total: 50
Total Score: 3.666666666666666
Rank: 7.333333333333332
--------------------
Round Score: 0
Possible Round Score: 1
Possible Total: 51
Total Score: 3.666666666666666
Rank: 7.18954248366013
--------------------
Round Score: 0
Possible Round Score: 1
Possible Total: 52
Total Score: 3.666666666666666
Rank: 7.05128205128205
--------------------
Round Score: 0
Possible Round Score: 1
Possible Total: 53
Total Score: 3.666666666666666
Rank: 6.91823899371069
--------------------
Round Score: 0
Possible Round Score: 1
Possible Total: 54
Total Score: 3.666666666666666
Rank: 6.790123456790122
--------------------
Round Score: 0
Possible Round Score: 1
Possible Total: 55
Total Score: 3.666666666666666
Rank: 6.666666666666665
--------------------
Round Score: 0
Possible Round Score: 1
Possible Total: 56
Total Score: 3.666666666666666
Rank: 6.547619047619047
--------------------
Round Score: 0
Possible Round Score: 2
Possible Total: 58
Total Score: 3.666666666666666
Rank: 6.321839080459769
--------------------
Round Score: 0
Possible Round Score: 1
Possible Total: 59
Total Score: 3.666666666666666
Rank: 6.214689265536722
--------------------
Round Score: 0
Possible Round Score: 1
Possible Total: 60
Total Score: 3.666666666666666
Rank: 6.11111111111111
--------------------
Round Score: 0.625
Possible Round Score: 5
Possible Total: 65
Total Score: 4.291666666666666
Rank: 6.602564102564101
--------------------
Round Score: 0
Possible Round Score: 1
Possible Total: 66
Total Score: 4.291666666666666
Rank: 6.502525252525252
--------------------
Round Score: 0
Possible Round Score: 1
Possible Total: 67
Total Score: 4.291666666666666
Rank: 6.405472636815919
--------------------
Round Score: 0
Possible Round Score: 1
Possible Total: 68
Total Score: 4.291666666666666
Rank: 6.311274509803921
--------------------
Round Score: 0
Possible Round Score: 1
Possible Total: 69
Total Score: 4.291666666666666
Rank: 6.219806763285023
--------------------
Round Score: 0
Possible Round Score: 1
Possible Total: 70
Total Score: 4.291666666666666
Rank: 6.13095238095238
--------------------
Round Score: 0
Possible Round Score: 1
Possible Total: 71
Total Score: 4.291666666666666
Rank: 6.044600938967135
--------------------
Round Score: 0
Possible Round Score: 1
Possible Total: 72
Total Score: 4.291666666666666
Rank: 5.960648148148148
--------------------
Round Score: 0
Possible Round Score: 1
Possible Total: 73
Total Score: 4.291666666666666
Rank: 5.878995433789953
--------------------
Round Score: 0
Possible Round Score: 1
Possible Total: 74
Total Score: 4.291666666666666
Rank: 5.799549549549549
--------------------
Round Score: 0
Possible Round Score: 1
Possible Total: 75
Total Score: 4.291666666666666
Rank: 5.722222222222221
--------------------
Round Score: 0
Possible Round Score: 1
Possible Total: 76
Total Score: 4.291666666666666
Rank: 5.646929824561403
--------------------
Round Score: 0
Possible Round Score: 1
Possible Total: 77
Total Score: 4.291666666666666
Rank: 5.573593073593073
--------------------
Round Score: 0
Possible Round Score: 1
Possible Total: 78
Total Score: 4.291666666666666
Rank: 5.502136752136751
--------------------
Round Score: 0
Possible Round Score: 1
Possible Total: 79
Total Score: 4.291666666666666
Rank: 5.432489451476793
--------------------
Round Score: 0
Possible Round Score: 1
Possible Total: 80
Total Score: 4.291666666666666
Rank: 5.364583333333332
--------------------
Round Score: 1
Possible Round Score: 2
Possible Total: 82
Total Score: 5.291666666666666
Rank: 6.453252032520325
--------------------
Round Score: 1
Possible Round Score: 2
Possible Total: 84
Total Score: 6.291666666666666
Rank: 7.490079365079365
--------------------
Round Score: 0
Possible Round Score: 1
Possible Total: 85
Total Score: 6.291666666666666
Rank: 7.401960784313724
--------------------
Round Score: 0
Possible Round Score: 1
Possible Total: 86
Total Score: 6.291666666666666
Rank: 7.315891472868216
--------------------
Round Score: 0
Possible Round Score: 1
Possible Total: 87
Total Score: 6.291666666666666
Rank: 7.231800766283525
--------------------
Round Score: 0
Possible Round Score: 1
Possible Total: 88
Total Score: 6.291666666666666
Rank: 7.149621212121211
--------------------
Round Score: 0
Possible Round Score: 1
Possible Total: 89
Total Score: 6.291666666666666
Rank: 7.069288389513108
--------------------
Round Score: 0
Possible Round Score: 1
Possible Total: 90
Total Score: 6.291666666666666
Rank: 6.9907407407407405
--------------------
Round Score: 0
Possible Round Score: 1
Possible Total: 91
Total Score: 6.291666666666666
Rank: 6.913919413919413
--------------------
Round Score: 0
Possible Round Score: 1
Possible Total: 92
Total Score: 6.291666666666666
Rank: 6.838768115942029
--------------------
Round Score: 0
Possible Round Score: 1
Possible Total: 93
Total Score: 6.291666666666666
Rank: 6.765232974910394
--------------------
Round Score: 0
Possible Round Score: 1
Possible Total: 94
Total Score: 6.291666666666666
Rank: 6.693262411347517
--------------------
Round Score: 0
Possible Round Score: 1
Possible Total: 95
Total Score: 6.291666666666666
Rank: 6.62280701754386
--------------------
Round Score: 0
Possible Round Score: 1
Possible Total: 96
Total Score: 6.291666666666666
Rank: 6.553819444444444
--------------------
Round Score: 0
Possible Round Score: 4
Possible Total: 100
Total Score: 6.291666666666666
Rank: 6.291666666666666
--------------------
Round Score: 0
Possible Round Score: 1
Possible Total: 101
Total Score: 6.291666666666666
Rank: 6.229372937293729
--------------------
Round Score: 0
Possible Round Score: 1
Possible Total: 102
Total Score: 6.291666666666666
Rank: 6.168300653594771
--------------------
Round Score: 0
Possible Round Score: 1
Possible Total: 103
Total Score: 6.291666666666666
Rank: 6.1084142394822
--------------------
Round Score: 0
Possible Round Score: 1
Possible Total: 104
Total Score: 6.291666666666666
Rank: 6.049679487179486
--------------------
Round Score: 0
Possible Round Score: 1
Possible Total: 105
Total Score: 6.291666666666666
Rank: 5.992063492063491
--------------------
Round Score: 0
Possible Round Score: 1
Possible Total: 106
Total Score: 6.291666666666666
Rank: 5.935534591194968
--------------------
Round Score: 0
Possible Round Score: 1
Possible Total: 107
Total Score: 6.291666666666666
Rank: 5.880062305295949
--------------------
Round Score: 0
Possible Round Score: 1
Possible Total: 108
Total Score: 6.291666666666666
Rank: 5.825617283950617
--------------------
Round Score: 1.3333333333333333
Possible Round Score: 4
Possible Total: 112
Total Score: 7.624999999999999
Rank: 6.8080357142857135
--------------------
Round Score: 0
Possible Round Score: 1
Possible Total: 113
Total Score: 7.624999999999999
Rank: 6.7477876106194685
--------------------
Round Score: 0
Possible Round Score: 1
Possible Total: 114
Total Score: 7.624999999999999
Rank: 6.688596491228068
--------------------
Round Score: 0
Possible Round Score: 1
Possible Total: 115
Total Score: 7.624999999999999
Rank: 6.6304347826086945
--------------------
Round Score: 0
Possible Round Score: 1
Possible Total: 116
Total Score: 7.624999999999999
Rank: 6.573275862068964
--------------------
Round Score: 1
Possible Round Score: 2
Possible Total: 118
Total Score: 8.625
Rank: 7.309322033898305
--------------------
Round Score: 0
Possible Round Score: 1
Possible Total: 119
Total Score: 8.625
Rank: 7.247899159663866
--------------------
Round Score: 0
Possible Round Score: 1
Possible Total: 120
Total Score: 8.625
Rank: 7.187499999999999
--------------------
Round Score: 0
Possible Round Score: 1
Possible Total: 121
Total Score: 8.625
Rank: 7.128099173553719
--------------------
Round Score: 0
Possible Round Score: 1
Possible Total: 122
Total Score: 8.625
Rank: 7.069672131147541
--------------------
Round Score: 0
Possible Round Score: 1
Possible Total: 123
Total Score: 8.625
Rank: 7.01219512195122
--------------------
Round Score: 1
Possible Round Score: 2
Possible Total: 125
Total Score: 9.625
Rank: 7.7
--------------------
Round Score: 0
Possible Round Score: 1
Possible Total: 126
Total Score: 9.625
Rank: 7.638888888888889
--------------------
Round Score: 0
Possible Round Score: 1
Possible Total: 127
Total Score: 9.625
Rank: 7.578740157480316
--------------------
Round Score: 1
Possible Round Score: 2
Possible Total: 129
Total Score: 10.625
Rank: 8.236434108527131
--------------------
Round Score: 0
Possible Round Score: 1
Possible Total: 130
Total Score: 10.625
Rank: 8.173076923076923
--------------------
Round Score: 0
Possible Round Score: 4
Possible Total: 134
Total Score: 10.625
Rank: 7.929104477611941
--------------------
Round Score: 0
Possible Round Score: 1
Possible Total: 135
Total Score: 10.625
Rank: 7.87037037037037
--------------------
Round Score: 0
Possible Round Score: 1
Possible Total: 136
Total Score: 10.625
Rank: 7.8125
--------------------
Round Score: 0
Possible Round Score: 1
Possible Total: 137
Total Score: 10.625
Rank: 7.755474452554745
--------------------
Round Score: 0
Possible Round Score: 1
Possible Total: 138
Total Score: 10.625
Rank: 7.69927536231884
--------------------
Round Score: 0
Possible Round Score: 1
Possible Total: 139
Total Score: 10.625
Rank: 7.643884892086331
--------------------
Round Score: 0
Possible Round Score: 1
Possible Total: 140
Total Score: 10.625
Rank: 7.5892857142857135
--------------------
Round Score: 1
Possible Round Score: 2
Possible Total: 142
Total Score: 11.625
Rank: 8.18661971830986
--------------------
Round Score: 0
Possible Round Score: 1
Possible Total: 143
Total Score: 11.625
Rank: 8.129370629370628
--------------------
Round Score: 0
Possible Round Score: 1
Possible Total: 144
Total Score: 11.625
Rank: 8.072916666666668
--------------------
Round Score: 0
Possible Round Score: 2
Possible Total: 146
Total Score: 11.625
Rank: 7.962328767123288
--------------------
Round Score: 1
Possible Round Score: 2
Possible Total: 148
Total Score: 12.625
Rank: 8.530405405405405
--------------------
Round Score: 0
Possible Round Score: 1
Possible Total: 149
Total Score: 12.625
Rank: 8.473154362416107
--------------------
Round Score: 0
Possible Round Score: 1
Possible Total: 150
Total Score: 12.625
Rank: 8.416666666666666
--------------------
Round Score: 0
Possible Round Score: 1
Possible Total: 151
Total Score: 12.625
Rank: 8.360927152317881
--------------------
Round Score: 0
Possible Round Score: 1
Possible Total: 152
Total Score: 12.625
Rank: 8.305921052631579
--------------------
Round Score: 0
Possible Round Score: 1
Possible Total: 153
Total Score: 12.625
Rank: 8.251633986928104
--------------------
Round Score: 0
Possible Round Score: 1
Possible Total: 154
Total Score: 12.625
Rank: 8.19805194805195
--------------------
Round Score: 0
Possible Round Score: 1
Possible Total: 155
Total Score: 12.625
Rank: 8.14516129032258
--------------------
Round Score: 0
Possible Round Score: 2
Possible Total: 157
Total Score: 12.625
Rank: 8.04140127388535
--------------------
Round Score: 0
Possible Round Score: 1
Possible Total: 158
Total Score: 12.625
Rank: 7.990506329113924
--------------------
Round Score: 1
Possible Round Score: 2
Possible Total: 160
Total Score: 13.625
Rank: 8.515625
--------------------
Round Score: 0
Possible Round Score: 1
Possible Total: 161
Total Score: 13.625
Rank: 8.462732919254657
--------------------
Round Score: 0
Possible Round Score: 1
Possible Total: 162
Total Score: 13.625
Rank: 8.410493827160494
--------------------
Round Score: 0
Possible Round Score: 1
Possible Total: 163
Total Score: 13.625
Rank: 8.358895705521473
--------------------
Round Score: 0
Possible Round Score: 1
Possible Total: 164
Total Score: 13.625
Rank: 8.307926829268293
--------------------
Round Score: 0
Possible Round Score: 1
Possible Total: 165
Total Score: 13.625
Rank: 8.257575757575758
--------------------
Round Score: 1.6666666666666665
Possible Round Score: 5
Possible Total: 170
Total Score: 15.291666666666666
Rank: 8.995098039215685
--------------------
Round Score: 0
Possible Round Score: 1
Possible Total: 171
Total Score: 15.291666666666666
Rank: 8.942495126705653
--------------------
Round Score: 0
Possible Round Score: 1
Possible Total: 172
Total Score: 15.291666666666666
Rank: 8.890503875968992
--------------------
Round Score: 1
Possible Round Score: 2
Possible Total: 174
Total Score: 16.291666666666664
Rank: 9.36302681992337
--------------------
Round Score: 0
Possible Round Score: 1
Possible Total: 175
Total Score: 16.291666666666664
Rank: 9.309523809523808
--------------------
Round Score: 0
Possible Round Score: 1
Possible Total: 176
Total Score: 16.291666666666664
Rank: 9.256628787878785
--------------------
Round Score: 0
Possible Round Score: 2
Possible Total: 178
Total Score: 16.291666666666664
Rank: 9.15262172284644
--------------------
Round Score: 0
Possible Round Score: 1
Possible Total: 179
Total Score: 16.291666666666664
Rank: 9.101489757914337
--------------------
Round Score: 0
Possible Round Score: 1
Possible Total: 180
Total Score: 16.291666666666664
Rank: 9.050925925925926
--------------------
Round Score: 0
Possible Round Score: 1
Possible Total: 181
Total Score: 16.291666666666664
Rank: 9.000920810313074
--------------------
Round Score: 0
Possible Round Score: 1
Possible Total: 182
Total Score: 16.291666666666664
Rank: 8.9514652014652
--------------------
Round Score: 0
Possible Round Score: 1
Possible Total: 183
Total Score: 16.291666666666664
Rank: 8.90255009107468
--------------------
Round Score: 0
Possible Round Score: 1
Possible Total: 184
Total Score: 16.291666666666664
Rank: 8.854166666666666
--------------------
Round Score: 0
Possible Round Score: 1
Possible Total: 185
Total Score: 16.291666666666664
Rank: 8.806306306306306
--------------------
Round Score: 0
Possible Round Score: 1
Possible Total: 186
Total Score: 16.291666666666664
Rank: 8.7589605734767
--------------------
Round Score: 0
Possible Round Score: 1
Possible Total: 187
Total Score: 16.291666666666664
Rank: 8.712121212121211
--------------------
Round Score: 0
Possible Round Score: 1
Possible Total: 188
Total Score: 16.291666666666664
Rank: 8.665780141843971
--------------------
Round Score: 0
Possible Round Score: 1
Possible Total: 189
Total Score: 16.291666666666664
Rank: 8.619929453262785
--------------------
Round Score: 0
Possible Round Score: 1
Possible Total: 190
Total Score: 16.291666666666664
Rank: 8.57456140350877
--------------------
Round Score: 0
Possible Round Score: 1
Possible Total: 191
Total Score: 16.291666666666664
Rank: 8.529668411867364
--------------------
Round Score: 0
Possible Round Score: 1
Possible Total: 192
Total Score: 16.291666666666664
Rank: 8.485243055555554
--------------------
Round Score: 0
Possible Round Score: 1
Possible Total: 193
Total Score: 16.291666666666664
Rank: 8.441278065630396
--------------------
Round Score: 0
Possible Round Score: 1
Possible Total: 194
Total Score: 16.291666666666664
Rank: 8.397766323024054
--------------------
Round Score: 0
Possible Round Score: 1
Possible Total: 195
Total Score: 16.291666666666664
Rank: 8.354700854700853
--------------------
Round Score: 1
Possible Round Score: 2
Possible Total: 197
Total Score: 17.291666666666664
Rank: 8.777495769881556
--------------------
Round Score: 0
Possible Round Score: 1
Possible Total: 198
Total Score: 17.291666666666664
Rank: 8.733164983164981
--------------------
Round Score: 0
Possible Round Score: 1
Possible Total: 199
Total Score: 17.291666666666664
Rank: 8.689279731993299
--------------------
Round Score: 0
Possible Round Score: 1
Possible Total: 200
Total Score: 17.291666666666664
Rank: 8.645833333333332
--------------------
Round Score: 1
Possible Round Score: 2
Possible Total: 202
Total Score: 18.291666666666664
Rank: 9.055280528052805
--------------------
Round Score: 1
Possible Round Score: 2
Possible Total: 204
Total Score: 19.291666666666664
Rank: 9.456699346405227
--------------------
Round Score: 0
Possible Round Score: 1
Possible Total: 205
Total Score: 19.291666666666664
Rank: 9.410569105691055
--------------------
Round Score: 0
Possible Round Score: 1
Possible Total: 206
Total Score: 19.291666666666664
Rank: 9.364886731391584
--------------------
Round Score: 0
Possible Round Score: 1
Possible Total: 207
Total Score: 19.291666666666664
Rank: 9.31964573268921
--------------------
Round Score: 0
Possible Round Score: 1
Possible Total: 208
Total Score: 19.291666666666664
Rank: 9.274839743589743
--------------------
Round Score: 0
Possible Round Score: 1
Possible Total: 209
Total Score: 19.291666666666664
Rank: 9.230462519936204
--------------------
Round Score: 0
Possible Round Score: 1
Possible Total: 210
Total Score: 19.291666666666664
Rank: 9.186507936507935
--------------------
Round Score: 0
Possible Round Score: 1
Possible Total: 211
Total Score: 19.291666666666664
Rank: 9.14296998420221
--------------------
Round Score: 0
Possible Round Score: 1
Possible Total: 212
Total Score: 19.291666666666664
Rank: 9.099842767295597
--------------------
Round Score: 0
Possible Round Score: 1
Possible Total: 213
Total Score: 19.291666666666664
Rank: 9.05712050078247
--------------------
Round Score: 0
Possible Round Score: 1
Possible Total: 214
Total Score: 19.291666666666664
Rank: 9.014797507788161
--------------------
Round Score: 0
Possible Round Score: 1
Possible Total: 215
Total Score: 19.291666666666664
Rank: 8.972868217054263
--------------------
Round Score: 0
Possible Round Score: 1
Possible Total: 216
Total Score: 19.291666666666664
Rank: 8.931327160493826
--------------------
Round Score: 0
Possible Round Score: 1
Possible Total: 217
Total Score: 19.291666666666664
Rank: 8.890168970814132
--------------------
Round Score: 1
Possible Round Score: 2
Possible Total: 219
Total Score: 20.291666666666664
Rank: 9.26560121765601
--------------------
Round Score: 0
Possible Round Score: 2
Possible Total: 221
Total Score: 20.291666666666664
Rank: 9.181749622926093
--------------------
Round Score: 1
Possible Round Score: 2
Possible Total: 223
Total Score: 21.291666666666664
Rank: 9.547832585949177
--------------------
Round Score: 0
Possible Round Score: 1
Possible Total: 224
Total Score: 21.291666666666664
Rank: 9.505208333333332
--------------------
Round Score: 0
Possible Round Score: 1
Possible Total: 225
Total Score: 21.291666666666664
Rank: 9.462962962962962
--------------------
Round Score: 0
Possible Round Score: 1
Possible Total: 226
Total Score: 21.291666666666664
Rank: 9.421091445427727
--------------------
Round Score: 1
Possible Round Score: 2
Possible Total: 228
Total Score: 22.291666666666664
Rank: 9.77704678362573
--------------------
Round Score: 0
Possible Round Score: 1
Possible Total: 229
Total Score: 22.291666666666664
Rank: 9.734352256186316
--------------------
Round Score: 0
Possible Round Score: 1
Possible Total: 230
Total Score: 22.291666666666664
Rank: 9.692028985507244
--------------------
Round Score: 0.6666666666666666
Possible Round Score: 2
Possible Total: 232
Total Score: 22.958333333333332
Rank: 9.895833333333332
--------------------
Round Score: 0
Possible Round Score: 1
Possible Total: 233
Total Score: 22.958333333333332
Rank: 9.853361945636625
--------------------
Round Score: 1
Possible Round Score: 2
Possible Total: 235
Total Score: 23.958333333333332
Rank: 10.195035460992907
--------------------
Round Score: 0
Possible Round Score: 1
Possible Total: 236
Total Score: 23.958333333333332
Rank: 10.15183615819209
--------------------
Round Score: 1.5
Possible Round Score: 6
Possible Total: 242
Total Score: 25.458333333333332
Rank: 10.519972451790634
--------------------
Round Score: 0
Possible Round Score: 1
Possible Total: 243
Total Score: 25.458333333333332
Rank: 10.476680384087791
--------------------
Round Score: 0
Possible Round Score: 1
Possible Total: 244
Total Score: 25.458333333333332
Rank: 10.433743169398907
--------------------
Round Score: 0
Possible Round Score: 1
Possible Total: 245
Total Score: 25.458333333333332
Rank: 10.391156462585034
--------------------
Round Score: 0
Possible Round Score: 1
Possible Total: 246
Total Score: 25.458333333333332
Rank: 10.348915989159892
--------------------
Round Score: 1
Possible Round Score: 2
Possible Total: 248
Total Score: 26.458333333333332
Rank: 10.668682795698924
--------------------
Round Score: 0
Possible Round Score: 1
Possible Total: 249
Total Score: 26.458333333333332
Rank: 10.625836680053546
--------------------
Round Score: 0
Possible Round Score: 1
Possible Total: 250
Total Score: 26.458333333333332
Rank: 10.583333333333334
--------------------
Round Score: 0
Possible Round Score: 1
Possible Total: 251
Total Score: 26.458333333333332
Rank: 10.541168658698538
--------------------
Round Score: 0
Possible Round Score: 1
Possible Total: 252
Total Score: 26.458333333333332
Rank: 10.499338624338623
--------------------
Round Score: 0
Possible Round Score: 2
Possible Total: 254
Total Score: 26.458333333333332
Rank: 10.416666666666666
--------------------
Round Score: 0
Possible Round Score: 1
Possible Total: 255
Total Score: 26.458333333333332
Rank: 10.375816993464051
--------------------
Round Score: 0
Possible Round Score: 1
Possible Total: 256
Total Score: 26.458333333333332
Rank: 10.335286458333332
--------------------
Round Score: 0
Possible Round Score: 1
Possible Total: 257
Total Score: 26.458333333333332
Rank: 10.295071335927366
--------------------
Round Score: 0
Possible Round Score: 1
Possible Total: 258
Total Score: 26.458333333333332
Rank: 10.25516795865633
--------------------
Round Score: 0
Possible Round Score: 1
Possible Total: 259
Total Score: 26.458333333333332
Rank: 10.215572715572716
--------------------
Round Score: 0
Possible Round Score: 1
Possible Total: 260
Total Score: 26.458333333333332
Rank: 10.176282051282051
--------------------
Round Score: 0
Possible Round Score: 1
Possible Total: 261
Total Score: 26.458333333333332
Rank: 10.137292464878671
--------------------
Round Score: 0
Possible Round Score: 1
Possible Total: 262
Total Score: 26.458333333333332
Rank: 10.098600508905852
--------------------
Round Score: 0
Possible Round Score: 1
Possible Total: 263
Total Score: 26.458333333333332
Rank: 10.06020278833967
--------------------
Round Score: 0
Possible Round Score: 1
Possible Total: 264
Total Score: 26.458333333333332
Rank: 10.022095959595958
--------------------
Round Score: 0
Possible Round Score: 1
Possible Total: 265
Total Score: 26.458333333333332
Rank: 9.984276729559747
--------------------
Round Score: 0
Possible Round Score: 2
Possible Total: 267
Total Score: 26.458333333333332
Rank: 9.909488139825218
--------------------
Round Score: 0
Possible Round Score: 1
Possible Total: 268
Total Score: 26.458333333333332
Rank: 9.872512437810945
--------------------
Round Score: 0
Possible Round Score: 1
Possible Total: 269
Total Score: 26.458333333333332
Rank: 9.835811648079305
--------------------
Round Score: 0
Possible Round Score: 1
Possible Total: 270
Total Score: 26.458333333333332
Rank: 9.799382716049381
--------------------
Round Score: 0
Possible Round Score: 1
Possible Total: 271
Total Score: 26.458333333333332
Rank: 9.763222632226322
--------------------
Round Score: 1.3333333333333333
Possible Round Score: 4
Possible Total: 275
Total Score: 27.791666666666664
Rank: 10.106060606060604
--------------------
Round Score: 0
Possible Round Score: 1
Possible Total: 276
Total Score: 27.791666666666664
Rank: 10.069444444444443
--------------------
Round Score: 0
Possible Round Score: 1
Possible Total: 277
Total Score: 27.791666666666664
Rank: 10.03309265944645
--------------------
Round Score: 0
Possible Round Score: 1
Possible Total: 278
Total Score: 27.791666666666664
Rank: 9.997002398081534
--------------------
Round Score: 0
Possible Round Score: 1
Possible Total: 279
Total Score: 27.791666666666664
Rank: 9.96117084826762
--------------------
Round Score: 1
Possible Round Score: 2
Possible Total: 281
Total Score: 28.791666666666664
Rank: 10.246144721233689
--------------------
Round Score: 0
Possible Round Score: 1
Possible Total: 282
Total Score: 28.791666666666664
Rank: 10.209810874704491
--------------------
Round Score: 0
Possible Round Score: 1
Possible Total: 283
Total Score: 28.791666666666664
Rank: 10.173733804475853
--------------------
Round Score: 0
Possible Round Score: 1
Possible Total: 284
Total Score: 28.791666666666664
Rank: 10.137910798122064
--------------------
Round Score: 0
Possible Round Score: 1
Possible Total: 285
Total Score: 28.791666666666664
Rank: 10.102339181286549
--------------------
Round Score: 0
Possible Round Score: 1
Possible Total: 286
Total Score: 28.791666666666664
Rank: 10.067016317016316
--------------------
Round Score: 0
Possible Round Score: 1
Possible Total: 287
Total Score: 28.791666666666664
Rank: 10.031939605110336
--------------------
Round Score: 0
Possible Round Score: 1
Possible Total: 288
Total Score: 28.791666666666664
Rank: 9.997106481481481
--------------------
Round Score: 0
Possible Round Score: 1
Possible Total: 289
Total Score: 28.791666666666664
Rank: 9.962514417531718
--------------------
Round Score: 0
Possible Round Score: 2
Possible Total: 291
Total Score: 28.791666666666664
Rank: 9.894043528064147
--------------------
Round Score: 0
Possible Round Score: 1
Possible Total: 292
Total Score: 28.791666666666664
Rank: 9.860159817351597
--------------------
Round Score: 0
Possible Round Score: 1
Possible Total: 293
Total Score: 28.791666666666664
Rank: 9.82650739476678
--------------------
Round Score: 0
Possible Round Score: 1
Possible Total: 294
Total Score: 28.791666666666664
Rank: 9.793083900226756
--------------------
Round Score: 0
Possible Round Score: 1
Possible Total: 295
Total Score: 28.791666666666664
Rank: 9.759887005649718
--------------------
Round Score: 1
Possible Round Score: 2
Possible Total: 297
Total Score: 29.791666666666664
Rank: 10.030864197530862
--------------------
Round Score: 0
Possible Round Score: 1
Possible Total: 298
Total Score: 29.791666666666664
Rank: 9.997203579418343
--------------------
Round Score: 0
Possible Round Score: 1
Possible Total: 299
Total Score: 29.791666666666664
Rank: 9.96376811594203
--------------------
Round Score: 0
Possible Round Score: 1
Possible Total: 300
Total Score: 29.791666666666664
Rank: 9.930555555555555
--------------------
Round Score: 0
Possible Round Score: 1
Possible Total: 301
Total Score: 29.791666666666664
Rank: 9.897563676633442
--------------------
Round Score: 0
Possible Round Score: 1
Possible Total: 302
Total Score: 29.791666666666664
Rank: 9.864790286975717
--------------------
Round Score: 0
Possible Round Score: 1
Possible Total: 303
Total Score: 29.791666666666664
Rank: 9.832233223322332
--------------------
Round Score: 0
Possible Round Score: 1
Possible Total: 304
Total Score: 29.791666666666664
Rank: 9.799890350877192
--------------------
Round Score: 0
Possible Round Score: 1
Possible Total: 305
Total Score: 29.791666666666664
Rank: 9.76775956284153
--------------------
Round Score: 1
Possible Round Score: 2
Possible Total: 307
Total Score: 30.791666666666664
Rank: 10.029858849077089
--------------------
Round Score: 0
Possible Round Score: 1
Possible Total: 308
Total Score: 30.791666666666664
Rank: 9.997294372294371
--------------------
Round Score: 0
Possible Round Score: 1
Possible Total: 309
Total Score: 30.791666666666664
Rank: 9.964940668824163
--------------------
Round Score: 0
Possible Round Score: 1
Possible Total: 310
Total Score: 30.791666666666664
Rank: 9.93279569892473
--------------------
Round Score: 0
Possible Round Score: 1
Possible Total: 311
Total Score: 30.791666666666664
Rank: 9.90085744908896
--------------------
Round Score: 0
Possible Round Score: 1
Possible Total: 312
Total Score: 30.791666666666664
Rank: 9.869123931623932
--------------------
Round Score: 1
Possible Round Score: 2
Possible Total: 314
Total Score: 31.791666666666664
Rank: 10.124734607218683
--------------------
Round Score: 0
Possible Round Score: 1
Possible Total: 315
Total Score: 31.791666666666664
Rank: 10.092592592592592
--------------------
Round Score: 0
Possible Round Score: 1
Possible Total: 316
Total Score: 31.791666666666664
Rank: 10.060654008438817
--------------------
Round Score: 0
Possible Round Score: 1
Possible Total: 317
Total Score: 31.791666666666664
Rank: 10.028916929547844
--------------------
Round Score: 0
Possible Round Score: 1
Possible Total: 318
Total Score: 31.791666666666664
Rank: 9.997379454926623
--------------------
Round Score: 0
Possible Round Score: 1
Possible Total: 319
Total Score: 31.791666666666664
Rank: 9.966039707419016
--------------------
Round Score: 0
Possible Round Score: 1
Possible Total: 320
Total Score: 31.791666666666664
Rank: 9.934895833333332
--------------------
Round Score: 0
Possible Round Score: 1
Possible Total: 321
Total Score: 31.791666666666664
Rank: 9.903946002076843
--------------------
Round Score: 0
Possible Round Score: 2
Possible Total: 323
Total Score: 31.791666666666664
Rank: 9.842621259029926
--------------------
Round Score: 0
Possible Round Score: 1
Possible Total: 324
Total Score: 31.791666666666664
Rank: 9.812242798353909
--------------------
Round Score: 0
Possible Round Score: 1
Possible Total: 325
Total Score: 31.791666666666664
Rank: 9.782051282051281
--------------------
Round Score: 0
Possible Round Score: 1
Possible Total: 326
Total Score: 31.791666666666664
Rank: 9.752044989775051
--------------------
Round Score: 0
Possible Round Score: 1
Possible Total: 327
Total Score: 31.791666666666664
Rank: 9.722222222222221
--------------------
Round Score: 0
Possible Round Score: 1
Possible Total: 328
Total Score: 31.791666666666664
Rank: 9.692581300813007
--------------------
Round Score: 0
Possible Round Score: 1
Possible Total: 329
Total Score: 31.791666666666664
Rank: 9.663120567375886
--------------------
Round Score: 0
Possible Round Score: 1
Possible Total: 330
Total Score: 31.791666666666664
Rank: 9.633838383838384
--------------------
Round Score: 0
Possible Round Score: 1
Possible Total: 331
Total Score: 31.791666666666664
Rank: 9.604733131923464
--------------------
Round Score: 0
Possible Round Score: 1
Possible Total: 332
Total Score: 31.791666666666664
Rank: 9.575803212851405
--------------------
Round Score: 0
Possible Round Score: 2
Possible Total: 334
Total Score: 31.791666666666664
Rank: 9.518463073852294
--------------------
Round Score: 0
Possible Round Score: 1
Possible Total: 335
Total Score: 31.791666666666664
Rank: 9.490049751243781
--------------------
Round Score: 0
Possible Round Score: 1
Possible Total: 336
Total Score: 31.791666666666664
Rank: 9.461805555555555
--------------------
Round Score: 0
Possible Round Score: 1
Possible Total: 337
Total Score: 31.791666666666664
Rank: 9.433728981206725
--------------------
Round Score: 0
Possible Round Score: 1
Possible Total: 338
Total Score: 31.791666666666664
Rank: 9.405818540433925
--------------------
Round Score: 0
Possible Round Score: 1
Possible Total: 339
Total Score: 31.791666666666664
Rank: 9.378072763028515
--------------------
Round Score: 0
Possible Round Score: 1
Possible Total: 340
Total Score: 31.791666666666664
Rank: 9.35049019607843
--------------------
Round Score: 0
Possible Round Score: 1
Possible Total: 341
Total Score: 31.791666666666664
Rank: 9.323069403714564
--------------------
Round Score: 1
Possible Round Score: 2
Possible Total: 343
Total Score: 32.791666666666664
Rank: 9.560252672497569
--------------------
Round Score: 1
Possible Round Score: 2
Possible Total: 345
Total Score: 33.791666666666664
Rank: 9.794685990338163
--------------------
Round Score: 0
Possible Round Score: 1
Possible Total: 346
Total Score: 33.791666666666664
Rank: 9.766377649325625
--------------------
Round Score: 0
Possible Round Score: 1
Possible Total: 347
Total Score: 33.791666666666664
Rank: 9.73823246878002
--------------------
Round Score: 0
Possible Round Score: 1
Possible Total: 348
Total Score: 33.791666666666664
Rank: 9.710249042145593
--------------------
Round Score: 0
Possible Round Score: 1
Possible Total: 349
Total Score: 33.791666666666664
Rank: 9.682425978987583
--------------------
Round Score: 0
Possible Round Score: 1
Possible Total: 350
Total Score: 33.791666666666664
Rank: 9.654761904761903
--------------------
Round Score: 0
Possible Round Score: 1
Possible Total: 351
Total Score: 33.791666666666664
Rank: 9.627255460588794
--------------------
Round Score: 0
Possible Round Score: 1
Possible Total: 352
Total Score: 33.791666666666664
Rank: 9.599905303030303
--------------------
Round Score: 0
Possible Round Score: 2
Possible Total: 354
Total Score: 33.791666666666664
Rank: 9.545668549905837
--------------------
Round Score: 0
Possible Round Score: 1
Possible Total: 355
Total Score: 33.791666666666664
Rank: 9.518779342723004
--------------------
Round Score: 0
Possible Round Score: 1
Possible Total: 356
Total Score: 33.791666666666664
Rank: 9.492041198501871
--------------------
Round Score: 0
Possible Round Score: 1
Possible Total: 357
Total Score: 33.791666666666664
Rank: 9.465452847805789
--------------------
Round Score: 0
Possible Round Score: 1
Possible Total: 358
Total Score: 33.791666666666664
Rank: 9.439013035381748
--------------------
Round Score: 0
Possible Round Score: 1
Possible Total: 359
Total Score: 33.791666666666664
Rank: 9.41272051996286
--------------------
Round Score: 0
Possible Round Score: 1
Possible Total: 360
Total Score: 33.791666666666664
Rank: 9.386574074074074
--------------------
Round Score: 0
Possible Round Score: 1
Possible Total: 361
Total Score: 33.791666666666664
Rank: 9.360572483841182
--------------------
Round Score: 0
Possible Round Score: 1
Possible Total: 362
Total Score: 33.791666666666664
Rank: 9.334714548802946
--------------------
Round Score: 0
Possible Round Score: 1
Possible Total: 363
Total Score: 33.791666666666664
Rank: 9.308999081726354
--------------------
Round Score: 0
Possible Round Score: 1
Possible Total: 364
Total Score: 33.791666666666664
Rank: 9.283424908424907
--------------------
Round Score: 0
Possible Round Score: 1
Possible Total: 365
Total Score: 33.791666666666664
Rank: 9.257990867579908
--------------------
Round Score: 0
Possible Round Score: 1
Possible Total: 366
Total Score: 33.791666666666664
Rank: 9.232695810564662
--------------------
Round Score: 0
Possible Round Score: 1
Possible Total: 367
Total Score: 33.791666666666664
Rank: 9.20753860127157
--------------------
Round Score: 0
Possible Round Score: 1
Possible Total: 368
Total Score: 33.791666666666664
Rank: 9.18251811594203
--------------------
Round Score: 0
Possible Round Score: 1
Possible Total: 369
Total Score: 33.791666666666664
Rank: 9.157633242999095
--------------------
Round Score: 0
Possible Round Score: 2
Possible Total: 371
Total Score: 33.791666666666664
Rank: 9.108265947888588
--------------------
Round Score: 0
Possible Round Score: 1
Possible Total: 372
Total Score: 33.791666666666664
Rank: 9.083781362007167
--------------------
Round Score: 0
Possible Round Score: 1
Possible Total: 373
Total Score: 33.791666666666664
Rank: 9.059428060768543
--------------------
Round Score: 0
Possible Round Score: 1
Possible Total: 374
Total Score: 33.791666666666664
Rank: 9.035204991087344
--------------------
Round Score: 1
Possible Round Score: 2
Possible Total: 376
Total Score: 34.791666666666664
Rank: 9.253102836879432
--------------------
Round Score: 1
Possible Round Score: 2
Possible Total: 378
Total Score: 35.791666666666664
Rank: 9.468694885361552
--------------------
Round Score: 1.3333333333333333
Possible Round Score: 4
Possible Total: 382
Total Score: 37.125
Rank: 9.718586387434556
--------------------
Round Score: 0
Possible Round Score: 1
Possible Total: 383
Total Score: 37.125
Rank: 9.693211488250652
--------------------
Round Score: 0
Possible Round Score: 1
Possible Total: 384
Total Score: 37.125
Rank: 9.66796875
--------------------
Round Score: 0
Possible Round Score: 1
Possible Total: 385
Total Score: 37.125
Rank: 9.642857142857144
--------------------
Round Score: 0
Possible Round Score: 1
Possible Total: 386
Total Score: 37.125
Rank: 9.617875647668393
--------------------
Round Score: 0
Possible Round Score: 1
Possible Total: 387
Total Score: 37.125
Rank: 9.593023255813954
--------------------
Round Score: 2.333333333333333
Possible Round Score: 7
Possible Total: 394
Total Score: 39.458333333333336
Rank: 10.014805414551608
--------------------
Round Score: 0
Possible Round Score: 1
Possible Total: 395
Total Score: 39.458333333333336
Rank: 9.98945147679325
--------------------
Round Score: 0
Possible Round Score: 1
Possible Total: 396
Total Score: 39.458333333333336
Rank: 9.96422558922559
--------------------
Round Score: 1
Possible Round Score: 2
Possible Total: 398
Total Score: 40.458333333333336
Rank: 10.165410385259632
--------------------
Round Score: 0
Possible Round Score: 1
Possible Total: 399
Total Score: 40.458333333333336
Rank: 10.139933166248955
--------------------
Round Score: 0
Possible Round Score: 1
Possible Total: 400
Total Score: 40.458333333333336
Rank: 10.114583333333334
--------------------
Round Score: 0
Possible Round Score: 1
Possible Total: 401
Total Score: 40.458333333333336
Rank: 10.089359933499585
--------------------
Round Score: 0
Possible Round Score: 1
Possible Total: 402
Total Score: 40.458333333333336
Rank: 10.064262023217248
--------------------
Round Score: 0
Possible Round Score: 1
Possible Total: 403
Total Score: 40.458333333333336
Rank: 10.039288668320927
--------------------
Round Score: 0
Possible Round Score: 1
Possible Total: 404
Total Score: 40.458333333333336
Rank: 10.01443894389439
--------------------
Round Score: 0
Possible Round Score: 1
Possible Total: 405
Total Score: 40.458333333333336
Rank: 9.98971193415638
--------------------
Round Score: 0
Possible Round Score: 1
Possible Total: 406
Total Score: 40.458333333333336
Rank: 9.965106732348113
--------------------
Round Score: 0
Possible Round Score: 1
Possible Total: 407
Total Score: 40.458333333333336
Rank: 9.940622440622441
--------------------
Round Score: 0
Possible Round Score: 1
Possible Total: 408
Total Score: 40.458333333333336
Rank: 9.916258169934641
--------------------
Round Score: 0
Possible Round Score: 1
Possible Total: 409
Total Score: 40.458333333333336
Rank: 9.8920130399348
--------------------
Round Score: 0
Possible Round Score: 1
Possible Total: 410
Total Score: 40.458333333333336
Rank: 9.867886178861788
--------------------
Round Score: 0
Possible Round Score: 1
Possible Total: 411
Total Score: 40.458333333333336
Rank: 9.843876723438767
--------------------
Round Score: 0
Possible Round Score: 1
Possible Total: 412
Total Score: 40.458333333333336
Rank: 9.819983818770227
--------------------
Round Score: 0
Possible Round Score: 2
Possible Total: 414
Total Score: 40.458333333333336
Rank: 9.772544283413849
--------------------
Round Score: 0
Possible Round Score: 1
Possible Total: 415
Total Score: 40.458333333333336
Rank: 9.748995983935743
--------------------
Round Score: 0
Possible Round Score: 1
Possible Total: 416
Total Score: 40.458333333333336
Rank: 9.725560897435898
--------------------
Round Score: 0
Possible Round Score: 1
Possible Total: 417
Total Score: 40.458333333333336
Rank: 9.702238209432455
--------------------
Round Score: 0
Possible Round Score: 1
Possible Total: 418
Total Score: 40.458333333333336
Rank: 9.67902711323764
--------------------
Round Score: 0
Possible Round Score: 1
Possible Total: 419
Total Score: 40.458333333333336
Rank: 9.655926809864757
--------------------
Round Score: 0
Possible Round Score: 1
Possible Total: 420
Total Score: 40.458333333333336
Rank: 9.632936507936508
--------------------
Round Score: 0
Possible Round Score: 1
Possible Total: 421
Total Score: 40.458333333333336
Rank: 9.610055423594616
--------------------
Round Score: 0
Possible Round Score: 1
Possible Total: 422
Total Score: 40.458333333333336
Rank: 9.587282780410742
--------------------
Round Score: 0
Possible Round Score: 1
Possible Total: 423
Total Score: 40.458333333333336
Rank: 9.56461780929866
--------------------
Round Score: 0
Possible Round Score: 1
Possible Total: 424
Total Score: 40.458333333333336
Rank: 9.542059748427674
--------------------
Round Score: 0
Possible Round Score: 1
Possible Total: 425
Total Score: 40.458333333333336
Rank: 9.519607843137255
--------------------
Round Score: 1
Possible Round Score: 2
Possible Total: 427
Total Score: 41.458333333333336
Rank: 9.70921155347385
--------------------
Round Score: 0.75
Possible Round Score: 3
Possible Total: 430
Total Score: 42.208333333333336
Rank: 9.815891472868216
--------------------
Round Score: 0
Possible Round Score: 1
Possible Total: 431
Total Score: 42.208333333333336
Rank: 9.793116782675948
--------------------
Round Score: 0
Possible Round Score: 1
Possible Total: 432
Total Score: 42.208333333333336
Rank: 9.770447530864198
--------------------
Round Score: 0
Possible Round Score: 1
Possible Total: 433
Total Score: 42.208333333333336
Rank: 9.74788298691301
--------------------
Round Score: 1
Possible Round Score: 2
Possible Total: 435
Total Score: 43.208333333333336
Rank: 9.932950191570882
--------------------
Round Score: 0
Possible Round Score: 1
Possible Total: 436
Total Score: 43.208333333333336
Rank: 9.910168195718654
--------------------
Round Score: 0
Possible Round Score: 1
Possible Total: 437
Total Score: 43.208333333333336
Rank: 9.88749046529367
--------------------
Round Score: 0
Possible Round Score: 1
Possible Total: 438
Total Score: 43.208333333333336
Rank: 9.864916286149164
--------------------
Round Score: 0
Possible Round Score: 1
Possible Total: 439
Total Score: 43.208333333333336
Rank: 9.842444950645406
--------------------
Round Score: 0
Possible Round Score: 1
Possible Total: 440
Total Score: 43.208333333333336
Rank: 9.820075757575758
--------------------
Round Score: 0
Possible Round Score: 1
Possible Total: 441
Total Score: 43.208333333333336
Rank: 9.797808012093727
--------------------
Round Score: 0
Possible Round Score: 1
Possible Total: 442
Total Score: 43.208333333333336
Rank: 9.775641025641026
--------------------
Round Score: 0
Possible Round Score: 1
Possible Total: 443
Total Score: 43.208333333333336
Rank: 9.7535741158766
--------------------
Round Score: 0
Possible Round Score: 1
Possible Total: 444
Total Score: 43.208333333333336
Rank: 9.731606606606608
--------------------
Round Score: 0
Possible Round Score: 1
Possible Total: 445
Total Score: 43.208333333333336
Rank: 9.709737827715356
--------------------
Round Score: 0
Possible Round Score: 1
Possible Total: 446
Total Score: 43.208333333333336
Rank: 9.68796711509716
--------------------
Round Score: 0
Possible Round Score: 1
Possible Total: 447
Total Score: 43.208333333333336
Rank: 9.666293810589114
--------------------
Round Score: 0
Possible Round Score: 1
Possible Total: 448
Total Score: 43.208333333333336
Rank: 9.644717261904763
--------------------
Round Score: 0
Possible Round Score: 1
Possible Total: 449
Total Score: 43.208333333333336
Rank: 9.623236822568671
--------------------
Round Score: 0
Possible Round Score: 1
Possible Total: 450
Total Score: 43.208333333333336
Rank: 9.601851851851851
--------------------
Round Score: 0
Possible Round Score: 1
Possible Total: 451
Total Score: 43.208333333333336
Rank: 9.580561714708056
--------------------
Round Score: 1
Possible Round Score: 2
Possible Total: 453
Total Score: 44.208333333333336
Rank: 9.759013980868286
--------------------
Round Score: 0
Possible Round Score: 1
Possible Total: 454
Total Score: 44.208333333333336
Rank: 9.737518355359766
--------------------
Round Score: 0
Possible Round Score: 1
Possible Total: 455
Total Score: 44.208333333333336
Rank: 9.716117216117217
--------------------
Round Score: 0
Possible Round Score: 1
Possible Total: 456
Total Score: 44.208333333333336
Rank: 9.694809941520468
--------------------
Round Score: 0
Possible Round Score: 1
Possible Total: 457
Total Score: 44.208333333333336
Rank: 9.673595915390226
--------------------
Round Score: 0
Possible Round Score: 1
Possible Total: 458
Total Score: 44.208333333333336
Rank: 9.652474526928675
--------------------
Round Score: 0
Possible Round Score: 1
Possible Total: 459
Total Score: 44.208333333333336
Rank: 9.631445170660857
--------------------
Round Score: 0
Possible Round Score: 1
Possible Total: 460
Total Score: 44.208333333333336
Rank: 9.610507246376812
--------------------
Round Score: 0
Possible Round Score: 1
Possible Total: 461
Total Score: 44.208333333333336
Rank: 9.589660159074477
--------------------
Round Score: 0
Possible Round Score: 1
Possible Total: 462
Total Score: 44.208333333333336
Rank: 9.56890331890332
--------------------
Round Score: 0
Possible Round Score: 1
Possible Total: 463
Total Score: 44.208333333333336
Rank: 9.548236141108713
--------------------
Round Score: 0
Possible Round Score: 1
Possible Total: 464
Total Score: 44.208333333333336
Rank: 9.527658045977013
--------------------
Round Score: 0
Possible Round Score: 1
Possible Total: 465
Total Score: 44.208333333333336
Rank: 9.507168458781361
--------------------
Round Score: 0
Possible Round Score: 1
Possible Total: 466
Total Score: 44.208333333333336
Rank: 9.486766809728184
--------------------
Round Score: 0
Possible Round Score: 1
Possible Total: 467
Total Score: 44.208333333333336
Rank: 9.466452533904354
--------------------
Round Score: 0.6000000000000001
Possible Round Score: 3
Possible Total: 470
Total Score: 44.80833333333334
Rank: 9.53368794326241
--------------------
Round Score: 0
Possible Round Score: 1
Possible Total: 471
Total Score: 44.80833333333334
Rank: 9.513446567586696
--------------------
Round Score: 0
Possible Round Score: 1
Possible Total: 472
Total Score: 44.80833333333334
Rank: 9.493290960451978
--------------------
Round Score: 0
Possible Round Score: 1
Possible Total: 473
Total Score: 44.80833333333334
Rank: 9.473220577871741
--------------------
Round Score: 0
Possible Round Score: 1
Possible Total: 474
Total Score: 44.80833333333334
Rank: 9.45323488045007
--------------------
Round Score: 0
Possible Round Score: 1
Possible Total: 475
Total Score: 44.80833333333334
Rank: 9.433333333333334
--------------------
Round Score: 0
Possible Round Score: 1
Possible Total: 476
Total Score: 44.80833333333334
Rank: 9.413515406162466
--------------------
Round Score: 0
Possible Round Score: 1
Possible Total: 477
Total Score: 44.80833333333334
Rank: 9.393780573025857
--------------------
Round Score: 0
Possible Round Score: 1
Possible Total: 478
Total Score: 44.80833333333334
Rank: 9.37412831241283
--------------------
Round Score: 0
Possible Round Score: 1
Possible Total: 479
Total Score: 44.80833333333334
Rank: 9.354558107167712
--------------------
Round Score: 0
Possible Round Score: 1
Possible Total: 480
Total Score: 44.80833333333334
Rank: 9.335069444444445
--------------------
Round Score: 1
Possible Round Score: 2
Possible Total: 482
Total Score: 45.80833333333334
Rank: 9.503803596127248
--------------------
Round Score: 0
Possible Round Score: 1
Possible Total: 483
Total Score: 45.80833333333334
Rank: 9.484126984126986
--------------------
Round Score: 0
Possible Round Score: 1
Possible Total: 484
Total Score: 45.80833333333334
Rank: 9.464531680440773
--------------------
Round Score: 0
Possible Round Score: 1
Possible Total: 485
Total Score: 45.80833333333334
Rank: 9.445017182130586
--------------------
Round Score: 0
Possible Round Score: 1
Possible Total: 486
Total Score: 45.80833333333334
Rank: 9.425582990397805
--------------------
Round Score: 0
Possible Round Score: 1
Possible Total: 487
Total Score: 45.80833333333334
Rank: 9.406228610540726
--------------------
Round Score: 1.3333333333333333
Possible Round Score: 4
Possible Total: 491
Total Score: 47.14166666666667
Rank: 9.601154107264088
--------------------
Round Score: 0
Possible Round Score: 1
Possible Total: 492
Total Score: 47.14166666666667
Rank: 9.581639566395665
--------------------
Round Score: 0
Possible Round Score: 1
Possible Total: 493
Total Score: 47.14166666666667
Rank: 9.562204192021637
--------------------
Round Score: 0.4
Possible Round Score: 2
Possible Total: 495
Total Score: 47.54166666666667
Rank: 9.604377104377106
--------------------
Round Score: 0
Possible Round Score: 1
Possible Total: 496
Total Score: 47.54166666666667
Rank: 9.585013440860216
--------------------
Round Score: 0
Possible Round Score: 1
Possible Total: 497
Total Score: 47.54166666666667
Rank: 9.565727699530518
--------------------
Round Score: 0
Possible Round Score: 1
Possible Total: 498
Total Score: 47.54166666666667
Rank: 9.546519410977243
--------------------
Round Score: 0
Possible Round Score: 1
Possible Total: 499
Total Score: 47.54166666666667
Rank: 9.527388109552438
--------------------
Round Score: 0
Possible Round Score: 1
Possible Total: 500
Total Score: 47.54166666666667
Rank: 9.508333333333335
--------------------
Round Score: 1.6666666666666665
Possible Round Score: 5
Possible Total: 505
Total Score: 49.208333333333336
Rank: 9.744224422442246
--------------------
Round Score: 0
Possible Round Score: 1
Possible Total: 506
Total Score: 49.208333333333336
Rank: 9.724967061923584
--------------------
Round Score: 0
Possible Round Score: 1
Possible Total: 507
Total Score: 49.208333333333336
Rank: 9.705785667324129
--------------------
Round Score: 0
Possible Round Score: 1
Possible Total: 508
Total Score: 49.208333333333336
Rank: 9.686679790026247
--------------------
Round Score: 0
Possible Round Score: 1
Possible Total: 509
Total Score: 49.208333333333336
Rank: 9.667648984937786
--------------------
Round Score: 0
Possible Round Score: 1
Possible Total: 510
Total Score: 49.208333333333336
Rank: 9.648692810457517
--------------------
Round Score: 0
Possible Round Score: 1
Possible Total: 511
Total Score: 49.208333333333336
Rank: 9.629810828440966
--------------------
Round Score: 0
Possible Round Score: 2
Possible Total: 513
Total Score: 49.208333333333336
Rank: 9.592267706302794
--------------------
Round Score: 0
Possible Round Score: 2
Possible Total: 515
Total Score: 49.208333333333336
Rank: 9.555016181229774
--------------------
Round Score: 0
Possible Round Score: 1
Possible Total: 516
Total Score: 49.208333333333336
Rank: 9.536498708010337
--------------------
Round Score: 0
Possible Round Score: 1
Possible Total: 517
Total Score: 49.208333333333336
Rank: 9.5180528691167
--------------------
Round Score: 0
Possible Round Score: 1
Possible Total: 518
Total Score: 49.208333333333336
Rank: 9.49967824967825
--------------------
Round Score: 0
Possible Round Score: 1
Possible Total: 519
Total Score: 49.208333333333336
Rank: 9.481374438021838
--------------------
Round Score: 0
Possible Round Score: 1
Possible Total: 520
Total Score: 49.208333333333336
Rank: 9.463141025641027
--------------------
Round Score: 0
Possible Round Score: 1
Possible Total: 521
Total Score: 49.208333333333336
Rank: 9.444977607165708
--------------------
Round Score: 0
Possible Round Score: 1
Possible Total: 522
Total Score: 49.208333333333336
Rank: 9.426883780332057
--------------------
Round Score: 0
Possible Round Score: 1
Possible Total: 523
Total Score: 49.208333333333336
Rank: 9.408859145952837
--------------------
Round Score: 0
Possible Round Score: 1
Possible Total: 524
Total Score: 49.208333333333336
Rank: 9.39090330788804
--------------------
Round Score: 0
Possible Round Score: 1
Possible Total: 525
Total Score: 49.208333333333336
Rank: 9.373015873015873
--------------------
Round Score: 0
Possible Round Score: 1
Possible Total: 526
Total Score: 49.208333333333336
Rank: 9.355196451204057
--------------------
Round Score: 0
Possible Round Score: 1
Possible Total: 527
Total Score: 49.208333333333336
Rank: 9.337444655281468
--------------------
Round Score: 0
Possible Round Score: 1
Possible Total: 528
Total Score: 49.208333333333336
Rank: 9.3197601010101
--------------------
Round Score: 0
Possible Round Score: 1
Possible Total: 529
Total Score: 49.208333333333336
Rank: 9.30214240705734
--------------------
Round Score: 1.3333333333333333
Possible Round Score: 4
Possible Total: 533
Total Score: 50.54166666666667
Rank: 9.482489055659789
--------------------
Round Score: 0
Possible Round Score: 1
Possible Total: 534
Total Score: 50.54166666666667
Rank: 9.464731585518104
--------------------
Round Score: 0
Possible Round Score: 1
Possible Total: 535
Total Score: 50.54166666666667
Rank: 9.44704049844237
--------------------
Round Score: 0
Possible Round Score: 1
Possible Total: 536
Total Score: 50.54166666666667
Rank: 9.429415422885572
--------------------
Round Score: 0
Possible Round Score: 1
Possible Total: 537
Total Score: 50.54166666666667
Rank: 9.41185599006828
--------------------
Round Score: 0
Possible Round Score: 1
Possible Total: 538
Total Score: 50.54166666666667
Rank: 9.394361833952914
--------------------
Round Score: 1
Possible Round Score: 2
Possible Total: 540
Total Score: 51.54166666666667
Rank: 9.544753086419753
--------------------
Round Score: 0
Possible Round Score: 1
Possible Total: 541
Total Score: 51.54166666666667
Rank: 9.527110289587185
--------------------
Round Score: 0
Possible Round Score: 1
Possible Total: 542
Total Score: 51.54166666666667
Rank: 9.509532595325954
--------------------
Round Score: 0
Possible Round Score: 1
Possible Total: 543
Total Score: 51.54166666666667
Rank: 9.492019643953347
--------------------
Round Score: 0
Possible Round Score: 1
Possible Total: 544
Total Score: 51.54166666666667
Rank: 9.474571078431374
--------------------
Round Score: 0
Possible Round Score: 1
Possible Total: 545
Total Score: 51.54166666666667
Rank: 9.457186544342507
--------------------
Round Score: 0
Possible Round Score: 1
Possible Total: 546
Total Score: 51.54166666666667
Rank: 9.439865689865691
--------------------
Round Score: 0
Possible Round Score: 1
Possible Total: 547
Total Score: 51.54166666666667
Rank: 9.42260816575259
--------------------
Round Score: 0
Possible Round Score: 1
Possible Total: 548
Total Score: 51.54166666666667
Rank: 9.405413625304138
--------------------
Round Score: 0
Possible Round Score: 1
Possible Total: 549
Total Score: 51.54166666666667
Rank: 9.388281724347298
--------------------
Round Score: 0
Possible Round Score: 1
Possible Total: 550
Total Score: 51.54166666666667
Rank: 9.371212121212121
--------------------
Round Score: 0
Possible Round Score: 1
Possible Total: 551
Total Score: 51.54166666666667
Rank: 9.354204476709015
--------------------
Round Score: 0
Possible Round Score: 1
Possible Total: 552
Total Score: 51.54166666666667
Rank: 9.337258454106282
--------------------
Round Score: 0
Possible Round Score: 1
Possible Total: 553
Total Score: 51.54166666666667
Rank: 9.320373719107897
--------------------
Round Score: 0
Possible Round Score: 1
Possible Total: 554
Total Score: 51.54166666666667
Rank: 9.303549939831528
--------------------
Round Score: 0
Possible Round Score: 1
Possible Total: 555
Total Score: 51.54166666666667
Rank: 9.286786786786788
--------------------
Round Score: 0
Possible Round Score: 1
Possible Total: 556
Total Score: 51.54166666666667
Rank: 9.270083932853717
--------------------
Round Score: 0
Possible Round Score: 1
Possible Total: 557
Total Score: 51.54166666666667
Rank: 9.253441053261522
--------------------
Round Score: 0
Possible Round Score: 1
Possible Total: 558
Total Score: 51.54166666666667
Rank: 9.236857825567505
--------------------
Round Score: 0
Possible Round Score: 1
Possible Total: 559
Total Score: 51.54166666666667
Rank: 9.220333929636256
--------------------
Round Score: 0
Possible Round Score: 1
Possible Total: 560
Total Score: 51.54166666666667
Rank: 9.203869047619047
--------------------
Round Score: 0
Possible Round Score: 1
Possible Total: 561
Total Score: 51.54166666666667
Rank: 9.187462863933453
--------------------
Round Score: 0
Possible Round Score: 1
Possible Total: 562
Total Score: 51.54166666666667
Rank: 9.17111506524318
--------------------
Round Score: 1
Possible Round Score: 2
Possible Total: 564
Total Score: 52.54166666666667
Rank: 9.315898345153666
--------------------
Round Score: 0
Possible Round Score: 1
Possible Total: 565
Total Score: 52.54166666666667
Rank: 9.299410029498526
--------------------
Round Score: 0
Possible Round Score: 1
Possible Total: 566
Total Score: 52.54166666666667
Rank: 9.282979976442874
--------------------
Round Score: 0
Possible Round Score: 1
Possible Total: 567
Total Score: 52.54166666666667
Rank: 9.26660787771899
--------------------
Round Score: 0
Possible Round Score: 1
Possible Total: 568
Total Score: 52.54166666666667
Rank: 9.250293427230048
--------------------
Round Score: 0
Possible Round Score: 1
Possible Total: 569
Total Score: 52.54166666666667
Rank: 9.23403632103105
--------------------
Round Score: 0
Possible Round Score: 2
Possible Total: 571
Total Score: 52.54166666666667
Rank: 9.201692936368943
--------------------
Round Score: 0
Possible Round Score: 1
Possible Total: 572
Total Score: 52.54166666666667
Rank: 9.18560606060606
--------------------
Round Score: 0
Possible Round Score: 1
Possible Total: 573
Total Score: 52.54166666666667
Rank: 9.169575334496802
--------------------
Round Score: 0
Possible Round Score: 1
Possible Total: 574
Total Score: 52.54166666666667
Rank: 9.153600464576076
--------------------
Round Score: 0
Possible Round Score: 1
Possible Total: 575
Total Score: 52.54166666666667
Rank: 9.137681159420291
--------------------
Round Score: 0
Possible Round Score: 1
Possible Total: 576
Total Score: 52.54166666666667
Rank: 9.121817129629632
--------------------
Round Score: 0
Possible Round Score: 1
Possible Total: 577
Total Score: 52.54166666666667
Rank: 9.106008087810515
--------------------
Round Score: 0
Possible Round Score: 1
Possible Total: 578
Total Score: 52.54166666666667
Rank: 9.090253748558249
--------------------
Round Score: 0
Possible Round Score: 1
Possible Total: 579
Total Score: 52.54166666666667
Rank: 9.07455382843984
--------------------
Round Score: 0
Possible Round Score: 1
Possible Total: 580
Total Score: 52.54166666666667
Rank: 9.058908045977013
--------------------
Round Score: 0
Possible Round Score: 1
Possible Total: 581
Total Score: 52.54166666666667
Rank: 9.043316121629376
--------------------
Round Score: 0
Possible Round Score: 1
Possible Total: 582
Total Score: 52.54166666666667
Rank: 9.027777777777779
--------------------
Round Score: 0
Possible Round Score: 1
Possible Total: 583
Total Score: 52.54166666666667
Rank: 9.012292738707833
--------------------
Round Score: 0
Possible Round Score: 1
Possible Total: 584
Total Score: 52.54166666666667
Rank: 8.996860730593609
--------------------
Round Score: 0
Possible Round Score: 1
Possible Total: 585
Total Score: 52.54166666666667
Rank: 8.981481481481483
--------------------
Round Score: 1.6666666666666665
Possible Round Score: 5
Possible Total: 590
Total Score: 54.208333333333336
Rank: 9.187853107344633
--------------------
Round Score: 0
Possible Round Score: 1
Possible Total: 591
Total Score: 54.208333333333336
Rank: 9.17230682459109
--------------------
Round Score: 1
Possible Round Score: 2
Possible Total: 593
Total Score: 55.208333333333336
Rank: 9.31000562113547
--------------------
Round Score: 0
Possible Round Score: 1
Possible Total: 594
Total Score: 55.208333333333336
Rank: 9.294332210998878
--------------------
Round Score: 0
Possible Round Score: 6
Possible Total: 600
Total Score: 55.208333333333336
Rank: 9.20138888888889
--------------------
Round Score: 0
Possible Round Score: 1
Possible Total: 601
Total Score: 55.208333333333336
Rank: 9.186078757626179
--------------------
Round Score: 0
Possible Round Score: 1
Possible Total: 602
Total Score: 55.208333333333336
Rank: 9.170819490586933
--------------------
Round Score: 0
Possible Round Score: 1
Possible Total: 603
Total Score: 55.208333333333336
Rank: 9.155610834715313
--------------------
Round Score: 0
Possible Round Score: 1
Possible Total: 604
Total Score: 55.208333333333336
Rank: 9.140452538631347
--------------------
Round Score: 0
Possible Round Score: 1
Possible Total: 605
Total Score: 55.208333333333336
Rank: 9.12534435261708
--------------------
Round Score: 0
Possible Round Score: 1
Possible Total: 606
Total Score: 55.208333333333336
Rank: 9.11028602860286
--------------------
Round Score: 1
Possible Round Score: 2
Possible Total: 608
Total Score: 56.208333333333336
Rank: 9.244791666666668
--------------------
Round Score: 0
Possible Round Score: 1
Possible Total: 609
Total Score: 56.208333333333336
Rank: 9.2296113847838
--------------------
Round Score: 0
Possible Round Score: 1
Possible Total: 610
Total Score: 56.208333333333336
Rank: 9.21448087431694
--------------------
Round Score: 0
Possible Round Score: 1
Possible Total: 611
Total Score: 56.208333333333336
Rank: 9.199399890889252
--------------------
Round Score: 0
Possible Round Score: 1
Possible Total: 612
Total Score: 56.208333333333336
Rank: 9.184368191721132
--------------------
Round Score: 0.75
Possible Round Score: 3
Possible Total: 615
Total Score: 56.958333333333336
Rank: 9.261517615176153
--------------------
Round Score: 0
Possible Round Score: 1
Possible Total: 616
Total Score: 56.958333333333336
Rank: 9.246482683982684
--------------------
Round Score: 0
Possible Round Score: 1
Possible Total: 617
Total Score: 56.958333333333336
Rank: 9.231496488384657
--------------------
Round Score: 0
Possible Round Score: 1
Possible Total: 618
Total Score: 56.958333333333336
Rank: 9.21655879180151
--------------------
Round Score: 0
Possible Round Score: 1
Possible Total: 619
Total Score: 56.958333333333336
Rank: 9.201669359181476
--------------------
Round Score: 1
Possible Round Score: 2
Possible Total: 621
Total Score: 57.958333333333336
Rank: 9.333064949006978
--------------------
Round Score: 0
Possible Round Score: 1
Possible Total: 622
Total Score: 57.958333333333336
Rank: 9.318060021436228
--------------------
