Round Score: 0
Possible Round Score: 2
Possible Total: 2
Total Score: 0
Rank: 0
--------------------
Round Score: 0.3333333333333333
Possible Round Score: 2
Possible Total: 4
Total Score: 0.3333333333333333
Rank: 8.333333333333332
--------------------
Round Score: 0.3333333333333333
Possible Round Score: 2
Possible Total: 6
Total Score: 0.6666666666666666
Rank: 11.11111111111111
--------------------
Round Score: 0
Possible Round Score: 1
Possible Total: 7
Total Score: 0.6666666666666666
Rank: 9.523809523809524
--------------------
Round Score: 0
Possible Round Score: 1
Possible Total: 8
Total Score: 0.6666666666666666
Rank: 8.333333333333332
--------------------
Round Score: 0
Possible Round Score: 1
Possible Total: 9
Total Score: 0.6666666666666666
Rank: 7.4074074074074066
--------------------
Round Score: 0
Possible Round Score: 2
Possible Total: 11
Total Score: 0.6666666666666666
Rank: 6.06060606060606
--------------------
Round Score: 0
Possible Round Score: 2
Possible Total: 13
Total Score: 0.6666666666666666
Rank: 5.128205128205128
--------------------
Round Score: 0
Possible Round Score: 4
Possible Total: 17
Total Score: 0.6666666666666666
Rank: 3.9215686274509802
--------------------
Round Score: 0
Possible Round Score: 1
Possible Total: 18
Total Score: 0.6666666666666666
Rank: 3.7037037037037033
--------------------
Round Score: 2
Possible Round Score: 4
Possible Total: 22
Total Score: 2.6666666666666665
Rank: 12.12121212121212
--------------------
Round Score: 0
Possible Round Score: 1
Possible Total: 23
Total Score: 2.6666666666666665
Rank: 11.594202898550723
--------------------
Round Score: 0
Possible Round Score: 1
Possible Total: 24
Total Score: 2.6666666666666665
Rank: 11.11111111111111
--------------------
Round Score: 1
Possible Round Score: 3
Possible Total: 27
Total Score: 3.6666666666666665
Rank: 13.580246913580247
--------------------
Round Score: 0
Possible Round Score: 1
Possible Total: 28
Total Score: 3.6666666666666665
Rank: 13.095238095238097
--------------------
Round Score: 0
Possible Round Score: 1
Possible Total: 29
Total Score: 3.6666666666666665
Rank: 12.643678160919539
--------------------
Round Score: 0
Possible Round Score: 1
Possible Total: 30
Total Score: 3.6666666666666665
Rank: 12.222222222222221
--------------------
Round Score: 2
Possible Round Score: 5
Possible Total: 35
Total Score: 5.666666666666666
Rank: 16.19047619047619
--------------------
Round Score: 0
Possible Round Score: 4
Possible Total: 39
Total Score: 5.666666666666666
Rank: 14.529914529914528
--------------------
Round Score: 0
Possible Round Score: 1
Possible Total: 40
Total Score: 5.666666666666666
Rank: 14.166666666666666
--------------------
Round Score: 0
Possible Round Score: 1
Possible Total: 41
Total Score: 5.666666666666666
Rank: 13.821138211382111
--------------------
Round Score: 0
Possible Round Score: 1
Possible Total: 42
Total Score: 5.666666666666666
Rank: 13.492063492063492
--------------------
Round Score: 0
Possible Round Score: 1
Possible Total: 43
Total Score: 5.666666666666666
Rank: 13.17829457364341
--------------------
Round Score: 0
Possible Round Score: 1
Possible Total: 44
Total Score: 5.666666666666666
Rank: 12.878787878787879
--------------------
Round Score: 2
Possible Round Score: 4
Possible Total: 48
Total Score: 7.666666666666666
Rank: 15.972222222222221
--------------------
Round Score: 0
Possible Round Score: 1
Possible Total: 49
Total Score: 7.666666666666666
Rank: 15.64625850340136
--------------------
Round Score: 0
Possible Round Score: 3
Possible Total: 52
Total Score: 7.666666666666666
Rank: 14.743589743589741
--------------------
Round Score: 0
Possible Round Score: 1
Possible Total: 53
Total Score: 7.666666666666666
Rank: 14.465408805031446
--------------------
Round Score: 0
Possible Round Score: 1
Possible Total: 54
Total Score: 7.666666666666666
Rank: 14.19753086419753
--------------------
Round Score: 0
Possible Round Score: 2
Possible Total: 56
Total Score: 7.666666666666666
Rank: 13.69047619047619
--------------------
Round Score: 0
Possible Round Score: 1
Possible Total: 57
Total Score: 7.666666666666666
Rank: 13.450292397660817
--------------------
Round Score: 0
Possible Round Score: 1
Possible Total: 58
Total Score: 7.666666666666666
Rank: 13.218390804597698
--------------------
Round Score: 0
Possible Round Score: 2
Possible Total: 60
Total Score: 7.666666666666666
Rank: 12.777777777777777
--------------------
Round Score: 0
Possible Round Score: 1
Possible Total: 61
Total Score: 7.666666666666666
Rank: 12.568306010928962
--------------------
Round Score: 0
Possible Round Score: 1
Possible Total: 62
Total Score: 7.666666666666666
Rank: 12.36559139784946
--------------------
Round Score: 0
Possible Round Score: 1
Possible Total: 63
Total Score: 7.666666666666666
Rank: 12.16931216931217
--------------------
Round Score: 1
Possible Round Score: 3
Possible Total: 66
Total Score: 8.666666666666666
Rank: 13.13131313131313
--------------------
Round Score: 0
Possible Round Score: 1
Possible Total: 67
Total Score: 8.666666666666666
Rank: 12.935323383084576
--------------------
Round Score: 0
Possible Round Score: 2
Possible Total: 69
Total Score: 8.666666666666666
Rank: 12.560386473429952
--------------------
Round Score: 0
Possible Round Score: 1
Possible Total: 70
Total Score: 8.666666666666666
Rank: 12.38095238095238
--------------------
Round Score: 0
Possible Round Score: 1
Possible Total: 71
Total Score: 8.666666666666666
Rank: 12.20657276995305
--------------------
Round Score: 0
Possible Round Score: 1
Possible Total: 72
Total Score: 8.666666666666666
Rank: 12.037037037037036
--------------------
Round Score: 0
Possible Round Score: 1
Possible Total: 73
Total Score: 8.666666666666666
Rank: 11.87214611872146
--------------------
Round Score: 0
Possible Round Score: 1
Possible Total: 74
Total Score: 8.666666666666666
Rank: 11.711711711711711
--------------------
Round Score: 0
Possible Round Score: 1
Possible Total: 75
Total Score: 8.666666666666666
Rank: 11.555555555555555
--------------------
Round Score: 0
Possible Round Score: 1
Possible Total: 76
Total Score: 8.666666666666666
Rank: 11.403508771929824
--------------------
Round Score: 0
Possible Round Score: 1
Possible Total: 77
Total Score: 8.666666666666666
Rank: 11.255411255411255
--------------------
Round Score: 3
Possible Round Score: 5
Possible Total: 82
Total Score: 11.666666666666666
Rank: 14.227642276422763
--------------------
Round Score: 0
Possible Round Score: 1
Possible Total: 83
Total Score: 11.666666666666666
Rank: 14.056224899598394
--------------------
Round Score: 1
Possible Round Score: 2
Possible Total: 85
Total Score: 12.666666666666666
Rank: 14.901960784313726
--------------------
Round Score: 0
Possible Round Score: 2
Possible Total: 87
Total Score: 12.666666666666666
Rank: 14.559386973180075
--------------------
Round Score: 1
Possible Round Score: 2
Possible Total: 89
Total Score: 13.666666666666666
Rank: 15.355805243445692
--------------------
Round Score: 0
Possible Round Score: 1
Possible Total: 90
Total Score: 13.666666666666666
Rank: 15.185185185185185
--------------------
Round Score: 0
Possible Round Score: 2
Possible Total: 92
Total Score: 13.666666666666666
Rank: 14.855072463768115
--------------------
Round Score: 2.5
Possible Round Score: 5
Possible Total: 97
Total Score: 16.166666666666664
Rank: 16.666666666666664
--------------------
Round Score: 0
Possible Round Score: 1
Possible Total: 98
Total Score: 16.166666666666664
Rank: 16.49659863945578
--------------------
Round Score: 0
Possible Round Score: 2
Possible Total: 100
Total Score: 16.166666666666664
Rank: 16.166666666666664
--------------------
Round Score: 2.8000000000000003
Possible Round Score: 7
Possible Total: 107
Total Score: 18.966666666666665
Rank: 17.725856697819314
--------------------
Round Score: 0
Possible Round Score: 1
Possible Total: 108
Total Score: 18.966666666666665
Rank: 17.561728395061728
--------------------
Round Score: 1.4000000000000001
Possible Round Score: 7
Possible Total: 115
Total Score: 20.366666666666664
Rank: 17.710144927536227
--------------------
Round Score: 0
Possible Round Score: 1
Possible Total: 116
Total Score: 20.366666666666664
Rank: 17.557471264367813
--------------------
Round Score: 0
Possible Round Score: 1
Possible Total: 117
Total Score: 20.366666666666664
Rank: 17.407407407407405
--------------------
Round Score: 0
Possible Round Score: 1
Possible Total: 118
Total Score: 20.366666666666664
Rank: 17.259887005649716
--------------------
Round Score: 0
Possible Round Score: 1
Possible Total: 119
Total Score: 20.366666666666664
Rank: 17.114845938375346
--------------------
Round Score: 0
Possible Round Score: 2
Possible Total: 121
Total Score: 20.366666666666664
Rank: 16.83195592286501
--------------------
Round Score: 3
Possible Round Score: 5
Possible Total: 126
Total Score: 23.366666666666664
Rank: 18.54497354497354
--------------------
Round Score: 0
Possible Round Score: 1
Possible Total: 127
Total Score: 23.366666666666664
Rank: 18.398950131233594
--------------------
Round Score: 0
Possible Round Score: 2
Possible Total: 129
Total Score: 23.366666666666664
Rank: 18.113695090439276
--------------------
Round Score: 0
Possible Round Score: 2
Possible Total: 131
Total Score: 23.366666666666664
Rank: 17.83715012722646
--------------------
Round Score: 0
Possible Round Score: 1
Possible Total: 132
Total Score: 23.366666666666664
Rank: 17.7020202020202
--------------------
Round Score: 0.5
Possible Round Score: 3
Possible Total: 135
Total Score: 23.866666666666664
Rank: 17.67901234567901
--------------------
Round Score: 0
Possible Round Score: 1
Possible Total: 136
Total Score: 23.866666666666664
Rank: 17.549019607843135
--------------------
Round Score: 0
Possible Round Score: 2
Possible Total: 138
Total Score: 23.866666666666664
Rank: 17.294685990338163
--------------------
Round Score: 0
Possible Round Score: 1
Possible Total: 139
Total Score: 23.866666666666664
Rank: 17.170263788968825
--------------------
Round Score: 0
Possible Round Score: 1
Possible Total: 140
Total Score: 23.866666666666664
Rank: 17.047619047619044
--------------------
Round Score: 0
Possible Round Score: 2
Possible Total: 142
Total Score: 23.866666666666664
Rank: 16.8075117370892
--------------------
Round Score: 0
Possible Round Score: 1
Possible Total: 143
Total Score: 23.866666666666664
Rank: 16.68997668997669
--------------------
Round Score: 0
Possible Round Score: 1
Possible Total: 144
Total Score: 23.866666666666664
Rank: 16.574074074074073
--------------------
Round Score: 2
Possible Round Score: 4
Possible Total: 148
Total Score: 25.866666666666664
Rank: 17.47747747747748
--------------------
Round Score: 0
Possible Round Score: 1
Possible Total: 149
Total Score: 25.866666666666664
Rank: 17.36017897091722
--------------------
Round Score: 0
Possible Round Score: 1
Possible Total: 150
Total Score: 25.866666666666664
Rank: 17.244444444444444
--------------------
Round Score: 0
Possible Round Score: 1
Possible Total: 151
Total Score: 25.866666666666664
Rank: 17.130242825607063
--------------------
Round Score: 0
Possible Round Score: 1
Possible Total: 152
Total Score: 25.866666666666664
Rank: 17.01754385964912
--------------------
Round Score: 0
Possible Round Score: 1
Possible Total: 153
Total Score: 25.866666666666664
Rank: 16.90631808278867
--------------------
Round Score: 0
Possible Round Score: 1
Possible Total: 154
Total Score: 25.866666666666664
Rank: 16.796536796536795
--------------------
Round Score: 0
Possible Round Score: 1
Possible Total: 155
Total Score: 25.866666666666664
Rank: 16.688172043010752
--------------------
Round Score: 1
Possible Round Score: 3
Possible Total: 158
Total Score: 26.866666666666664
Rank: 17.004219409282697
--------------------
Round Score: 1
Possible Round Score: 5
Possible Total: 163
Total Score: 27.866666666666664
Rank: 17.096114519427402
--------------------
Round Score: 0
Possible Round Score: 1
Possible Total: 164
Total Score: 27.866666666666664
Rank: 16.991869918699184
--------------------
Round Score: 0
Possible Round Score: 1
Possible Total: 165
Total Score: 27.866666666666664
Rank: 16.888888888888886
--------------------
Round Score: 0.3333333333333333
Possible Round Score: 2
Possible Total: 167
Total Score: 28.199999999999996
Rank: 16.886227544910177
--------------------
Round Score: 2
Possible Round Score: 4
Possible Total: 171
Total Score: 30.199999999999996
Rank: 17.66081871345029
--------------------
Round Score: 0
Possible Round Score: 1
Possible Total: 172
Total Score: 30.199999999999996
Rank: 17.55813953488372
--------------------
Round Score: 0
Possible Round Score: 1
Possible Total: 173
Total Score: 30.199999999999996
Rank: 17.456647398843927
--------------------
Round Score: 0
Possible Round Score: 1
Possible Total: 174
Total Score: 30.199999999999996
Rank: 17.356321839080458
--------------------
Round Score: 0
Possible Round Score: 2
Possible Total: 176
Total Score: 30.199999999999996
Rank: 17.159090909090907
--------------------
Round Score: 0
Possible Round Score: 1
Possible Total: 177
Total Score: 30.199999999999996
Rank: 17.062146892655363
--------------------
Round Score: 0
Possible Round Score: 2
Possible Total: 179
Total Score: 30.199999999999996
Rank: 16.87150837988827
--------------------
Round Score: 0
Possible Round Score: 1
Possible Total: 180
Total Score: 30.199999999999996
Rank: 16.777777777777775
--------------------
Round Score: 0
Possible Round Score: 1
Possible Total: 181
Total Score: 30.199999999999996
Rank: 16.685082872928174
--------------------
Round Score: 0
Possible Round Score: 3
Possible Total: 184
Total Score: 30.199999999999996
Rank: 16.413043478260867
--------------------
Round Score: 0
Possible Round Score: 1
Possible Total: 185
Total Score: 30.199999999999996
Rank: 16.324324324324323
--------------------
Round Score: 0.3333333333333333
Possible Round Score: 2
Possible Total: 187
Total Score: 30.533333333333328
Rank: 16.327985739750442
--------------------
Round Score: 0
Possible Round Score: 2
Possible Total: 189
Total Score: 30.533333333333328
Rank: 16.155202821869487
--------------------
Round Score: 0
Possible Round Score: 1
Possible Total: 190
Total Score: 30.533333333333328
Rank: 16.070175438596486
--------------------
Round Score: 0
Possible Round Score: 1
Possible Total: 191
Total Score: 30.533333333333328
Rank: 15.986038394415356
--------------------
Round Score: 0
Possible Round Score: 1
Possible Total: 192
Total Score: 30.533333333333328
Rank: 15.902777777777773
--------------------
Round Score: 0
Possible Round Score: 1
Possible Total: 193
Total Score: 30.533333333333328
Rank: 15.82037996545768
--------------------
Round Score: 0
Possible Round Score: 3
Possible Total: 196
Total Score: 30.533333333333328
Rank: 15.578231292517003
--------------------
Round Score: 3
Possible Round Score: 6
Possible Total: 202
Total Score: 33.53333333333333
Rank: 16.6006600660066
--------------------
Round Score: 0
Possible Round Score: 1
Possible Total: 203
Total Score: 33.53333333333333
Rank: 16.51888341543514
--------------------
Round Score: 0
Possible Round Score: 1
Possible Total: 204
Total Score: 33.53333333333333
Rank: 16.437908496732025
--------------------
Round Score: 0
Possible Round Score: 1
Possible Total: 205
Total Score: 33.53333333333333
Rank: 16.357723577235774
--------------------
Round Score: 0
Possible Round Score: 1
Possible Total: 206
Total Score: 33.53333333333333
Rank: 16.278317152103558
--------------------
Round Score: 3.5999999999999996
Possible Round Score: 6
Possible Total: 212
Total Score: 37.13333333333333
Rank: 17.51572327044025
--------------------
Round Score: 0
Possible Round Score: 1
Possible Total: 213
Total Score: 37.13333333333333
Rank: 17.433489827856025
--------------------
Round Score: 0
Possible Round Score: 1
Possible Total: 214
Total Score: 37.13333333333333
Rank: 17.35202492211838
--------------------
Round Score: 0
Possible Round Score: 1
Possible Total: 215
Total Score: 37.13333333333333
Rank: 17.271317829457363
--------------------
Round Score: 0
Possible Round Score: 2
Possible Total: 217
Total Score: 37.13333333333333
Rank: 17.112135176651304
--------------------
Round Score: 0.3333333333333333
Possible Round Score: 2
Possible Total: 219
Total Score: 37.46666666666667
Rank: 17.10806697108067
--------------------
Round Score: 0.3333333333333333
Possible Round Score: 2
Possible Total: 221
Total Score: 37.800000000000004
Rank: 17.10407239819005
--------------------
Round Score: 0
Possible Round Score: 1
Possible Total: 222
Total Score: 37.800000000000004
Rank: 17.027027027027028
--------------------
Round Score: 0
Possible Round Score: 1
Possible Total: 223
Total Score: 37.800000000000004
Rank: 16.95067264573991
--------------------
Round Score: 4
Possible Round Score: 5
Possible Total: 228
Total Score: 41.800000000000004
Rank: 18.333333333333336
--------------------
Round Score: 2
Possible Round Score: 4
Possible Total: 232
Total Score: 43.800000000000004
Rank: 18.879310344827587
--------------------
Round Score: 0
Possible Round Score: 1
Possible Total: 233
Total Score: 43.800000000000004
Rank: 18.798283261802577
--------------------
Round Score: 0
Possible Round Score: 1
Possible Total: 234
Total Score: 43.800000000000004
Rank: 18.717948717948723
--------------------
Round Score: 0
Possible Round Score: 1
Possible Total: 235
Total Score: 43.800000000000004
Rank: 18.638297872340427
--------------------
Round Score: 0
Possible Round Score: 1
Possible Total: 236
Total Score: 43.800000000000004
Rank: 18.559322033898308
--------------------
Round Score: 0
Possible Round Score: 1
Possible Total: 237
Total Score: 43.800000000000004
Rank: 18.48101265822785
--------------------
Round Score: 0
Possible Round Score: 1
Possible Total: 238
Total Score: 43.800000000000004
Rank: 18.403361344537817
--------------------
Round Score: 2
Possible Round Score: 4
Possible Total: 242
Total Score: 45.800000000000004
Rank: 18.925619834710748
--------------------
Round Score: 0
Possible Round Score: 1
Possible Total: 243
Total Score: 45.800000000000004
Rank: 18.847736625514404
--------------------
Round Score: 0
Possible Round Score: 2
Possible Total: 245
Total Score: 45.800000000000004
Rank: 18.69387755102041
--------------------
Round Score: 0
Possible Round Score: 1
Possible Total: 246
Total Score: 45.800000000000004
Rank: 18.617886178861788
--------------------
Round Score: 0
Possible Round Score: 1
Possible Total: 247
Total Score: 45.800000000000004
Rank: 18.542510121457493
--------------------
Round Score: 0
Possible Round Score: 2
Possible Total: 249
Total Score: 45.800000000000004
Rank: 18.393574297188756
--------------------
Round Score: 0
Possible Round Score: 1
Possible Total: 250
Total Score: 45.800000000000004
Rank: 18.320000000000004
--------------------
Round Score: 2
Possible Round Score: 4
Possible Total: 254
Total Score: 47.800000000000004
Rank: 18.818897637795278
--------------------
Round Score: 0
Possible Round Score: 1
Possible Total: 255
Total Score: 47.800000000000004
Rank: 18.745098039215687
--------------------
Round Score: 0
Possible Round Score: 1
Possible Total: 256
Total Score: 47.800000000000004
Rank: 18.671875
--------------------
Round Score: 0
Possible Round Score: 1
Possible Total: 257
Total Score: 47.800000000000004
Rank: 18.59922178988327
--------------------
Round Score: 0
Possible Round Score: 1
Possible Total: 258
Total Score: 47.800000000000004
Rank: 18.527131782945737
--------------------
Round Score: 0
Possible Round Score: 1
Possible Total: 259
Total Score: 47.800000000000004
Rank: 18.45559845559846
--------------------
Round Score: 0
Possible Round Score: 1
Possible Total: 260
Total Score: 47.800000000000004
Rank: 18.384615384615387
--------------------
Round Score: 2
Possible Round Score: 4
Possible Total: 264
Total Score: 49.800000000000004
Rank: 18.863636363636367
--------------------
Round Score: 0
Possible Round Score: 1
Possible Total: 265
Total Score: 49.800000000000004
Rank: 18.79245283018868
--------------------
Round Score: 0
Possible Round Score: 1
Possible Total: 266
Total Score: 49.800000000000004
Rank: 18.721804511278197
--------------------
Round Score: 0
Possible Round Score: 1
Possible Total: 267
Total Score: 49.800000000000004
Rank: 18.65168539325843
--------------------
Round Score: 0
Possible Round Score: 1
Possible Total: 268
Total Score: 49.800000000000004
Rank: 18.582089552238806
--------------------
Round Score: 0
Possible Round Score: 1
Possible Total: 269
Total Score: 49.800000000000004
Rank: 18.513011152416357
--------------------
Round Score: 0
Possible Round Score: 2
Possible Total: 271
Total Score: 49.800000000000004
Rank: 18.37638376383764
--------------------
Round Score: 0
Possible Round Score: 2
Possible Total: 273
Total Score: 49.800000000000004
Rank: 18.241758241758244
--------------------
Round Score: 0
Possible Round Score: 1
Possible Total: 274
Total Score: 49.800000000000004
Rank: 18.175182481751825
--------------------
Round Score: 0
Possible Round Score: 2
Possible Total: 276
Total Score: 49.800000000000004
Rank: 18.043478260869566
--------------------
Round Score: 3
Possible Round Score: 6
Possible Total: 282
Total Score: 52.800000000000004
Rank: 18.72340425531915
--------------------
Round Score: 0
Possible Round Score: 1
Possible Total: 283
Total Score: 52.800000000000004
Rank: 18.657243816254418
--------------------
Round Score: 0
Possible Round Score: 1
Possible Total: 284
Total Score: 52.800000000000004
Rank: 18.591549295774648
--------------------
Round Score: 2.8000000000000003
Possible Round Score: 7
Possible Total: 291
Total Score: 55.6
Rank: 19.106529209621996
--------------------
Round Score: 0
Possible Round Score: 2
Possible Total: 293
Total Score: 55.6
Rank: 18.976109215017065
--------------------
Round Score: 0
Possible Round Score: 1
Possible Total: 294
Total Score: 55.6
Rank: 18.911564625850342
--------------------
Round Score: 0
Possible Round Score: 1
Possible Total: 295
Total Score: 55.6
Rank: 18.847457627118644
--------------------
Round Score: 0
Possible Round Score: 1
Possible Total: 296
Total Score: 55.6
Rank: 18.783783783783782
--------------------
Round Score: 0
Possible Round Score: 1
Possible Total: 297
Total Score: 55.6
Rank: 18.72053872053872
--------------------
Round Score: 0
Possible Round Score: 1
Possible Total: 298
Total Score: 55.6
Rank: 18.65771812080537
--------------------
Round Score: 0
Possible Round Score: 1
Possible Total: 299
Total Score: 55.6
Rank: 18.59531772575251
--------------------
Round Score: 0
Possible Round Score: 1
Possible Total: 300
Total Score: 55.6
Rank: 18.533333333333335
--------------------
Round Score: 0
Possible Round Score: 1
Possible Total: 301
Total Score: 55.6
Rank: 18.471760797342192
--------------------
Round Score: 0
Possible Round Score: 2
Possible Total: 303
Total Score: 55.6
Rank: 18.34983498349835
--------------------
Round Score: 0
Possible Round Score: 2
Possible Total: 305
Total Score: 55.6
Rank: 18.229508196721312
--------------------
Round Score: 0
Possible Round Score: 1
Possible Total: 306
Total Score: 55.6
Rank: 18.169934640522875
--------------------
Round Score: 0
Possible Round Score: 1
Possible Total: 307
Total Score: 55.6
Rank: 18.11074918566775
--------------------
Round Score: 0
Possible Round Score: 1
Possible Total: 308
Total Score: 55.6
Rank: 18.051948051948052
--------------------
Round Score: 0
Possible Round Score: 1
Possible Total: 309
Total Score: 55.6
Rank: 17.993527508090615
--------------------
Round Score: 0
Possible Round Score: 1
Possible Total: 310
Total Score: 55.6
Rank: 17.93548387096774
--------------------
Round Score: 0
Possible Round Score: 1
Possible Total: 311
Total Score: 55.6
Rank: 17.877813504823152
--------------------
Round Score: 0
Possible Round Score: 1
Possible Total: 312
Total Score: 55.6
Rank: 17.82051282051282
--------------------
Round Score: 0
Possible Round Score: 1
Possible Total: 313
Total Score: 55.6
Rank: 17.763578274760384
--------------------
Round Score: 0
Possible Round Score: 1
Possible Total: 314
Total Score: 55.6
Rank: 17.707006369426754
--------------------
Round Score: 0
Possible Round Score: 1
Possible Total: 315
Total Score: 55.6
Rank: 17.650793650793652
--------------------
Round Score: 0
Possible Round Score: 3
Possible Total: 318
Total Score: 55.6
Rank: 17.48427672955975
--------------------
Round Score: 0
Possible Round Score: 1
Possible Total: 319
Total Score: 55.6
Rank: 17.429467084639498
--------------------
Round Score: 0
Possible Round Score: 1
Possible Total: 320
Total Score: 55.6
Rank: 17.375
--------------------
Round Score: 0
Possible Round Score: 1
Possible Total: 321
Total Score: 55.6
Rank: 17.320872274143305
--------------------
Round Score: 0
Possible Round Score: 1
Possible Total: 322
Total Score: 55.6
Rank: 17.267080745341616
--------------------
Round Score: 0
Possible Round Score: 1
Possible Total: 323
Total Score: 55.6
Rank: 17.21362229102167
--------------------
Round Score: 0
Possible Round Score: 2
Possible Total: 325
Total Score: 55.6
Rank: 17.107692307692307
--------------------
Round Score: 0
Possible Round Score: 1
Possible Total: 326
Total Score: 55.6
Rank: 17.055214723926383
--------------------
Round Score: 0
Possible Round Score: 2
Possible Total: 328
Total Score: 55.6
Rank: 16.951219512195124
--------------------
Round Score: 0
Possible Round Score: 2
Possible Total: 330
Total Score: 55.6
Rank: 16.848484848484848
--------------------
Round Score: 2
Possible Round Score: 4
Possible Total: 334
Total Score: 57.6
Rank: 17.24550898203593
--------------------
Round Score: 0
Possible Round Score: 1
Possible Total: 335
Total Score: 57.6
Rank: 17.19402985074627
--------------------
Round Score: 0
Possible Round Score: 1
Possible Total: 336
Total Score: 57.6
Rank: 17.142857142857142
--------------------
Round Score: 0
Possible Round Score: 2
Possible Total: 338
Total Score: 57.6
Rank: 17.041420118343193
--------------------
Round Score: 0
Possible Round Score: 1
Possible Total: 339
Total Score: 57.6
Rank: 16.991150442477874
--------------------
Round Score: 0
Possible Round Score: 2
Possible Total: 341
Total Score: 57.6
Rank: 16.89149560117302
--------------------
Round Score: 2.8000000000000003
Possible Round Score: 7
Possible Total: 348
Total Score: 60.4
Rank: 17.35632183908046
--------------------
Round Score: 0
Possible Round Score: 2
Possible Total: 350
Total Score: 60.4
Rank: 17.257142857142856
--------------------
Round Score: 0
Possible Round Score: 1
Possible Total: 351
Total Score: 60.4
Rank: 17.20797720797721
--------------------
Round Score: 0.3333333333333333
Possible Round Score: 2
Possible Total: 353
Total Score: 60.733333333333334
Rank: 17.20491029272899
--------------------
Round Score: 2
Possible Round Score: 4
Possible Total: 357
Total Score: 62.733333333333334
Rank: 17.572362278244633
--------------------
Round Score: 0
Possible Round Score: 1
Possible Total: 358
Total Score: 62.733333333333334
Rank: 17.523277467411546
--------------------
Round Score: 0
Possible Round Score: 1
Possible Total: 359
Total Score: 62.733333333333334
Rank: 17.4744661095636
--------------------
Round Score: 0
Possible Round Score: 1
Possible Total: 360
Total Score: 62.733333333333334
Rank: 17.425925925925924
--------------------
Round Score: 0
Possible Round Score: 2
Possible Total: 362
Total Score: 62.733333333333334
Rank: 17.32965009208103
--------------------
Round Score: 0
Possible Round Score: 1
Possible Total: 363
Total Score: 62.733333333333334
Rank: 17.281910009182734
--------------------
Round Score: 0
Possible Round Score: 1
Possible Total: 364
Total Score: 62.733333333333334
Rank: 17.234432234432234
--------------------
Round Score: 0
Possible Round Score: 1
Possible Total: 365
Total Score: 62.733333333333334
Rank: 17.187214611872147
--------------------
Round Score: 0
Possible Round Score: 2
Possible Total: 367
Total Score: 62.733333333333334
Rank: 17.09355131698456
--------------------
Round Score: 0
Possible Round Score: 1
Possible Total: 368
Total Score: 62.733333333333334
Rank: 17.047101449275363
--------------------
Round Score: 2
Possible Round Score: 4
Possible Total: 372
Total Score: 64.73333333333333
Rank: 17.401433691756274
--------------------
Round Score: 0
Possible Round Score: 1
Possible Total: 373
Total Score: 64.73333333333333
Rank: 17.35478105451296
--------------------
Round Score: 0
Possible Round Score: 1
Possible Total: 374
Total Score: 64.73333333333333
Rank: 17.30837789661319
--------------------
Round Score: 0
Possible Round Score: 1
Possible Total: 375
Total Score: 64.73333333333333
Rank: 17.262222222222224
--------------------
Round Score: 0
Possible Round Score: 1
Possible Total: 376
Total Score: 64.73333333333333
Rank: 17.21631205673759
--------------------
Round Score: 0
Possible Round Score: 1
Possible Total: 377
Total Score: 64.73333333333333
Rank: 17.170645446507514
--------------------
Round Score: 0
Possible Round Score: 2
Possible Total: 379
Total Score: 64.73333333333333
Rank: 17.08003518029903
--------------------
Round Score: 0
Possible Round Score: 1
Possible Total: 380
Total Score: 64.73333333333333
Rank: 17.035087719298243
--------------------
Round Score: 0
Possible Round Score: 1
Possible Total: 381
Total Score: 64.73333333333333
Rank: 16.990376202974627
--------------------
Round Score: 0
Possible Round Score: 1
Possible Total: 382
Total Score: 64.73333333333333
Rank: 16.94589877835951
--------------------
Round Score: 0
Possible Round Score: 1
Possible Total: 383
Total Score: 64.73333333333333
Rank: 16.90165361183638
--------------------
Round Score: 0
Possible Round Score: 1
Possible Total: 384
Total Score: 64.73333333333333
Rank: 16.85763888888889
--------------------
Round Score: 0
Possible Round Score: 3
Possible Total: 387
Total Score: 64.73333333333333
Rank: 16.726959517657193
--------------------
Round Score: 0
Possible Round Score: 1
Possible Total: 388
Total Score: 64.73333333333333
Rank: 16.683848797250857
--------------------
Round Score: 1
Possible Round Score: 2
Possible Total: 390
Total Score: 65.73333333333333
Rank: 16.854700854700855
--------------------
Round Score: 3.5999999999999996
Possible Round Score: 6
Possible Total: 396
Total Score: 69.33333333333333
Rank: 17.508417508417505
--------------------
Round Score: 0
Possible Round Score: 1
Possible Total: 397
Total Score: 69.33333333333333
Rank: 17.464315701091518
--------------------
Round Score: 0
Possible Round Score: 1
Possible Total: 398
Total Score: 69.33333333333333
Rank: 17.42043551088777
--------------------
Round Score: 0
Possible Round Score: 1
Possible Total: 399
Total Score: 69.33333333333333
Rank: 17.376775271512113
--------------------
Round Score: 0
Possible Round Score: 1
Possible Total: 400
Total Score: 69.33333333333333
Rank: 17.333333333333332
--------------------
Round Score: 0
Possible Round Score: 1
Possible Total: 401
Total Score: 69.33333333333333
Rank: 17.290108063175396
--------------------
Round Score: 0
Possible Round Score: 1
Possible Total: 402
Total Score: 69.33333333333333
Rank: 17.24709784411277
--------------------
Round Score: 1.4000000000000001
Possible Round Score: 7
Possible Total: 409
Total Score: 70.73333333333333
Rank: 17.294213528932357
--------------------
Round Score: 0
Possible Round Score: 1
Possible Total: 410
Total Score: 70.73333333333333
Rank: 17.2520325203252
--------------------
Round Score: 2.4000000000000004
Possible Round Score: 6
Possible Total: 416
Total Score: 73.13333333333334
Rank: 17.580128205128208
--------------------
Round Score: 1
Possible Round Score: 2
Possible Total: 418
Total Score: 74.13333333333334
Rank: 17.73524720893142
--------------------
Round Score: 0
Possible Round Score: 1
Possible Total: 419
Total Score: 74.13333333333334
Rank: 17.692919649960224
--------------------
Round Score: 0
Possible Round Score: 1
Possible Total: 420
Total Score: 74.13333333333334
Rank: 17.650793650793652
--------------------
Round Score: 0
Possible Round Score: 1
Possible Total: 421
Total Score: 74.13333333333334
Rank: 17.608867775138563
--------------------
Round Score: 0
Possible Round Score: 1
Possible Total: 422
Total Score: 74.13333333333334
Rank: 17.56714060031596
--------------------
Round Score: 1.4000000000000001
Possible Round Score: 7
Possible Total: 429
Total Score: 75.53333333333335
Rank: 17.606837606837612
--------------------
Round Score: 1
Possible Round Score: 3
Possible Total: 432
Total Score: 76.53333333333335
Rank: 17.71604938271605
--------------------
Round Score: 0
Possible Round Score: 2
Possible Total: 434
Total Score: 76.53333333333335
Rank: 17.63440860215054
--------------------
Round Score: 0
Possible Round Score: 1
Possible Total: 435
Total Score: 76.53333333333335
Rank: 17.59386973180077
--------------------
Round Score: 0
Possible Round Score: 1
Possible Total: 436
Total Score: 76.53333333333335
Rank: 17.55351681957187
--------------------
Round Score: 0
Possible Round Score: 1
Possible Total: 437
Total Score: 76.53333333333335
Rank: 17.51334858886347
--------------------
Round Score: 0
Possible Round Score: 1
Possible Total: 438
Total Score: 76.53333333333335
Rank: 17.47336377473364
--------------------
Round Score: 0
Possible Round Score: 1
Possible Total: 439
Total Score: 76.53333333333335
Rank: 17.43356112376614
--------------------
Round Score: 0
Possible Round Score: 1
Possible Total: 440
Total Score: 76.53333333333335
Rank: 17.393939393939398
--------------------
Round Score: 0
Possible Round Score: 1
Possible Total: 441
Total Score: 76.53333333333335
Rank: 17.354497354497358
--------------------
Round Score: 0
Possible Round Score: 1
Possible Total: 442
Total Score: 76.53333333333335
Rank: 17.315233785822024
--------------------
Round Score: 0
Possible Round Score: 1
Possible Total: 443
Total Score: 76.53333333333335
Rank: 17.276147479307753
--------------------
Round Score: 0
Possible Round Score: 1
Possible Total: 444
Total Score: 76.53333333333335
Rank: 17.23723723723724
--------------------
Round Score: 0
Possible Round Score: 1
Possible Total: 445
Total Score: 76.53333333333335
Rank: 17.19850187265918
--------------------
Round Score: 0
Possible Round Score: 2
Possible Total: 447
Total Score: 76.53333333333335
Rank: 17.121551081282625
--------------------
Round Score: 0
Possible Round Score: 1
Possible Total: 448
Total Score: 76.53333333333335
Rank: 17.083333333333336
--------------------
Round Score: 0
Possible Round Score: 1
Possible Total: 449
Total Score: 76.53333333333335
Rank: 17.0452858203415
--------------------
Round Score: 0
Possible Round Score: 1
Possible Total: 450
Total Score: 76.53333333333335
Rank: 17.00740740740741
--------------------
Round Score: 0
Possible Round Score: 1
Possible Total: 451
Total Score: 76.53333333333335
Rank: 16.969696969696972
--------------------
Round Score: 0
Possible Round Score: 1
Possible Total: 452
Total Score: 76.53333333333335
Rank: 16.932153392330388
--------------------
Round Score: 0
Possible Round Score: 1
Possible Total: 453
Total Score: 76.53333333333335
Rank: 16.894775570272262
--------------------
Round Score: 0
Possible Round Score: 2
Possible Total: 455
Total Score: 76.53333333333335
Rank: 16.820512820512825
--------------------
Round Score: 0
Possible Round Score: 4
Possible Total: 459
Total Score: 76.53333333333335
Rank: 16.673928830791578
--------------------
Round Score: 0
Possible Round Score: 2
Possible Total: 461
Total Score: 76.53333333333335
Rank: 16.601590744757775
--------------------
Round Score: 0
Possible Round Score: 1
Possible Total: 462
Total Score: 76.53333333333335
Rank: 16.56565656565657
--------------------
Round Score: 0
Possible Round Score: 2
Possible Total: 464
Total Score: 76.53333333333335
Rank: 16.49425287356322
--------------------
Round Score: 0
Possible Round Score: 1
Possible Total: 465
Total Score: 76.53333333333335
Rank: 16.458781362007173
--------------------
Round Score: 0
Possible Round Score: 2
Possible Total: 467
Total Score: 76.53333333333335
Rank: 16.388294075660244
--------------------
Round Score: 0
Possible Round Score: 1
Possible Total: 468
Total Score: 76.53333333333335
Rank: 16.353276353276357
--------------------
Round Score: 0
Possible Round Score: 1
Possible Total: 469
Total Score: 76.53333333333335
Rank: 16.318407960199007
--------------------
Round Score: 0
Possible Round Score: 1
Possible Total: 470
Total Score: 76.53333333333335
Rank: 16.283687943262414
--------------------
Round Score: 1.6
Possible Round Score: 4
Possible Total: 474
Total Score: 78.13333333333334
Rank: 16.48382559774965
--------------------
Round Score: 2.4000000000000004
Possible Round Score: 6
Possible Total: 480
Total Score: 80.53333333333335
Rank: 16.77777777777778
--------------------
Round Score: 0
Possible Round Score: 1
Possible Total: 481
Total Score: 80.53333333333335
Rank: 16.742896742896747
--------------------
Round Score: 0
Possible Round Score: 1
Possible Total: 482
Total Score: 80.53333333333335
Rank: 16.708160442600278
--------------------
Round Score: 0
Possible Round Score: 1
Possible Total: 483
Total Score: 80.53333333333335
Rank: 16.673567977915805
--------------------
Round Score: 0
Possible Round Score: 2
Possible Total: 485
Total Score: 80.53333333333335
Rank: 16.604810996563575
--------------------
Round Score: 0
Possible Round Score: 1
Possible Total: 486
Total Score: 80.53333333333335
Rank: 16.57064471879287
--------------------
Round Score: 0
Possible Round Score: 2
Possible Total: 488
Total Score: 80.53333333333335
Rank: 16.50273224043716
--------------------
Round Score: 0
Possible Round Score: 1
Possible Total: 489
Total Score: 80.53333333333335
Rank: 16.46898432174506
--------------------
Round Score: 0
Possible Round Score: 1
Possible Total: 490
Total Score: 80.53333333333335
Rank: 16.435374149659868
--------------------
Round Score: 0
Possible Round Score: 1
Possible Total: 491
Total Score: 80.53333333333335
Rank: 16.401900882552617
--------------------
Round Score: 0.3333333333333333
Possible Round Score: 2
Possible Total: 493
Total Score: 80.86666666666667
Rank: 16.402974983096687
--------------------
Round Score: 0
Possible Round Score: 1
Possible Total: 494
Total Score: 80.86666666666667
Rank: 16.369770580296898
--------------------
Round Score: 0
Possible Round Score: 1
Possible Total: 495
Total Score: 80.86666666666667
Rank: 16.33670033670034
--------------------
Round Score: 0.6000000000000001
Possible Round Score: 3
Possible Total: 498
Total Score: 81.46666666666667
Rank: 16.358768406961175
--------------------
Round Score: 0
Possible Round Score: 1
Possible Total: 499
Total Score: 81.46666666666667
Rank: 16.325985303941216
--------------------
Round Score: 0
Possible Round Score: 1
Possible Total: 500
Total Score: 81.46666666666667
Rank: 16.293333333333333
--------------------
Round Score: 0
Possible Round Score: 1
Possible Total: 501
Total Score: 81.46666666666667
Rank: 16.260811709913504
--------------------
Round Score: 0
Possible Round Score: 1
Possible Total: 502
Total Score: 81.46666666666667
Rank: 16.228419654714475
--------------------
Round Score: 0
Possible Round Score: 1
Possible Total: 503
Total Score: 81.46666666666667
Rank: 16.196156394963552
--------------------
Round Score: 0
Possible Round Score: 1
Possible Total: 504
Total Score: 81.46666666666667
Rank: 16.164021164021165
--------------------
Round Score: 0
Possible Round Score: 2
Possible Total: 506
Total Score: 81.46666666666667
Rank: 16.100131752305664
--------------------
Round Score: 0
Possible Round Score: 2
Possible Total: 508
Total Score: 81.46666666666667
Rank: 16.036745406824146
--------------------
Round Score: 0.3333333333333333
Possible Round Score: 2
Possible Total: 510
Total Score: 81.8
Rank: 16.03921568627451
--------------------
Round Score: 0
Possible Round Score: 1
Possible Total: 511
Total Score: 81.8
Rank: 16.007827788649706
--------------------
Round Score: 0
Possible Round Score: 1
Possible Total: 512
Total Score: 81.8
Rank: 15.9765625
--------------------
Round Score: 0.42857142857142855
Possible Round Score: 3
Possible Total: 515
Total Score: 82.22857142857143
Rank: 15.966712898751734
--------------------
Round Score: 0
Possible Round Score: 1
Possible Total: 516
Total Score: 82.22857142857143
Rank: 15.935769656699888
--------------------
Round Score: 0
Possible Round Score: 1
Possible Total: 517
Total Score: 82.22857142857143
Rank: 15.904946117712074
--------------------
Round Score: 0
Possible Round Score: 1
Possible Total: 518
Total Score: 82.22857142857143
Rank: 15.874241588527301
--------------------
Round Score: 0
Possible Round Score: 1
Possible Total: 519
Total Score: 82.22857142857143
Rank: 15.843655381227636
--------------------
Round Score: 1
Possible Round Score: 2
Possible Total: 521
Total Score: 83.22857142857143
Rank: 15.974773786673978
--------------------
Round Score: 0
Possible Round Score: 1
Possible Total: 522
Total Score: 83.22857142857143
Rank: 15.94417077175698
--------------------
Round Score: 0
Possible Round Score: 1
Possible Total: 523
Total Score: 83.22857142857143
Rank: 15.913684785577711
--------------------
Round Score: 0
Possible Round Score: 1
Possible Total: 524
Total Score: 83.22857142857143
Rank: 15.883315158124317
--------------------
Round Score: 0
Possible Round Score: 1
Possible Total: 525
Total Score: 83.22857142857143
Rank: 15.853061224489796
--------------------
Round Score: 0
Possible Round Score: 1
Possible Total: 526
Total Score: 83.22857142857143
Rank: 15.822922324823466
--------------------
Round Score: 0
Possible Round Score: 1
Possible Total: 527
Total Score: 83.22857142857143
Rank: 15.792897804283005
--------------------
Round Score: 0
Possible Round Score: 1
Possible Total: 528
Total Score: 83.22857142857143
Rank: 15.762987012987011
--------------------
Round Score: 0
Possible Round Score: 1
Possible Total: 529
Total Score: 83.22857142857143
Rank: 15.733189305968134
--------------------
Round Score: 0
Possible Round Score: 1
Possible Total: 530
Total Score: 83.22857142857143
Rank: 15.703504043126685
--------------------
Round Score: 0
Possible Round Score: 1
Possible Total: 531
Total Score: 83.22857142857143
Rank: 15.673930589184826
--------------------
Round Score: 0
Possible Round Score: 2
Possible Total: 533
Total Score: 83.22857142857143
Rank: 15.615116590726347
--------------------
Round Score: 0
Possible Round Score: 1
Possible Total: 534
Total Score: 83.22857142857143
Rank: 15.585874799357946
--------------------
Round Score: 0
Possible Round Score: 1
Possible Total: 535
Total Score: 83.22857142857143
Rank: 15.556742323097463
--------------------
Round Score: 0
Possible Round Score: 1
Possible Total: 536
Total Score: 83.22857142857143
Rank: 15.52771855010661
--------------------
Round Score: 2.8000000000000003
Possible Round Score: 7
Possible Total: 543
Total Score: 86.02857142857142
Rank: 15.843199158116283
--------------------
Round Score: 0
Possible Round Score: 1
Possible Total: 544
Total Score: 86.02857142857142
Rank: 15.8140756302521
--------------------
Round Score: 0
Possible Round Score: 1
Possible Total: 545
Total Score: 86.02857142857142
Rank: 15.785058977719526
--------------------
Round Score: 0
Possible Round Score: 1
Possible Total: 546
Total Score: 86.02857142857142
Rank: 15.75614861329147
--------------------
Round Score: 0
Possible Round Score: 1
Possible Total: 547
Total Score: 86.02857142857142
Rank: 15.727343954034994
--------------------
Round Score: 0
Possible Round Score: 1
Possible Total: 548
Total Score: 86.02857142857142
Rank: 15.698644421272157
--------------------
Round Score: 0
Possible Round Score: 1
Possible Total: 549
Total Score: 86.02857142857142
Rank: 15.670049440541241
--------------------
Round Score: 0
Possible Round Score: 1
Possible Total: 550
Total Score: 86.02857142857142
Rank: 15.64155844155844
--------------------
Round Score: 0
Possible Round Score: 3
Possible Total: 553
Total Score: 86.02857142857142
Rank: 15.556703694135882
--------------------
Round Score: 0
Possible Round Score: 1
Possible Total: 554
Total Score: 86.02857142857142
Rank: 15.52862300154719
--------------------
Round Score: 1
Possible Round Score: 2
Possible Total: 556
Total Score: 87.02857142857142
Rank: 15.65262076053443
--------------------
Round Score: 0
Possible Round Score: 2
Possible Total: 558
Total Score: 87.02857142857142
Rank: 15.596518177163338
--------------------
Round Score: 0
Possible Round Score: 1
Possible Total: 559
Total Score: 87.02857142857142
Rank: 15.568617429082545
--------------------
Round Score: 0
Possible Round Score: 1
Possible Total: 560
Total Score: 87.02857142857142
Rank: 15.540816326530612
--------------------
Round Score: 0
Possible Round Score: 1
Possible Total: 561
Total Score: 87.02857142857142
Rank: 15.51311433664375
--------------------
Round Score: 0
Possible Round Score: 2
Possible Total: 563
Total Score: 87.02857142857142
Rank: 15.458005582339506
--------------------
Round Score: 0
Possible Round Score: 1
Possible Total: 564
Total Score: 87.02857142857142
Rank: 15.430597771023303
--------------------
Round Score: 0
Possible Round Score: 1
Possible Total: 565
Total Score: 87.02857142857142
Rank: 15.403286978508216
--------------------
Round Score: 0
Possible Round Score: 4
Possible Total: 569
Total Score: 87.02857142857142
Rank: 15.295003766005522
--------------------
Round Score: 1
Possible Round Score: 2
Possible Total: 571
Total Score: 88.02857142857142
Rank: 15.416562421816362
--------------------
Round Score: 0
Possible Round Score: 1
Possible Total: 572
Total Score: 88.02857142857142
Rank: 15.38961038961039
--------------------
Round Score: 0
Possible Round Score: 1
Possible Total: 573
Total Score: 88.02857142857142
Rank: 15.362752430815258
--------------------
Round Score: 0.6666666666666666
Possible Round Score: 2
Possible Total: 575
Total Score: 88.6952380952381
Rank: 15.425258799171843
--------------------
Round Score: 0
Possible Round Score: 1
Possible Total: 576
Total Score: 88.6952380952381
Rank: 15.398478835978835
--------------------
Round Score: 0
Possible Round Score: 1
Possible Total: 577
Total Score: 88.6952380952381
Rank: 15.371791697614922
--------------------
Round Score: 1
Possible Round Score: 2
Possible Total: 579
Total Score: 89.6952380952381
Rank: 15.491405543219013
--------------------
Round Score: 1
Possible Round Score: 3
Possible Total: 582
Total Score: 90.6952380952381
Rank: 15.583374243168057
--------------------
Round Score: 0
Possible Round Score: 4
Possible Total: 586
Total Score: 90.6952380952381
Rank: 15.47700308792459
--------------------
Round Score: 0
Possible Round Score: 2
Possible Total: 588
Total Score: 90.6952380952381
Rank: 15.424360220278588
--------------------
Round Score: 0
Possible Round Score: 1
Possible Total: 589
Total Score: 90.6952380952381
Rank: 15.398172851483546
--------------------
Round Score: 0
Possible Round Score: 1
Possible Total: 590
Total Score: 90.6952380952381
Rank: 15.372074253430185
--------------------
Round Score: 0.3333333333333333
Possible Round Score: 2
Possible Total: 592
Total Score: 91.02857142857142
Rank: 15.376447876447877
--------------------
Round Score: 0
Possible Round Score: 4
Possible Total: 596
Total Score: 91.02857142857142
Rank: 15.273250239693192
--------------------
Round Score: 0
Possible Round Score: 1
Possible Total: 597
Total Score: 91.02857142857142
Rank: 15.247666905958363
--------------------
Round Score: 0
Possible Round Score: 1
Possible Total: 598
Total Score: 91.02857142857142
Rank: 15.222169135212612
--------------------
Round Score: 0
Possible Round Score: 3
Possible Total: 601
Total Score: 91.02857142857142
Rank: 15.146184929878773
--------------------
Round Score: 1.2000000000000002
Possible Round Score: 6
Possible Total: 607
Total Score: 92.22857142857143
Rank: 15.194163332548834
--------------------
Round Score: 0
Possible Round Score: 1
Possible Total: 608
Total Score: 92.22857142857143
Rank: 15.169172932330827
--------------------
Round Score: 0.3333333333333333
Possible Round Score: 2
Possible Total: 610
Total Score: 92.56190476190476
Rank: 15.174082747853237
--------------------
Round Score: 2
Possible Round Score: 4
Possible Total: 614
Total Score: 94.56190476190476
Rank: 15.400961687606637
--------------------
Round Score: 0
Possible Round Score: 1
Possible Total: 615
Total Score: 94.56190476190476
Rank: 15.375919473480447
--------------------
Round Score: 0
Possible Round Score: 3
Possible Total: 618
Total Score: 94.56190476190476
Rank: 15.301279087686853
--------------------
Round Score: 0.3333333333333333
Possible Round Score: 2
Possible Total: 620
Total Score: 94.89523809523808
Rank: 15.30568356374808
--------------------
Round Score: 0
Possible Round Score: 1
Possible Total: 621
Total Score: 94.89523809523808
Rank: 15.281036730312092
--------------------
Round Score: 0
Possible Round Score: 1
Possible Total: 622
Total Score: 94.89523809523808
Rank: 15.256469147144387
--------------------
Round Score: 0
Possible Round Score: 2
Possible Total: 624
Total Score: 94.89523809523808
Rank: 15.207570207570207
--------------------
Round Score: 0
Possible Round Score: 1
Possible Total: 625
Total Score: 94.89523809523808
Rank: 15.183238095238094
--------------------
Round Score: 0.5
Possible Round Score: 3
Possible Total: 628
Total Score: 95.39523809523808
Rank: 15.190324537458293
--------------------
Round Score: 0
Possible Round Score: 3
Possible Total: 631
Total Score: 95.39523809523808
Rank: 15.118104294015545
--------------------
Round Score: 0
Possible Round Score: 1
Possible Total: 632
Total Score: 95.39523809523808
Rank: 15.094183242917419
--------------------
Round Score: 0
Possible Round Score: 1
Possible Total: 633
Total Score: 95.39523809523808
Rank: 15.07033777175957
--------------------
Round Score: 0
Possible Round Score: 1
Possible Total: 634
Total Score: 95.39523809523808
Rank: 15.046567522908216
--------------------
Round Score: 0
Possible Round Score: 1
Possible Total: 635
Total Score: 95.39523809523808
Rank: 15.022872140982377
--------------------
Round Score: 0
Possible Round Score: 2
Possible Total: 637
Total Score: 95.39523809523808
Rank: 14.975704567541301
--------------------
Round Score: 0
Possible Round Score: 1
Possible Total: 638
Total Score: 95.39523809523808
Rank: 14.952231676369607
--------------------
Round Score: 0
Possible Round Score: 1
Possible Total: 639
Total Score: 95.39523809523808
Rank: 14.928832252775914
--------------------
Round Score: 0
Possible Round Score: 1
Possible Total: 640
Total Score: 95.39523809523808
Rank: 14.90550595238095
--------------------
Round Score: 0
Possible Round Score: 1
Possible Total: 641
Total Score: 95.39523809523808
Rank: 14.88225243295446
--------------------
Round Score: 0
Possible Round Score: 1
Possible Total: 642
Total Score: 95.39523809523808
Rank: 14.859071354398456
--------------------
Round Score: 0
Possible Round Score: 1
Possible Total: 643
Total Score: 95.39523809523808
Rank: 14.835962378730652
--------------------
Round Score: 0
Possible Round Score: 1
Possible Total: 644
Total Score: 95.39523809523808
Rank: 14.812925170068025
--------------------
Round Score: 0
Possible Round Score: 1
Possible Total: 645
Total Score: 95.39523809523808
Rank: 14.789959394610555
--------------------
Round Score: 0
Possible Round Score: 1
Possible Total: 646
Total Score: 95.39523809523808
Rank: 14.76706472062509
--------------------
Round Score: 0
Possible Round Score: 2
Possible Total: 648
Total Score: 95.39523809523808
Rank: 14.721487360376248
--------------------
Round Score: 0
Possible Round Score: 2
Possible Total: 650
Total Score: 95.39523809523808
Rank: 14.676190476190474
--------------------
Round Score: 0
Possible Round Score: 2
Possible Total: 652
Total Score: 95.39523809523808
Rank: 14.631171486999705
--------------------
Round Score: 0
Possible Round Score: 3
Possible Total: 655
Total Score: 95.39523809523808
Rank: 14.56415848782261
--------------------
Round Score: 0.3333333333333333
Possible Round Score: 2
Possible Total: 657
Total Score: 95.72857142857141
Rank: 14.570558817134158
--------------------
Round Score: 0
Possible Round Score: 1
Possible Total: 658
Total Score: 95.72857142857141
Rank: 14.548415110725138
--------------------
Round Score: 0
Possible Round Score: 1
Possible Total: 659
Total Score: 95.72857142857141
Rank: 14.526338608280941
--------------------
Round Score: 0
Possible Round Score: 1
Possible Total: 660
Total Score: 95.72857142857141
Rank: 14.504329004329003
--------------------
Round Score: 0
Possible Round Score: 3
Possible Total: 663
Total Score: 95.72857142857141
Rank: 14.438698556345614
--------------------
Round Score: 0
Possible Round Score: 2
Possible Total: 665
Total Score: 95.72857142857141
Rank: 14.395273899033295
--------------------
Round Score: 3.2
Possible Round Score: 8
Possible Total: 673
Total Score: 98.92857142857142
Rank: 14.699639142432602
--------------------
Round Score: 0
Possible Round Score: 1
Possible Total: 674
Total Score: 98.92857142857142
Rank: 14.677829588808816
--------------------
Round Score: 4.800000000000001
Possible Round Score: 6
Possible Total: 680
Total Score: 103.72857142857141
Rank: 15.254201680672267
--------------------
Round Score: 0
Possible Round Score: 2
Possible Total: 682
Total Score: 103.72857142857141
Rank: 15.209467951403433
--------------------
Round Score: 0
Possible Round Score: 1
Possible Total: 683
Total Score: 103.72857142857141
Rank: 15.187199330683956
--------------------
Round Score: 0
Possible Round Score: 1
Possible Total: 684
Total Score: 103.72857142857141
Rank: 15.164995822890557
--------------------
Round Score: 0
Possible Round Score: 2
Possible Total: 686
Total Score: 103.72857142857141
Rank: 15.120783007080382
--------------------
Round Score: 0
Possible Round Score: 1
Possible Total: 687
Total Score: 103.72857142857141
Rank: 15.09877313370763
--------------------
Round Score: 0
Possible Round Score: 1
Possible Total: 688
Total Score: 103.72857142857141
Rank: 15.076827242524915
--------------------
Round Score: 3
Possible Round Score: 6
Possible Total: 694
Total Score: 106.72857142857141
Rank: 15.378756689995882
--------------------
Round Score: 0
Possible Round Score: 1
Possible Total: 695
Total Score: 106.72857142857141
Rank: 15.356628982528262
--------------------
Round Score: 3.5
Possible Round Score: 7
Possible Total: 702
Total Score: 110.22857142857141
Rank: 15.7020757020757
--------------------
Round Score: 0.3333333333333333
Possible Round Score: 2
Possible Total: 704
Total Score: 110.56190476190474
Rank: 15.704816017316015
--------------------
Round Score: 0
Possible Round Score: 2
Possible Total: 706
Total Score: 110.56190476190474
Rank: 15.660326453527585
--------------------
Round Score: 0
Possible Round Score: 1
Possible Total: 707
Total Score: 110.56190476190474
Rank: 15.638176062504206
--------------------
Round Score: 0
Possible Round Score: 2
Possible Total: 709
Total Score: 110.56190476190474
Rank: 15.594062730875141
--------------------
Round Score: 0
Possible Round Score: 1
Possible Total: 710
Total Score: 110.56190476190474
Rank: 15.572099262240105
--------------------
Round Score: 0
Possible Round Score: 2
Possible Total: 712
Total Score: 110.56190476190474
Rank: 15.52835741037988
--------------------
Round Score: 0
Possible Round Score: 1
Possible Total: 713
Total Score: 110.56190476190474
Rank: 15.50657850798103
--------------------
Round Score: 0
Possible Round Score: 1
Possible Total: 714
Total Score: 110.56190476190474
Rank: 15.484860610911028
--------------------
Round Score: 0.3333333333333333
Possible Round Score: 2
Possible Total: 716
Total Score: 110.89523809523807
Rank: 15.488161745144982
--------------------
Round Score: 0
Possible Round Score: 1
Possible Total: 717
Total Score: 110.89523809523807
Rank: 15.466560403798892
--------------------
Round Score: 0
Possible Round Score: 1
Possible Total: 718
Total Score: 110.89523809523807
Rank: 15.445019233320064
--------------------
Round Score: 0
Possible Round Score: 1
Possible Total: 719
Total Score: 110.89523809523807
Rank: 15.423537982647852
--------------------
Round Score: 0
Possible Round Score: 1
Possible Total: 720
Total Score: 110.89523809523807
Rank: 15.402116402116398
--------------------
Round Score: 0
Possible Round Score: 2
Possible Total: 722
Total Score: 110.89523809523807
Rank: 15.359451259728266
--------------------
Round Score: 1
Possible Round Score: 3
Possible Total: 725
Total Score: 111.89523809523807
Rank: 15.433825944170767
--------------------
Round Score: 0
Possible Round Score: 1
Possible Total: 726
Total Score: 111.89523809523807
Rank: 15.412567230749048
--------------------
Round Score: 0
Possible Round Score: 1
Possible Total: 727
Total Score: 111.89523809523807
Rank: 15.391367000720505
--------------------
Round Score: 0
Possible Round Score: 1
Possible Total: 728
Total Score: 111.89523809523807
Rank: 15.370225013082154
--------------------
Round Score: 0
Possible Round Score: 1
Possible Total: 729
Total Score: 111.89523809523807
Rank: 15.34914102815337
--------------------
Round Score: 0
Possible Round Score: 1
Possible Total: 730
Total Score: 111.89523809523807
Rank: 15.328114807566859
--------------------
Round Score: 0
Possible Round Score: 1
Possible Total: 731
Total Score: 111.89523809523807
Rank: 15.307146114259654
--------------------
Round Score: 0
Possible Round Score: 1
Possible Total: 732
Total Score: 111.89523809523807
Rank: 15.286234712464216
--------------------
Round Score: 0
Possible Round Score: 1
Possible Total: 733
Total Score: 111.89523809523807
Rank: 15.2653803676996
--------------------
Round Score: 0
Possible Round Score: 1
Possible Total: 734
Total Score: 111.89523809523807
Rank: 15.24458284676268
--------------------
Round Score: 0
Possible Round Score: 1
Possible Total: 735
Total Score: 111.89523809523807
Rank: 15.223841917719467
--------------------
Round Score: 0
Possible Round Score: 2
Possible Total: 737
Total Score: 111.89523809523807
Rank: 15.182528913872195
--------------------
Round Score: 1
Possible Round Score: 3
Possible Total: 740
Total Score: 112.89523809523807
Rank: 15.256113256113252
--------------------
Round Score: 3
Possible Round Score: 5
Possible Total: 745
Total Score: 115.89523809523807
Rank: 15.556407798018531
--------------------
Round Score: 0
Possible Round Score: 1
Possible Total: 746
Total Score: 115.89523809523807
Rank: 15.535554704455507
--------------------
Round Score: 0
Possible Round Score: 1
Possible Total: 747
Total Score: 115.89523809523807
Rank: 15.514757442468282
--------------------
Round Score: 0
Possible Round Score: 1
Possible Total: 748
Total Score: 115.89523809523807
Rank: 15.494015788133431
--------------------
Round Score: 1
Possible Round Score: 3
Possible Total: 751
Total Score: 116.89523809523807
Rank: 15.565278041975775
--------------------
Round Score: 2.8000000000000003
Possible Round Score: 7
Possible Total: 758
Total Score: 119.69523809523807
Rank: 15.790928508606605
--------------------
Round Score: 0
Possible Round Score: 1
Possible Total: 759
Total Score: 119.69523809523807
Rank: 15.77012359621055
--------------------
Round Score: 0
Possible Round Score: 2
Possible Total: 761
Total Score: 119.69523809523807
Rank: 15.728677804893307
--------------------
Round Score: 0
Possible Round Score: 1
Possible Total: 762
Total Score: 119.69523809523807
Rank: 15.708036495438066
--------------------
Round Score: 0
Possible Round Score: 1
Possible Total: 763
Total Score: 119.69523809523807
Rank: 15.68744929164326
--------------------
Round Score: 0
Possible Round Score: 1
Possible Total: 764
Total Score: 119.69523809523807
Rank: 15.666915981052105
--------------------
Round Score: 0
Possible Round Score: 1
Possible Total: 765
Total Score: 119.69523809523807
Rank: 15.646436352318702
--------------------
Round Score: 0
Possible Round Score: 2
Possible Total: 767
Total Score: 119.69523809523807
Rank: 15.605637300552551
--------------------
Round Score: 0
Possible Round Score: 1
Possible Total: 768
Total Score: 119.69523809523807
Rank: 15.585317460317457
--------------------
Round Score: 0
Possible Round Score: 2
Possible Total: 770
Total Score: 119.69523809523807
Rank: 15.544836116264685
--------------------
Round Score: 2
Possible Round Score: 4
Possible Total: 774
Total Score: 121.69523809523807
Rank: 15.72289897871293
--------------------
Round Score: 0
Possible Round Score: 1
Possible Total: 775
Total Score: 121.69523809523807
Rank: 15.702611367127492
--------------------
Round Score: 3.5
Possible Round Score: 7
Possible Total: 782
Total Score: 125.19523809523807
Rank: 16.009621239800264
--------------------
Round Score: 0.6666666666666666
Possible Round Score: 2
Possible Total: 784
Total Score: 125.86190476190474
Rank: 16.05381438289601
--------------------
Round Score: 0
Possible Round Score: 1
Possible Total: 785
Total Score: 125.86190476190474
Rank: 16.03336366393691
--------------------
Round Score: 3.2
Possible Round Score: 8
Possible Total: 793
Total Score: 129.06190476190474
Rank: 16.275145619407912
--------------------
Round Score: 0
Possible Round Score: 1
Possible Total: 794
Total Score: 129.06190476190474
Rank: 16.25464795489984
--------------------
Round Score: 0
Possible Round Score: 1
Possible Total: 795
Total Score: 129.06190476190474
Rank: 16.234201856843363
--------------------
Round Score: 0
Possible Round Score: 1
Possible Total: 796
Total Score: 129.06190476190474
Rank: 16.213807130892555
--------------------
Round Score: 0
Possible Round Score: 1
Possible Total: 797
Total Score: 129.06190476190474
Rank: 16.19346358367688
--------------------
Round Score: 0
Possible Round Score: 1
Possible Total: 798
Total Score: 129.06190476190474
Rank: 16.17317102279508
--------------------
Round Score: 1
Possible Round Score: 3
Possible Total: 801
Total Score: 130.06190476190474
Rank: 16.237441293621067
--------------------
Round Score: 0
Possible Round Score: 1
Possible Total: 802
Total Score: 130.06190476190474
Rank: 16.217195107469422
--------------------
Round Score: 0
Possible Round Score: 2
Possible Total: 804
Total Score: 130.06190476190474
Rank: 16.176853826107553
--------------------
Round Score: 0
Possible Round Score: 1
Possible Total: 805
Total Score: 130.06190476190474
Rank: 16.156758355516118
--------------------
Round Score: 0
Possible Round Score: 1
Possible Total: 806
Total Score: 130.06190476190474
Rank: 16.136712749615974
--------------------
Round Score: 3.5999999999999996
Possible Round Score: 6
Possible Total: 812
Total Score: 133.66190476190474
Rank: 16.46082570959418
--------------------
Round Score: 0
Possible Round Score: 2
Possible Total: 814
Total Score: 133.66190476190474
Rank: 16.420381420381418
--------------------
Round Score: 0
Possible Round Score: 1
Possible Total: 815
Total Score: 133.66190476190474
Rank: 16.400233713117146
--------------------
Round Score: 0
Possible Round Score: 1
Possible Total: 816
Total Score: 133.66190476190474
Rank: 16.380135387488327
--------------------
Round Score: 0
Possible Round Score: 1
Possible Total: 817
Total Score: 133.66190476190474
Rank: 16.36008626216704
--------------------
Round Score: 1
Possible Round Score: 2
Possible Total: 819
Total Score: 134.66190476190474
Rank: 16.44223501366358
--------------------
Round Score: 0.3333333333333333
Possible Round Score: 2
Possible Total: 821
Total Score: 134.99523809523808
Rank: 16.442781741198303
--------------------
Round Score: 0
Possible Round Score: 1
Possible Total: 822
Total Score: 134.99523809523808
Rank: 16.422778357084926
--------------------
Round Score: 0
Possible Round Score: 1
Possible Total: 823
Total Score: 134.99523809523808
Rank: 16.40282358386854
--------------------
Round Score: 0
Possible Round Score: 2
Possible Total: 825
Total Score: 134.99523809523808
Rank: 16.36305916305916
--------------------
Round Score: 0
Possible Round Score: 1
Possible Total: 826
Total Score: 134.99523809523808
Rank: 16.343249164072407
--------------------
Round Score: 0
Possible Round Score: 1
Possible Total: 827
Total Score: 134.99523809523808
Rank: 16.323487073184772
--------------------
Round Score: 0
Possible Round Score: 1
Possible Total: 828
Total Score: 134.99523809523808
Rank: 16.30377271681619
--------------------
Round Score: 0
Possible Round Score: 1
Possible Total: 829
Total Score: 134.99523809523808
Rank: 16.284105922224136
--------------------
Round Score: 0
Possible Round Score: 1
Possible Total: 830
Total Score: 134.99523809523808
Rank: 16.264486517498565
--------------------
Round Score: 0
Possible Round Score: 1
Possible Total: 831
Total Score: 134.99523809523808
Rank: 16.244914331556927
--------------------
Round Score: 0
Possible Round Score: 1
Possible Total: 832
Total Score: 134.99523809523808
Rank: 16.225389194139193
--------------------
Round Score: 0
Possible Round Score: 2
Possible Total: 834
Total Score: 134.99523809523808
Rank: 16.186479387918233
--------------------
Round Score: 0
Possible Round Score: 2
Possible Total: 836
Total Score: 134.99523809523808
Rank: 16.14775575301891
--------------------
Round Score: 0
Possible Round Score: 1
Possible Total: 837
Total Score: 134.99523809523808
Rank: 16.128463332764404
--------------------
Round Score: 0
Possible Round Score: 1
Possible Total: 838
Total Score: 134.99523809523808
Rank: 16.109216956472324
--------------------
Round Score: 0
Possible Round Score: 1
Possible Total: 839
Total Score: 134.99523809523808
Rank: 16.090016459503943
--------------------
Round Score: 0
Possible Round Score: 4
Possible Total: 843
Total Score: 134.99523809523808
Rank: 16.013669999435123
--------------------
Round Score: 0
Possible Round Score: 1
Possible Total: 844
Total Score: 134.99523809523808
Rank: 15.994696456781762
--------------------
Round Score: 0
Possible Round Score: 1
Possible Total: 845
Total Score: 134.99523809523808
Rank: 15.975767821921666
--------------------
Round Score: 0
Possible Round Score: 1
Possible Total: 846
Total Score: 134.99523809523808
Rank: 15.956883935607339
--------------------
Round Score: 0
Possible Round Score: 2
Possible Total: 848
Total Score: 134.99523809523808
Rank: 15.91924977538185
--------------------
Round Score: 0
Possible Round Score: 1
Possible Total: 849
Total Score: 134.99523809523808
Rank: 15.900499186718267
--------------------
Round Score: 0
Possible Round Score: 1
Possible Total: 850
Total Score: 134.99523809523808
Rank: 15.881792717086832
--------------------
Round Score: 0
Possible Round Score: 1
Possible Total: 851
Total Score: 134.99523809523808
Rank: 15.863130210956298
--------------------
Round Score: 1
Possible Round Score: 2
Possible Total: 853
Total Score: 135.99523809523808
Rank: 15.943169764975156
--------------------
Round Score: 0
Possible Round Score: 1
Possible Total: 854
Total Score: 135.99523809523808
Rank: 15.924500947920151
--------------------
Round Score: 0
Possible Round Score: 1
Possible Total: 855
Total Score: 135.99523809523808
Rank: 15.90587580061264
--------------------
Round Score: 0
Possible Round Score: 2
Possible Total: 857
Total Score: 135.99523809523808
Rank: 15.868755903761736
--------------------
Round Score: 0
Possible Round Score: 1
Possible Total: 858
Total Score: 135.99523809523808
Rank: 15.850260850260847
--------------------
Round Score: 0.6666666666666666
Possible Round Score: 2
Possible Total: 860
Total Score: 136.66190476190474
Rank: 15.890919158361017
--------------------
Round Score: 1
Possible Round Score: 2
Possible Total: 862
Total Score: 137.66190476190474
Rank: 15.970058557065514
--------------------
Round Score: 0
Possible Round Score: 1
Possible Total: 863
Total Score: 137.66190476190474
Rank: 15.951553274844118
--------------------
Round Score: 0
Possible Round Score: 1
Possible Total: 864
Total Score: 137.66190476190474
Rank: 15.93309082892416
--------------------
Round Score: 0
Possible Round Score: 1
Possible Total: 865
Total Score: 137.66190476190474
Rank: 15.914671070740432
--------------------
