Round Score: 0
Possible Round Score: 6
Possible Total: 6
Total Score: 0
Rank: 0
--------------------
Round Score: 1.25
Possible Round Score: 5
Possible Total: 11
Total Score: 1.25
Rank: 11.363636363636363
--------------------
Round Score: 0
Possible Round Score: 2
Possible Total: 13
Total Score: 1.25
Rank: 9.615384615384617
--------------------
Round Score: 0
Possible Round Score: 1
Possible Total: 14
Total Score: 1.25
Rank: 8.928571428571429
--------------------
Round Score: 0
Possible Round Score: 1
Possible Total: 15
Total Score: 1.25
Rank: 8.333333333333332
--------------------
Round Score: 0
Possible Round Score: 1
Possible Total: 16
Total Score: 1.25
Rank: 7.8125
--------------------
Round Score: 0
Possible Round Score: 3
Possible Total: 19
Total Score: 1.25
Rank: 6.578947368421052
--------------------
Round Score: 0.3333333333333333
Possible Round Score: 2
Possible Total: 21
Total Score: 1.5833333333333333
Rank: 7.5396825396825395
--------------------
Round Score: 2.333333333333333
Possible Round Score: 7
Possible Total: 28
Total Score: 3.916666666666666
Rank: 13.988095238095235
--------------------
Round Score: 0
Possible Round Score: 1
Possible Total: 29
Total Score: 3.916666666666666
Rank: 13.505747126436779
--------------------
Round Score: 0.6666666666666666
Possible Round Score: 2
Possible Total: 31
Total Score: 4.583333333333333
Rank: 14.784946236559138
--------------------
Round Score: 0
Possible Round Score: 2
Possible Total: 33
Total Score: 4.583333333333333
Rank: 13.888888888888888
--------------------
Round Score: 0
Possible Round Score: 1
Possible Total: 34
Total Score: 4.583333333333333
Rank: 13.480392156862745
--------------------
Round Score: 0.4
Possible Round Score: 2
Possible Total: 36
Total Score: 4.983333333333333
Rank: 13.842592592592592
--------------------
Round Score: 0
Possible Round Score: 1
Possible Total: 37
Total Score: 4.983333333333333
Rank: 13.468468468468469
--------------------
Round Score: 2
Possible Round Score: 4
Possible Total: 41
Total Score: 6.983333333333333
Rank: 17.03252032520325
--------------------
Round Score: 0
Possible Round Score: 1
Possible Total: 42
Total Score: 6.983333333333333
Rank: 16.626984126984127
--------------------
Round Score: 0
Possible Round Score: 1
Possible Total: 43
Total Score: 6.983333333333333
Rank: 16.24031007751938
--------------------
Round Score: 0
Possible Round Score: 3
Possible Total: 46
Total Score: 6.983333333333333
Rank: 15.181159420289855
--------------------
Round Score: 1
Possible Round Score: 4
Possible Total: 50
Total Score: 7.983333333333333
Rank: 15.966666666666669
--------------------
Round Score: 0
Possible Round Score: 1
Possible Total: 51
Total Score: 7.983333333333333
Rank: 15.65359477124183
--------------------
Round Score: 0
Possible Round Score: 1
Possible Total: 52
Total Score: 7.983333333333333
Rank: 15.352564102564104
--------------------
Round Score: 3.333333333333333
Possible Round Score: 5
Possible Total: 57
Total Score: 11.316666666666666
Rank: 19.853801169590643
--------------------
Round Score: 0.6666666666666666
Possible Round Score: 2
Possible Total: 59
Total Score: 11.983333333333333
Rank: 20.310734463276837
--------------------
Round Score: 0
Possible Round Score: 1
Possible Total: 60
Total Score: 11.983333333333333
Rank: 19.97222222222222
--------------------
Round Score: 0.75
Possible Round Score: 3
Possible Total: 63
Total Score: 12.733333333333333
Rank: 20.211640211640212
--------------------
Round Score: 1.5
Possible Round Score: 3
Possible Total: 66
Total Score: 14.233333333333333
Rank: 21.565656565656568
--------------------
Round Score: 0
Possible Round Score: 1
Possible Total: 67
Total Score: 14.233333333333333
Rank: 21.24378109452736
--------------------
Round Score: 0
Possible Round Score: 1
Possible Total: 68
Total Score: 14.233333333333333
Rank: 20.931372549019606
--------------------
Round Score: 0
Possible Round Score: 1
Possible Total: 69
Total Score: 14.233333333333333
Rank: 20.628019323671495
--------------------
Round Score: 0
Possible Round Score: 1
Possible Total: 70
Total Score: 14.233333333333333
Rank: 20.333333333333332
--------------------
Round Score: 0.4
Possible Round Score: 2
Possible Total: 72
Total Score: 14.633333333333333
Rank: 20.324074074074073
--------------------
Round Score: 0
Possible Round Score: 1
Possible Total: 73
Total Score: 14.633333333333333
Rank: 20.04566210045662
--------------------
Round Score: 0.6666666666666666
Possible Round Score: 2
Possible Total: 75
Total Score: 15.299999999999999
Rank: 20.4
--------------------
Round Score: 1.5
Possible Round Score: 3
Possible Total: 78
Total Score: 16.799999999999997
Rank: 21.538461538461533
--------------------
Round Score: 0
Possible Round Score: 1
Possible Total: 79
Total Score: 16.799999999999997
Rank: 21.265822784810123
--------------------
Round Score: 3
Possible Round Score: 6
Possible Total: 85
Total Score: 19.799999999999997
Rank: 23.29411764705882
--------------------
Round Score: 1
Possible Round Score: 2
Possible Total: 87
Total Score: 20.799999999999997
Rank: 23.90804597701149
--------------------
Round Score: 0
Possible Round Score: 1
Possible Total: 88
Total Score: 20.799999999999997
Rank: 23.636363636363633
--------------------
Round Score: 0
Possible Round Score: 1
Possible Total: 89
Total Score: 20.799999999999997
Rank: 23.37078651685393
--------------------
Round Score: 1.3333333333333333
Possible Round Score: 4
Possible Total: 93
Total Score: 22.13333333333333
Rank: 23.79928315412186
--------------------
Round Score: 0.6666666666666666
Possible Round Score: 2
Possible Total: 95
Total Score: 22.799999999999997
Rank: 23.999999999999996
--------------------
Round Score: 1.25
Possible Round Score: 5
Possible Total: 100
Total Score: 24.049999999999997
Rank: 24.049999999999997
--------------------
Round Score: 0
Possible Round Score: 1
Possible Total: 101
Total Score: 24.049999999999997
Rank: 23.811881188118807
--------------------
Round Score: 0.2857142857142857
Possible Round Score: 2
Possible Total: 103
Total Score: 24.335714285714282
Rank: 23.626907073509013
--------------------
Round Score: 0
Possible Round Score: 1
Possible Total: 104
Total Score: 24.335714285714282
Rank: 23.399725274725274
--------------------
Round Score: 2
Possible Round Score: 4
Possible Total: 108
Total Score: 26.335714285714282
Rank: 24.384920634920633
--------------------
Round Score: 0.6000000000000001
Possible Round Score: 3
Possible Total: 111
Total Score: 26.935714285714283
Rank: 24.266409266409266
--------------------
Round Score: 2
Possible Round Score: 4
Possible Total: 115
Total Score: 28.935714285714283
Rank: 25.161490683229808
--------------------
Round Score: 0.8571428571428571
Possible Round Score: 3
Possible Total: 118
Total Score: 29.79285714285714
Rank: 25.248184019370456
--------------------
Round Score: 0
Possible Round Score: 1
Possible Total: 119
Total Score: 29.79285714285714
Rank: 25.0360144057623
--------------------
Round Score: 0
Possible Round Score: 1
Possible Total: 120
Total Score: 29.79285714285714
Rank: 24.82738095238095
--------------------
Round Score: 0
Possible Round Score: 6
Possible Total: 126
Total Score: 29.79285714285714
Rank: 23.645124716553287
--------------------
Round Score: 1.5
Possible Round Score: 3
Possible Total: 129
Total Score: 31.29285714285714
Rank: 24.258028792912512
--------------------
Round Score: 0
Possible Round Score: 5
Possible Total: 134
Total Score: 31.29285714285714
Rank: 23.35287846481876
--------------------
Round Score: 0
Possible Round Score: 1
Possible Total: 135
Total Score: 31.29285714285714
Rank: 23.179894179894177
--------------------
Round Score: 0.5
Possible Round Score: 2
Possible Total: 137
Total Score: 31.79285714285714
Rank: 23.206465067778936
--------------------
Round Score: 0.6666666666666666
Possible Round Score: 2
Possible Total: 139
Total Score: 32.45952380952381
Rank: 23.352175402535114
--------------------
Round Score: 0.5
Possible Round Score: 3
Possible Total: 142
Total Score: 32.95952380952381
Rank: 23.210932260228034
--------------------
Round Score: 0
Possible Round Score: 2
Possible Total: 144
Total Score: 32.95952380952381
Rank: 22.888558201058203
--------------------
Round Score: 0
Possible Round Score: 3
Possible Total: 147
Total Score: 32.95952380952381
Rank: 22.421444768383544
--------------------
Round Score: 0
Possible Round Score: 1
Possible Total: 148
Total Score: 32.95952380952381
Rank: 22.269948519948517
--------------------
Round Score: 1.1428571428571428
Possible Round Score: 4
Possible Total: 152
Total Score: 34.102380952380955
Rank: 22.435776942355893
--------------------
Round Score: 0
Possible Round Score: 6
Possible Total: 158
Total Score: 34.102380952380955
Rank: 21.58378541289934
--------------------
Round Score: 0
Possible Round Score: 1
Possible Total: 159
Total Score: 34.102380952380955
Rank: 21.448038334830787
--------------------
Round Score: 3
Possible Round Score: 6
Possible Total: 165
Total Score: 37.102380952380955
Rank: 22.48629148629149
--------------------
Round Score: 0
Possible Round Score: 1
Possible Total: 166
Total Score: 37.102380952380955
Rank: 22.35083189902467
--------------------
Round Score: 0
Possible Round Score: 1
Possible Total: 167
Total Score: 37.102380952380955
Rank: 22.216994582264043
--------------------
Round Score: 0.4
Possible Round Score: 2
Possible Total: 169
Total Score: 37.50238095238095
Rank: 22.19075795998873
--------------------
Round Score: 1.75
Possible Round Score: 7
Possible Total: 176
Total Score: 39.25238095238095
Rank: 22.30248917748918
--------------------
Round Score: 0
Possible Round Score: 1
Possible Total: 177
Total Score: 39.25238095238095
Rank: 22.176486413774548
--------------------
Round Score: 0
Possible Round Score: 2
Possible Total: 179
Total Score: 39.25238095238095
Rank: 21.928704442670924
--------------------
Round Score: 0
Possible Round Score: 1
Possible Total: 180
Total Score: 39.25238095238095
Rank: 21.806878306878307
--------------------
Round Score: 0
Possible Round Score: 1
Possible Total: 181
Total Score: 39.25238095238095
Rank: 21.686398316232573
--------------------
Round Score: 1
Possible Round Score: 3
Possible Total: 184
Total Score: 40.25238095238095
Rank: 21.876293995859214
--------------------
Round Score: 0
Possible Round Score: 2
Possible Total: 186
Total Score: 40.25238095238095
Rank: 21.6410650281618
--------------------
Round Score: 0.5
Possible Round Score: 2
Possible Total: 188
Total Score: 40.75238095238095
Rank: 21.676798378926037
--------------------
Round Score: 0
Possible Round Score: 2
Possible Total: 190
Total Score: 40.75238095238095
Rank: 21.44862155388471
--------------------
Round Score: 0
Possible Round Score: 2
Possible Total: 192
Total Score: 40.75238095238095
Rank: 21.22519841269841
--------------------
Round Score: 1.3333333333333333
Possible Round Score: 4
Possible Total: 196
Total Score: 42.08571428571429
Rank: 21.472303206997086
--------------------
Round Score: 0
Possible Round Score: 1
Possible Total: 197
Total Score: 42.08571428571429
Rank: 21.363306744017404
--------------------
Round Score: 0
Possible Round Score: 1
Possible Total: 198
Total Score: 42.08571428571429
Rank: 21.255411255411257
--------------------
Round Score: 0
Possible Round Score: 1
Possible Total: 199
Total Score: 42.08571428571429
Rank: 21.14860014357502
--------------------
Round Score: 0
Possible Round Score: 3
Possible Total: 202
Total Score: 42.08571428571429
Rank: 20.834512022630836
--------------------
Round Score: 0
Possible Round Score: 10
Possible Total: 212
Total Score: 42.08571428571429
Rank: 19.851752021563343
--------------------
Round Score: 0.2857142857142857
Possible Round Score: 2
Possible Total: 214
Total Score: 42.371428571428574
Rank: 19.799732977303073
--------------------
Round Score: 0
Possible Round Score: 2
Possible Total: 216
Total Score: 42.371428571428574
Rank: 19.616402116402117
--------------------
Round Score: 0.2857142857142857
Possible Round Score: 2
Possible Total: 218
Total Score: 42.65714285714286
Rank: 19.567496723460025
--------------------
Round Score: 0.5
Possible Round Score: 2
Possible Total: 220
Total Score: 43.15714285714286
Rank: 19.61688311688312
--------------------
Round Score: 0
Possible Round Score: 1
Possible Total: 221
Total Score: 43.15714285714286
Rank: 19.528118939883647
--------------------
Round Score: 1
Possible Round Score: 3
Possible Total: 224
Total Score: 44.15714285714286
Rank: 19.713010204081634
--------------------
Round Score: 0
Possible Round Score: 1
Possible Total: 225
Total Score: 44.15714285714286
Rank: 19.625396825396827
--------------------
Round Score: 0
Possible Round Score: 1
Possible Total: 226
Total Score: 44.15714285714286
Rank: 19.538558786346396
--------------------
Round Score: 0
Possible Round Score: 1
Possible Total: 227
Total Score: 44.15714285714286
Rank: 19.452485840151038
--------------------
Round Score: 0
Possible Round Score: 2
Possible Total: 229
Total Score: 44.15714285714286
Rank: 19.28259513412352
--------------------
Round Score: 0
Possible Round Score: 1
Possible Total: 230
Total Score: 44.15714285714286
Rank: 19.198757763975156
--------------------
Round Score: 0.8888888888888888
Possible Round Score: 4
Possible Total: 234
Total Score: 45.046031746031744
Rank: 19.250440917107582
--------------------
Round Score: 0.8571428571428571
Possible Round Score: 3
Possible Total: 237
Total Score: 45.9031746031746
Rank: 19.368428102605314
--------------------
Round Score: 0
Possible Round Score: 2
Possible Total: 239
Total Score: 45.9031746031746
Rank: 19.206349206349206
--------------------
Round Score: 0
Possible Round Score: 3
Possible Total: 242
Total Score: 45.9031746031746
Rank: 18.96825396825397
--------------------
Round Score: 1.6666666666666665
Possible Round Score: 5
Possible Total: 247
Total Score: 47.56984126984126
Rank: 19.25904504851873
--------------------
Round Score: 0
Possible Round Score: 3
Possible Total: 250
Total Score: 47.56984126984126
Rank: 19.027936507936506
--------------------
Round Score: 1.5
Possible Round Score: 3
Possible Total: 253
Total Score: 49.06984126984126
Rank: 19.39519417780287
--------------------
Round Score: 0
Possible Round Score: 1
Possible Total: 254
Total Score: 49.06984126984126
Rank: 19.318835145606798
--------------------
Round Score: 0
Possible Round Score: 1
Possible Total: 255
Total Score: 49.06984126984126
Rank: 19.243075007780888
--------------------
Round Score: 0
Possible Round Score: 1
Possible Total: 256
Total Score: 49.06984126984126
Rank: 19.167906746031743
--------------------
Round Score: 0
Possible Round Score: 1
Possible Total: 257
Total Score: 49.06984126984126
Rank: 19.0933234513001
--------------------
Round Score: 0
Possible Round Score: 1
Possible Total: 258
Total Score: 49.06984126984126
Rank: 19.0193183216439
--------------------
Round Score: 0
Possible Round Score: 1
Possible Total: 259
Total Score: 49.06984126984126
Rank: 18.94588466017037
--------------------
Round Score: 7.5
Possible Round Score: 10
Possible Total: 269
Total Score: 56.56984126984126
Rank: 21.029680769457716
--------------------
Round Score: 0.5
Possible Round Score: 2
Possible Total: 271
Total Score: 57.06984126984126
Rank: 21.05898201839161
--------------------
Round Score: 0
Possible Round Score: 1
Possible Total: 272
Total Score: 57.06984126984126
Rank: 20.98155929038282
--------------------
Round Score: 0.5714285714285714
Possible Round Score: 4
Possible Total: 276
Total Score: 57.64126984126983
Rank: 20.884518058431098
--------------------
Round Score: 0
Possible Round Score: 1
Possible Total: 277
Total Score: 57.64126984126983
Rank: 20.809122686379
--------------------
Round Score: 0
Possible Round Score: 1
Possible Total: 278
Total Score: 57.64126984126983
Rank: 20.73426972707548
--------------------
Round Score: 0
Possible Round Score: 2
Possible Total: 280
Total Score: 57.64126984126983
Rank: 20.586167800453513
--------------------
Round Score: 0
Possible Round Score: 2
Possible Total: 282
Total Score: 57.64126984126983
Rank: 20.44016661037937
--------------------
Round Score: 1
Possible Round Score: 4
Possible Total: 286
Total Score: 58.64126984126983
Rank: 20.503940503940502
--------------------
Round Score: 0.5
Possible Round Score: 3
Possible Total: 289
Total Score: 59.14126984126983
Rank: 20.464107211512054
--------------------
Round Score: 0.75
Possible Round Score: 3
Possible Total: 292
Total Score: 59.89126984126983
Rank: 20.510708849749943
--------------------
Round Score: 0
Possible Round Score: 2
Possible Total: 294
Total Score: 59.89126984126983
Rank: 20.37118021811899
--------------------
Round Score: 0
Possible Round Score: 1
Possible Total: 295
Total Score: 59.89126984126983
Rank: 20.302125369921978
--------------------
Round Score: 0
Possible Round Score: 4
Possible Total: 299
Total Score: 59.89126984126983
Rank: 20.03052503052503
--------------------
Round Score: 0
Possible Round Score: 1
Possible Total: 300
Total Score: 59.89126984126983
Rank: 19.963756613756612
--------------------
Round Score: 0
Possible Round Score: 1
Possible Total: 301
Total Score: 59.89126984126983
Rank: 19.897431840953434
--------------------
Round Score: 0
Possible Round Score: 1
Possible Total: 302
Total Score: 59.89126984126983
Rank: 19.831546305056236
--------------------
Round Score: 0
Possible Round Score: 1
Possible Total: 303
Total Score: 59.89126984126983
Rank: 19.766095657184763
--------------------
Round Score: 0
Possible Round Score: 4
Possible Total: 307
Total Score: 59.89126984126983
Rank: 19.50855695155369
--------------------
Round Score: 0
Possible Round Score: 6
Possible Total: 313
Total Score: 59.89126984126983
Rank: 19.134591003600583
--------------------
Round Score: 2
Possible Round Score: 5
Possible Total: 318
Total Score: 61.89126984126983
Rank: 19.46266347209743
--------------------
Round Score: 0
Possible Round Score: 1
Possible Total: 319
Total Score: 61.89126984126983
Rank: 19.40165198785888
--------------------
Round Score: 1
Possible Round Score: 2
Possible Total: 321
Total Score: 62.89126984126983
Rank: 19.592295900707114
--------------------
Round Score: 0.5
Possible Round Score: 3
Possible Total: 324
Total Score: 63.39126984126983
Rank: 19.565206741132666
--------------------
Round Score: 0
Possible Round Score: 1
Possible Total: 325
Total Score: 63.39126984126983
Rank: 19.5050061050061
--------------------
Round Score: 0
Possible Round Score: 2
Possible Total: 327
Total Score: 63.39126984126983
Rank: 19.385709431580988
--------------------
Round Score: 2
Possible Round Score: 4
Possible Total: 331
Total Score: 65.39126984126983
Rank: 19.755670646909316
--------------------
Round Score: 0
Possible Round Score: 1
Possible Total: 332
Total Score: 65.39126984126983
Rank: 19.69616561484031
--------------------
Round Score: 0
Possible Round Score: 4
Possible Total: 336
Total Score: 65.39126984126983
Rank: 19.461687452758877
--------------------
Round Score: 1.6
Possible Round Score: 4
Possible Total: 340
Total Score: 66.99126984126983
Rank: 19.70331465919701
--------------------
Round Score: 0
Possible Round Score: 2
Possible Total: 342
Total Score: 66.99126984126983
Rank: 19.58809059686252
--------------------
Round Score: 1
Possible Round Score: 3
Possible Total: 345
Total Score: 67.99126984126983
Rank: 19.707614446744877
--------------------
Round Score: 1.7142857142857142
Possible Round Score: 6
Possible Total: 351
Total Score: 69.70555555555553
Rank: 19.85913263691041
--------------------
Round Score: 0.6666666666666666
Possible Round Score: 2
Possible Total: 353
Total Score: 70.3722222222222
Rank: 19.935473717343402
--------------------
Round Score: 0
Possible Round Score: 1
Possible Total: 354
Total Score: 70.3722222222222
Rank: 19.879158819836782
--------------------
Round Score: 0
Possible Round Score: 3
Possible Total: 357
Total Score: 70.3722222222222
Rank: 19.712107065048237
--------------------
Round Score: 1.3333333333333333
Possible Round Score: 4
Possible Total: 361
Total Score: 71.70555555555553
Rank: 19.86303477993228
--------------------
Round Score: 1.25
Possible Round Score: 5
Possible Total: 366
Total Score: 72.95555555555553
Rank: 19.93321190042501
--------------------
Round Score: 0
Possible Round Score: 1
Possible Total: 367
Total Score: 72.95555555555553
Rank: 19.87889797154102
--------------------
Round Score: 1.2000000000000002
Possible Round Score: 3
Possible Total: 370
Total Score: 74.15555555555554
Rank: 20.042042042042038
--------------------
Round Score: 1.5
Possible Round Score: 3
Possible Total: 373
Total Score: 75.65555555555554
Rank: 20.282990765564488
--------------------
Round Score: 0
Possible Round Score: 1
Possible Total: 374
Total Score: 75.65555555555554
Rank: 20.228758169934636
--------------------
Round Score: 0
Possible Round Score: 1
Possible Total: 375
Total Score: 75.65555555555554
Rank: 20.17481481481481
--------------------
Round Score: 0
Possible Round Score: 3
Possible Total: 378
Total Score: 75.65555555555554
Rank: 20.014697236919453
--------------------
Round Score: 0
Possible Round Score: 1
Possible Total: 379
Total Score: 75.65555555555554
Rank: 19.961888009381408
--------------------
Round Score: 0
Possible Round Score: 1
Possible Total: 380
Total Score: 75.65555555555554
Rank: 19.909356725146193
--------------------
Round Score: 0
Possible Round Score: 1
Possible Total: 381
Total Score: 75.65555555555554
Rank: 19.857101195683867
--------------------
Round Score: 0
Possible Round Score: 1
Possible Total: 382
Total Score: 75.65555555555554
Rank: 19.805119255381033
--------------------
Round Score: 0.8
Possible Round Score: 4
Possible Total: 386
Total Score: 76.45555555555553
Rank: 19.807138744962575
--------------------
Round Score: 0
Possible Round Score: 1
Possible Total: 387
Total Score: 76.45555555555553
Rank: 19.755957507895484
--------------------
Round Score: 0
Possible Round Score: 1
Possible Total: 388
Total Score: 76.45555555555553
Rank: 19.705040091638022
--------------------
Round Score: 0
Possible Round Score: 1
Possible Total: 389
Total Score: 76.45555555555553
Rank: 19.6543844615824
--------------------
Round Score: 0
Possible Round Score: 2
Possible Total: 391
Total Score: 76.45555555555553
Rank: 19.55385052571753
--------------------
Round Score: 0
Possible Round Score: 1
Possible Total: 392
Total Score: 76.45555555555553
Rank: 19.50396825396825
--------------------
Round Score: 0
Possible Round Score: 1
Possible Total: 393
Total Score: 76.45555555555553
Rank: 19.45433983601922
--------------------
Round Score: 0
Possible Round Score: 2
Possible Total: 395
Total Score: 76.45555555555553
Rank: 19.355836849507728
--------------------
Round Score: 0
Possible Round Score: 2
Possible Total: 397
Total Score: 76.45555555555553
Rank: 19.258326336411972
--------------------
Round Score: 0
Possible Round Score: 1
Possible Total: 398
Total Score: 76.45555555555553
Rank: 19.20993858179787
--------------------
Round Score: 0
Possible Round Score: 1
Possible Total: 399
Total Score: 76.45555555555553
Rank: 19.161793372319682
--------------------
Round Score: 0.5
Possible Round Score: 3
Possible Total: 402
Total Score: 76.95555555555553
Rank: 19.143173023770032
--------------------
Round Score: 0
Possible Round Score: 1
Possible Total: 403
Total Score: 76.95555555555553
Rank: 19.095671353735867
--------------------
Round Score: 0
Possible Round Score: 1
Possible Total: 404
Total Score: 76.95555555555553
Rank: 19.048404840484043
--------------------
Round Score: 2.8000000000000003
Possible Round Score: 7
Possible Total: 411
Total Score: 79.75555555555553
Rank: 19.405244660719106
--------------------
Round Score: 0
Possible Round Score: 1
Possible Total: 412
Total Score: 79.75555555555553
Rank: 19.358144552319303
--------------------
Round Score: 0
Possible Round Score: 1
Possible Total: 413
Total Score: 79.75555555555553
Rank: 19.311272531611507
--------------------
Round Score: 0
Possible Round Score: 1
Possible Total: 414
Total Score: 79.75555555555553
Rank: 19.264626945786357
--------------------
Round Score: 0
Possible Round Score: 1
Possible Total: 415
Total Score: 79.75555555555553
Rank: 19.218206157965188
--------------------
Round Score: 0
Possible Round Score: 2
Possible Total: 417
Total Score: 79.75555555555553
Rank: 19.126032507327466
--------------------
Round Score: 0.6666666666666666
Possible Round Score: 2
Possible Total: 419
Total Score: 80.4222222222222
Rank: 19.193847785733222
--------------------
Round Score: 1.6666666666666665
Possible Round Score: 5
Possible Total: 424
Total Score: 82.08888888888887
Rank: 19.360587002096434
--------------------
Round Score: 0
Possible Round Score: 1
Possible Total: 425
Total Score: 82.08888888888887
Rank: 19.315032679738557
--------------------
Round Score: 0
Possible Round Score: 4
Possible Total: 429
Total Score: 82.08888888888887
Rank: 19.13493913493913
--------------------
Round Score: 0
Possible Round Score: 1
Possible Total: 430
Total Score: 82.08888888888887
Rank: 19.090439276485785
--------------------
Round Score: 1.5
Possible Round Score: 3
Possible Total: 433
Total Score: 83.58888888888887
Rank: 19.304593276879647
--------------------
Round Score: 0.6666666666666666
Possible Round Score: 2
Possible Total: 435
Total Score: 84.25555555555555
Rank: 19.369093231162193
--------------------
Round Score: 1.5
Possible Round Score: 3
Possible Total: 438
Total Score: 85.75555555555555
Rank: 19.578893962455606
--------------------
Round Score: 0.6666666666666666
Possible Round Score: 2
Possible Total: 440
Total Score: 86.42222222222222
Rank: 19.641414141414142
--------------------
Round Score: 0
Possible Round Score: 1
Possible Total: 441
Total Score: 86.42222222222222
Rank: 19.596875787351976
--------------------
Round Score: 0
Possible Round Score: 1
Possible Total: 442
Total Score: 86.42222222222222
Rank: 19.55253896430367
--------------------
Round Score: 0
Possible Round Score: 1
Possible Total: 443
Total Score: 86.42222222222222
Rank: 19.508402307499374
--------------------
Round Score: 1
Possible Round Score: 3
Possible Total: 446
Total Score: 87.42222222222222
Rank: 19.601395117090185
--------------------
Round Score: 4
Possible Round Score: 6
Possible Total: 452
Total Score: 91.42222222222222
Rank: 20.22615535889872
--------------------
Round Score: 1.3333333333333333
Possible Round Score: 4
Possible Total: 456
Total Score: 92.75555555555555
Rank: 20.341130604288495
--------------------
Round Score: 0
Possible Round Score: 1
Possible Total: 457
Total Score: 92.75555555555555
Rank: 20.296620471675176
--------------------
Round Score: 0
Possible Round Score: 2
Possible Total: 459
Total Score: 92.75555555555555
Rank: 20.208182038247397
--------------------
Round Score: 0
Possible Round Score: 2
Possible Total: 461
Total Score: 92.75555555555555
Rank: 20.12051096649795
--------------------
Round Score: 0
Possible Round Score: 1
Possible Total: 462
Total Score: 92.75555555555555
Rank: 20.076960076960074
--------------------
Round Score: 0.6666666666666666
Possible Round Score: 2
Possible Total: 464
Total Score: 93.42222222222222
Rank: 20.134099616858236
--------------------
Round Score: 0
Possible Round Score: 1
Possible Total: 465
Total Score: 93.42222222222222
Rank: 20.09080047789725
--------------------
Round Score: 0
Possible Round Score: 1
Possible Total: 466
Total Score: 93.42222222222222
Rank: 20.04768717215069
--------------------
Round Score: 0
Possible Round Score: 1
Possible Total: 467
Total Score: 93.42222222222222
Rank: 20.004758505829166
--------------------
Round Score: 0
Possible Round Score: 1
Possible Total: 468
Total Score: 93.42222222222222
Rank: 19.96201329534663
--------------------
Round Score: 0.5
Possible Round Score: 2
Possible Total: 470
Total Score: 93.92222222222222
Rank: 19.983451536643024
--------------------
Round Score: 0.6666666666666666
Possible Round Score: 2
Possible Total: 472
Total Score: 94.58888888888889
Rank: 20.040018832391716
--------------------
Round Score: 2
Possible Round Score: 5
Possible Total: 477
Total Score: 96.58888888888889
Rank: 20.249242953645467
--------------------
Round Score: 0
Possible Round Score: 1
Possible Total: 478
Total Score: 96.58888888888889
Rank: 20.206880520688053
--------------------
Round Score: 0
Possible Round Score: 3
Possible Total: 481
Total Score: 96.58888888888889
Rank: 20.08085008085008
--------------------
Round Score: 0
Possible Round Score: 1
Possible Total: 482
Total Score: 96.58888888888889
Rank: 20.03918856615952
--------------------
Round Score: 0
Possible Round Score: 2
Possible Total: 484
Total Score: 96.58888888888889
Rank: 19.95638200183655
--------------------
Round Score: 0.6666666666666666
Possible Round Score: 2
Possible Total: 486
Total Score: 97.25555555555556
Rank: 20.01143118427069
--------------------
Round Score: 0
Possible Round Score: 1
Possible Total: 487
Total Score: 97.25555555555556
Rank: 19.97033994980607
--------------------
Round Score: 1
Possible Round Score: 4
Possible Total: 491
Total Score: 98.25555555555556
Rank: 20.011314777098892
--------------------
Round Score: 0.5
Possible Round Score: 2
Possible Total: 493
Total Score: 98.75555555555556
Rank: 20.03155285102547
--------------------
Round Score: 1.5
Possible Round Score: 3
Possible Total: 496
Total Score: 100.25555555555556
Rank: 20.212813620071685
--------------------
Round Score: 0
Possible Round Score: 2
Possible Total: 498
Total Score: 100.25555555555556
Rank: 20.131637661758145
--------------------
Round Score: 1
Possible Round Score: 3
Possible Total: 501
Total Score: 101.25555555555556
Rank: 20.210689731647815
--------------------
Round Score: 0.6000000000000001
Possible Round Score: 3
Possible Total: 504
Total Score: 101.85555555555555
Rank: 20.209435626102294
--------------------
Round Score: 0
Possible Round Score: 1
Possible Total: 505
Total Score: 101.85555555555555
Rank: 20.16941694169417
--------------------
Round Score: 0
Possible Round Score: 2
Possible Total: 507
Total Score: 101.85555555555555
Rank: 20.089853166776244
--------------------
Round Score: 0
Possible Round Score: 1
Possible Total: 508
Total Score: 101.85555555555555
Rank: 20.050306211723534
--------------------
Round Score: 0
Possible Round Score: 1
Possible Total: 509
Total Score: 101.85555555555555
Rank: 20.010914647456886
--------------------
Round Score: 2.333333333333333
Possible Round Score: 7
Possible Total: 516
Total Score: 104.18888888888888
Rank: 20.1916451335056
--------------------
Round Score: 0
Possible Round Score: 1
Possible Total: 517
Total Score: 104.18888888888888
Rank: 20.15258972705781
--------------------
Round Score: 3.333333333333333
Possible Round Score: 5
Possible Total: 522
Total Score: 107.52222222222221
Rank: 20.598126862494677
--------------------
Round Score: 3.333333333333333
Possible Round Score: 5
Possible Total: 527
Total Score: 110.85555555555554
Rank: 21.035209782837864
--------------------
Round Score: 0.6666666666666666
Possible Round Score: 2
Possible Total: 529
Total Score: 111.52222222222221
Rank: 21.081705524049568
--------------------
Round Score: 0
Possible Round Score: 3
Possible Total: 532
Total Score: 111.52222222222221
Rank: 20.962823725981618
--------------------
Round Score: 0
Possible Round Score: 2
Possible Total: 534
Total Score: 111.52222222222221
Rank: 20.884311277569704
--------------------
Round Score: 0
Possible Round Score: 1
Possible Total: 535
Total Score: 111.52222222222221
Rank: 20.84527518172378
--------------------
Round Score: 0
Possible Round Score: 1
Possible Total: 536
Total Score: 111.52222222222221
Rank: 20.806384742951906
--------------------
Round Score: 1.5
Possible Round Score: 6
Possible Total: 542
Total Score: 113.02222222222221
Rank: 20.85280852808528
--------------------
Round Score: 0
Possible Round Score: 1
Possible Total: 543
Total Score: 113.02222222222221
Rank: 20.814405565786778
--------------------
Round Score: 0
Possible Round Score: 1
Possible Total: 544
Total Score: 113.02222222222221
Rank: 20.776143790849673
--------------------
Round Score: 0
Possible Round Score: 1
Possible Total: 545
Total Score: 113.02222222222221
Rank: 20.738022426095817
--------------------
Round Score: 0
Possible Round Score: 1
Possible Total: 546
Total Score: 113.02222222222221
Rank: 20.7000407000407
--------------------
Round Score: 0
Possible Round Score: 2
Possible Total: 548
Total Score: 113.02222222222221
Rank: 20.62449310624493
--------------------
Round Score: 0
Possible Round Score: 1
Possible Total: 549
Total Score: 113.02222222222221
Rank: 20.586925723537743
--------------------
Round Score: 0
Possible Round Score: 3
Possible Total: 552
Total Score: 113.02222222222221
Rank: 20.475040257648953
--------------------
Round Score: 0
Possible Round Score: 1
Possible Total: 553
Total Score: 113.02222222222221
Rank: 20.438014868394614
--------------------
Round Score: 0
Possible Round Score: 2
Possible Total: 555
Total Score: 113.02222222222221
Rank: 20.364364364364363
--------------------
Round Score: 3.2
Possible Round Score: 8
Possible Total: 563
Total Score: 116.22222222222221
Rank: 20.643378725083874
--------------------
Round Score: 0
Possible Round Score: 1
Possible Total: 564
Total Score: 116.22222222222221
Rank: 20.606776989755712
--------------------
Round Score: 0.6000000000000001
Possible Round Score: 3
Possible Total: 567
Total Score: 116.82222222222221
Rank: 20.603566529492454
--------------------
Round Score: 3.333333333333333
Possible Round Score: 5
Possible Total: 572
Total Score: 120.15555555555554
Rank: 21.006216006216004
--------------------
Round Score: 1.6666666666666665
Possible Round Score: 5
Possible Total: 577
Total Score: 121.82222222222221
Rank: 21.113036780281146
--------------------
Round Score: 0
Possible Round Score: 1
Possible Total: 578
Total Score: 121.82222222222221
Rank: 21.07650903498654
--------------------
Round Score: 0
Possible Round Score: 1
Possible Total: 579
Total Score: 121.82222222222221
Rank: 21.04010746497793
--------------------
Round Score: 0
Possible Round Score: 1
Possible Total: 580
Total Score: 121.82222222222221
Rank: 21.003831417624518
--------------------
Round Score: 0
Possible Round Score: 2
Possible Total: 582
Total Score: 121.82222222222221
Rank: 20.93165330278732
--------------------
Round Score: 0
Possible Round Score: 1
Possible Total: 583
Total Score: 121.82222222222221
Rank: 20.89574995235372
--------------------
Round Score: 0
Possible Round Score: 1
Possible Total: 584
Total Score: 121.82222222222221
Rank: 20.85996955859969
--------------------
Round Score: 0
Possible Round Score: 2
Possible Total: 586
Total Score: 121.82222222222221
Rank: 20.78877512324611
--------------------
Round Score: 0
Possible Round Score: 2
Possible Total: 588
Total Score: 121.82222222222221
Rank: 20.718065003779287
--------------------
Round Score: 0
Possible Round Score: 1
Possible Total: 589
Total Score: 121.82222222222221
Rank: 20.6828900207508
--------------------
Round Score: 0
Possible Round Score: 10
Possible Total: 599
Total Score: 121.82222222222221
Rank: 20.33759970320905
--------------------
Round Score: 2
Possible Round Score: 4
Possible Total: 603
Total Score: 123.82222222222221
Rank: 20.534365210982124
--------------------
Round Score: 4.800000000000001
Possible Round Score: 6
Possible Total: 609
Total Score: 128.6222222222222
Rank: 21.12023353402663
--------------------
Round Score: 0
Possible Round Score: 3
Possible Total: 612
Total Score: 128.6222222222222
Rank: 21.016702977487288
--------------------
Round Score: 0
Possible Round Score: 1
Possible Total: 613
Total Score: 128.6222222222222
Rank: 20.982417980786657
--------------------
Round Score: 0
Possible Round Score: 1
Possible Total: 614
Total Score: 128.6222222222222
Rank: 20.94824466159971
--------------------
Round Score: 0
Possible Round Score: 1
Possible Total: 615
Total Score: 128.6222222222222
Rank: 20.914182475158082
--------------------
Round Score: 0
Possible Round Score: 1
Possible Total: 616
Total Score: 128.6222222222222
Rank: 20.880230880230876
--------------------
Round Score: 0
Possible Round Score: 2
Possible Total: 618
Total Score: 128.6222222222222
Rank: 20.812657317511686
--------------------
Round Score: 1.5
Possible Round Score: 3
Possible Total: 621
Total Score: 130.1222222222222
Rank: 20.95365897298264
--------------------
Round Score: 0
Possible Round Score: 1
Possible Total: 622
Total Score: 130.1222222222222
Rank: 20.919971418363698
--------------------
Round Score: 0
Possible Round Score: 1
Possible Total: 623
Total Score: 130.1222222222222
Rank: 20.88639200998751
--------------------
Round Score: 0
Possible Round Score: 1
Possible Total: 624
Total Score: 130.1222222222222
Rank: 20.852920227920222
--------------------
Round Score: 0
Possible Round Score: 1
Possible Total: 625
Total Score: 130.1222222222222
Rank: 20.819555555555553
--------------------
Round Score: 0.75
Possible Round Score: 3
Possible Total: 628
Total Score: 130.8722222222222
Rank: 20.839525831564046
--------------------
Round Score: 0
Possible Round Score: 1
Possible Total: 629
Total Score: 130.8722222222222
Rank: 20.80639462992404
--------------------
Round Score: 0
Possible Round Score: 1
Possible Total: 630
Total Score: 130.8722222222222
Rank: 20.773368606701936
--------------------
Round Score: 0
Possible Round Score: 1
Possible Total: 631
Total Score: 130.8722222222222
Rank: 20.740447261841872
--------------------
Round Score: 0
Possible Round Score: 1
Possible Total: 632
Total Score: 130.8722222222222
Rank: 20.70763009845288
--------------------
Round Score: 0.2222222222222222
Possible Round Score: 2
Possible Total: 634
Total Score: 131.09444444444443
Rank: 20.677357167893444
--------------------
Round Score: 0.4
Possible Round Score: 2
Possible Total: 636
Total Score: 131.49444444444444
Rank: 20.67522711390636
--------------------
Round Score: 5.5
Possible Round Score: 11
Possible Total: 647
Total Score: 136.99444444444444
Rank: 21.173793577193887
--------------------
Round Score: 0.5
Possible Round Score: 2
Possible Total: 649
Total Score: 137.49444444444444
Rank: 21.18558466016093
--------------------
Round Score: 0
Possible Round Score: 1
Possible Total: 650
Total Score: 137.49444444444444
Rank: 21.15299145299145
--------------------
Round Score: 0.8571428571428571
Possible Round Score: 3
Possible Total: 653
Total Score: 138.3515873015873
Rank: 21.187073093658086
--------------------
Round Score: 0
Possible Round Score: 3
Possible Total: 656
Total Score: 138.3515873015873
Rank: 21.090180991095625
--------------------
Round Score: 0.4
Possible Round Score: 2
Possible Total: 658
Total Score: 138.7515873015873
Rank: 21.086867371061903
--------------------
Round Score: 0
Possible Round Score: 2
Possible Total: 660
Total Score: 138.7515873015873
Rank: 21.022967772967775
--------------------
Round Score: 0
Possible Round Score: 1
Possible Total: 661
Total Score: 138.7515873015873
Rank: 20.991162980572966
--------------------
Round Score: 0
Possible Round Score: 1
Possible Total: 662
Total Score: 138.7515873015873
Rank: 20.959454275164248
--------------------
Round Score: 0
Possible Round Score: 2
Possible Total: 664
Total Score: 138.7515873015873
Rank: 20.89632338879327
--------------------
Round Score: 0
Possible Round Score: 1
Possible Total: 665
Total Score: 138.7515873015873
Rank: 20.864900346103354
--------------------
Round Score: 1.5
Possible Round Score: 3
Possible Total: 668
Total Score: 140.2515873015873
Rank: 20.995746602034025
--------------------
Round Score: 0
Possible Round Score: 1
Possible Total: 669
Total Score: 140.2515873015873
Rank: 20.964362825349372
--------------------
Round Score: 0
Possible Round Score: 1
Possible Total: 670
Total Score: 140.2515873015873
Rank: 20.933072731580197
--------------------
Round Score: 0
Possible Round Score: 3
Possible Total: 673
Total Score: 140.2515873015873
Rank: 20.83976037170688
--------------------
Round Score: 2.6666666666666665
Possible Round Score: 8
Possible Total: 681
Total Score: 142.91825396825396
Rank: 20.986527748642285
--------------------
Round Score: 0
Possible Round Score: 8
Possible Total: 689
Total Score: 142.91825396825396
Rank: 20.742852535305364
--------------------
Round Score: 0
Possible Round Score: 1
Possible Total: 690
Total Score: 142.91825396825396
Rank: 20.712790430181734
--------------------
Round Score: 0
Possible Round Score: 3
Possible Total: 693
Total Score: 142.91825396825396
Rank: 20.623124670743717
--------------------
Round Score: 0
Possible Round Score: 1
Possible Total: 694
Total Score: 142.91825396825396
Rank: 20.593408352774347
--------------------
Round Score: 0
Possible Round Score: 1
Possible Total: 695
Total Score: 142.91825396825396
Rank: 20.56377754938906
--------------------
Round Score: 0.6666666666666666
Possible Round Score: 2
Possible Total: 697
Total Score: 143.58492063492062
Rank: 20.600419029400378
--------------------
Round Score: 2.6666666666666665
Possible Round Score: 8
Possible Total: 705
Total Score: 146.25158730158728
Rank: 20.744906000225146
--------------------
Round Score: 0.6666666666666666
Possible Round Score: 2
Possible Total: 707
Total Score: 146.91825396825394
Rank: 20.78051682719292
--------------------
Round Score: 0
Possible Round Score: 1
Possible Total: 708
Total Score: 146.91825396825394
Rank: 20.75116581472513
--------------------
Round Score: 1.25
Possible Round Score: 5
Possible Total: 713
Total Score: 148.16825396825394
Rank: 20.780961285870116
--------------------
Round Score: 0.42857142857142855
Possible Round Score: 3
Possible Total: 716
Total Score: 148.59682539682535
Rank: 20.753746563802423
--------------------
Round Score: 0
Possible Round Score: 1
Possible Total: 717
Total Score: 148.59682539682535
Rank: 20.724801310575362
--------------------
Round Score: 0
Possible Round Score: 1
Possible Total: 718
Total Score: 148.59682539682535
Rank: 20.695936684794617
--------------------
Round Score: 1.2000000000000002
Possible Round Score: 3
Possible Total: 721
Total Score: 149.79682539682534
Rank: 20.77625872355414
--------------------
Round Score: 0
Possible Round Score: 1
Possible Total: 722
Total Score: 149.79682539682534
Rank: 20.74748274194257
--------------------
Round Score: 0
Possible Round Score: 2
Possible Total: 724
Total Score: 149.79682539682534
Rank: 20.690169253705157
--------------------
Round Score: 0
Possible Round Score: 1
Possible Total: 725
Total Score: 149.79682539682534
Rank: 20.661631089217288
--------------------
Round Score: 1.5
Possible Round Score: 6
Possible Total: 731
Total Score: 151.29682539682534
Rank: 20.697240136364616
--------------------
Round Score: 0.4
Possible Round Score: 2
Possible Total: 733
Total Score: 151.69682539682535
Rank: 20.69533770761601
--------------------
Round Score: 0
Possible Round Score: 5
Possible Total: 738
Total Score: 151.69682539682535
Rank: 20.55512539252376
--------------------
Round Score: 0
Possible Round Score: 3
Possible Total: 741
Total Score: 151.69682539682535
Rank: 20.47190626137994
--------------------
Round Score: 2.5
Possible Round Score: 5
Possible Total: 746
Total Score: 154.19682539682535
Rank: 20.66981573683986
--------------------
Round Score: 0
Possible Round Score: 1
Possible Total: 747
Total Score: 154.19682539682535
Rank: 20.64214530077983
--------------------
Round Score: 0
Possible Round Score: 1
Possible Total: 748
Total Score: 154.19682539682535
Rank: 20.61454884984296
--------------------
Round Score: 0.5
Possible Round Score: 2
Possible Total: 750
Total Score: 154.69682539682535
Rank: 20.626243386243377
--------------------
Round Score: 0
Possible Round Score: 1
Possible Total: 751
Total Score: 154.69682539682535
Rank: 20.59877834844545
--------------------
Round Score: 0
Possible Round Score: 1
Possible Total: 752
Total Score: 154.69682539682535
Rank: 20.571386355960815
--------------------
Round Score: 0
Possible Round Score: 1
Possible Total: 753
Total Score: 154.69682539682535
Rank: 20.54406711777229
--------------------
Round Score: 0
Possible Round Score: 2
Possible Total: 755
Total Score: 154.69682539682535
Rank: 20.489645747923888
--------------------
Round Score: 0
Possible Round Score: 1
Possible Total: 756
Total Score: 154.69682539682535
Rank: 20.462543041908116
--------------------
Round Score: 0
Possible Round Score: 1
Possible Total: 757
Total Score: 154.69682539682535
Rank: 20.435511941456454
--------------------
Round Score: 0
Possible Round Score: 1
Possible Total: 758
Total Score: 154.69682539682535
Rank: 20.40855216316957
--------------------
Round Score: 0
Possible Round Score: 1
Possible Total: 759
Total Score: 154.69682539682535
Rank: 20.38166342514168
--------------------
Round Score: 1
Possible Round Score: 3
Possible Total: 762
Total Score: 155.69682539682535
Rank: 20.43265425155188
--------------------
Round Score: 0
Possible Round Score: 1
Possible Total: 763
Total Score: 155.69682539682535
Rank: 20.405874888181565
--------------------
Round Score: 0.375
Possible Round Score: 3
Possible Total: 766
Total Score: 156.07182539682535
Rank: 20.37491193170044
--------------------
Round Score: 0
Possible Round Score: 1
Possible Total: 767
Total Score: 156.07182539682535
Rank: 20.34834750936445
--------------------
Round Score: 0.75
Possible Round Score: 3
Possible Total: 770
Total Score: 156.82182539682535
Rank: 20.36647083075654
--------------------
Round Score: 0
Possible Round Score: 1
Possible Total: 771
Total Score: 156.82182539682535
Rank: 20.340055174685517
--------------------
Round Score: 0
Possible Round Score: 2
Possible Total: 773
Total Score: 156.82182539682535
Rank: 20.287428899977407
--------------------
Round Score: 0
Possible Round Score: 1
Possible Total: 774
Total Score: 156.82182539682535
Rank: 20.26121775152782
--------------------
Round Score: 1
Possible Round Score: 2
Possible Total: 776
Total Score: 157.82182539682535
Rank: 20.33786409752904
--------------------
Round Score: 0
Possible Round Score: 8
Possible Total: 784
Total Score: 157.82182539682535
Rank: 20.13033487204405
--------------------
Round Score: 0.8
Possible Round Score: 4
Possible Total: 788
Total Score: 158.62182539682536
Rank: 20.1296732737088
--------------------
Round Score: 3.2
Possible Round Score: 8
Possible Total: 796
Total Score: 161.82182539682535
Rank: 20.32937504985243
--------------------
Round Score: 1.5
Possible Round Score: 3
Possible Total: 799
Total Score: 163.32182539682535
Rank: 20.440779148538844
--------------------
Round Score: 0.2222222222222222
Possible Round Score: 2
Possible Total: 801
Total Score: 163.54404761904757
Rank: 20.417484097259372
--------------------
Round Score: 0
Possible Round Score: 2
Possible Total: 803
Total Score: 163.54404761904757
Rank: 20.36663108580916
--------------------
Round Score: 4.5
Possible Round Score: 9
Possible Total: 812
Total Score: 168.04404761904757
Rank: 20.69507975604034
--------------------
Round Score: 0.6666666666666666
Possible Round Score: 2
Possible Total: 814
Total Score: 168.71071428571423
Rank: 20.72613197613197
--------------------
Round Score: 0
Possible Round Score: 1
Possible Total: 815
Total Score: 168.71071428571423
Rank: 20.70070113935144
--------------------
Round Score: 0
Possible Round Score: 1
Possible Total: 816
Total Score: 168.71071428571423
Rank: 20.675332633053216
--------------------
Round Score: 1
Possible Round Score: 3
Possible Total: 819
Total Score: 169.71071428571423
Rank: 20.721698935984644
--------------------
Round Score: 1
Possible Round Score: 3
Possible Total: 822
Total Score: 170.71071428571423
Rank: 20.76772679874869
--------------------
Round Score: 1.1428571428571428
Possible Round Score: 8
Possible Total: 830
Total Score: 171.85357142857137
Rank: 20.705249569707394
--------------------
Round Score: 0
Possible Round Score: 1
Possible Total: 831
Total Score: 171.85357142857137
Rank: 20.680333505243244
--------------------
Round Score: 1
Possible Round Score: 4
Possible Total: 835
Total Score: 172.85357142857137
Rank: 20.701026518391778
--------------------
Round Score: 1.5
Possible Round Score: 3
Possible Total: 838
Total Score: 174.35357142857137
Rank: 20.805915444936918
--------------------
Round Score: 0
Possible Round Score: 1
Possible Total: 839
Total Score: 174.35357142857137
Rank: 20.78111697599182
--------------------
Round Score: 1
Possible Round Score: 2
Possible Total: 841
Total Score: 175.35357142857137
Rank: 20.85060302361134
--------------------
Round Score: 0
Possible Round Score: 3
Possible Total: 844
Total Score: 175.35357142857137
Rank: 20.776489505754903
--------------------
Round Score: 0
Possible Round Score: 1
Possible Total: 845
Total Score: 175.35357142857137
Rank: 20.75190194420963
--------------------
Round Score: 1
Possible Round Score: 2
Possible Total: 847
Total Score: 176.35357142857137
Rank: 20.820964749536174
--------------------
Round Score: 0
Possible Round Score: 1
Possible Total: 848
Total Score: 176.35357142857137
Rank: 20.79641172506738
--------------------
Round Score: 0
Possible Round Score: 1
Possible Total: 849
Total Score: 176.35357142857137
Rank: 20.771916540467767
--------------------
Round Score: 0
Possible Round Score: 1
Possible Total: 850
Total Score: 176.35357142857137
Rank: 20.747478991596633
--------------------
Round Score: 0
Possible Round Score: 1
Possible Total: 851
Total Score: 176.35357142857137
Rank: 20.72309887527278
--------------------
Round Score: 1
Possible Round Score: 3
Possible Total: 854
Total Score: 177.35357142857137
Rank: 20.76739712278353
--------------------
Round Score: 0
Possible Round Score: 1
Possible Total: 855
Total Score: 177.35357142857137
Rank: 20.743107769423553
--------------------
Round Score: 0
Possible Round Score: 2
Possible Total: 857
Total Score: 177.35357142857137
Rank: 20.694699116519413
--------------------
Round Score: 7
Possible Round Score: 14
Possible Total: 871
Total Score: 184.35357142857137
Rank: 21.165737247826794
--------------------
Round Score: 1
Possible Round Score: 3
Possible Total: 874
Total Score: 185.35357142857137
Rank: 21.20750245178162
--------------------
Round Score: 0
Possible Round Score: 2
Possible Total: 876
Total Score: 185.35357142857137
Rank: 21.159083496412258
--------------------
Round Score: 0.6000000000000001
Possible Round Score: 3
Possible Total: 879
Total Score: 185.95357142857137
Rank: 21.155127580042247
--------------------
Round Score: 0
Possible Round Score: 2
Possible Total: 881
Total Score: 185.95357142857137
Rank: 21.107102318793572
--------------------
Round Score: 0
Possible Round Score: 1
Possible Total: 882
Total Score: 185.95357142857137
Rank: 21.083171363783602
--------------------
Round Score: 0.75
Possible Round Score: 3
Possible Total: 885
Total Score: 186.70357142857137
Rank: 21.096448748991115
--------------------
Round Score: 0
Possible Round Score: 2
Possible Total: 887
Total Score: 186.70357142857137
Rank: 21.04888065711064
--------------------
Round Score: 0
Possible Round Score: 1
Possible Total: 888
Total Score: 186.70357142857137
Rank: 21.025176962676955
--------------------
Round Score: 0
Possible Round Score: 1
Possible Total: 889
Total Score: 186.70357142857137
Rank: 21.001526594889917
--------------------
Round Score: 0
Possible Round Score: 1
Possible Total: 890
Total Score: 186.70357142857137
Rank: 20.97792937399678
--------------------
Round Score: 0.6666666666666666
Possible Round Score: 2
Possible Total: 892
Total Score: 187.37023809523802
Rank: 21.00563207345718
--------------------
Round Score: 0
Possible Round Score: 1
Possible Total: 893
Total Score: 187.37023809523802
Rank: 20.982109529141997
--------------------
Round Score: 0
Possible Round Score: 2
Possible Total: 895
Total Score: 187.37023809523802
Rank: 20.935222133546148
--------------------
Round Score: 0
Possible Round Score: 1
Possible Total: 896
Total Score: 187.37023809523802
Rank: 20.9118569302721
--------------------
Round Score: 0
Possible Round Score: 1
Possible Total: 897
Total Score: 187.37023809523802
Rank: 20.888543823326426
--------------------
Round Score: 0.42857142857142855
Possible Round Score: 3
Possible Total: 900
Total Score: 187.79880952380944
Rank: 20.866534391534383
--------------------
Round Score: 0
Possible Round Score: 1
Possible Total: 901
Total Score: 187.79880952380944
Rank: 20.8433750858834
--------------------
Round Score: 0
Possible Round Score: 11
Possible Total: 912
Total Score: 187.79880952380944
Rank: 20.591974728487877
--------------------
Round Score: 0
Possible Round Score: 1
Possible Total: 913
Total Score: 187.79880952380944
Rank: 20.569420539300047
--------------------
Round Score: 0
Possible Round Score: 1
Possible Total: 914
Total Score: 187.79880952380944
Rank: 20.54691570282379
--------------------
Round Score: 0
Possible Round Score: 1
Possible Total: 915
Total Score: 187.79880952380944
Rank: 20.524460057246934
--------------------
Round Score: 0
Possible Round Score: 1
Possible Total: 916
Total Score: 187.79880952380944
Rank: 20.502053441463914
--------------------
Round Score: 0.3333333333333333
Possible Round Score: 2
Possible Total: 918
Total Score: 188.13214285714278
Rank: 20.49369747899159
--------------------
Round Score: 2.8000000000000003
Possible Round Score: 7
Possible Total: 925
Total Score: 190.9321428571428
Rank: 20.641312741312735
--------------------
Round Score: 0
Possible Round Score: 1
Possible Total: 926
Total Score: 190.9321428571428
Rank: 20.619021906818876
--------------------
Round Score: 0.5
Possible Round Score: 2
Possible Total: 928
Total Score: 191.4321428571428
Rank: 20.62846366995073
--------------------
Round Score: 0
Possible Round Score: 1
Possible Total: 929
Total Score: 191.4321428571428
Rank: 20.606258649853906
--------------------
Round Score: 0
Possible Round Score: 2
Possible Total: 931
Total Score: 191.4321428571428
Rank: 20.561991713978816
--------------------
Round Score: 0
Possible Round Score: 1
Possible Total: 932
Total Score: 191.4321428571428
Rank: 20.539929491109742
--------------------
Round Score: 1.3333333333333333
Possible Round Score: 4
Possible Total: 936
Total Score: 192.76547619047614
Rank: 20.594602157102152
--------------------
Round Score: 0
Possible Round Score: 2
Possible Total: 938
Total Score: 192.76547619047614
Rank: 20.550690425423895
--------------------
Round Score: 0.5
Possible Round Score: 2
Possible Total: 940
Total Score: 193.26547619047614
Rank: 20.560157041540013
--------------------
Round Score: 0
Possible Round Score: 3
Possible Total: 943
Total Score: 193.26547619047614
Rank: 20.494748270464065
--------------------
Round Score: 1
Possible Round Score: 3
Possible Total: 946
Total Score: 194.26547619047614
Rank: 20.535462599416082
--------------------
Round Score: 0
Possible Round Score: 2
Possible Total: 948
Total Score: 194.26547619047614
Rank: 20.49213883865782
--------------------
Round Score: 0
Possible Round Score: 1
Possible Total: 949
Total Score: 194.26547619047614
Rank: 20.470545436298856
--------------------
Round Score: 0.6666666666666666
Possible Round Score: 2
Possible Total: 951
Total Score: 194.9321428571428
Rank: 20.497596514946668
--------------------
Round Score: 0
Possible Round Score: 1
Possible Total: 952
Total Score: 194.9321428571428
Rank: 20.47606542617046
--------------------
Round Score: 0
Possible Round Score: 1
Possible Total: 953
Total Score: 194.9321428571428
Rank: 20.454579523309842
--------------------
Round Score: 0
Possible Round Score: 2
Possible Total: 955
Total Score: 194.9321428571428
Rank: 20.41174270755422
--------------------
Round Score: 0
Possible Round Score: 7
Possible Total: 962
Total Score: 194.9321428571428
Rank: 20.263216513216506
--------------------
Round Score: 4
Possible Round Score: 8
Possible Total: 970
Total Score: 198.9321428571428
Rank: 20.508468335787917
--------------------
Round Score: 0
Possible Round Score: 2
Possible Total: 972
Total Score: 198.9321428571428
Rank: 20.466269841269835
--------------------
Round Score: 0
Possible Round Score: 1
Possible Total: 973
Total Score: 198.9321428571428
Rank: 20.445235648216116
--------------------
Round Score: 1.3333333333333333
Possible Round Score: 4
Possible Total: 977
Total Score: 200.26547619047614
Rank: 20.498001657162348
--------------------
Round Score: 0
Possible Round Score: 1
Possible Total: 978
Total Score: 200.26547619047614
Rank: 20.47704255526341
--------------------
Round Score: 0
Possible Round Score: 1
Possible Total: 979
Total Score: 200.26547619047614
Rank: 20.45612627073301
--------------------
Round Score: 0.3333333333333333
Possible Round Score: 2
Possible Total: 981
Total Score: 200.59880952380948
Rank: 20.448400563079456
--------------------
Round Score: 0
Possible Round Score: 1
Possible Total: 982
Total Score: 200.59880952380948
Rank: 20.42757734458345
--------------------
Round Score: 2.5
Possible Round Score: 5
Possible Total: 987
Total Score: 203.09880952380948
Rank: 20.577386983162054
--------------------
Round Score: 0
Possible Round Score: 1
Possible Total: 988
Total Score: 203.09880952380948
Rank: 20.556559668401768
--------------------
Round Score: 0
Possible Round Score: 1
Possible Total: 989
Total Score: 203.09880952380948
Rank: 20.535774471568196
--------------------
Round Score: 4
Possible Round Score: 8
Possible Total: 997
Total Score: 207.09880952380948
Rank: 20.772197545015995
--------------------
Round Score: 1.6666666666666665
Possible Round Score: 5
Possible Total: 1002
Total Score: 208.76547619047614
Rank: 20.834877863320973
--------------------
Round Score: 0
Possible Round Score: 1
Possible Total: 1003
Total Score: 208.76547619047614
Rank: 20.8141053031382
--------------------
Round Score: 0
Possible Round Score: 1
Possible Total: 1004
Total Score: 208.76547619047614
Rank: 20.793374122557385
--------------------
Round Score: 0.6666666666666666
Possible Round Score: 2
Possible Total: 1006
Total Score: 209.4321428571428
Rank: 20.818304458960515
--------------------
Round Score: 0
Possible Round Score: 2
Possible Total: 1008
Total Score: 209.4321428571428
Rank: 20.77699829931972
--------------------
Round Score: 0
Possible Round Score: 2
Possible Total: 1010
Total Score: 209.4321428571428
Rank: 20.735855728429982
--------------------
Round Score: 2.5
Possible Round Score: 5
Possible Total: 1015
Total Score: 211.9321428571428
Rank: 20.880014074595348
--------------------
Round Score: 0
Possible Round Score: 1
Possible Total: 1016
Total Score: 211.9321428571428
Rank: 20.859462879640038
--------------------
Round Score: 0
Possible Round Score: 1
Possible Total: 1017
Total Score: 211.9321428571428
Rank: 20.83895210001404
--------------------
Round Score: 0
Possible Round Score: 1
Possible Total: 1018
Total Score: 211.9321428571428
Rank: 20.818481616615205
--------------------
Round Score: 0
Possible Round Score: 1
Possible Total: 1019
Total Score: 211.9321428571428
Rank: 20.79805131080891
--------------------
Round Score: 0
Possible Round Score: 1
Possible Total: 1020
Total Score: 211.9321428571428
Rank: 20.777661064425764
--------------------
Round Score: 0
Possible Round Score: 1
Possible Total: 1021
Total Score: 211.9321428571428
Rank: 20.757310759759335
--------------------
Round Score: 1
Possible Round Score: 3
Possible Total: 1024
Total Score: 212.9321428571428
Rank: 20.79415457589285
--------------------
Round Score: 0
Possible Round Score: 2
Possible Total: 1026
Total Score: 212.9321428571428
Rank: 20.753620161514892
--------------------
Round Score: 0
Possible Round Score: 1
Possible Total: 1027
Total Score: 212.9321428571428
Rank: 20.733412157462784
--------------------
Round Score: 0
Possible Round Score: 1
Possible Total: 1028
Total Score: 212.9321428571428
Rank: 20.713243468593657
--------------------
Round Score: 0
Possible Round Score: 1
Possible Total: 1029
Total Score: 212.9321428571428
Rank: 20.693113980285986
--------------------
Round Score: 0
Possible Round Score: 1
Possible Total: 1030
Total Score: 212.9321428571428
Rank: 20.673023578363377
--------------------
Round Score: 0
Possible Round Score: 4
Possible Total: 1034
Total Score: 212.9321428571428
Rank: 20.593050566454814
--------------------
Round Score: 0
Possible Round Score: 2
Possible Total: 1036
Total Score: 212.9321428571428
Rank: 20.55329564258135
--------------------
Round Score: 1
Possible Round Score: 3
Possible Total: 1039
Total Score: 213.9321428571428
Rank: 20.590196617626834
--------------------
Round Score: 0
Possible Round Score: 1
Possible Total: 1040
Total Score: 213.9321428571428
Rank: 20.570398351648343
--------------------
Round Score: 1
Possible Round Score: 3
Possible Total: 1043
Total Score: 214.9321428571428
Rank: 20.607108615258177
--------------------
Round Score: 0
Possible Round Score: 1
Possible Total: 1044
Total Score: 214.9321428571428
Rank: 20.58737000547345
--------------------
Round Score: 0
Possible Round Score: 1
Possible Total: 1045
Total Score: 214.9321428571428
Rank: 20.567669172932323
--------------------
Round Score: 0.75
Possible Round Score: 3
Possible Total: 1048
Total Score: 215.6821428571428
Rank: 20.580357142857135
--------------------
Round Score: 0
Possible Round Score: 1
Possible Total: 1049
Total Score: 215.6821428571428
Rank: 20.560738117935443
--------------------
Round Score: 2
Possible Round Score: 4
Possible Total: 1053
Total Score: 217.6821428571428
Rank: 20.672568172568166
--------------------
Round Score: 1.6666666666666665
Possible Round Score: 5
Possible Total: 1058
Total Score: 219.34880952380945
Rank: 20.732401656314693
--------------------
Round Score: 0
Possible Round Score: 1
Possible Total: 1059
Total Score: 219.34880952380945
Rank: 20.712824317640173
--------------------
Round Score: 0
Possible Round Score: 1
Possible Total: 1060
Total Score: 219.34880952380945
Rank: 20.693283917340512
--------------------
Round Score: 2
Possible Round Score: 3
Possible Total: 1063
Total Score: 221.34880952380945
Rank: 20.823030058683862
--------------------
Round Score: 0
Possible Round Score: 1
Possible Total: 1064
Total Score: 221.34880952380945
Rank: 20.803459541711415
--------------------
Round Score: 0
Possible Round Score: 3
Possible Total: 1067
Total Score: 221.34880952380945
Rank: 20.744968090328907
--------------------
Round Score: 0
Possible Round Score: 1
Possible Total: 1068
Total Score: 221.34880952380945
Rank: 20.725543962903505
--------------------
Round Score: 0
Possible Round Score: 1
Possible Total: 1069
Total Score: 221.34880952380945
Rank: 20.70615617622165
--------------------
Round Score: 0
Possible Round Score: 4
Possible Total: 1073
Total Score: 221.34880952380945
Rank: 20.628966404828468
--------------------
Round Score: 4.800000000000001
Possible Round Score: 12
Possible Total: 1085
Total Score: 226.14880952380946
Rank: 20.84320825104235
--------------------
Round Score: 0
Possible Round Score: 1
Possible Total: 1086
Total Score: 226.14880952380946
Rank: 20.82401560992721
--------------------
Round Score: 0
Possible Round Score: 1
Possible Total: 1087
Total Score: 226.14880952380946
Rank: 20.804858281859197
--------------------
Round Score: 0.6666666666666666
Possible Round Score: 2
Possible Total: 1089
Total Score: 226.81547619047612
Rank: 20.827867418776503
--------------------
Round Score: 0
Possible Round Score: 2
Possible Total: 1091
Total Score: 226.81547619047612
Rank: 20.789686176945565
--------------------
Round Score: 0
Possible Round Score: 2
Possible Total: 1093
Total Score: 226.81547619047612
Rank: 20.751644665185374
--------------------
Round Score: 0
Possible Round Score: 1
Possible Total: 1094
Total Score: 226.81547619047612
Rank: 20.73267606859928
--------------------
Round Score: 0
Possible Round Score: 1
Possible Total: 1095
Total Score: 226.81547619047612
Rank: 20.713742117851698
--------------------
Round Score: 0
Possible Round Score: 2
Possible Total: 1097
Total Score: 226.81547619047612
Rank: 20.675977774883876
--------------------
Round Score: 0.3333333333333333
Possible Round Score: 2
Possible Total: 1099
Total Score: 227.14880952380946
Rank: 20.668681485332982
--------------------
Round Score: 0
Possible Round Score: 1
Possible Total: 1100
Total Score: 227.14880952380946
Rank: 20.649891774891767
--------------------
Round Score: 0.6666666666666666
Possible Round Score: 2
Possible Total: 1102
Total Score: 227.81547619047612
Rank: 20.672910725088578
--------------------
Round Score: 0
Possible Round Score: 1
Possible Total: 1103
Total Score: 227.81547619047612
Rank: 20.654168285627936
--------------------
Round Score: 0
Possible Round Score: 1
Possible Total: 1104
Total Score: 227.81547619047612
Rank: 20.635459799861966
--------------------
Round Score: 0
Possible Round Score: 1
Possible Total: 1105
Total Score: 227.81547619047612
Rank: 20.616785175608698
--------------------
Round Score: 0
Possible Round Score: 1
Possible Total: 1106
Total Score: 227.81547619047612
Rank: 20.59814432101954
--------------------
Round Score: 0
Possible Round Score: 1
Possible Total: 1107
Total Score: 227.81547619047612
Rank: 20.579537144577788
--------------------
Round Score: 0
Possible Round Score: 1
Possible Total: 1108
Total Score: 227.81547619047612
Rank: 20.56096355509712
--------------------
Round Score: 0
Possible Round Score: 4
Possible Total: 1112
Total Score: 227.81547619047612
Rank: 20.487003254539218
--------------------
Round Score: 0.5
Possible Round Score: 2
Possible Total: 1114
Total Score: 228.31547619047612
Rank: 20.495105582628018
--------------------
Round Score: 0
Possible Round Score: 1
Possible Total: 1115
Total Score: 228.31547619047612
Rank: 20.476724322015798
--------------------
Round Score: 0
Possible Round Score: 2
Possible Total: 1117
Total Score: 228.31547619047612
Rank: 20.440060536300457
--------------------
Round Score: 0.3333333333333333
Possible Round Score: 2
Possible Total: 1119
Total Score: 228.64880952380946
Rank: 20.43331631133239
--------------------
Round Score: 0
Possible Round Score: 1
Possible Total: 1120
Total Score: 228.64880952380946
Rank: 20.41507227891156
--------------------
Round Score: 4.666666666666666
Possible Round Score: 7
Possible Total: 1127
Total Score: 233.31547619047612
Rank: 20.702349262686432
--------------------
Round Score: 2.333333333333333
Possible Round Score: 7
Possible Total: 1134
Total Score: 235.64880952380946
Rank: 20.780318300159564
--------------------
Round Score: 1
Possible Round Score: 2
Possible Total: 1136
Total Score: 236.64880952380946
Rank: 20.83176140174379
--------------------
Round Score: 0
Possible Round Score: 1
Possible Total: 1137
Total Score: 236.64880952380946
Rank: 20.813439711856592
--------------------
Round Score: 0
Possible Round Score: 1
Possible Total: 1138
Total Score: 236.64880952380946
Rank: 20.795150221775877
--------------------
Round Score: 0.6000000000000001
Possible Round Score: 3
Possible Total: 1141
Total Score: 237.24880952380946
Rank: 20.793059555110382
--------------------
Round Score: 0
Possible Round Score: 3
Possible Total: 1144
Total Score: 237.24880952380946
Rank: 20.738532301032294
--------------------
Round Score: 0
Possible Round Score: 1
Possible Total: 1145
Total Score: 237.24880952380946
Rank: 20.720420045747552
--------------------
Round Score: 0
Possible Round Score: 1
Possible Total: 1146
Total Score: 237.24880952380946
Rank: 20.702339399983373
--------------------
Round Score: 0
Possible Round Score: 1
Possible Total: 1147
Total Score: 237.24880952380946
Rank: 20.68429028106447
--------------------
Round Score: 0.75
Possible Round Score: 3
Possible Total: 1150
Total Score: 237.99880952380946
Rank: 20.6955486542443
--------------------
Round Score: 0.3333333333333333
Possible Round Score: 2
Possible Total: 1152
Total Score: 238.3321428571428
Rank: 20.688554067460313
--------------------
Round Score: 0
Possible Round Score: 1
Possible Total: 1153
Total Score: 238.3321428571428
Rank: 20.670610828893565
--------------------
