Round Score: 0
Possible Round Score: 1
Possible Total: 1
Total Score: 0
Rank: 0
--------------------
Round Score: 0
Possible Round Score: 1
Possible Total: 2
Total Score: 0
Rank: 0
--------------------
Round Score: 0.6000000000000001
Possible Round Score: 3
Possible Total: 5
Total Score: 0.6000000000000001
Rank: 12.000000000000002
--------------------
Round Score: 0.2857142857142857
Possible Round Score: 2
Possible Total: 7
Total Score: 0.8857142857142858
Rank: 12.653061224489798
--------------------
Round Score: 0
Possible Round Score: 2
Possible Total: 9
Total Score: 0.8857142857142858
Rank: 9.841269841269842
--------------------
Round Score: 0
Possible Round Score: 1
Possible Total: 10
Total Score: 0.8857142857142858
Rank: 8.857142857142858
--------------------
Round Score: 0
Possible Round Score: 1
Possible Total: 11
Total Score: 0.8857142857142858
Rank: 8.051948051948052
--------------------
Round Score: 0
Possible Round Score: 1
Possible Total: 12
Total Score: 0.8857142857142858
Rank: 7.380952380952381
--------------------
Round Score: 0.6666666666666666
Possible Round Score: 2
Possible Total: 14
Total Score: 1.5523809523809524
Rank: 11.088435374149661
--------------------
Round Score: 0
Possible Round Score: 2
Possible Total: 16
Total Score: 1.5523809523809524
Rank: 9.702380952380953
--------------------
Round Score: 0
Possible Round Score: 1
Possible Total: 17
Total Score: 1.5523809523809524
Rank: 9.131652661064427
--------------------
Round Score: 0
Possible Round Score: 1
Possible Total: 18
Total Score: 1.5523809523809524
Rank: 8.624338624338625
--------------------
Round Score: 0
Possible Round Score: 1
Possible Total: 19
Total Score: 1.5523809523809524
Rank: 8.170426065162907
--------------------
Round Score: 0.6666666666666666
Possible Round Score: 2
Possible Total: 21
Total Score: 2.219047619047619
Rank: 10.566893424036282
--------------------
Round Score: 0
Possible Round Score: 1
Possible Total: 22
Total Score: 2.219047619047619
Rank: 10.086580086580087
--------------------
Round Score: 0
Possible Round Score: 1
Possible Total: 23
Total Score: 2.219047619047619
Rank: 9.648033126293996
--------------------
Round Score: 0
Possible Round Score: 1
Possible Total: 24
Total Score: 2.219047619047619
Rank: 9.246031746031747
--------------------
Round Score: 0
Possible Round Score: 2
Possible Total: 26
Total Score: 2.219047619047619
Rank: 8.534798534798535
--------------------
Round Score: 0
Possible Round Score: 1
Possible Total: 27
Total Score: 2.219047619047619
Rank: 8.218694885361552
--------------------
Round Score: 2.571428571428571
Possible Round Score: 6
Possible Total: 33
Total Score: 4.79047619047619
Rank: 14.516594516594516
--------------------
Round Score: 0
Possible Round Score: 1
Possible Total: 34
Total Score: 4.79047619047619
Rank: 14.089635854341736
--------------------
Round Score: 0
Possible Round Score: 1
Possible Total: 35
Total Score: 4.79047619047619
Rank: 13.687074829931973
--------------------
Round Score: 0
Possible Round Score: 1
Possible Total: 36
Total Score: 4.79047619047619
Rank: 13.306878306878305
--------------------
Round Score: 0
Possible Round Score: 1
Possible Total: 37
Total Score: 4.79047619047619
Rank: 12.947232947232948
--------------------
Round Score: 0
Possible Round Score: 1
Possible Total: 38
Total Score: 4.79047619047619
Rank: 12.606516290726816
--------------------
Round Score: 0.75
Possible Round Score: 3
Possible Total: 41
Total Score: 5.54047619047619
Rank: 13.51335656213705
--------------------
Round Score: 0
Possible Round Score: 1
Possible Total: 42
Total Score: 5.54047619047619
Rank: 13.191609977324262
--------------------
Round Score: 0
Possible Round Score: 1
Possible Total: 43
Total Score: 5.54047619047619
Rank: 12.88482834994463
--------------------
Round Score: 0
Possible Round Score: 1
Possible Total: 44
Total Score: 5.54047619047619
Rank: 12.59199134199134
--------------------
Round Score: 0
Possible Round Score: 1
Possible Total: 45
Total Score: 5.54047619047619
Rank: 12.312169312169312
--------------------
Round Score: 0
Possible Round Score: 1
Possible Total: 46
Total Score: 5.54047619047619
Rank: 12.044513457556935
--------------------
Round Score: 0
Possible Round Score: 1
Possible Total: 47
Total Score: 5.54047619047619
Rank: 11.788247213779128
--------------------
Round Score: 0
Possible Round Score: 1
Possible Total: 48
Total Score: 5.54047619047619
Rank: 11.54265873015873
--------------------
Round Score: 0.2857142857142857
Possible Round Score: 2
Possible Total: 50
Total Score: 5.826190476190476
Rank: 11.652380952380952
--------------------
Round Score: 0
Possible Round Score: 1
Possible Total: 51
Total Score: 5.826190476190476
Rank: 11.42390289449113
--------------------
Round Score: 0
Possible Round Score: 1
Possible Total: 52
Total Score: 5.826190476190476
Rank: 11.204212454212453
--------------------
Round Score: 0
Possible Round Score: 2
Possible Total: 54
Total Score: 5.826190476190476
Rank: 10.789241622574956
--------------------
Round Score: 0
Possible Round Score: 1
Possible Total: 55
Total Score: 5.826190476190476
Rank: 10.593073593073592
--------------------
Round Score: 0
Possible Round Score: 1
Possible Total: 56
Total Score: 5.826190476190476
Rank: 10.403911564625849
--------------------
Round Score: 0
Possible Round Score: 1
Possible Total: 57
Total Score: 5.826190476190476
Rank: 10.22138680033417
--------------------
Round Score: 0
Possible Round Score: 1
Possible Total: 58
Total Score: 5.826190476190476
Rank: 10.045155993431855
--------------------
Round Score: 0
Possible Round Score: 2
Possible Total: 60
Total Score: 5.826190476190476
Rank: 9.710317460317459
--------------------
Round Score: 0
Possible Round Score: 2
Possible Total: 62
Total Score: 5.826190476190476
Rank: 9.397081413210445
--------------------
Round Score: 0
Possible Round Score: 2
Possible Total: 64
Total Score: 5.826190476190476
Rank: 9.103422619047619
--------------------
Round Score: 0
Possible Round Score: 1
Possible Total: 65
Total Score: 5.826190476190476
Rank: 8.963369963369964
--------------------
Round Score: 0
Possible Round Score: 1
Possible Total: 66
Total Score: 5.826190476190476
Rank: 8.827561327561327
--------------------
Round Score: 0
Possible Round Score: 1
Possible Total: 67
Total Score: 5.826190476190476
Rank: 8.695806680881308
--------------------
Round Score: 0
Possible Round Score: 1
Possible Total: 68
Total Score: 5.826190476190476
Rank: 8.567927170868348
--------------------
Round Score: 0
Possible Round Score: 1
Possible Total: 69
Total Score: 5.826190476190476
Rank: 8.44375431331953
--------------------
Round Score: 0
Possible Round Score: 1
Possible Total: 70
Total Score: 5.826190476190476
Rank: 8.32312925170068
--------------------
Round Score: 0
Possible Round Score: 1
Possible Total: 71
Total Score: 5.826190476190476
Rank: 8.205902079141515
--------------------
Round Score: 0.2857142857142857
Possible Round Score: 2
Possible Total: 73
Total Score: 6.1119047619047615
Rank: 8.372472276581865
--------------------
Round Score: 0
Possible Round Score: 3
Possible Total: 76
Total Score: 6.1119047619047615
Rank: 8.041979949874687
--------------------
Round Score: 0.5
Possible Round Score: 2
Possible Total: 78
Total Score: 6.6119047619047615
Rank: 8.476800976800975
--------------------
Round Score: 0
Possible Round Score: 1
Possible Total: 79
Total Score: 6.6119047619047615
Rank: 8.369499698613621
--------------------
Round Score: 0
Possible Round Score: 1
Possible Total: 80
Total Score: 6.6119047619047615
Rank: 8.26488095238095
--------------------
Round Score: 0
Possible Round Score: 2
Possible Total: 82
Total Score: 6.6119047619047615
Rank: 8.063298490127758
--------------------
Round Score: 0
Possible Round Score: 1
Possible Total: 83
Total Score: 6.6119047619047615
Rank: 7.966150315547906
--------------------
Round Score: 0
Possible Round Score: 1
Possible Total: 84
Total Score: 6.6119047619047615
Rank: 7.871315192743763
--------------------
Round Score: 0
Possible Round Score: 1
Possible Total: 85
Total Score: 6.6119047619047615
Rank: 7.7787114845938365
--------------------
Round Score: 0
Possible Round Score: 1
Possible Total: 86
Total Score: 6.6119047619047615
Rank: 7.6882613510520486
--------------------
Round Score: 0
Possible Round Score: 1
Possible Total: 87
Total Score: 6.6119047619047615
Rank: 7.599890530925013
--------------------
Round Score: 0
Possible Round Score: 1
Possible Total: 88
Total Score: 6.6119047619047615
Rank: 7.513528138528137
--------------------
Round Score: 0
Possible Round Score: 2
Possible Total: 90
Total Score: 6.6119047619047615
Rank: 7.346560846560846
--------------------
Round Score: 0
Possible Round Score: 1
Possible Total: 91
Total Score: 6.6119047619047615
Rank: 7.265829408686551
--------------------
Round Score: 0
Possible Round Score: 2
Possible Total: 93
Total Score: 6.6119047619047615
Rank: 7.109575012800819
--------------------
Round Score: 0
Possible Round Score: 1
Possible Total: 94
Total Score: 6.6119047619047615
Rank: 7.0339412360688955
--------------------
Round Score: 0
Possible Round Score: 1
Possible Total: 95
Total Score: 6.6119047619047615
Rank: 6.959899749373433
--------------------
Round Score: 1.5
Possible Round Score: 3
Possible Total: 98
Total Score: 8.11190476190476
Rank: 8.277453838678326
--------------------
Round Score: 0
Possible Round Score: 1
Possible Total: 99
Total Score: 8.11190476190476
Rank: 8.193843193843191
--------------------
Round Score: 0
Possible Round Score: 2
Possible Total: 101
Total Score: 8.11190476190476
Rank: 8.03158887317303
--------------------
Round Score: 0.5
Possible Round Score: 2
Possible Total: 103
Total Score: 8.61190476190476
Rank: 8.361072584373554
--------------------
Round Score: 0
Possible Round Score: 1
Possible Total: 104
Total Score: 8.61190476190476
Rank: 8.280677655677653
--------------------
Round Score: 0
Possible Round Score: 1
Possible Total: 105
Total Score: 8.61190476190476
Rank: 8.201814058956915
--------------------
Round Score: 0
Possible Round Score: 1
Possible Total: 106
Total Score: 8.61190476190476
Rank: 8.124438454627132
--------------------
Round Score: 0
Possible Round Score: 1
Possible Total: 107
Total Score: 8.61190476190476
Rank: 8.048509123275476
--------------------
Round Score: 0
Possible Round Score: 1
Possible Total: 108
Total Score: 8.61190476190476
Rank: 7.973985890652556
--------------------
Round Score: 0
Possible Round Score: 1
Possible Total: 109
Total Score: 8.61190476190476
Rank: 7.900830056793358
--------------------
Round Score: 0
Possible Round Score: 2
Possible Total: 111
Total Score: 8.61190476190476
Rank: 7.758472758472758
--------------------
Round Score: 0
Possible Round Score: 1
Possible Total: 112
Total Score: 8.61190476190476
Rank: 7.6892006802721085
--------------------
Round Score: 0
Possible Round Score: 1
Possible Total: 113
Total Score: 8.61190476190476
Rank: 7.621154656552885
--------------------
Round Score: 0
Possible Round Score: 1
Possible Total: 114
Total Score: 8.61190476190476
Rank: 7.554302422723475
--------------------
Round Score: 0
Possible Round Score: 1
Possible Total: 115
Total Score: 8.61190476190476
Rank: 7.488612836438922
--------------------
Round Score: 0
Possible Round Score: 1
Possible Total: 116
Total Score: 8.61190476190476
Rank: 7.424055829228242
--------------------
Round Score: 0
Possible Round Score: 1
Possible Total: 117
Total Score: 8.61190476190476
Rank: 7.36060236060236
--------------------
Round Score: 0
Possible Round Score: 1
Possible Total: 118
Total Score: 8.61190476190476
Rank: 7.29822437449556
--------------------
Round Score: 0.3333333333333333
Possible Round Score: 2
Possible Total: 120
Total Score: 8.945238095238095
Rank: 7.454365079365079
--------------------
Round Score: 0
Possible Round Score: 1
Possible Total: 121
Total Score: 8.945238095238095
Rank: 7.39275875639512
--------------------
Round Score: 0
Possible Round Score: 1
Possible Total: 122
Total Score: 8.945238095238095
Rank: 7.33216237314598
--------------------
Round Score: 0.6666666666666666
Possible Round Score: 2
Possible Total: 124
Total Score: 9.61190476190476
Rank: 7.751536098310291
--------------------
Round Score: 0
Possible Round Score: 1
Possible Total: 125
Total Score: 9.61190476190476
Rank: 7.689523809523808
--------------------
Round Score: 0
Possible Round Score: 1
Possible Total: 126
Total Score: 9.61190476190476
Rank: 7.628495842781556
--------------------
Round Score: 0
Possible Round Score: 2
Possible Total: 128
Total Score: 9.61190476190476
Rank: 7.509300595238094
--------------------
Round Score: 0
Possible Round Score: 1
Possible Total: 129
Total Score: 9.61190476190476
Rank: 7.451088962716869
--------------------
Round Score: 0
Possible Round Score: 1
Possible Total: 130
Total Score: 9.61190476190476
Rank: 7.393772893772893
--------------------
Round Score: 0
Possible Round Score: 1
Possible Total: 131
Total Score: 9.61190476190476
Rank: 7.337331879316611
--------------------
Round Score: 0
Possible Round Score: 1
Possible Total: 132
Total Score: 9.61190476190476
Rank: 7.281746031746031
--------------------
Round Score: 0
Possible Round Score: 2
Possible Total: 134
Total Score: 9.61190476190476
Rank: 7.173063255152806
--------------------
Round Score: 0
Possible Round Score: 1
Possible Total: 135
Total Score: 9.61190476190476
Rank: 7.1199294532627855
--------------------
Round Score: 0
Possible Round Score: 2
Possible Total: 137
Total Score: 9.61190476190476
Rank: 7.015988877302745
--------------------
Round Score: 0
Possible Round Score: 1
Possible Total: 138
Total Score: 9.61190476190476
Rank: 6.965148378191856
--------------------
Round Score: 0
Possible Round Score: 2
Possible Total: 140
Total Score: 9.61190476190476
Rank: 6.865646258503401
--------------------
Round Score: 0
Possible Round Score: 1
Possible Total: 141
Total Score: 9.61190476190476
Rank: 6.816953731847349
--------------------
Round Score: 0.6666666666666666
Possible Round Score: 2
Possible Total: 143
Total Score: 10.278571428571427
Rank: 7.187812187812187
--------------------
Round Score: 0
Possible Round Score: 2
Possible Total: 145
Total Score: 10.278571428571427
Rank: 7.0886699507389155
--------------------
Round Score: 0.6666666666666666
Possible Round Score: 2
Possible Total: 147
Total Score: 10.945238095238093
Rank: 7.4457402008422395
--------------------
Round Score: 0
Possible Round Score: 1
Possible Total: 148
Total Score: 10.945238095238093
Rank: 7.395431145431145
--------------------
Round Score: 0
Possible Round Score: 1
Possible Total: 149
Total Score: 10.945238095238093
Rank: 7.3457973793544245
--------------------
Round Score: 0
Possible Round Score: 1
Possible Total: 150
Total Score: 10.945238095238093
Rank: 7.296825396825395
--------------------
Round Score: 0
Possible Round Score: 1
Possible Total: 151
Total Score: 10.945238095238093
Rank: 7.248502049826551
--------------------
Round Score: 0
Possible Round Score: 1
Possible Total: 152
Total Score: 10.945238095238093
Rank: 7.200814536340851
--------------------
Round Score: 0
Possible Round Score: 1
Possible Total: 153
Total Score: 10.945238095238093
Rank: 7.1537503890445056
--------------------
Round Score: 0
Possible Round Score: 1
Possible Total: 154
Total Score: 10.945238095238093
Rank: 7.107297464440319
--------------------
Round Score: 0
Possible Round Score: 1
Possible Total: 155
Total Score: 10.945238095238093
Rank: 7.061443932411672
--------------------
Round Score: 0
Possible Round Score: 2
Possible Total: 157
Total Score: 10.945238095238093
Rank: 6.971489232635728
--------------------
Round Score: 0
Possible Round Score: 1
Possible Total: 158
Total Score: 10.945238095238093
Rank: 6.927365883062084
--------------------
Round Score: 0
Possible Round Score: 1
Possible Total: 159
Total Score: 10.945238095238093
Rank: 6.883797544174901
--------------------
Round Score: 0
Possible Round Score: 1
Possible Total: 160
Total Score: 10.945238095238093
Rank: 6.8407738095238075
--------------------
Round Score: 0
Possible Round Score: 1
Possible Total: 161
Total Score: 10.945238095238093
Rank: 6.798284531203784
--------------------
Round Score: 0
Possible Round Score: 1
Possible Total: 162
Total Score: 10.945238095238093
Rank: 6.7563198118753665
--------------------
Round Score: 0
Possible Round Score: 1
Possible Total: 163
Total Score: 10.945238095238093
Rank: 6.714869997078584
--------------------
Round Score: 0
Possible Round Score: 1
Possible Total: 164
Total Score: 10.945238095238093
Rank: 6.673925667828105
--------------------
Round Score: 0
Possible Round Score: 1
Possible Total: 165
Total Score: 10.945238095238093
Rank: 6.633477633477631
--------------------
Round Score: 0
Possible Round Score: 1
Possible Total: 166
Total Score: 10.945238095238093
Rank: 6.593516924842224
--------------------
Round Score: 0
Possible Round Score: 1
Possible Total: 167
Total Score: 10.945238095238093
Rank: 6.554034787567719
--------------------
Round Score: 0
Possible Round Score: 1
Possible Total: 168
Total Score: 10.945238095238093
Rank: 6.515022675736961
--------------------
Round Score: 0
Possible Round Score: 1
Possible Total: 169
Total Score: 10.945238095238093
Rank: 6.476472245703013
--------------------
Round Score: 0
Possible Round Score: 2
Possible Total: 171
Total Score: 10.945238095238093
Rank: 6.4007240323029775
--------------------
Round Score: 0
Possible Round Score: 1
Possible Total: 172
Total Score: 10.945238095238093
Rank: 6.363510520487263
--------------------
Round Score: 0
Possible Round Score: 1
Possible Total: 173
Total Score: 10.945238095238093
Rank: 6.326727222680978
--------------------
Round Score: 0
Possible Round Score: 1
Possible Total: 174
Total Score: 10.945238095238093
Rank: 6.2903667214012025
--------------------
Round Score: 0
Possible Round Score: 1
Possible Total: 175
Total Score: 10.945238095238093
Rank: 6.2544217687074815
--------------------
Round Score: 0
Possible Round Score: 1
Possible Total: 176
Total Score: 10.945238095238093
Rank: 6.21888528138528
--------------------
Round Score: 0.6666666666666666
Possible Round Score: 2
Possible Total: 178
Total Score: 11.611904761904759
Rank: 6.523542001070089
--------------------
Round Score: 0
Possible Round Score: 2
Possible Total: 180
Total Score: 11.611904761904759
Rank: 6.451058201058199
--------------------
Round Score: 0
Possible Round Score: 1
Possible Total: 181
Total Score: 11.611904761904759
Rank: 6.415416995527491
--------------------
Round Score: 0
Possible Round Score: 1
Possible Total: 182
Total Score: 11.611904761904759
Rank: 6.380167451596021
--------------------
Round Score: 0
Possible Round Score: 1
Possible Total: 183
Total Score: 11.611904761904759
Rank: 6.345303148581835
--------------------
Round Score: 0
Possible Round Score: 1
Possible Total: 184
Total Score: 11.611904761904759
Rank: 6.310817805383021
--------------------
Round Score: 0
Possible Round Score: 1
Possible Total: 185
Total Score: 11.611904761904759
Rank: 6.2767052767052744
--------------------
Round Score: 0
Possible Round Score: 1
Possible Total: 186
Total Score: 11.611904761904759
Rank: 6.24295954941116
--------------------
Round Score: 0
Possible Round Score: 1
Possible Total: 187
Total Score: 11.611904761904759
Rank: 6.209574738986502
--------------------
Round Score: 0
Possible Round Score: 1
Possible Total: 188
Total Score: 11.611904761904759
Rank: 6.176545086119552
--------------------
Round Score: 0
Possible Round Score: 1
Possible Total: 189
Total Score: 11.611904761904759
Rank: 6.1438649533887615
--------------------
Round Score: 0
Possible Round Score: 1
Possible Total: 190
Total Score: 11.611904761904759
Rank: 6.111528822055137
--------------------
Round Score: 0
Possible Round Score: 1
Possible Total: 191
Total Score: 11.611904761904759
Rank: 6.079531288955371
--------------------
Round Score: 0
Possible Round Score: 3
Possible Total: 194
Total Score: 11.611904761904759
Rank: 5.9855179185076075
--------------------
Round Score: 0
Possible Round Score: 3
Possible Total: 197
Total Score: 11.611904761904759
Rank: 5.89436789944404
--------------------
Round Score: 0.5
Possible Round Score: 2
Possible Total: 199
Total Score: 12.111904761904759
Rank: 6.086384302464703
--------------------
Round Score: 0
Possible Round Score: 1
Possible Total: 200
Total Score: 12.111904761904759
Rank: 6.055952380952379
--------------------
Round Score: 0
Possible Round Score: 1
Possible Total: 201
Total Score: 12.111904761904759
Rank: 6.025823264629233
--------------------
Round Score: 0
Possible Round Score: 1
Possible Total: 202
Total Score: 12.111904761904759
Rank: 5.995992456388494
--------------------
Round Score: 0
Possible Round Score: 1
Possible Total: 203
Total Score: 12.111904761904759
Rank: 5.966455547736334
--------------------
Round Score: 0
Possible Round Score: 2
Possible Total: 205
Total Score: 12.111904761904759
Rank: 5.908246225319394
--------------------
Round Score: 0
Possible Round Score: 1
Possible Total: 206
Total Score: 12.111904761904759
Rank: 5.879565418400368
--------------------
Round Score: 0
Possible Round Score: 1
Possible Total: 207
Total Score: 12.111904761904759
Rank: 5.851161720726936
--------------------
Round Score: 0
Possible Round Score: 1
Possible Total: 208
Total Score: 12.111904761904759
Rank: 5.823031135531134
--------------------
Round Score: 0
Possible Round Score: 1
Possible Total: 209
Total Score: 12.111904761904759
Rank: 5.795169742538162
--------------------
Round Score: 0.5
Possible Round Score: 2
Possible Total: 211
Total Score: 12.611904761904759
Rank: 5.977206048296094
--------------------
Round Score: 0
Possible Round Score: 1
Possible Total: 212
Total Score: 12.611904761904759
Rank: 5.949011680143754
--------------------
Round Score: 0
Possible Round Score: 1
Possible Total: 213
Total Score: 12.611904761904759
Rank: 5.921082047842609
--------------------
Round Score: 0
Possible Round Score: 1
Possible Total: 214
Total Score: 12.611904761904759
Rank: 5.893413440142411
--------------------
Round Score: 0.6666666666666666
Possible Round Score: 2
Possible Total: 216
Total Score: 13.278571428571425
Rank: 6.147486772486771
--------------------
Round Score: 0
Possible Round Score: 1
Possible Total: 217
Total Score: 13.278571428571425
Rank: 6.119157340355495
--------------------
Round Score: 0
Possible Round Score: 1
Possible Total: 218
Total Score: 13.278571428571425
Rank: 6.091087811271296
--------------------
Round Score: 0
Possible Round Score: 1
Possible Total: 219
Total Score: 13.278571428571425
Rank: 6.063274624918459
--------------------
Round Score: 0
Possible Round Score: 1
Possible Total: 220
Total Score: 13.278571428571425
Rank: 6.035714285714284
--------------------
Round Score: 0
Possible Round Score: 1
Possible Total: 221
Total Score: 13.278571428571425
Rank: 6.008403361344536
--------------------
Round Score: 0
Possible Round Score: 1
Possible Total: 222
Total Score: 13.278571428571425
Rank: 5.981338481338479
--------------------
Round Score: 0
Possible Round Score: 2
Possible Total: 224
Total Score: 13.278571428571425
Rank: 5.927933673469386
--------------------
Round Score: 0
Possible Round Score: 1
Possible Total: 225
Total Score: 13.278571428571425
Rank: 5.9015873015873
--------------------
Round Score: 0
Possible Round Score: 1
Possible Total: 226
Total Score: 13.278571428571425
Rank: 5.875474083438684
--------------------
Round Score: 0
Possible Round Score: 1
Possible Total: 227
Total Score: 13.278571428571425
Rank: 5.849590937696663
--------------------
Round Score: 0
Possible Round Score: 1
Possible Total: 228
Total Score: 13.278571428571425
Rank: 5.82393483709273
--------------------
Round Score: 0
Possible Round Score: 1
Possible Total: 229
Total Score: 13.278571428571425
Rank: 5.798502807236431
--------------------
Round Score: 0.6666666666666666
Possible Round Score: 2
Possible Total: 231
Total Score: 13.945238095238091
Rank: 6.036899608328178
--------------------
Round Score: 0
Possible Round Score: 1
Possible Total: 232
Total Score: 13.945238095238091
Rank: 6.010878489326763
--------------------
Round Score: 1
Possible Round Score: 2
Possible Total: 234
Total Score: 14.945238095238091
Rank: 6.386853886853886
--------------------
Round Score: 0
Possible Round Score: 1
Possible Total: 235
Total Score: 14.945238095238091
Rank: 6.359675785207698
--------------------
Round Score: 1
Possible Round Score: 2
Possible Total: 237
Total Score: 15.945238095238091
Rank: 6.727948563391599
--------------------
Round Score: 0
Possible Round Score: 1
Possible Total: 238
Total Score: 15.945238095238091
Rank: 6.699679871948777
--------------------
Round Score: 0
Possible Round Score: 1
Possible Total: 239
Total Score: 15.945238095238091
Rank: 6.671647738593343
--------------------
Round Score: 0
Possible Round Score: 1
Possible Total: 240
Total Score: 15.945238095238091
Rank: 6.643849206349205
--------------------
Round Score: 0
Possible Round Score: 2
Possible Total: 242
Total Score: 15.945238095238091
Rank: 6.588941361668632
--------------------
Round Score: 0
Possible Round Score: 1
Possible Total: 243
Total Score: 15.945238095238091
Rank: 6.56182637664119
--------------------
Round Score: 0
Possible Round Score: 1
Possible Total: 244
Total Score: 15.945238095238091
Rank: 6.534933645589382
--------------------
Round Score: 0
Possible Round Score: 1
Possible Total: 245
Total Score: 15.945238095238091
Rank: 6.508260447035956
--------------------
Round Score: 0
Possible Round Score: 1
Possible Total: 246
Total Score: 15.945238095238091
Rank: 6.481804103755322
--------------------
Round Score: 0
Possible Round Score: 1
Possible Total: 247
Total Score: 15.945238095238091
Rank: 6.45556198187777
--------------------
Round Score: 0
Possible Round Score: 1
Possible Total: 248
Total Score: 15.945238095238091
Rank: 6.42953149001536
--------------------
Round Score: 0
Possible Round Score: 1
Possible Total: 249
Total Score: 15.945238095238091
Rank: 6.4037100784088725
--------------------
Round Score: 0
Possible Round Score: 1
Possible Total: 250
Total Score: 15.945238095238091
Rank: 6.378095238095237
--------------------
Round Score: 0
Possible Round Score: 1
Possible Total: 251
Total Score: 15.945238095238091
Rank: 6.352684500094857
--------------------
Round Score: 0
Possible Round Score: 2
Possible Total: 253
Total Score: 15.945238095238091
Rank: 6.302465650291736
--------------------
Round Score: 1
Possible Round Score: 2
Possible Total: 255
Total Score: 16.94523809523809
Rank: 6.64519140989729
--------------------
Round Score: 0
Possible Round Score: 1
Possible Total: 256
Total Score: 16.94523809523809
Rank: 6.619233630952379
--------------------
Round Score: 0
Possible Round Score: 1
Possible Total: 257
Total Score: 16.94523809523809
Rank: 6.593477858069295
--------------------
Round Score: 0
Possible Round Score: 1
Possible Total: 258
Total Score: 16.94523809523809
Rank: 6.567921742340345
--------------------
Round Score: 0
Possible Round Score: 2
Possible Total: 260
Total Score: 16.94523809523809
Rank: 6.517399267399266
--------------------
Round Score: 0
Possible Round Score: 1
Possible Total: 261
Total Score: 16.94523809523809
Rank: 6.492428388980111
--------------------
Round Score: 0
Possible Round Score: 1
Possible Total: 262
Total Score: 16.94523809523809
Rank: 6.46764812795347
--------------------
Round Score: 0
Possible Round Score: 1
Possible Total: 263
Total Score: 16.94523809523809
Rank: 6.44305630997646
--------------------
Round Score: 0
Possible Round Score: 1
Possible Total: 264
Total Score: 16.94523809523809
Rank: 6.418650793650792
--------------------
Round Score: 0.6666666666666666
Possible Round Score: 2
Possible Total: 266
Total Score: 17.611904761904757
Rank: 6.621016827783743
--------------------
Round Score: 0
Possible Round Score: 1
Possible Total: 267
Total Score: 17.611904761904757
Rank: 6.596219011949348
--------------------
Round Score: 0
Possible Round Score: 1
Possible Total: 268
Total Score: 17.611904761904757
Rank: 6.571606254442074
--------------------
Round Score: 0
Possible Round Score: 1
Possible Total: 269
Total Score: 17.611904761904757
Rank: 6.547176491414408
--------------------
Round Score: 0
Possible Round Score: 1
Possible Total: 270
Total Score: 17.611904761904757
Rank: 6.522927689594354
--------------------
Round Score: 0
Possible Round Score: 1
Possible Total: 271
Total Score: 17.611904761904757
Rank: 6.498857845721312
--------------------
Round Score: 0
Possible Round Score: 2
Possible Total: 273
Total Score: 17.611904761904757
Rank: 6.451247165532878
--------------------
Round Score: 0
Possible Round Score: 1
Possible Total: 274
Total Score: 17.611904761904757
Rank: 6.4277024678484525
--------------------
Round Score: 0
Possible Round Score: 1
Possible Total: 275
Total Score: 17.611904761904757
Rank: 6.404329004329003
--------------------
Round Score: 0
Possible Round Score: 1
Possible Total: 276
Total Score: 17.611904761904757
Rank: 6.381124913733608
--------------------
Round Score: 0
Possible Round Score: 1
Possible Total: 277
Total Score: 17.611904761904757
Rank: 6.358088361698468
--------------------
Round Score: 0
Possible Round Score: 1
Possible Total: 278
Total Score: 17.611904761904757
Rank: 6.33521754025351
--------------------
Round Score: 0
Possible Round Score: 1
Possible Total: 279
Total Score: 17.611904761904757
Rank: 6.3125106673493745
--------------------
Round Score: 0
Possible Round Score: 1
Possible Total: 280
Total Score: 17.611904761904757
Rank: 6.289965986394557
--------------------
Round Score: 0
Possible Round Score: 1
Possible Total: 281
Total Score: 17.611904761904757
Rank: 6.2675817658024044
--------------------
Round Score: 0
Possible Round Score: 1
Possible Total: 282
Total Score: 17.611904761904757
Rank: 6.245356298547787
--------------------
Round Score: 0
Possible Round Score: 1
Possible Total: 283
Total Score: 17.611904761904757
Rank: 6.223287901733129
--------------------
Round Score: 0
Possible Round Score: 2
Possible Total: 285
Total Score: 17.611904761904757
Rank: 6.179615705931494
--------------------
Round Score: 0
Possible Round Score: 2
Possible Total: 287
Total Score: 17.611904761904757
Rank: 6.136552181848347
--------------------
Round Score: 0
Possible Round Score: 1
Possible Total: 288
Total Score: 17.611904761904757
Rank: 6.115244708994708
--------------------
Round Score: 0.6666666666666666
Possible Round Score: 2
Possible Total: 290
Total Score: 18.278571428571425
Rank: 6.302955665024629
--------------------
Round Score: 0
Possible Round Score: 1
Possible Total: 291
Total Score: 18.278571428571425
Rank: 6.281296023564063
--------------------
Round Score: 0
Possible Round Score: 1
Possible Total: 292
Total Score: 18.278571428571425
Rank: 6.259784735812132
--------------------
Round Score: 0
Possible Round Score: 1
Possible Total: 293
Total Score: 18.278571428571425
Rank: 6.238420282788882
--------------------
Round Score: 0
Possible Round Score: 1
Possible Total: 294
Total Score: 18.278571428571425
Rank: 6.2172011661807565
--------------------
Round Score: 0
Possible Round Score: 1
Possible Total: 295
Total Score: 18.278571428571425
Rank: 6.1961259079903135
--------------------
Round Score: 0
Possible Round Score: 1
Possible Total: 296
Total Score: 18.278571428571425
Rank: 6.175193050193049
--------------------
Round Score: 0
Possible Round Score: 1
Possible Total: 297
Total Score: 18.278571428571425
Rank: 6.154401154401153
--------------------
Round Score: 0.6666666666666666
Possible Round Score: 2
Possible Total: 299
Total Score: 18.945238095238093
Rank: 6.336200031852204
--------------------
Round Score: 0
Possible Round Score: 1
Possible Total: 300
Total Score: 18.945238095238093
Rank: 6.315079365079364
--------------------
Round Score: 0
Possible Round Score: 1
Possible Total: 301
Total Score: 18.945238095238093
Rank: 6.294099034962822
--------------------
Round Score: 0
Possible Round Score: 1
Possible Total: 302
Total Score: 18.945238095238093
Rank: 6.2732576474298325
--------------------
Round Score: 0
Possible Round Score: 1
Possible Total: 303
Total Score: 18.945238095238093
Rank: 6.252553826811252
--------------------
Round Score: 0
Possible Round Score: 2
Possible Total: 305
Total Score: 18.945238095238093
Rank: 6.211553473848555
--------------------
Round Score: 0
Possible Round Score: 1
Possible Total: 306
Total Score: 18.945238095238093
Rank: 6.191254279489573
--------------------
Round Score: 0
Possible Round Score: 1
Possible Total: 307
Total Score: 18.945238095238093
Rank: 6.1710873274391185
--------------------
Round Score: 0
Possible Round Score: 1
Possible Total: 308
Total Score: 18.945238095238093
Rank: 6.151051329622757
--------------------
Round Score: 0
Possible Round Score: 1
Possible Total: 309
Total Score: 18.945238095238093
Rank: 6.131145014640159
--------------------
Round Score: 0
Possible Round Score: 1
Possible Total: 310
Total Score: 18.945238095238093
Rank: 6.111367127496159
--------------------
Round Score: 0
Possible Round Score: 1
Possible Total: 311
Total Score: 18.945238095238093
Rank: 6.091716429337008
--------------------
Round Score: 0
Possible Round Score: 1
Possible Total: 312
Total Score: 18.945238095238093
Rank: 6.0721916971916965
--------------------
Round Score: 0
Possible Round Score: 1
Possible Total: 313
Total Score: 18.945238095238093
Rank: 6.052791723718241
--------------------
Round Score: 0
Possible Round Score: 1
Possible Total: 314
Total Score: 18.945238095238093
Rank: 6.033515316954807
--------------------
Round Score: 0
Possible Round Score: 1
Possible Total: 315
Total Score: 18.945238095238093
Rank: 6.014361300075585
--------------------
Round Score: 0
Possible Round Score: 1
Possible Total: 316
Total Score: 18.945238095238093
Rank: 5.995328511151295
--------------------
Round Score: 0.6666666666666666
Possible Round Score: 2
Possible Total: 318
Total Score: 19.61190476190476
Rank: 6.1672656483977235
--------------------
Round Score: 0
Possible Round Score: 1
Possible Total: 319
Total Score: 19.61190476190476
Rank: 6.147932527242872
--------------------
Round Score: 0
Possible Round Score: 1
Possible Total: 320
Total Score: 19.61190476190476
Rank: 6.128720238095238
--------------------
Round Score: 0
Possible Round Score: 1
Possible Total: 321
Total Score: 19.61190476190476
Rank: 6.109627651683726
--------------------
Round Score: 0
Possible Round Score: 1
Possible Total: 322
Total Score: 19.61190476190476
Rank: 6.090653652765454
--------------------
Round Score: 0
Possible Round Score: 1
Possible Total: 323
Total Score: 19.61190476190476
Rank: 6.071797139908595
--------------------
Round Score: 0
Possible Round Score: 1
Possible Total: 324
Total Score: 19.61190476190476
Rank: 6.053057025279247
--------------------
Round Score: 0
Possible Round Score: 1
Possible Total: 325
Total Score: 19.61190476190476
Rank: 6.034432234432234
--------------------
Round Score: 0
Possible Round Score: 1
Possible Total: 326
Total Score: 19.61190476190476
Rank: 6.015921706105755
--------------------
Round Score: 0
Possible Round Score: 1
Possible Total: 327
Total Score: 19.61190476190476
Rank: 5.9975243920198045
--------------------
Round Score: 0
Possible Round Score: 1
Possible Total: 328
Total Score: 19.61190476190476
Rank: 5.979239256678281
--------------------
Round Score: 0
Possible Round Score: 1
Possible Total: 329
Total Score: 19.61190476190476
Rank: 5.9610652771747
--------------------
Round Score: 0
Possible Round Score: 1
Possible Total: 330
Total Score: 19.61190476190476
Rank: 5.943001443001442
--------------------
Round Score: 1
Possible Round Score: 2
Possible Total: 332
Total Score: 20.61190476190476
Rank: 6.208405048766495
--------------------
Round Score: 0.6666666666666666
Possible Round Score: 2
Possible Total: 334
Total Score: 21.27857142857143
Rank: 6.370829769033362
--------------------
Round Score: 0
Possible Round Score: 1
Possible Total: 335
Total Score: 21.27857142857143
Rank: 6.3518123667377395
--------------------
Round Score: 0
Possible Round Score: 1
Possible Total: 336
Total Score: 21.27857142857143
Rank: 6.332908163265307
--------------------
Round Score: 0
Possible Round Score: 1
Possible Total: 337
Total Score: 21.27857142857143
Rank: 6.314116150911403
--------------------
Round Score: 0.42857142857142855
Possible Round Score: 3
Possible Total: 340
Total Score: 21.707142857142856
Rank: 6.384453781512605
--------------------
Round Score: 0
Possible Round Score: 1
Possible Total: 341
Total Score: 21.707142857142856
Rank: 6.365731043150398
--------------------
Round Score: 0
Possible Round Score: 1
Possible Total: 342
Total Score: 21.707142857142856
Rank: 6.347117794486215
--------------------
Round Score: 0
Possible Round Score: 1
Possible Total: 343
Total Score: 21.707142857142856
Rank: 6.328613077884214
--------------------
Round Score: 0
Possible Round Score: 1
Possible Total: 344
Total Score: 21.707142857142856
Rank: 6.310215946843853
--------------------
Round Score: 0
Possible Round Score: 1
Possible Total: 345
Total Score: 21.707142857142856
Rank: 6.291925465838509
--------------------
Round Score: 0
Possible Round Score: 3
Possible Total: 348
Total Score: 21.707142857142856
Rank: 6.237684729064039
--------------------
Round Score: 0
Possible Round Score: 1
Possible Total: 349
Total Score: 21.707142857142856
Rank: 6.2198117069177234
--------------------
Round Score: 0
Possible Round Score: 1
Possible Total: 350
Total Score: 21.707142857142856
Rank: 6.20204081632653
--------------------
Round Score: 0
Possible Round Score: 1
Possible Total: 351
Total Score: 21.707142857142856
Rank: 6.184371184371184
--------------------
Round Score: 0
Possible Round Score: 3
Possible Total: 354
Total Score: 21.707142857142856
Rank: 6.131961259079903
--------------------
Round Score: 0.3333333333333333
Possible Round Score: 2
Possible Total: 356
Total Score: 22.040476190476188
Rank: 6.191144997324772
--------------------
Round Score: 0
Possible Round Score: 1
Possible Total: 357
Total Score: 22.040476190476188
Rank: 6.173802854475122
--------------------
Round Score: 0
Possible Round Score: 1
Possible Total: 358
Total Score: 22.040476190476188
Rank: 6.15655759510508
--------------------
Round Score: 0
Possible Round Score: 1
Possible Total: 359
Total Score: 22.040476190476188
Rank: 6.139408409603394
--------------------
Round Score: 0
Possible Round Score: 1
Possible Total: 360
Total Score: 22.040476190476188
Rank: 6.122354497354497
--------------------
Round Score: 0
Possible Round Score: 1
Possible Total: 361
Total Score: 22.040476190476188
Rank: 6.1053950666139025
--------------------
Round Score: 0
Possible Round Score: 1
Possible Total: 362
Total Score: 22.040476190476188
Rank: 6.088529334385687
--------------------
Round Score: 0
Possible Round Score: 1
Possible Total: 363
Total Score: 22.040476190476188
Rank: 6.07175652630198
--------------------
Round Score: 0
Possible Round Score: 1
Possible Total: 364
Total Score: 22.040476190476188
Rank: 6.055075876504447
--------------------
Round Score: 0
Possible Round Score: 1
Possible Total: 365
Total Score: 22.040476190476188
Rank: 6.038486627527723
--------------------
Round Score: 0
Possible Round Score: 1
Possible Total: 366
Total Score: 22.040476190476188
Rank: 6.021988030184751
--------------------
Round Score: 0
Possible Round Score: 1
Possible Total: 367
Total Score: 22.040476190476188
Rank: 6.005579343454002
--------------------
Round Score: 0
Possible Round Score: 1
Possible Total: 368
Total Score: 22.040476190476188
Rank: 5.9892598343685295
--------------------
Round Score: 0
Possible Round Score: 1
Possible Total: 369
Total Score: 22.040476190476188
Rank: 5.973028777906826
--------------------
Round Score: 0
Possible Round Score: 1
Possible Total: 370
Total Score: 22.040476190476188
Rank: 5.9568854568854555
--------------------
Round Score: 0
Possible Round Score: 1
Possible Total: 371
Total Score: 22.040476190476188
Rank: 5.9408291618534195
--------------------
Round Score: 0
Possible Round Score: 2
Possible Total: 373
Total Score: 22.040476190476188
Rank: 5.908974849993616
--------------------
Round Score: 0
Possible Round Score: 1
Possible Total: 374
Total Score: 22.040476190476188
Rank: 5.893175451998981
--------------------
Round Score: 0
Possible Round Score: 1
Possible Total: 375
Total Score: 22.040476190476188
Rank: 5.877460317460317
--------------------
Round Score: 0
Possible Round Score: 1
Possible Total: 376
Total Score: 22.040476190476188
Rank: 5.8618287740628165
--------------------
Round Score: 0
Possible Round Score: 1
Possible Total: 377
Total Score: 22.040476190476188
Rank: 5.846280156624983
--------------------
Round Score: 0
Possible Round Score: 1
Possible Total: 378
Total Score: 22.040476190476188
Rank: 5.830813807004282
--------------------
Round Score: 0
Possible Round Score: 1
Possible Total: 379
Total Score: 22.040476190476188
Rank: 5.815429074004271
--------------------
Round Score: 0.5
Possible Round Score: 2
Possible Total: 381
Total Score: 22.540476190476188
Rank: 5.9161354830646165
--------------------
Round Score: 0.5
Possible Round Score: 2
Possible Total: 383
Total Score: 23.040476190476188
Rank: 6.015790128061668
--------------------
Round Score: 0
Possible Round Score: 1
Possible Total: 384
Total Score: 23.040476190476188
Rank: 6.000124007936507
--------------------
Round Score: 0
Possible Round Score: 1
Possible Total: 385
Total Score: 23.040476190476188
Rank: 5.984539270253555
--------------------
Round Score: 0
Possible Round Score: 1
Possible Total: 386
Total Score: 23.040476190476188
Rank: 5.969035282506784
--------------------
Round Score: 0
Possible Round Score: 1
Possible Total: 387
Total Score: 23.040476190476188
Rank: 5.953611418727697
--------------------
Round Score: 0
Possible Round Score: 1
Possible Total: 388
Total Score: 23.040476190476188
Rank: 5.938267059401079
--------------------
Round Score: 0
Possible Round Score: 1
Possible Total: 389
Total Score: 23.040476190476188
Rank: 5.923001591382054
--------------------
Round Score: 0.3333333333333333
Possible Round Score: 2
Possible Total: 391
Total Score: 23.37380952380952
Rank: 5.977956399951284
--------------------
Round Score: 0
Possible Round Score: 2
Possible Total: 393
Total Score: 23.37380952380952
Rank: 5.947534229976977
--------------------
Round Score: 0
Possible Round Score: 1
Possible Total: 394
Total Score: 23.37380952380952
Rank: 5.932438965433888
--------------------
Round Score: 0
Possible Round Score: 1
Possible Total: 395
Total Score: 23.37380952380952
Rank: 5.9174201326100055
--------------------
Round Score: 0
Possible Round Score: 1
Possible Total: 396
Total Score: 23.37380952380952
Rank: 5.902477152477151
--------------------
Round Score: 0.2857142857142857
Possible Round Score: 2
Possible Total: 398
Total Score: 23.659523809523805
Rank: 5.944603972242162
--------------------
Round Score: 0
Possible Round Score: 1
Possible Total: 399
Total Score: 23.659523809523805
Rank: 5.9297052154195
--------------------
Round Score: 0
Possible Round Score: 1
Possible Total: 400
Total Score: 23.659523809523805
Rank: 5.914880952380951
--------------------
Round Score: 0
Possible Round Score: 1
Possible Total: 401
Total Score: 23.659523809523805
Rank: 5.90013062581641
--------------------
Round Score: 0
Possible Round Score: 1
Possible Total: 402
Total Score: 23.659523809523805
Rank: 5.8854536839611455
--------------------
Round Score: 0
Possible Round Score: 1
Possible Total: 403
Total Score: 23.659523809523805
Rank: 5.870849580526999
--------------------
Round Score: 0
Possible Round Score: 1
Possible Total: 404
Total Score: 23.659523809523805
Rank: 5.856317774634605
--------------------
Round Score: 0
Possible Round Score: 1
Possible Total: 405
Total Score: 23.659523809523805
Rank: 5.841857730746618
--------------------
Round Score: 0
Possible Round Score: 1
Possible Total: 406
Total Score: 23.659523809523805
Rank: 5.827468918601922
--------------------
Round Score: 0
Possible Round Score: 2
Possible Total: 408
Total Score: 23.659523809523805
Rank: 5.798902894491128
--------------------
Round Score: 0
Possible Round Score: 1
Possible Total: 409
Total Score: 23.659523809523805
Rank: 5.784724647805331
--------------------
Round Score: 0
Possible Round Score: 1
Possible Total: 410
Total Score: 23.659523809523805
Rank: 5.770615563298489
--------------------
Round Score: 0
Possible Round Score: 1
Possible Total: 411
Total Score: 23.659523809523805
Rank: 5.756575136137179
--------------------
Round Score: 0
Possible Round Score: 2
Possible Total: 413
Total Score: 23.659523809523805
Rank: 5.728698258964601
--------------------
Round Score: 0
Possible Round Score: 1
Possible Total: 414
Total Score: 23.659523809523805
Rank: 5.714860823556474
--------------------
Round Score: 0
Possible Round Score: 1
Possible Total: 415
Total Score: 23.659523809523805
Rank: 5.701090074584049
--------------------
Round Score: 0
Possible Round Score: 1
Possible Total: 416
Total Score: 23.659523809523805
Rank: 5.687385531135529
--------------------
Round Score: 0
Possible Round Score: 1
Possible Total: 417
Total Score: 23.659523809523805
Rank: 5.673746716912183
--------------------
Round Score: 0
Possible Round Score: 1
Possible Total: 418
Total Score: 23.659523809523805
Rank: 5.660173160173159
--------------------
Round Score: 0
Possible Round Score: 1
Possible Total: 419
Total Score: 23.659523809523805
Rank: 5.646664393681099
--------------------
Round Score: 0
Possible Round Score: 1
Possible Total: 420
Total Score: 23.659523809523805
Rank: 5.633219954648524
--------------------
Round Score: 0
Possible Round Score: 1
Possible Total: 421
Total Score: 23.659523809523805
Rank: 5.6198393846849894
--------------------
Round Score: 0
Possible Round Score: 2
Possible Total: 423
Total Score: 23.659523809523805
Rank: 5.593268040076549
--------------------
Round Score: 0
Possible Round Score: 1
Possible Total: 424
Total Score: 23.659523809523805
Rank: 5.580076370170708
--------------------
Round Score: 0
Possible Round Score: 1
Possible Total: 425
Total Score: 23.659523809523805
Rank: 5.5669467787114835
--------------------
Round Score: 0
Possible Round Score: 1
Possible Total: 426
Total Score: 23.659523809523805
Rank: 5.553878828526715
--------------------
Round Score: 0
Possible Round Score: 1
Possible Total: 427
Total Score: 23.659523809523805
Rank: 5.540872086539532
--------------------
Round Score: 0
Possible Round Score: 1
Possible Total: 428
Total Score: 23.659523809523805
Rank: 5.527926123720515
--------------------
Round Score: 0
Possible Round Score: 1
Possible Total: 429
Total Score: 23.659523809523805
Rank: 5.515040515040514
--------------------
Round Score: 0.2857142857142857
Possible Round Score: 2
Possible Total: 431
Total Score: 23.94523809523809
Rank: 5.555739697271019
--------------------
Round Score: 0
Possible Round Score: 1
Possible Total: 432
Total Score: 23.94523809523809
Rank: 5.54287918871252
--------------------
Round Score: 0
Possible Round Score: 1
Possible Total: 433
Total Score: 23.94523809523809
Rank: 5.530078082041129
--------------------
Round Score: 0
Possible Round Score: 1
Possible Total: 434
Total Score: 23.94523809523809
Rank: 5.517335966644721
--------------------
Round Score: 0
Possible Round Score: 1
Possible Total: 435
Total Score: 23.94523809523809
Rank: 5.504652435686917
--------------------
Round Score: 0
Possible Round Score: 1
Possible Total: 436
Total Score: 23.94523809523809
Rank: 5.492027086063782
--------------------
Round Score: 0
Possible Round Score: 1
Possible Total: 437
Total Score: 23.94523809523809
Rank: 5.479459518361119
--------------------
Round Score: 0
Possible Round Score: 1
Possible Total: 438
Total Score: 23.94523809523809
Rank: 5.466949336812349
--------------------
Round Score: 0
Possible Round Score: 1
Possible Total: 439
Total Score: 23.94523809523809
Rank: 5.454496149256968
--------------------
Round Score: 0
Possible Round Score: 1
Possible Total: 440
Total Score: 23.94523809523809
Rank: 5.442099567099565
--------------------
Round Score: 0
Possible Round Score: 1
Possible Total: 441
Total Score: 23.94523809523809
Rank: 5.4297592052694075
--------------------
Round Score: 0
Possible Round Score: 2
Possible Total: 443
Total Score: 23.94523809523809
Rank: 5.405245619692571
--------------------
Round Score: 0
Possible Round Score: 1
Possible Total: 444
Total Score: 23.94523809523809
Rank: 5.393071643071642
--------------------
Round Score: 0.5
Possible Round Score: 2
Possible Total: 446
Total Score: 24.44523809523809
Rank: 5.480995088618406
--------------------
Round Score: 0
Possible Round Score: 1
Possible Total: 447
Total Score: 24.44523809523809
Rank: 5.468733354639394
--------------------
Round Score: 0
Possible Round Score: 1
Possible Total: 448
Total Score: 24.44523809523809
Rank: 5.456526360544216
--------------------
Round Score: 0
Possible Round Score: 1
Possible Total: 449
Total Score: 24.44523809523809
Rank: 5.444373740587547
--------------------
Round Score: 0
Possible Round Score: 1
Possible Total: 450
Total Score: 24.44523809523809
Rank: 5.432275132275131
--------------------
Round Score: 0
Possible Round Score: 1
Possible Total: 451
Total Score: 24.44523809523809
Rank: 5.420230176327736
--------------------
Round Score: 0
Possible Round Score: 1
Possible Total: 452
Total Score: 24.44523809523809
Rank: 5.408238516645595
--------------------
Round Score: 0
Possible Round Score: 1
Possible Total: 453
Total Score: 24.44523809523809
Rank: 5.396299800273309
--------------------
Round Score: 0
Possible Round Score: 1
Possible Total: 454
Total Score: 24.44523809523809
Rank: 5.384413677365218
--------------------
Round Score: 0
Possible Round Score: 1
Possible Total: 455
Total Score: 24.44523809523809
Rank: 5.372579801151228
--------------------
Round Score: 0.5
Possible Round Score: 3
Possible Total: 458
Total Score: 24.94523809523809
Rank: 5.446558536078185
--------------------
Round Score: 0
Possible Round Score: 1
Possible Total: 459
Total Score: 24.94523809523809
Rank: 5.4346923954767075
--------------------
Round Score: 0
Possible Round Score: 1
Possible Total: 460
Total Score: 24.94523809523809
Rank: 5.422877846790889
--------------------
Round Score: 0
Possible Round Score: 1
Possible Total: 461
Total Score: 24.94523809523809
Rank: 5.411114554281581
--------------------
Round Score: 0.6666666666666666
Possible Round Score: 2
Possible Total: 463
Total Score: 25.611904761904757
Rank: 5.531728890260207
--------------------
Round Score: 0
Possible Round Score: 2
Possible Total: 465
Total Score: 25.611904761904757
Rank: 5.507936507936507
--------------------
Round Score: 0
Possible Round Score: 1
Possible Total: 466
Total Score: 25.611904761904757
Rank: 5.4961169016963
--------------------
Round Score: 0.6666666666666666
Possible Round Score: 2
Possible Total: 468
Total Score: 26.278571428571425
Rank: 5.615079365079365
--------------------
Round Score: 0
Possible Round Score: 2
Possible Total: 470
Total Score: 26.278571428571425
Rank: 5.5911854103343455
--------------------
Round Score: 0
Possible Round Score: 1
Possible Total: 471
Total Score: 26.278571428571425
Rank: 5.579314528359114
--------------------
Round Score: 0
Possible Round Score: 1
Possible Total: 472
Total Score: 26.278571428571425
Rank: 5.5674939467312345
--------------------
Round Score: 0
Possible Round Score: 1
Possible Total: 473
Total Score: 26.278571428571425
Rank: 5.55572334642102
--------------------
Round Score: 0
Possible Round Score: 3
Possible Total: 476
Total Score: 26.278571428571425
Rank: 5.520708283313325
--------------------
Round Score: 0
Possible Round Score: 1
Possible Total: 477
Total Score: 26.278571428571425
Rank: 5.509134471398622
--------------------
Round Score: 1.5
Possible Round Score: 3
Possible Total: 480
Total Score: 27.778571428571425
Rank: 5.7872023809523805
--------------------
Round Score: 0
Possible Round Score: 1
Possible Total: 481
Total Score: 27.778571428571425
Rank: 5.775170775170775
--------------------
Round Score: 0
Possible Round Score: 1
Possible Total: 482
Total Score: 27.778571428571425
Rank: 5.763189093064611
--------------------
Round Score: 0.3333333333333333
Possible Round Score: 2
Possible Total: 484
Total Score: 28.111904761904757
Rank: 5.808244785517512
--------------------
Round Score: 0
Possible Round Score: 1
Possible Total: 485
Total Score: 28.111904761904757
Rank: 5.796269023073146
--------------------
Round Score: 0
Possible Round Score: 1
Possible Total: 486
Total Score: 28.111904761904757
Rank: 5.7843425436018014
--------------------
Round Score: 0
Possible Round Score: 2
Possible Total: 488
Total Score: 28.111904761904757
Rank: 5.760636221701795
--------------------
Round Score: 0
Possible Round Score: 1
Possible Total: 489
Total Score: 28.111904761904757
Rank: 5.748855779530626
--------------------
Round Score: 0
Possible Round Score: 2
Possible Total: 491
Total Score: 28.111904761904757
Rank: 5.725438851711763
--------------------
Round Score: 0
Possible Round Score: 1
Possible Total: 492
Total Score: 28.111904761904757
Rank: 5.713801780874951
--------------------
Round Score: 0
Possible Round Score: 1
Possible Total: 493
Total Score: 28.111904761904757
Rank: 5.702211919250458
--------------------
Round Score: 0
Possible Round Score: 1
Possible Total: 494
Total Score: 28.111904761904757
Rank: 5.6906689801426635
--------------------
Round Score: 0
Possible Round Score: 1
Possible Total: 495
Total Score: 28.111904761904757
Rank: 5.679172679172678
--------------------
Round Score: 0
Possible Round Score: 1
Possible Total: 496
Total Score: 28.111904761904757
Rank: 5.667722734254991
--------------------
Round Score: 0
Possible Round Score: 1
Possible Total: 497
Total Score: 28.111904761904757
Rank: 5.656318865574398
--------------------
Round Score: 0
Possible Round Score: 1
Possible Total: 498
Total Score: 28.111904761904757
Rank: 5.644960795563205
--------------------
Round Score: 1
Possible Round Score: 2
Possible Total: 500
Total Score: 29.111904761904757
Rank: 5.822380952380951
--------------------
Round Score: 0
Possible Round Score: 1
Possible Total: 501
Total Score: 29.111904761904757
Rank: 5.810759433513923
--------------------
Round Score: 0
Possible Round Score: 1
Possible Total: 502
Total Score: 29.111904761904757
Rank: 5.799184215518876
--------------------
Round Score: 0
Possible Round Score: 1
Possible Total: 503
Total Score: 29.111904761904757
Rank: 5.787655022247467
--------------------
Round Score: 0
Possible Round Score: 1
Possible Total: 504
Total Score: 29.111904761904757
Rank: 5.776171579743007
--------------------
Round Score: 0
Possible Round Score: 1
Possible Total: 505
Total Score: 29.111904761904757
Rank: 5.764733616218764
--------------------
Round Score: 0
Possible Round Score: 1
Possible Total: 506
Total Score: 29.111904761904757
Rank: 5.753340862036514
--------------------
Round Score: 0
Possible Round Score: 1
Possible Total: 507
Total Score: 29.111904761904757
Rank: 5.741993049685357
--------------------
Round Score: 0.6666666666666666
Possible Round Score: 2
Possible Total: 509
Total Score: 29.778571428571425
Rank: 5.850406960426606
--------------------
Round Score: 0
Possible Round Score: 1
Possible Total: 510
Total Score: 29.778571428571425
Rank: 5.838935574229691
--------------------
Round Score: 0
Possible Round Score: 1
Possible Total: 511
Total Score: 29.778571428571425
Rank: 5.82750908582611
--------------------
Round Score: 0
Possible Round Score: 1
Possible Total: 512
Total Score: 29.778571428571425
Rank: 5.816127232142857
--------------------
Round Score: 0
Possible Round Score: 1
Possible Total: 513
Total Score: 29.778571428571425
Rank: 5.804789752158173
--------------------
Round Score: 0
Possible Round Score: 1
Possible Total: 514
Total Score: 29.778571428571425
Rank: 5.793496386881601
--------------------
Round Score: 0
Possible Round Score: 1
Possible Total: 515
Total Score: 29.778571428571425
Rank: 5.782246879334258
--------------------
Round Score: 1.2000000000000002
Possible Round Score: 3
Possible Total: 518
Total Score: 30.978571428571424
Rank: 5.980419194704909
--------------------
Round Score: 0
Possible Round Score: 1
Possible Total: 519
Total Score: 30.978571428571424
Rank: 5.968896229011835
--------------------
Round Score: 0
Possible Round Score: 1
Possible Total: 520
Total Score: 30.978571428571424
Rank: 5.957417582417582
--------------------
Round Score: 0.5
Possible Round Score: 2
Possible Total: 522
Total Score: 31.478571428571424
Rank: 6.030377668308702
--------------------
Round Score: 0
Possible Round Score: 1
Possible Total: 523
Total Score: 31.478571428571424
Rank: 6.018847309478284
--------------------
Round Score: 0
Possible Round Score: 1
Possible Total: 524
Total Score: 31.478571428571424
Rank: 6.0073609596510344
--------------------
Round Score: 0
Possible Round Score: 2
Possible Total: 526
Total Score: 31.478571428571424
Rank: 5.98451928299837
--------------------
Round Score: 0.6666666666666666
Possible Round Score: 2
Possible Total: 528
Total Score: 32.14523809523809
Rank: 6.088113275613275
--------------------
Round Score: 0
Possible Round Score: 1
Possible Total: 529
Total Score: 32.14523809523809
Rank: 6.0766045548654235
--------------------
Round Score: 0
Possible Round Score: 1
Possible Total: 530
Total Score: 32.14523809523809
Rank: 6.065139263252471
--------------------
Round Score: 0
Possible Round Score: 1
Possible Total: 531
Total Score: 32.14523809523809
Rank: 6.053717155412071
--------------------
Round Score: 0
Possible Round Score: 1
Possible Total: 532
Total Score: 32.14523809523809
Rank: 6.042337987826709
--------------------
Round Score: 0
Possible Round Score: 1
Possible Total: 533
Total Score: 32.14523809523809
Rank: 6.031001518806396
--------------------
Round Score: 0
Possible Round Score: 1
Possible Total: 534
Total Score: 32.14523809523809
Rank: 6.019707508471553
--------------------
Round Score: 0
Possible Round Score: 1
Possible Total: 535
Total Score: 32.14523809523809
Rank: 6.0084557187360925
--------------------
Round Score: 0
Possible Round Score: 1
Possible Total: 536
Total Score: 32.14523809523809
Rank: 5.997245913290689
--------------------
Round Score: 0
Possible Round Score: 1
Possible Total: 537
Total Score: 32.14523809523809
Rank: 5.986077857586237
--------------------
Round Score: 0
Possible Round Score: 2
Possible Total: 539
Total Score: 32.14523809523809
Rank: 5.963866065906882
--------------------
Round Score: 0
Possible Round Score: 1
Possible Total: 540
Total Score: 32.14523809523809
Rank: 5.9528218694885355
--------------------
Round Score: 0.6666666666666666
Possible Round Score: 2
Possible Total: 542
Total Score: 32.811904761904756
Rank: 6.053856967141099
--------------------
Round Score: 0.6000000000000001
Possible Round Score: 3
Possible Total: 545
Total Score: 33.41190476190476
Rank: 6.130624726955001
--------------------
Round Score: 0
Possible Round Score: 1
Possible Total: 546
Total Score: 33.41190476190476
Rank: 6.1193964765393325
--------------------
Round Score: 0
Possible Round Score: 1
Possible Total: 547
Total Score: 33.41190476190476
Rank: 6.108209280055714
--------------------
Round Score: 0
Possible Round Score: 1
Possible Total: 548
Total Score: 33.41190476190476
Rank: 6.097062912756343
--------------------
Round Score: 0
Possible Round Score: 1
Possible Total: 549
Total Score: 33.41190476190476
Rank: 6.085957151530922
--------------------
Round Score: 0
Possible Round Score: 1
Possible Total: 550
Total Score: 33.41190476190476
Rank: 6.074891774891774
--------------------
Round Score: 0
Possible Round Score: 1
Possible Total: 551
Total Score: 33.41190476190476
Rank: 6.063866562959121
--------------------
Round Score: 0.4
Possible Round Score: 2
Possible Total: 553
Total Score: 33.811904761904756
Rank: 6.1142684922070085
--------------------
Round Score: 0
Possible Round Score: 1
Possible Total: 554
Total Score: 33.811904761904756
Rank: 6.103231906481002
--------------------
Round Score: 0
Possible Round Score: 1
Possible Total: 555
Total Score: 33.811904761904756
Rank: 6.092235092235091
--------------------
Round Score: 0
Possible Round Score: 1
Possible Total: 556
Total Score: 33.811904761904756
Rank: 6.081277834874956
--------------------
Round Score: 0.6666666666666666
Possible Round Score: 2
Possible Total: 558
Total Score: 34.47857142857142
Rank: 6.178955453149
--------------------
Round Score: 0
Possible Round Score: 1
Possible Total: 559
Total Score: 34.47857142857142
Rank: 6.167901865576283
--------------------
Round Score: 0
Possible Round Score: 1
Possible Total: 560
Total Score: 34.47857142857142
Rank: 6.15688775510204
--------------------
Round Score: 0
Possible Round Score: 1
Possible Total: 561
Total Score: 34.47857142857142
Rank: 6.145912910618791
--------------------
Round Score: 0
Possible Round Score: 1
Possible Total: 562
Total Score: 34.47857142857142
Rank: 6.134977122521605
--------------------
Round Score: 0
Possible Round Score: 1
Possible Total: 563
Total Score: 34.47857142857142
Rank: 6.124080182694746
--------------------
Round Score: 0
Possible Round Score: 1
Possible Total: 564
Total Score: 34.47857142857142
Rank: 6.113221884498478
--------------------
Round Score: 1
Possible Round Score: 2
Possible Total: 566
Total Score: 35.47857142857142
Rank: 6.268298838970216
--------------------
Round Score: 0
Possible Round Score: 1
Possible Total: 567
Total Score: 35.47857142857142
Rank: 6.257243638196018
--------------------
Round Score: 0
Possible Round Score: 1
Possible Total: 568
Total Score: 35.47857142857142
Rank: 6.246227364185109
--------------------
Round Score: 0
Possible Round Score: 1
Possible Total: 569
Total Score: 35.47857142857142
Rank: 6.235249811699722
--------------------
Round Score: 0
Possible Round Score: 1
Possible Total: 570
Total Score: 35.47857142857142
Rank: 6.224310776942355
--------------------
Round Score: 0
Possible Round Score: 1
Possible Total: 571
Total Score: 35.47857142857142
Rank: 6.213410057543156
--------------------
Round Score: 0
Possible Round Score: 1
Possible Total: 572
Total Score: 35.47857142857142
Rank: 6.202547452547451
--------------------
Round Score: 0
Possible Round Score: 1
Possible Total: 573
Total Score: 35.47857142857142
Rank: 6.191722762403389
--------------------
Round Score: 0.3333333333333333
Possible Round Score: 2
Possible Total: 575
Total Score: 35.811904761904756
Rank: 6.228157349896479
--------------------
Round Score: 0
Possible Round Score: 1
Possible Total: 576
Total Score: 35.811904761904756
Rank: 6.217344576719576
--------------------
Round Score: 0.6666666666666666
Possible Round Score: 2
Possible Total: 578
Total Score: 36.47857142857142
Rank: 6.311171527434502
--------------------
Round Score: 0
Possible Round Score: 1
Possible Total: 579
Total Score: 36.47857142857142
Rank: 6.300271403898345
--------------------
Round Score: 0
Possible Round Score: 2
Possible Total: 581
Total Score: 36.47857142857142
Rank: 6.278583722645684
--------------------
Round Score: 1
Possible Round Score: 3
Possible Total: 584
Total Score: 37.47857142857142
Rank: 6.417563600782778
--------------------
Round Score: 0
Possible Round Score: 3
Possible Total: 587
Total Score: 37.47857142857142
Rank: 6.384765149671452
--------------------
Round Score: 0
Possible Round Score: 1
Possible Total: 588
Total Score: 37.47857142857142
Rank: 6.3739067055393575
--------------------
Round Score: 0
Possible Round Score: 1
Possible Total: 589
Total Score: 37.47857142857142
Rank: 6.363085132185301
--------------------
Round Score: 0
Possible Round Score: 1
Possible Total: 590
Total Score: 37.47857142857142
Rank: 6.35230024213075
--------------------
Round Score: 0
Possible Round Score: 3
Possible Total: 593
Total Score: 37.47857142857142
Rank: 6.3201638159479625
--------------------
Round Score: 0
Possible Round Score: 1
Possible Total: 594
Total Score: 37.47857142857142
Rank: 6.3095238095238075
--------------------
Round Score: 0
Possible Round Score: 1
Possible Total: 595
Total Score: 37.47857142857142
Rank: 6.29891956782713
--------------------
Round Score: 1
Possible Round Score: 2
Possible Total: 597
Total Score: 38.47857142857142
Rank: 6.445321847331896
--------------------
Round Score: 0
Possible Round Score: 1
Possible Total: 598
Total Score: 38.47857142857142
Rank: 6.434543717152412
--------------------
Round Score: 0.4
Possible Round Score: 2
Possible Total: 600
Total Score: 38.87857142857142
Rank: 6.4797619047619035
--------------------
Round Score: 0
Possible Round Score: 1
Possible Total: 601
Total Score: 38.87857142857142
Rank: 6.4689802709769415
--------------------
Round Score: 0
Possible Round Score: 2
Possible Total: 603
Total Score: 38.87857142857142
Rank: 6.447524283345177
--------------------
Round Score: 0
Possible Round Score: 2
Possible Total: 605
Total Score: 38.87857142857142
Rank: 6.426210153482879
--------------------
Round Score: 0
Possible Round Score: 1
Possible Total: 606
Total Score: 38.87857142857142
Rank: 6.415605846298914
--------------------
Round Score: 0
Possible Round Score: 1
Possible Total: 607
Total Score: 38.87857142857142
Rank: 6.405036479171568
--------------------
Round Score: 0
Possible Round Score: 1
Possible Total: 608
Total Score: 38.87857142857142
Rank: 6.394501879699247
--------------------
Round Score: 0
Possible Round Score: 1
Possible Total: 609
Total Score: 38.87857142857142
Rank: 6.384001876612712
--------------------
Round Score: 0
Possible Round Score: 2
Possible Total: 611
Total Score: 38.87857142857142
Rank: 6.363104980126256
--------------------
Round Score: 0
Possible Round Score: 1
Possible Total: 612
Total Score: 38.87857142857142
Rank: 6.352707749766571
--------------------
Round Score: 0
Possible Round Score: 1
Possible Total: 613
Total Score: 38.87857142857142
Rank: 6.342344441855044
--------------------
Round Score: 0
Possible Round Score: 1
Possible Total: 614
Total Score: 38.87857142857142
Rank: 6.3320148906468114
--------------------
Round Score: 0.5
Possible Round Score: 2
Possible Total: 616
Total Score: 39.37857142857142
Rank: 6.392625231910945
--------------------
Round Score: 0
Possible Round Score: 2
Possible Total: 618
Total Score: 39.37857142857142
Rank: 6.371937124364307
--------------------
Round Score: 0.2
Possible Round Score: 2
Possible Total: 620
Total Score: 39.57857142857142
Rank: 6.3836405529953915
--------------------
Round Score: 0
Possible Round Score: 2
Possible Total: 622
Total Score: 39.57857142857142
Rank: 6.3631143775838295
--------------------
Round Score: 0
Possible Round Score: 1
Possible Total: 623
Total Score: 39.57857142857142
Rank: 6.352900710846135
--------------------
Round Score: 0
Possible Round Score: 1
Possible Total: 624
Total Score: 39.57857142857142
Rank: 6.342719780219778
--------------------
Round Score: 0.5
Possible Round Score: 2
Possible Total: 626
Total Score: 40.07857142857142
Rank: 6.402327704244636
--------------------
Round Score: 0
Possible Round Score: 1
Possible Total: 627
Total Score: 40.07857142857142
Rank: 6.392116655274549
--------------------
Round Score: 0
Possible Round Score: 1
Possible Total: 628
Total Score: 40.07857142857142
Rank: 6.381938125568698
--------------------
Round Score: 0
Possible Round Score: 1
Possible Total: 629
Total Score: 40.07857142857142
Rank: 6.371791960027254
--------------------
Round Score: 0
Possible Round Score: 1
Possible Total: 630
Total Score: 40.07857142857142
Rank: 6.361678004535147
--------------------
Round Score: 0
Possible Round Score: 1
Possible Total: 631
Total Score: 40.07857142857142
Rank: 6.351596105954267
--------------------
Round Score: 0
Possible Round Score: 1
Possible Total: 632
Total Score: 40.07857142857142
Rank: 6.341546112115731
--------------------
Round Score: 0
Possible Round Score: 2
Possible Total: 634
Total Score: 40.07857142857142
Rank: 6.321541234790446
--------------------
Round Score: 0
Possible Round Score: 1
Possible Total: 635
Total Score: 40.07857142857142
Rank: 6.311586051743531
--------------------
Round Score: 0
Possible Round Score: 1
Possible Total: 636
Total Score: 40.07857142857142
Rank: 6.301662174303682
--------------------
Round Score: 0
Possible Round Score: 1
Possible Total: 637
Total Score: 40.07857142857142
Rank: 6.29176945503476
--------------------
