Round Score: 0
Possible Round Score: 1
Possible Total: 1
Total Score: 0
Rank: 0
--------------------
Round Score: 0
Possible Round Score: 1
Possible Total: 2
Total Score: 0
Rank: 0
--------------------
Round Score: 0
Possible Round Score: 1
Possible Total: 3
Total Score: 0
Rank: 0
--------------------
Round Score: 0
Possible Round Score: 1
Possible Total: 4
Total Score: 0
Rank: 0
--------------------
Round Score: 0
Possible Round Score: 1
Possible Total: 5
Total Score: 0
Rank: 0
--------------------
Round Score: 0
Possible Round Score: 1
Possible Total: 6
Total Score: 0
Rank: 0
--------------------
Round Score: 0
Possible Round Score: 1
Possible Total: 7
Total Score: 0
Rank: 0
--------------------
Round Score: 0
Possible Round Score: 1
Possible Total: 8
Total Score: 0
Rank: 0
--------------------
Round Score: 0
Possible Round Score: 1
Possible Total: 9
Total Score: 0
Rank: 0
--------------------
Round Score: 0
Possible Round Score: 1
Possible Total: 10
Total Score: 0
Rank: 0
--------------------
Round Score: 0
Possible Round Score: 1
Possible Total: 11
Total Score: 0
Rank: 0
--------------------
Round Score: 0
Possible Round Score: 1
Possible Total: 12
Total Score: 0
Rank: 0
--------------------
Round Score: 0
Possible Round Score: 1
Possible Total: 13
Total Score: 0
Rank: 0
--------------------
Round Score: 0
Possible Round Score: 1
Possible Total: 14
Total Score: 0
Rank: 0
--------------------
Round Score: 0
Possible Round Score: 1
Possible Total: 15
Total Score: 0
Rank: 0
--------------------
Round Score: 0
Possible Round Score: 1
Possible Total: 16
Total Score: 0
Rank: 0
--------------------
Round Score: 0
Possible Round Score: 1
Possible Total: 17
Total Score: 0
Rank: 0
--------------------
Round Score: 0
Possible Round Score: 1
Possible Total: 18
Total Score: 0
Rank: 0
--------------------
Round Score: 0
Possible Round Score: 1
Possible Total: 19
Total Score: 0
Rank: 0
--------------------
Round Score: 0
Possible Round Score: 2
Possible Total: 21
Total Score: 0
Rank: 0
--------------------
Round Score: 0
Possible Round Score: 1
Possible Total: 22
Total Score: 0
Rank: 0
--------------------
Round Score: 0
Possible Round Score: 1
Possible Total: 23
Total Score: 0
Rank: 0
--------------------
Round Score: 0
Possible Round Score: 1
Possible Total: 24
Total Score: 0
Rank: 0
--------------------
Round Score: 0
Possible Round Score: 1
Possible Total: 25
Total Score: 0
Rank: 0
--------------------
Round Score: 0
Possible Round Score: 1
Possible Total: 26
Total Score: 0
Rank: 0
--------------------
Round Score: 0
Possible Round Score: 1
Possible Total: 27
Total Score: 0
Rank: 0
--------------------
Round Score: 0
Possible Round Score: 1
Possible Total: 28
Total Score: 0
Rank: 0
--------------------
Round Score: 0
Possible Round Score: 1
Possible Total: 29
Total Score: 0
Rank: 0
--------------------
Round Score: 0
Possible Round Score: 1
Possible Total: 30
Total Score: 0
Rank: 0
--------------------
Round Score: 0
Possible Round Score: 1
Possible Total: 31
Total Score: 0
Rank: 0
--------------------
Round Score: 0
Possible Round Score: 1
Possible Total: 32
Total Score: 0
Rank: 0
--------------------
Round Score: 0
Possible Round Score: 1
Possible Total: 33
Total Score: 0
Rank: 0
--------------------
Round Score: 0
Possible Round Score: 1
Possible Total: 34
Total Score: 0
Rank: 0
--------------------
Round Score: 0
Possible Round Score: 1
Possible Total: 35
Total Score: 0
Rank: 0
--------------------
Round Score: 0
Possible Round Score: 1
Possible Total: 36
Total Score: 0
Rank: 0
--------------------
Round Score: 0
Possible Round Score: 1
Possible Total: 37
Total Score: 0
Rank: 0
--------------------
Round Score: 0
Possible Round Score: 1
Possible Total: 38
Total Score: 0
Rank: 0
--------------------
Round Score: 0
Possible Round Score: 1
Possible Total: 39
Total Score: 0
Rank: 0
--------------------
Round Score: 0
Possible Round Score: 1
Possible Total: 40
Total Score: 0
Rank: 0
--------------------
Round Score: 0
Possible Round Score: 1
Possible Total: 41
Total Score: 0
Rank: 0
--------------------
Round Score: 0
Possible Round Score: 1
Possible Total: 42
Total Score: 0
Rank: 0
--------------------
Round Score: 0
Possible Round Score: 1
Possible Total: 43
Total Score: 0
Rank: 0
--------------------
Round Score: 0
Possible Round Score: 1
Possible Total: 44
Total Score: 0
Rank: 0
--------------------
Round Score: 0
Possible Round Score: 1
Possible Total: 45
Total Score: 0
Rank: 0
--------------------
Round Score: 0
Possible Round Score: 1
Possible Total: 46
Total Score: 0
Rank: 0
--------------------
Round Score: 0
Possible Round Score: 1
Possible Total: 47
Total Score: 0
Rank: 0
--------------------
Round Score: 0
Possible Round Score: 1
Possible Total: 48
Total Score: 0
Rank: 0
--------------------
Round Score: 0
Possible Round Score: 1
Possible Total: 49
Total Score: 0
Rank: 0
--------------------
Round Score: 0
Possible Round Score: 1
Possible Total: 50
Total Score: 0
Rank: 0
--------------------
Round Score: 0
Possible Round Score: 1
Possible Total: 51
Total Score: 0
Rank: 0
--------------------
Round Score: 0
Possible Round Score: 1
Possible Total: 52
Total Score: 0
Rank: 0
--------------------
Round Score: 0
Possible Round Score: 1
Possible Total: 53
Total Score: 0
Rank: 0
--------------------
Round Score: 0
Possible Round Score: 1
Possible Total: 54
Total Score: 0
Rank: 0
--------------------
Round Score: 0
Possible Round Score: 1
Possible Total: 55
Total Score: 0
Rank: 0
--------------------
Round Score: 0
Possible Round Score: 1
Possible Total: 56
Total Score: 0
Rank: 0
--------------------
Round Score: 0
Possible Round Score: 1
Possible Total: 57
Total Score: 0
Rank: 0
--------------------
Round Score: 0
Possible Round Score: 1
Possible Total: 58
Total Score: 0
Rank: 0
--------------------
Round Score: 0
Possible Round Score: 1
Possible Total: 59
Total Score: 0
Rank: 0
--------------------
Round Score: 0
Possible Round Score: 1
Possible Total: 60
Total Score: 0
Rank: 0
--------------------
Round Score: 0
Possible Round Score: 1
Possible Total: 61
Total Score: 0
Rank: 0
--------------------
Round Score: 0
Possible Round Score: 1
Possible Total: 62
Total Score: 0
Rank: 0
--------------------
Round Score: 0
Possible Round Score: 1
Possible Total: 63
Total Score: 0
Rank: 0
--------------------
Round Score: 0
Possible Round Score: 1
Possible Total: 64
Total Score: 0
Rank: 0
--------------------
Round Score: 0
Possible Round Score: 1
Possible Total: 65
Total Score: 0
Rank: 0
--------------------
Round Score: 0
Possible Round Score: 1
Possible Total: 66
Total Score: 0
Rank: 0
--------------------
Round Score: 0
Possible Round Score: 1
Possible Total: 67
Total Score: 0
Rank: 0
--------------------
Round Score: 0
Possible Round Score: 1
Possible Total: 68
Total Score: 0
Rank: 0
--------------------
Round Score: 0
Possible Round Score: 1
Possible Total: 69
Total Score: 0
Rank: 0
--------------------
Round Score: 0
Possible Round Score: 1
Possible Total: 70
Total Score: 0
Rank: 0
--------------------
Round Score: 0
Possible Round Score: 2
Possible Total: 72
Total Score: 0
Rank: 0
--------------------
Round Score: 0
Possible Round Score: 1
Possible Total: 73
Total Score: 0
Rank: 0
--------------------
Round Score: 0
Possible Round Score: 1
Possible Total: 74
Total Score: 0
Rank: 0
--------------------
Round Score: 0
Possible Round Score: 1
Possible Total: 75
Total Score: 0
Rank: 0
--------------------
Round Score: 0
Possible Round Score: 1
Possible Total: 76
Total Score: 0
Rank: 0
--------------------
Round Score: 0
Possible Round Score: 1
Possible Total: 77
Total Score: 0
Rank: 0
--------------------
Round Score: 0
Possible Round Score: 1
Possible Total: 78
Total Score: 0
Rank: 0
--------------------
Round Score: 0
Possible Round Score: 1
Possible Total: 79
Total Score: 0
Rank: 0
--------------------
Round Score: 0
Possible Round Score: 1
Possible Total: 80
Total Score: 0
Rank: 0
--------------------
Round Score: 0
Possible Round Score: 1
Possible Total: 81
Total Score: 0
Rank: 0
--------------------
Round Score: 0
Possible Round Score: 1
Possible Total: 82
Total Score: 0
Rank: 0
--------------------
Round Score: 0
Possible Round Score: 1
Possible Total: 83
Total Score: 0
Rank: 0
--------------------
Round Score: 0
Possible Round Score: 1
Possible Total: 84
Total Score: 0
Rank: 0
--------------------
Round Score: 0
Possible Round Score: 1
Possible Total: 85
Total Score: 0
Rank: 0
--------------------
Round Score: 0
Possible Round Score: 1
Possible Total: 86
Total Score: 0
Rank: 0
--------------------
Round Score: 0
Possible Round Score: 1
Possible Total: 87
Total Score: 0
Rank: 0
--------------------
Round Score: 0
Possible Round Score: 1
Possible Total: 88
Total Score: 0
Rank: 0
--------------------
Round Score: 0
Possible Round Score: 1
Possible Total: 89
Total Score: 0
Rank: 0
--------------------
Round Score: 0
Possible Round Score: 1
Possible Total: 90
Total Score: 0
Rank: 0
--------------------
Round Score: 0
Possible Round Score: 1
Possible Total: 91
Total Score: 0
Rank: 0
--------------------
Round Score: 0
Possible Round Score: 1
Possible Total: 92
Total Score: 0
Rank: 0
--------------------
Round Score: 0
Possible Round Score: 1
Possible Total: 93
Total Score: 0
Rank: 0
--------------------
Round Score: 0
Possible Round Score: 1
Possible Total: 94
Total Score: 0
Rank: 0
--------------------
Round Score: 0
Possible Round Score: 1
Possible Total: 95
Total Score: 0
Rank: 0
--------------------
Round Score: 0
Possible Round Score: 1
Possible Total: 96
Total Score: 0
Rank: 0
--------------------
Round Score: 0
Possible Round Score: 1
Possible Total: 97
Total Score: 0
Rank: 0
--------------------
Round Score: 0
Possible Round Score: 1
Possible Total: 98
Total Score: 0
Rank: 0
--------------------
Round Score: 0
Possible Round Score: 2
Possible Total: 100
Total Score: 0
Rank: 0
--------------------
Round Score: 0
Possible Round Score: 1
Possible Total: 101
Total Score: 0
Rank: 0
--------------------
Round Score: 0
Possible Round Score: 1
Possible Total: 102
Total Score: 0
Rank: 0
--------------------
Round Score: 0
Possible Round Score: 1
Possible Total: 103
Total Score: 0
Rank: 0
--------------------
Round Score: 0
Possible Round Score: 1
Possible Total: 104
Total Score: 0
Rank: 0
--------------------
Round Score: 0
Possible Round Score: 1
Possible Total: 105
Total Score: 0
Rank: 0
--------------------
Round Score: 0
Possible Round Score: 1
Possible Total: 106
Total Score: 0
Rank: 0
--------------------
Round Score: 0
Possible Round Score: 1
Possible Total: 107
Total Score: 0
Rank: 0
--------------------
Round Score: 0
Possible Round Score: 1
Possible Total: 108
Total Score: 0
Rank: 0
--------------------
Round Score: 0
Possible Round Score: 1
Possible Total: 109
Total Score: 0
Rank: 0
--------------------
Round Score: 0
Possible Round Score: 1
Possible Total: 110
Total Score: 0
Rank: 0
--------------------
Round Score: 0
Possible Round Score: 1
Possible Total: 111
Total Score: 0
Rank: 0
--------------------
Round Score: 0
Possible Round Score: 1
Possible Total: 112
Total Score: 0
Rank: 0
--------------------
Round Score: 0
Possible Round Score: 1
Possible Total: 113
Total Score: 0
Rank: 0
--------------------
Round Score: 0
Possible Round Score: 1
Possible Total: 114
Total Score: 0
Rank: 0
--------------------
Round Score: 0
Possible Round Score: 1
Possible Total: 115
Total Score: 0
Rank: 0
--------------------
Round Score: 0
Possible Round Score: 1
Possible Total: 116
Total Score: 0
Rank: 0
--------------------
Round Score: 0
Possible Round Score: 1
Possible Total: 117
Total Score: 0
Rank: 0
--------------------
Round Score: 0
Possible Round Score: 1
Possible Total: 118
Total Score: 0
Rank: 0
--------------------
Round Score: 0
Possible Round Score: 1
Possible Total: 119
Total Score: 0
Rank: 0
--------------------
Round Score: 0
Possible Round Score: 1
Possible Total: 120
Total Score: 0
Rank: 0
--------------------
Round Score: 0
Possible Round Score: 1
Possible Total: 121
Total Score: 0
Rank: 0
--------------------
Round Score: 0
Possible Round Score: 1
Possible Total: 122
Total Score: 0
Rank: 0
--------------------
Round Score: 0.5
Possible Round Score: 2
Possible Total: 124
Total Score: 0.5
Rank: 0.4032258064516129
--------------------
Round Score: 0
Possible Round Score: 1
Possible Total: 125
Total Score: 0.5
Rank: 0.4
--------------------
Round Score: 0
Possible Round Score: 1
Possible Total: 126
Total Score: 0.5
Rank: 0.3968253968253968
--------------------
Round Score: 0
Possible Round Score: 1
Possible Total: 127
Total Score: 0.5
Rank: 0.39370078740157477
--------------------
Round Score: 0
Possible Round Score: 1
Possible Total: 128
Total Score: 0.5
Rank: 0.390625
--------------------
Round Score: 0
Possible Round Score: 1
Possible Total: 129
Total Score: 0.5
Rank: 0.3875968992248062
--------------------
Round Score: 0
Possible Round Score: 1
Possible Total: 130
Total Score: 0.5
Rank: 0.38461538461538464
--------------------
Round Score: 0
Possible Round Score: 1
Possible Total: 131
Total Score: 0.5
Rank: 0.38167938931297707
--------------------
Round Score: 0
Possible Round Score: 1
Possible Total: 132
Total Score: 0.5
Rank: 0.3787878787878788
--------------------
Round Score: 0
Possible Round Score: 1
Possible Total: 133
Total Score: 0.5
Rank: 0.37593984962406013
--------------------
Round Score: 0
Possible Round Score: 1
Possible Total: 134
Total Score: 0.5
Rank: 0.3731343283582089
--------------------
Round Score: 0
Possible Round Score: 1
Possible Total: 135
Total Score: 0.5
Rank: 0.3703703703703704
--------------------
Round Score: 0
Possible Round Score: 1
Possible Total: 136
Total Score: 0.5
Rank: 0.3676470588235294
--------------------
Round Score: 0
Possible Round Score: 1
Possible Total: 137
Total Score: 0.5
Rank: 0.36496350364963503
--------------------
Round Score: 0
Possible Round Score: 1
Possible Total: 138
Total Score: 0.5
Rank: 0.36231884057971014
--------------------
Round Score: 0
Possible Round Score: 1
Possible Total: 139
Total Score: 0.5
Rank: 0.3597122302158274
--------------------
Round Score: 0
Possible Round Score: 1
Possible Total: 140
Total Score: 0.5
Rank: 0.35714285714285715
--------------------
Round Score: 0
Possible Round Score: 1
Possible Total: 141
Total Score: 0.5
Rank: 0.3546099290780142
--------------------
Round Score: 0
Possible Round Score: 1
Possible Total: 142
Total Score: 0.5
Rank: 0.35211267605633806
--------------------
Round Score: 0
Possible Round Score: 1
Possible Total: 143
Total Score: 0.5
Rank: 0.34965034965034963
--------------------
Round Score: 0
Possible Round Score: 1
Possible Total: 144
Total Score: 0.5
Rank: 0.3472222222222222
--------------------
Round Score: 0
Possible Round Score: 1
Possible Total: 145
Total Score: 0.5
Rank: 0.3448275862068966
--------------------
Round Score: 0
Possible Round Score: 1
Possible Total: 146
Total Score: 0.5
Rank: 0.3424657534246575
--------------------
Round Score: 0
Possible Round Score: 1
Possible Total: 147
Total Score: 0.5
Rank: 0.3401360544217687
--------------------
Round Score: 0
Possible Round Score: 1
Possible Total: 148
Total Score: 0.5
Rank: 0.33783783783783783
--------------------
Round Score: 0
Possible Round Score: 1
Possible Total: 149
Total Score: 0.5
Rank: 0.33557046979865773
--------------------
Round Score: 0
Possible Round Score: 1
Possible Total: 150
Total Score: 0.5
Rank: 0.33333333333333337
--------------------
Round Score: 0
Possible Round Score: 1
Possible Total: 151
Total Score: 0.5
Rank: 0.33112582781456956
--------------------
Round Score: 0
Possible Round Score: 1
Possible Total: 152
Total Score: 0.5
Rank: 0.3289473684210526
--------------------
Round Score: 0
Possible Round Score: 1
Possible Total: 153
Total Score: 0.5
Rank: 0.32679738562091504
--------------------
Round Score: 0
Possible Round Score: 1
Possible Total: 154
Total Score: 0.5
Rank: 0.3246753246753247
--------------------
Round Score: 0
Possible Round Score: 1
Possible Total: 155
Total Score: 0.5
Rank: 0.3225806451612903
--------------------
Round Score: 0
Possible Round Score: 1
Possible Total: 156
Total Score: 0.5
Rank: 0.3205128205128205
--------------------
Round Score: 0
Possible Round Score: 1
Possible Total: 157
Total Score: 0.5
Rank: 0.3184713375796179
--------------------
Round Score: 0
Possible Round Score: 1
Possible Total: 158
Total Score: 0.5
Rank: 0.31645569620253167
--------------------
Round Score: 0
Possible Round Score: 1
Possible Total: 159
Total Score: 0.5
Rank: 0.3144654088050315
--------------------
Round Score: 0
Possible Round Score: 1
Possible Total: 160
Total Score: 0.5
Rank: 0.3125
--------------------
Round Score: 0
Possible Round Score: 1
Possible Total: 161
Total Score: 0.5
Rank: 0.3105590062111801
--------------------
Round Score: 0
Possible Round Score: 1
Possible Total: 162
Total Score: 0.5
Rank: 0.30864197530864196
--------------------
Round Score: 0
Possible Round Score: 1
Possible Total: 163
Total Score: 0.5
Rank: 0.3067484662576687
--------------------
Round Score: 0
Possible Round Score: 1
Possible Total: 164
Total Score: 0.5
Rank: 0.3048780487804878
--------------------
Round Score: 0
Possible Round Score: 1
Possible Total: 165
Total Score: 0.5
Rank: 0.30303030303030304
--------------------
Round Score: 0
Possible Round Score: 1
Possible Total: 166
Total Score: 0.5
Rank: 0.30120481927710846
--------------------
Round Score: 0
Possible Round Score: 1
Possible Total: 167
Total Score: 0.5
Rank: 0.29940119760479045
--------------------
Round Score: 0
Possible Round Score: 1
Possible Total: 168
Total Score: 0.5
Rank: 0.2976190476190476
--------------------
Round Score: 0
Possible Round Score: 1
Possible Total: 169
Total Score: 0.5
Rank: 0.2958579881656805
--------------------
Round Score: 0
Possible Round Score: 1
Possible Total: 170
Total Score: 0.5
Rank: 0.29411764705882354
--------------------
Round Score: 0
Possible Round Score: 1
Possible Total: 171
Total Score: 0.5
Rank: 0.29239766081871343
--------------------
Round Score: 0
Possible Round Score: 1
Possible Total: 172
Total Score: 0.5
Rank: 0.29069767441860467
--------------------
Round Score: 0
Possible Round Score: 1
Possible Total: 173
Total Score: 0.5
Rank: 0.2890173410404624
--------------------
Round Score: 0
Possible Round Score: 1
Possible Total: 174
Total Score: 0.5
Rank: 0.28735632183908044
--------------------
Round Score: 0
Possible Round Score: 1
Possible Total: 175
Total Score: 0.5
Rank: 0.2857142857142857
--------------------
Round Score: 0
Possible Round Score: 1
Possible Total: 176
Total Score: 0.5
Rank: 0.2840909090909091
--------------------
Round Score: 0
Possible Round Score: 1
Possible Total: 177
Total Score: 0.5
Rank: 0.2824858757062147
--------------------
Round Score: 0
Possible Round Score: 1
Possible Total: 178
Total Score: 0.5
Rank: 0.2808988764044944
--------------------
Round Score: 0
Possible Round Score: 1
Possible Total: 179
Total Score: 0.5
Rank: 0.27932960893854747
--------------------
Round Score: 0
Possible Round Score: 1
Possible Total: 180
Total Score: 0.5
Rank: 0.2777777777777778
--------------------
Round Score: 0
Possible Round Score: 1
Possible Total: 181
Total Score: 0.5
Rank: 0.2762430939226519
--------------------
Round Score: 0
Possible Round Score: 1
Possible Total: 182
Total Score: 0.5
Rank: 0.27472527472527475
--------------------
Round Score: 0
Possible Round Score: 1
Possible Total: 183
Total Score: 0.5
Rank: 0.273224043715847
--------------------
Round Score: 0
Possible Round Score: 1
Possible Total: 184
Total Score: 0.5
Rank: 0.2717391304347826
--------------------
Round Score: 0
Possible Round Score: 1
Possible Total: 185
Total Score: 0.5
Rank: 0.2702702702702703
--------------------
Round Score: 0
Possible Round Score: 1
Possible Total: 186
Total Score: 0.5
Rank: 0.2688172043010753
--------------------
Round Score: 0
Possible Round Score: 1
Possible Total: 187
Total Score: 0.5
Rank: 0.267379679144385
--------------------
Round Score: 0
Possible Round Score: 1
Possible Total: 188
Total Score: 0.5
Rank: 0.26595744680851063
--------------------
Round Score: 0
Possible Round Score: 1
Possible Total: 189
Total Score: 0.5
Rank: 0.26455026455026454
--------------------
Round Score: 0
Possible Round Score: 1
Possible Total: 190
Total Score: 0.5
Rank: 0.2631578947368421
--------------------
Round Score: 0
Possible Round Score: 1
Possible Total: 191
Total Score: 0.5
Rank: 0.2617801047120419
--------------------
Round Score: 0
Possible Round Score: 1
Possible Total: 192
Total Score: 0.5
Rank: 0.26041666666666663
--------------------
Round Score: 0
Possible Round Score: 1
Possible Total: 193
Total Score: 0.5
Rank: 0.2590673575129534
--------------------
Round Score: 0
Possible Round Score: 1
Possible Total: 194
Total Score: 0.5
Rank: 0.25773195876288657
--------------------
Round Score: 0
Possible Round Score: 1
Possible Total: 195
Total Score: 0.5
Rank: 0.2564102564102564
--------------------
Round Score: 0
Possible Round Score: 1
Possible Total: 196
Total Score: 0.5
Rank: 0.25510204081632654
--------------------
Round Score: 0
Possible Round Score: 1
Possible Total: 197
Total Score: 0.5
Rank: 0.25380710659898476
--------------------
Round Score: 0
Possible Round Score: 1
Possible Total: 198
Total Score: 0.5
Rank: 0.25252525252525254
--------------------
Round Score: 0
Possible Round Score: 1
Possible Total: 199
Total Score: 0.5
Rank: 0.25125628140703515
--------------------
Round Score: 0
Possible Round Score: 1
Possible Total: 200
Total Score: 0.5
Rank: 0.25
--------------------
Round Score: 0
Possible Round Score: 1
Possible Total: 201
Total Score: 0.5
Rank: 0.24875621890547264
--------------------
Round Score: 0
Possible Round Score: 1
Possible Total: 202
Total Score: 0.5
Rank: 0.24752475247524752
--------------------
Round Score: 0
Possible Round Score: 1
Possible Total: 203
Total Score: 0.5
Rank: 0.24630541871921183
--------------------
Round Score: 0
Possible Round Score: 2
Possible Total: 205
Total Score: 0.5
Rank: 0.24390243902439024
--------------------
Round Score: 0
Possible Round Score: 1
Possible Total: 206
Total Score: 0.5
Rank: 0.24271844660194172
--------------------
Round Score: 0
Possible Round Score: 1
Possible Total: 207
Total Score: 0.5
Rank: 0.24154589371980675
--------------------
Round Score: 0
Possible Round Score: 1
Possible Total: 208
Total Score: 0.5
Rank: 0.2403846153846154
--------------------
Round Score: 0
Possible Round Score: 1
Possible Total: 209
Total Score: 0.5
Rank: 0.23923444976076555
--------------------
Round Score: 0
Possible Round Score: 1
Possible Total: 210
Total Score: 0.5
Rank: 0.2380952380952381
--------------------
Round Score: 0
Possible Round Score: 1
Possible Total: 211
Total Score: 0.5
Rank: 0.23696682464454977
--------------------
Round Score: 0
Possible Round Score: 1
Possible Total: 212
Total Score: 0.5
Rank: 0.2358490566037736
--------------------
Round Score: 0
Possible Round Score: 1
Possible Total: 213
Total Score: 0.5
Rank: 0.2347417840375587
--------------------
Round Score: 0
Possible Round Score: 1
Possible Total: 214
Total Score: 0.5
Rank: 0.23364485981308408
--------------------
Round Score: 0
Possible Round Score: 1
Possible Total: 215
Total Score: 0.5
Rank: 0.23255813953488372
--------------------
Round Score: 0
Possible Round Score: 1
Possible Total: 216
Total Score: 0.5
Rank: 0.23148148148148145
--------------------
Round Score: 0
Possible Round Score: 1
Possible Total: 217
Total Score: 0.5
Rank: 0.2304147465437788
--------------------
Round Score: 0
Possible Round Score: 1
Possible Total: 218
Total Score: 0.5
Rank: 0.22935779816513763
--------------------
Round Score: 0
Possible Round Score: 1
Possible Total: 219
Total Score: 0.5
Rank: 0.228310502283105
--------------------
Round Score: 0
Possible Round Score: 1
Possible Total: 220
Total Score: 0.5
Rank: 0.22727272727272727
--------------------
Round Score: 0
Possible Round Score: 1
Possible Total: 221
Total Score: 0.5
Rank: 0.22624434389140274
--------------------
Round Score: 0
Possible Round Score: 1
Possible Total: 222
Total Score: 0.5
Rank: 0.22522522522522523
--------------------
Round Score: 0
Possible Round Score: 1
Possible Total: 223
Total Score: 0.5
Rank: 0.2242152466367713
--------------------
Round Score: 0
Possible Round Score: 1
Possible Total: 224
Total Score: 0.5
Rank: 0.2232142857142857
--------------------
Round Score: 0
Possible Round Score: 1
Possible Total: 225
Total Score: 0.5
Rank: 0.2222222222222222
--------------------
Round Score: 0
Possible Round Score: 1
Possible Total: 226
Total Score: 0.5
Rank: 0.22123893805309736
--------------------
Round Score: 0
Possible Round Score: 1
Possible Total: 227
Total Score: 0.5
Rank: 0.22026431718061676
--------------------
Round Score: 0
Possible Round Score: 1
Possible Total: 228
Total Score: 0.5
Rank: 0.21929824561403508
--------------------
Round Score: 0
Possible Round Score: 1
Possible Total: 229
Total Score: 0.5
Rank: 0.21834061135371177
--------------------
Round Score: 0
Possible Round Score: 1
Possible Total: 230
Total Score: 0.5
Rank: 0.21739130434782608
--------------------
Round Score: 0
Possible Round Score: 1
Possible Total: 231
Total Score: 0.5
Rank: 0.21645021645021645
--------------------
Round Score: 0
Possible Round Score: 1
Possible Total: 232
Total Score: 0.5
Rank: 0.21551724137931033
--------------------
Round Score: 0
Possible Round Score: 1
Possible Total: 233
Total Score: 0.5
Rank: 0.2145922746781116
--------------------
Round Score: 0
Possible Round Score: 1
Possible Total: 234
Total Score: 0.5
Rank: 0.2136752136752137
--------------------
Round Score: 0
Possible Round Score: 1
Possible Total: 235
Total Score: 0.5
Rank: 0.2127659574468085
--------------------
Round Score: 0
Possible Round Score: 1
Possible Total: 236
Total Score: 0.5
Rank: 0.211864406779661
--------------------
Round Score: 0
Possible Round Score: 1
Possible Total: 237
Total Score: 0.5
Rank: 0.21097046413502107
--------------------
Round Score: 0
Possible Round Score: 1
Possible Total: 238
Total Score: 0.5
Rank: 0.21008403361344538
--------------------
Round Score: 0
Possible Round Score: 1
Possible Total: 239
Total Score: 0.5
Rank: 0.20920502092050208
--------------------
Round Score: 0
Possible Round Score: 1
Possible Total: 240
Total Score: 0.5
Rank: 0.20833333333333334
--------------------
Round Score: 0
Possible Round Score: 1
Possible Total: 241
Total Score: 0.5
Rank: 0.2074688796680498
--------------------
Round Score: 0
Possible Round Score: 1
Possible Total: 242
Total Score: 0.5
Rank: 0.2066115702479339
--------------------
Round Score: 0
Possible Round Score: 1
Possible Total: 243
Total Score: 0.5
Rank: 0.205761316872428
--------------------
Round Score: 0
Possible Round Score: 1
Possible Total: 244
Total Score: 0.5
Rank: 0.20491803278688525
--------------------
Round Score: 0
Possible Round Score: 1
Possible Total: 245
Total Score: 0.5
Rank: 0.20408163265306123
--------------------
Round Score: 0
Possible Round Score: 1
Possible Total: 246
Total Score: 0.5
Rank: 0.20325203252032523
--------------------
Round Score: 0
Possible Round Score: 1
Possible Total: 247
Total Score: 0.5
Rank: 0.20242914979757085
--------------------
Round Score: 0
Possible Round Score: 1
Possible Total: 248
Total Score: 0.5
Rank: 0.20161290322580644
--------------------
Round Score: 0
Possible Round Score: 1
Possible Total: 249
Total Score: 0.5
Rank: 0.2008032128514056
--------------------
Round Score: 0
Possible Round Score: 1
Possible Total: 250
Total Score: 0.5
Rank: 0.2
--------------------
Round Score: 0
Possible Round Score: 1
Possible Total: 251
Total Score: 0.5
Rank: 0.199203187250996
--------------------
Round Score: 0
Possible Round Score: 1
Possible Total: 252
Total Score: 0.5
Rank: 0.1984126984126984
--------------------
Round Score: 0
Possible Round Score: 1
Possible Total: 253
Total Score: 0.5
Rank: 0.1976284584980237
--------------------
Round Score: 0
Possible Round Score: 1
Possible Total: 254
Total Score: 0.5
Rank: 0.19685039370078738
--------------------
Round Score: 0
Possible Round Score: 1
Possible Total: 255
Total Score: 0.5
Rank: 0.19607843137254902
--------------------
Round Score: 0
Possible Round Score: 1
Possible Total: 256
Total Score: 0.5
Rank: 0.1953125
--------------------
Round Score: 0
Possible Round Score: 1
Possible Total: 257
Total Score: 0.5
Rank: 0.19455252918287938
--------------------
Round Score: 0
Possible Round Score: 1
Possible Total: 258
Total Score: 0.5
Rank: 0.1937984496124031
--------------------
Round Score: 0
Possible Round Score: 2
Possible Total: 260
Total Score: 0.5
Rank: 0.19230769230769232
--------------------
Round Score: 0
Possible Round Score: 1
Possible Total: 261
Total Score: 0.5
Rank: 0.19157088122605362
--------------------
Round Score: 0
Possible Round Score: 1
Possible Total: 262
Total Score: 0.5
Rank: 0.19083969465648853
--------------------
Round Score: 0
Possible Round Score: 1
Possible Total: 263
Total Score: 0.5
Rank: 0.19011406844106463
--------------------
Round Score: 0
Possible Round Score: 1
Possible Total: 264
Total Score: 0.5
Rank: 0.1893939393939394
--------------------
Round Score: 0
Possible Round Score: 1
Possible Total: 265
Total Score: 0.5
Rank: 0.18867924528301888
--------------------
Round Score: 0
Possible Round Score: 1
Possible Total: 266
Total Score: 0.5
Rank: 0.18796992481203006
--------------------
Round Score: 0
Possible Round Score: 1
Possible Total: 267
Total Score: 0.5
Rank: 0.18726591760299627
--------------------
Round Score: 0
Possible Round Score: 1
Possible Total: 268
Total Score: 0.5
Rank: 0.18656716417910446
--------------------
Round Score: 0
Possible Round Score: 1
Possible Total: 269
Total Score: 0.5
Rank: 0.18587360594795538
--------------------
Round Score: 0
Possible Round Score: 1
Possible Total: 270
Total Score: 0.5
Rank: 0.1851851851851852
--------------------
Round Score: 0
Possible Round Score: 1
Possible Total: 271
Total Score: 0.5
Rank: 0.18450184501845018
--------------------
Round Score: 0
Possible Round Score: 1
Possible Total: 272
Total Score: 0.5
Rank: 0.1838235294117647
--------------------
Round Score: 0
Possible Round Score: 1
Possible Total: 273
Total Score: 0.5
Rank: 0.18315018315018314
--------------------
Round Score: 0
Possible Round Score: 1
Possible Total: 274
Total Score: 0.5
Rank: 0.18248175182481752
--------------------
Round Score: 0
Possible Round Score: 1
Possible Total: 275
Total Score: 0.5
Rank: 0.18181818181818182
--------------------
Round Score: 0
Possible Round Score: 1
Possible Total: 276
Total Score: 0.5
Rank: 0.18115942028985507
--------------------
Round Score: 0
Possible Round Score: 1
Possible Total: 277
Total Score: 0.5
Rank: 0.18050541516245489
--------------------
Round Score: 0
Possible Round Score: 1
Possible Total: 278
Total Score: 0.5
Rank: 0.1798561151079137
--------------------
Round Score: 0
Possible Round Score: 1
Possible Total: 279
Total Score: 0.5
Rank: 0.17921146953405018
--------------------
Round Score: 0
Possible Round Score: 1
Possible Total: 280
Total Score: 0.5
Rank: 0.17857142857142858
--------------------
Round Score: 0
Possible Round Score: 1
Possible Total: 281
Total Score: 0.5
Rank: 0.1779359430604982
--------------------
Round Score: 0
Possible Round Score: 1
Possible Total: 282
Total Score: 0.5
Rank: 0.1773049645390071
--------------------
Round Score: 0
Possible Round Score: 1
Possible Total: 283
Total Score: 0.5
Rank: 0.17667844522968199
--------------------
Round Score: 0
Possible Round Score: 1
Possible Total: 284
Total Score: 0.5
Rank: 0.17605633802816903
--------------------
Round Score: 0
Possible Round Score: 1
Possible Total: 285
Total Score: 0.5
Rank: 0.17543859649122806
--------------------
Round Score: 0
Possible Round Score: 1
Possible Total: 286
Total Score: 0.5
Rank: 0.17482517482517482
--------------------
Round Score: 0
Possible Round Score: 1
Possible Total: 287
Total Score: 0.5
Rank: 0.17421602787456447
--------------------
Round Score: 0
Possible Round Score: 1
Possible Total: 288
Total Score: 0.5
Rank: 0.1736111111111111
--------------------
Round Score: 0
Possible Round Score: 1
Possible Total: 289
Total Score: 0.5
Rank: 0.17301038062283738
--------------------
Round Score: 0
Possible Round Score: 1
Possible Total: 290
Total Score: 0.5
Rank: 0.1724137931034483
--------------------
Round Score: 0
Possible Round Score: 1
Possible Total: 291
Total Score: 0.5
Rank: 0.1718213058419244
--------------------
Round Score: 0
Possible Round Score: 1
Possible Total: 292
Total Score: 0.5
Rank: 0.17123287671232876
--------------------
Round Score: 0
Possible Round Score: 1
Possible Total: 293
Total Score: 0.5
Rank: 0.17064846416382254
--------------------
Round Score: 0
Possible Round Score: 1
Possible Total: 294
Total Score: 0.5
Rank: 0.17006802721088435
--------------------
Round Score: 0
Possible Round Score: 1
Possible Total: 295
Total Score: 0.5
Rank: 0.1694915254237288
--------------------
Round Score: 0
Possible Round Score: 1
Possible Total: 296
Total Score: 0.5
Rank: 0.16891891891891891
--------------------
Round Score: 0
Possible Round Score: 1
Possible Total: 297
Total Score: 0.5
Rank: 0.16835016835016833
--------------------
Round Score: 0
Possible Round Score: 1
Possible Total: 298
Total Score: 0.5
Rank: 0.16778523489932887
--------------------
Round Score: 0
Possible Round Score: 1
Possible Total: 299
Total Score: 0.5
Rank: 0.16722408026755853
--------------------
Round Score: 0
Possible Round Score: 1
Possible Total: 300
Total Score: 0.5
Rank: 0.16666666666666669
--------------------
Round Score: 0
Possible Round Score: 1
Possible Total: 301
Total Score: 0.5
Rank: 0.16611295681063123
--------------------
Round Score: 0
Possible Round Score: 1
Possible Total: 302
Total Score: 0.5
Rank: 0.16556291390728478
--------------------
Round Score: 0
Possible Round Score: 1
Possible Total: 303
Total Score: 0.5
Rank: 0.16501650165016502
--------------------
Round Score: 0
Possible Round Score: 1
Possible Total: 304
Total Score: 0.5
Rank: 0.1644736842105263
--------------------
Round Score: 0
Possible Round Score: 1
Possible Total: 305
Total Score: 0.5
Rank: 0.16393442622950818
--------------------
Round Score: 0
Possible Round Score: 1
Possible Total: 306
Total Score: 0.5
Rank: 0.16339869281045752
--------------------
Round Score: 0
Possible Round Score: 1
Possible Total: 307
Total Score: 0.5
Rank: 0.16286644951140067
--------------------
Round Score: 0
Possible Round Score: 1
Possible Total: 308
Total Score: 0.5
Rank: 0.16233766233766234
--------------------
Round Score: 0
Possible Round Score: 1
Possible Total: 309
Total Score: 0.5
Rank: 0.16181229773462785
--------------------
Round Score: 0
Possible Round Score: 1
Possible Total: 310
Total Score: 0.5
Rank: 0.16129032258064516
--------------------
Round Score: 0
Possible Round Score: 1
Possible Total: 311
Total Score: 0.5
Rank: 0.1607717041800643
--------------------
Round Score: 0
Possible Round Score: 1
Possible Total: 312
Total Score: 0.5
Rank: 0.16025641025641024
--------------------
Round Score: 0
Possible Round Score: 1
Possible Total: 313
Total Score: 0.5
Rank: 0.1597444089456869
--------------------
Round Score: 0
Possible Round Score: 1
Possible Total: 314
Total Score: 0.5
Rank: 0.15923566878980894
--------------------
Round Score: 0
Possible Round Score: 1
Possible Total: 315
Total Score: 0.5
Rank: 0.15873015873015872
--------------------
Round Score: 0
Possible Round Score: 1
Possible Total: 316
Total Score: 0.5
Rank: 0.15822784810126583
--------------------
Round Score: 0
Possible Round Score: 1
Possible Total: 317
Total Score: 0.5
Rank: 0.15772870662460567
--------------------
Round Score: 0
Possible Round Score: 1
Possible Total: 318
Total Score: 0.5
Rank: 0.15723270440251574
--------------------
Round Score: 0
Possible Round Score: 1
Possible Total: 319
Total Score: 0.5
Rank: 0.1567398119122257
--------------------
Round Score: 0
Possible Round Score: 1
Possible Total: 320
Total Score: 0.5
Rank: 0.15625
--------------------
Round Score: 0
Possible Round Score: 1
Possible Total: 321
Total Score: 0.5
Rank: 0.1557632398753894
--------------------
Round Score: 0
Possible Round Score: 1
Possible Total: 322
Total Score: 0.5
Rank: 0.15527950310559005
--------------------
Round Score: 0
Possible Round Score: 1
Possible Total: 323
Total Score: 0.5
Rank: 0.15479876160990713
--------------------
Round Score: 0
Possible Round Score: 1
Possible Total: 324
Total Score: 0.5
Rank: 0.15432098765432098
--------------------
Round Score: 0
Possible Round Score: 1
Possible Total: 325
Total Score: 0.5
Rank: 0.15384615384615385
--------------------
Round Score: 0
Possible Round Score: 1
Possible Total: 326
Total Score: 0.5
Rank: 0.15337423312883436
--------------------
Round Score: 0
Possible Round Score: 1
Possible Total: 327
Total Score: 0.5
Rank: 0.1529051987767584
--------------------
Round Score: 0
Possible Round Score: 1
Possible Total: 328
Total Score: 0.5
Rank: 0.1524390243902439
--------------------
Round Score: 0
Possible Round Score: 1
Possible Total: 329
Total Score: 0.5
Rank: 0.1519756838905775
--------------------
Round Score: 0
Possible Round Score: 1
Possible Total: 330
Total Score: 0.5
Rank: 0.15151515151515152
--------------------
Round Score: 0
Possible Round Score: 1
Possible Total: 331
Total Score: 0.5
Rank: 0.1510574018126888
--------------------
Round Score: 0
Possible Round Score: 1
Possible Total: 332
Total Score: 0.5
Rank: 0.15060240963855423
--------------------
Round Score: 0
Possible Round Score: 1
Possible Total: 333
Total Score: 0.5
Rank: 0.15015015015015015
--------------------
Round Score: 0
Possible Round Score: 1
Possible Total: 334
Total Score: 0.5
Rank: 0.14970059880239522
--------------------
Round Score: 0
Possible Round Score: 1
Possible Total: 335
Total Score: 0.5
Rank: 0.1492537313432836
--------------------
Round Score: 0
Possible Round Score: 1
Possible Total: 336
Total Score: 0.5
Rank: 0.1488095238095238
--------------------
Round Score: 0
Possible Round Score: 1
Possible Total: 337
Total Score: 0.5
Rank: 0.1483679525222552
--------------------
Round Score: 0
Possible Round Score: 1
Possible Total: 338
Total Score: 0.5
Rank: 0.14792899408284024
--------------------
Round Score: 0
Possible Round Score: 1
Possible Total: 339
Total Score: 0.5
Rank: 0.14749262536873156
--------------------
Round Score: 0
Possible Round Score: 1
Possible Total: 340
Total Score: 0.5
Rank: 0.14705882352941177
--------------------
Round Score: 0
Possible Round Score: 1
Possible Total: 341
Total Score: 0.5
Rank: 0.1466275659824047
--------------------
Round Score: 0
Possible Round Score: 1
Possible Total: 342
Total Score: 0.5
Rank: 0.14619883040935672
--------------------
Round Score: 0
Possible Round Score: 1
Possible Total: 343
Total Score: 0.5
Rank: 0.1457725947521866
--------------------
Round Score: 0
Possible Round Score: 1
Possible Total: 344
Total Score: 0.5
Rank: 0.14534883720930233
--------------------
Round Score: 0
Possible Round Score: 1
Possible Total: 345
Total Score: 0.5
Rank: 0.14492753623188406
--------------------
Round Score: 0
Possible Round Score: 1
Possible Total: 346
Total Score: 0.5
Rank: 0.1445086705202312
--------------------
Round Score: 0
Possible Round Score: 1
Possible Total: 347
Total Score: 0.5
Rank: 0.1440922190201729
--------------------
Round Score: 0
Possible Round Score: 1
Possible Total: 348
Total Score: 0.5
Rank: 0.14367816091954022
--------------------
Round Score: 0
Possible Round Score: 1
Possible Total: 349
Total Score: 0.5
Rank: 0.14326647564469913
--------------------
Round Score: 0
Possible Round Score: 1
Possible Total: 350
Total Score: 0.5
Rank: 0.14285714285714285
--------------------
Round Score: 0
Possible Round Score: 1
Possible Total: 351
Total Score: 0.5
Rank: 0.14245014245014245
--------------------
Round Score: 0
Possible Round Score: 1
Possible Total: 352
Total Score: 0.5
Rank: 0.14204545454545456
--------------------
Round Score: 0
Possible Round Score: 1
Possible Total: 353
Total Score: 0.5
Rank: 0.141643059490085
--------------------
Round Score: 0
Possible Round Score: 1
Possible Total: 354
Total Score: 0.5
Rank: 0.14124293785310735
--------------------
Round Score: 0
Possible Round Score: 1
Possible Total: 355
Total Score: 0.5
Rank: 0.14084507042253522
--------------------
Round Score: 0
Possible Round Score: 1
Possible Total: 356
Total Score: 0.5
Rank: 0.1404494382022472
--------------------
Round Score: 0
Possible Round Score: 1
Possible Total: 357
Total Score: 0.5
Rank: 0.1400560224089636
--------------------
Round Score: 0
Possible Round Score: 1
Possible Total: 358
Total Score: 0.5
Rank: 0.13966480446927373
--------------------
Round Score: 0
Possible Round Score: 1
Possible Total: 359
Total Score: 0.5
Rank: 0.1392757660167131
--------------------
Round Score: 0
Possible Round Score: 1
Possible Total: 360
Total Score: 0.5
Rank: 0.1388888888888889
--------------------
Round Score: 0
Possible Round Score: 1
Possible Total: 361
Total Score: 0.5
Rank: 0.13850415512465375
--------------------
Round Score: 0
Possible Round Score: 1
Possible Total: 362
Total Score: 0.5
Rank: 0.13812154696132595
--------------------
Round Score: 0
Possible Round Score: 1
Possible Total: 363
Total Score: 0.5
Rank: 0.13774104683195593
--------------------
Round Score: 0
Possible Round Score: 1
Possible Total: 364
Total Score: 0.5
Rank: 0.13736263736263737
--------------------
Round Score: 0
Possible Round Score: 1
Possible Total: 365
Total Score: 0.5
Rank: 0.136986301369863
--------------------
Round Score: 0
Possible Round Score: 1
Possible Total: 366
Total Score: 0.5
Rank: 0.1366120218579235
--------------------
Round Score: 0
Possible Round Score: 1
Possible Total: 367
Total Score: 0.5
Rank: 0.13623978201634876
--------------------
Round Score: 0
Possible Round Score: 1
Possible Total: 368
Total Score: 0.5
Rank: 0.1358695652173913
--------------------
Round Score: 0
Possible Round Score: 1
Possible Total: 369
Total Score: 0.5
Rank: 0.13550135501355012
--------------------
Round Score: 0
Possible Round Score: 1
Possible Total: 370
Total Score: 0.5
Rank: 0.13513513513513514
--------------------
Round Score: 0
Possible Round Score: 1
Possible Total: 371
Total Score: 0.5
Rank: 0.13477088948787064
--------------------
Round Score: 0
Possible Round Score: 1
Possible Total: 372
Total Score: 0.5
Rank: 0.13440860215053765
--------------------
Round Score: 0
Possible Round Score: 1
Possible Total: 373
Total Score: 0.5
Rank: 0.13404825737265416
--------------------
Round Score: 0
Possible Round Score: 1
Possible Total: 374
Total Score: 0.5
Rank: 0.1336898395721925
--------------------
Round Score: 0
Possible Round Score: 2
Possible Total: 376
Total Score: 0.5
Rank: 0.13297872340425532
--------------------
Round Score: 0
Possible Round Score: 2
Possible Total: 378
Total Score: 0.5
Rank: 0.13227513227513227
--------------------
Round Score: 0
Possible Round Score: 1
Possible Total: 379
Total Score: 0.5
Rank: 0.13192612137203166
--------------------
Round Score: 0
Possible Round Score: 1
Possible Total: 380
Total Score: 0.5
Rank: 0.13157894736842105
--------------------
Round Score: 0
Possible Round Score: 1
Possible Total: 381
Total Score: 0.5
Rank: 0.13123359580052493
--------------------
Round Score: 0
Possible Round Score: 1
Possible Total: 382
Total Score: 0.5
Rank: 0.13089005235602094
--------------------
Round Score: 0
Possible Round Score: 1
Possible Total: 383
Total Score: 0.5
Rank: 0.13054830287206268
--------------------
Round Score: 0
Possible Round Score: 1
Possible Total: 384
Total Score: 0.5
Rank: 0.13020833333333331
--------------------
Round Score: 0
Possible Round Score: 1
Possible Total: 385
Total Score: 0.5
Rank: 0.12987012987012986
--------------------
Round Score: 0
Possible Round Score: 1
Possible Total: 386
Total Score: 0.5
Rank: 0.1295336787564767
--------------------
Round Score: 0
Possible Round Score: 1
Possible Total: 387
Total Score: 0.5
Rank: 0.12919896640826875
--------------------
Round Score: 0
Possible Round Score: 1
Possible Total: 388
Total Score: 0.5
Rank: 0.12886597938144329
--------------------
Round Score: 0
Possible Round Score: 1
Possible Total: 389
Total Score: 0.5
Rank: 0.12853470437017994
--------------------
Round Score: 0
Possible Round Score: 1
Possible Total: 390
Total Score: 0.5
Rank: 0.1282051282051282
--------------------
Round Score: 0
Possible Round Score: 1
Possible Total: 391
Total Score: 0.5
Rank: 0.1278772378516624
--------------------
Round Score: 0
Possible Round Score: 1
Possible Total: 392
Total Score: 0.5
Rank: 0.12755102040816327
--------------------
Round Score: 0
Possible Round Score: 1
Possible Total: 393
Total Score: 0.5
Rank: 0.1272264631043257
--------------------
Round Score: 0
Possible Round Score: 1
Possible Total: 394
Total Score: 0.5
Rank: 0.12690355329949238
--------------------
Round Score: 0
Possible Round Score: 1
Possible Total: 395
Total Score: 0.5
Rank: 0.12658227848101267
--------------------
Round Score: 0
Possible Round Score: 1
Possible Total: 396
Total Score: 0.5
Rank: 0.12626262626262627
--------------------
Round Score: 0
Possible Round Score: 1
Possible Total: 397
Total Score: 0.5
Rank: 0.12594458438287154
--------------------
Round Score: 0
Possible Round Score: 1
Possible Total: 398
Total Score: 0.5
Rank: 0.12562814070351758
--------------------
Round Score: 0
Possible Round Score: 1
Possible Total: 399
Total Score: 0.5
Rank: 0.12531328320802004
--------------------
Round Score: 0
Possible Round Score: 1
Possible Total: 400
Total Score: 0.5
Rank: 0.125
--------------------
Round Score: 0
Possible Round Score: 1
Possible Total: 401
Total Score: 0.5
Rank: 0.12468827930174563
--------------------
Round Score: 0
Possible Round Score: 1
Possible Total: 402
Total Score: 0.5
Rank: 0.12437810945273632
--------------------
Round Score: 0
Possible Round Score: 1
Possible Total: 403
Total Score: 0.5
Rank: 0.12406947890818859
--------------------
Round Score: 0
Possible Round Score: 1
Possible Total: 404
Total Score: 0.5
Rank: 0.12376237623762376
--------------------
Round Score: 0
Possible Round Score: 1
Possible Total: 405
Total Score: 0.5
Rank: 0.12345679012345678
--------------------
Round Score: 0
Possible Round Score: 1
Possible Total: 406
Total Score: 0.5
Rank: 0.12315270935960591
--------------------
Round Score: 0
Possible Round Score: 1
Possible Total: 407
Total Score: 0.5
Rank: 0.12285012285012285
--------------------
Round Score: 0
Possible Round Score: 1
Possible Total: 408
Total Score: 0.5
Rank: 0.12254901960784313
--------------------
Round Score: 0
Possible Round Score: 1
Possible Total: 409
Total Score: 0.5
Rank: 0.12224938875305623
--------------------
Round Score: 0
Possible Round Score: 1
Possible Total: 410
Total Score: 0.5
Rank: 0.12195121951219512
--------------------
Round Score: 0
Possible Round Score: 1
Possible Total: 411
Total Score: 0.5
Rank: 0.12165450121654502
--------------------
Round Score: 0
Possible Round Score: 1
Possible Total: 412
Total Score: 0.5
Rank: 0.12135922330097086
--------------------
Round Score: 0
Possible Round Score: 1
Possible Total: 413
Total Score: 0.5
Rank: 0.12106537530266344
--------------------
Round Score: 0
Possible Round Score: 1
Possible Total: 414
Total Score: 0.5
Rank: 0.12077294685990338
--------------------
Round Score: 0
Possible Round Score: 1
Possible Total: 415
Total Score: 0.5
Rank: 0.12048192771084339
--------------------
Round Score: 0
Possible Round Score: 1
Possible Total: 416
Total Score: 0.5
Rank: 0.1201923076923077
--------------------
Round Score: 0
Possible Round Score: 1
Possible Total: 417
Total Score: 0.5
Rank: 0.1199040767386091
--------------------
Round Score: 0
Possible Round Score: 1
Possible Total: 418
Total Score: 0.5
Rank: 0.11961722488038277
--------------------
Round Score: 0
Possible Round Score: 1
Possible Total: 419
Total Score: 0.5
Rank: 0.11933174224343676
--------------------
Round Score: 0
Possible Round Score: 1
Possible Total: 420
Total Score: 0.5
Rank: 0.11904761904761905
--------------------
Round Score: 0
Possible Round Score: 1
Possible Total: 421
Total Score: 0.5
Rank: 0.11876484560570072
--------------------
Round Score: 0
Possible Round Score: 1
Possible Total: 422
Total Score: 0.5
Rank: 0.11848341232227488
--------------------
Round Score: 0
Possible Round Score: 1
Possible Total: 423
Total Score: 0.5
Rank: 0.1182033096926714
--------------------
Round Score: 0
Possible Round Score: 1
Possible Total: 424
Total Score: 0.5
Rank: 0.1179245283018868
--------------------
Round Score: 0
Possible Round Score: 1
Possible Total: 425
Total Score: 0.5
Rank: 0.1176470588235294
--------------------
Round Score: 0
Possible Round Score: 1
Possible Total: 426
Total Score: 0.5
Rank: 0.11737089201877934
--------------------
Round Score: 0
Possible Round Score: 1
Possible Total: 427
Total Score: 0.5
Rank: 0.117096018735363
--------------------
Round Score: 0
Possible Round Score: 1
Possible Total: 428
Total Score: 0.5
Rank: 0.11682242990654204
--------------------
Round Score: 0
Possible Round Score: 1
Possible Total: 429
Total Score: 0.5
Rank: 0.11655011655011654
--------------------
Round Score: 0
Possible Round Score: 1
Possible Total: 430
Total Score: 0.5
Rank: 0.11627906976744186
--------------------
Round Score: 0
Possible Round Score: 1
Possible Total: 431
Total Score: 0.5
Rank: 0.11600928074245939
--------------------
Round Score: 0
Possible Round Score: 1
Possible Total: 432
Total Score: 0.5
Rank: 0.11574074074074073
--------------------
Round Score: 0
Possible Round Score: 1
Possible Total: 433
Total Score: 0.5
Rank: 0.11547344110854503
--------------------
Round Score: 0
Possible Round Score: 1
Possible Total: 434
Total Score: 0.5
Rank: 0.1152073732718894
--------------------
Round Score: 0
Possible Round Score: 1
Possible Total: 435
Total Score: 0.5
Rank: 0.11494252873563218
--------------------
Round Score: 0
Possible Round Score: 1
Possible Total: 436
Total Score: 0.5
Rank: 0.11467889908256881
--------------------
Round Score: 0
Possible Round Score: 1
Possible Total: 437
Total Score: 0.5
Rank: 0.11441647597254005
--------------------
Round Score: 0
Possible Round Score: 1
Possible Total: 438
Total Score: 0.5
Rank: 0.1141552511415525
--------------------
Round Score: 0
Possible Round Score: 1
Possible Total: 439
Total Score: 0.5
Rank: 0.11389521640091116
--------------------
Round Score: 0
Possible Round Score: 1
Possible Total: 440
Total Score: 0.5
Rank: 0.11363636363636363
--------------------
Round Score: 0
Possible Round Score: 1
Possible Total: 441
Total Score: 0.5
Rank: 0.11337868480725624
--------------------
Round Score: 0
Possible Round Score: 1
Possible Total: 442
Total Score: 0.5
Rank: 0.11312217194570137
--------------------
Round Score: 0
Possible Round Score: 1
Possible Total: 443
Total Score: 0.5
Rank: 0.1128668171557562
--------------------
Round Score: 0
Possible Round Score: 1
Possible Total: 444
Total Score: 0.5
Rank: 0.11261261261261261
--------------------
Round Score: 0
Possible Round Score: 1
Possible Total: 445
Total Score: 0.5
Rank: 0.11235955056179776
--------------------
Round Score: 0
Possible Round Score: 1
Possible Total: 446
Total Score: 0.5
Rank: 0.11210762331838565
--------------------
Round Score: 0
Possible Round Score: 1
Possible Total: 447
Total Score: 0.5
Rank: 0.11185682326621924
--------------------
Round Score: 0
Possible Round Score: 1
Possible Total: 448
Total Score: 0.5
Rank: 0.11160714285714285
--------------------
Round Score: 0
Possible Round Score: 1
Possible Total: 449
Total Score: 0.5
Rank: 0.11135857461024498
--------------------
Round Score: 0
Possible Round Score: 1
Possible Total: 450
Total Score: 0.5
Rank: 0.1111111111111111
--------------------
Round Score: 0
Possible Round Score: 1
Possible Total: 451
Total Score: 0.5
Rank: 0.11086474501108648
--------------------
Round Score: 0
Possible Round Score: 1
Possible Total: 452
Total Score: 0.5
Rank: 0.11061946902654868
--------------------
Round Score: 0
Possible Round Score: 1
Possible Total: 453
Total Score: 0.5
Rank: 0.11037527593818984
--------------------
Round Score: 0
Possible Round Score: 1
Possible Total: 454
Total Score: 0.5
Rank: 0.11013215859030838
--------------------
Round Score: 0
Possible Round Score: 1
Possible Total: 455
Total Score: 0.5
Rank: 0.10989010989010989
--------------------
Round Score: 0
Possible Round Score: 1
Possible Total: 456
Total Score: 0.5
Rank: 0.10964912280701754
--------------------
Round Score: 0
Possible Round Score: 1
Possible Total: 457
Total Score: 0.5
Rank: 0.10940919037199125
--------------------
Round Score: 0
Possible Round Score: 1
Possible Total: 458
Total Score: 0.5
Rank: 0.10917030567685589
--------------------
Round Score: 0
Possible Round Score: 1
Possible Total: 459
Total Score: 0.5
Rank: 0.10893246187363835
--------------------
Round Score: 0
Possible Round Score: 1
Possible Total: 460
Total Score: 0.5
Rank: 0.10869565217391304
--------------------
Round Score: 0
Possible Round Score: 1
Possible Total: 461
Total Score: 0.5
Rank: 0.10845986984815618
--------------------
Round Score: 0
Possible Round Score: 1
Possible Total: 462
Total Score: 0.5
Rank: 0.10822510822510822
--------------------
Round Score: 0
Possible Round Score: 1
Possible Total: 463
Total Score: 0.5
Rank: 0.10799136069114472
--------------------
Round Score: 0
Possible Round Score: 1
Possible Total: 464
Total Score: 0.5
Rank: 0.10775862068965517
--------------------
Round Score: 0
Possible Round Score: 2
Possible Total: 466
Total Score: 0.5
Rank: 0.1072961373390558
--------------------
Round Score: 0
Possible Round Score: 1
Possible Total: 467
Total Score: 0.5
Rank: 0.10706638115631692
--------------------
Round Score: 0
Possible Round Score: 1
Possible Total: 468
Total Score: 0.5
Rank: 0.10683760683760685
--------------------
Round Score: 0
Possible Round Score: 1
Possible Total: 469
Total Score: 0.5
Rank: 0.10660980810234541
--------------------
Round Score: 0
Possible Round Score: 1
Possible Total: 470
Total Score: 0.5
Rank: 0.10638297872340426
--------------------
Round Score: 0
Possible Round Score: 1
Possible Total: 471
Total Score: 0.5
Rank: 0.10615711252653928
--------------------
Round Score: 0
Possible Round Score: 1
Possible Total: 472
Total Score: 0.5
Rank: 0.1059322033898305
--------------------
Round Score: 0
Possible Round Score: 1
Possible Total: 473
Total Score: 0.5
Rank: 0.10570824524312897
--------------------
Round Score: 0
Possible Round Score: 1
Possible Total: 474
Total Score: 0.5
Rank: 0.10548523206751054
--------------------
Round Score: 0
Possible Round Score: 1
Possible Total: 475
Total Score: 0.5
Rank: 0.10526315789473684
--------------------
Round Score: 0
Possible Round Score: 1
Possible Total: 476
Total Score: 0.5
Rank: 0.10504201680672269
--------------------
Round Score: 0
Possible Round Score: 1
Possible Total: 477
Total Score: 0.5
Rank: 0.10482180293501049
--------------------
Round Score: 0
Possible Round Score: 1
Possible Total: 478
Total Score: 0.5
Rank: 0.10460251046025104
--------------------
Round Score: 0
Possible Round Score: 1
Possible Total: 479
Total Score: 0.5
Rank: 0.10438413361169101
--------------------
Round Score: 0
Possible Round Score: 1
Possible Total: 480
Total Score: 0.5
Rank: 0.10416666666666667
--------------------
Round Score: 0
Possible Round Score: 1
Possible Total: 481
Total Score: 0.5
Rank: 0.10395010395010396
--------------------
Round Score: 0
Possible Round Score: 1
Possible Total: 482
Total Score: 0.5
Rank: 0.1037344398340249
--------------------
Round Score: 0
Possible Round Score: 1
Possible Total: 483
Total Score: 0.5
Rank: 0.10351966873706005
--------------------
Round Score: 0
Possible Round Score: 1
Possible Total: 484
Total Score: 0.5
Rank: 0.10330578512396695
--------------------
Round Score: 0
Possible Round Score: 1
Possible Total: 485
Total Score: 0.5
Rank: 0.10309278350515465
--------------------
Round Score: 0
Possible Round Score: 1
Possible Total: 486
Total Score: 0.5
Rank: 0.102880658436214
--------------------
Round Score: 0
Possible Round Score: 1
Possible Total: 487
Total Score: 0.5
Rank: 0.10266940451745381
--------------------
Round Score: 0
Possible Round Score: 1
Possible Total: 488
Total Score: 0.5
Rank: 0.10245901639344263
--------------------
Round Score: 0
Possible Round Score: 1
Possible Total: 489
Total Score: 0.5
Rank: 0.10224948875255625
--------------------
Round Score: 0
Possible Round Score: 1
Possible Total: 490
Total Score: 0.5
Rank: 0.10204081632653061
--------------------
Round Score: 0
Possible Round Score: 1
Possible Total: 491
Total Score: 0.5
Rank: 0.10183299389002036
--------------------
Round Score: 0
Possible Round Score: 1
Possible Total: 492
Total Score: 0.5
Rank: 0.10162601626016261
--------------------
Round Score: 0
Possible Round Score: 1
Possible Total: 493
Total Score: 0.5
Rank: 0.10141987829614604
--------------------
Round Score: 0
Possible Round Score: 1
Possible Total: 494
Total Score: 0.5
Rank: 0.10121457489878542
--------------------
Round Score: 0
Possible Round Score: 1
Possible Total: 495
Total Score: 0.5
Rank: 0.10101010101010101
--------------------
Round Score: 0
Possible Round Score: 1
Possible Total: 496
Total Score: 0.5
Rank: 0.10080645161290322
--------------------
Round Score: 0
Possible Round Score: 1
Possible Total: 497
Total Score: 0.5
Rank: 0.1006036217303823
--------------------
Round Score: 0
Possible Round Score: 1
Possible Total: 498
Total Score: 0.5
Rank: 0.1004016064257028
--------------------
Round Score: 0
Possible Round Score: 1
Possible Total: 499
Total Score: 0.5
Rank: 0.1002004008016032
--------------------
Round Score: 0
Possible Round Score: 1
Possible Total: 500
Total Score: 0.5
Rank: 0.1
--------------------
Round Score: 0
Possible Round Score: 1
Possible Total: 501
Total Score: 0.5
Rank: 0.09980039920159679
--------------------
Round Score: 0
Possible Round Score: 1
Possible Total: 502
Total Score: 0.5
Rank: 0.099601593625498
--------------------
Round Score: 0
Possible Round Score: 1
Possible Total: 503
Total Score: 0.5
Rank: 0.09940357852882703
--------------------
Round Score: 0
Possible Round Score: 1
Possible Total: 504
Total Score: 0.5
Rank: 0.0992063492063492
--------------------
Round Score: 0
Possible Round Score: 1
Possible Total: 505
Total Score: 0.5
Rank: 0.09900990099009901
--------------------
Round Score: 0
Possible Round Score: 1
Possible Total: 506
Total Score: 0.5
Rank: 0.09881422924901186
--------------------
Round Score: 0
Possible Round Score: 1
Possible Total: 507
Total Score: 0.5
Rank: 0.09861932938856016
--------------------
Round Score: 0
Possible Round Score: 2
Possible Total: 509
Total Score: 0.5
Rank: 0.09823182711198428
--------------------
Round Score: 0
Possible Round Score: 1
Possible Total: 510
Total Score: 0.5
Rank: 0.09803921568627451
--------------------
