Round Score: 0
Possible Round Score: 1
Possible Total: 1
Total Score: 0
Rank: 0
--------------------
Round Score: 0
Possible Round Score: 1
Possible Total: 2
Total Score: 0
Rank: 0
--------------------
Round Score: 0.5
Possible Round Score: 2
Possible Total: 4
Total Score: 0.5
Rank: 12.5
--------------------
Round Score: 0
Possible Round Score: 1
Possible Total: 5
Total Score: 0.5
Rank: 10
--------------------
Round Score: 0
Possible Round Score: 1
Possible Total: 6
Total Score: 0.5
Rank: 8.333333333333332
--------------------
Round Score: 0.2857142857142857
Possible Round Score: 2
Possible Total: 8
Total Score: 0.7857142857142857
Rank: 9.821428571428571
--------------------
Round Score: 1.1428571428571428
Possible Round Score: 4
Possible Total: 12
Total Score: 1.9285714285714284
Rank: 16.07142857142857
--------------------
Round Score: 0
Possible Round Score: 1
Possible Total: 13
Total Score: 1.9285714285714284
Rank: 14.835164835164832
--------------------
Round Score: 0
Possible Round Score: 1
Possible Total: 14
Total Score: 1.9285714285714284
Rank: 13.77551020408163
--------------------
Round Score: 0
Possible Round Score: 1
Possible Total: 15
Total Score: 1.9285714285714284
Rank: 12.857142857142856
--------------------
Round Score: 0
Possible Round Score: 2
Possible Total: 17
Total Score: 1.9285714285714284
Rank: 11.34453781512605
--------------------
Round Score: 0
Possible Round Score: 1
Possible Total: 18
Total Score: 1.9285714285714284
Rank: 10.714285714285714
--------------------
Round Score: 0
Possible Round Score: 1
Possible Total: 19
Total Score: 1.9285714285714284
Rank: 10.150375939849624
--------------------
Round Score: 0
Possible Round Score: 1
Possible Total: 20
Total Score: 1.9285714285714284
Rank: 9.642857142857142
--------------------
Round Score: 1
Possible Round Score: 3
Possible Total: 23
Total Score: 2.9285714285714284
Rank: 12.732919254658384
--------------------
Round Score: 0
Possible Round Score: 1
Possible Total: 24
Total Score: 2.9285714285714284
Rank: 12.202380952380953
--------------------
Round Score: 0.6666666666666666
Possible Round Score: 2
Possible Total: 26
Total Score: 3.595238095238095
Rank: 13.827838827838827
--------------------
Round Score: 0
Possible Round Score: 1
Possible Total: 27
Total Score: 3.595238095238095
Rank: 13.31569664902998
--------------------
Round Score: 0
Possible Round Score: 1
Possible Total: 28
Total Score: 3.595238095238095
Rank: 12.840136054421766
--------------------
Round Score: 0
Possible Round Score: 1
Possible Total: 29
Total Score: 3.595238095238095
Rank: 12.397372742200327
--------------------
Round Score: 2.4
Possible Round Score: 4
Possible Total: 33
Total Score: 5.995238095238095
Rank: 18.167388167388168
--------------------
Round Score: 0
Possible Round Score: 1
Possible Total: 34
Total Score: 5.995238095238095
Rank: 17.633053221288517
--------------------
Round Score: 0
Possible Round Score: 2
Possible Total: 36
Total Score: 5.995238095238095
Rank: 16.65343915343915
--------------------
Round Score: 0
Possible Round Score: 1
Possible Total: 37
Total Score: 5.995238095238095
Rank: 16.203346203346204
--------------------
Round Score: 1
Possible Round Score: 3
Possible Total: 40
Total Score: 6.995238095238095
Rank: 17.488095238095237
--------------------
Round Score: 0.6666666666666666
Possible Round Score: 2
Possible Total: 42
Total Score: 7.661904761904762
Rank: 18.24263038548753
--------------------
Round Score: 0
Possible Round Score: 1
Possible Total: 43
Total Score: 7.661904761904762
Rank: 17.81838316722038
--------------------
Round Score: 0
Possible Round Score: 1
Possible Total: 44
Total Score: 7.661904761904762
Rank: 17.413419913419915
--------------------
Round Score: 0.6666666666666666
Possible Round Score: 3
Possible Total: 47
Total Score: 8.32857142857143
Rank: 17.72036474164134
--------------------
Round Score: 0
Possible Round Score: 1
Possible Total: 48
Total Score: 8.32857142857143
Rank: 17.351190476190478
--------------------
Round Score: 0.2222222222222222
Possible Round Score: 2
Possible Total: 50
Total Score: 8.55079365079365
Rank: 17.1015873015873
--------------------
Round Score: 0
Possible Round Score: 1
Possible Total: 51
Total Score: 8.55079365079365
Rank: 16.76626206037971
--------------------
Round Score: 0.5
Possible Round Score: 2
Possible Total: 53
Total Score: 9.05079365079365
Rank: 17.07696915244085
--------------------
Round Score: 0
Possible Round Score: 1
Possible Total: 54
Total Score: 9.05079365079365
Rank: 16.760728982951203
--------------------
Round Score: 0.2857142857142857
Possible Round Score: 2
Possible Total: 56
Total Score: 9.336507936507937
Rank: 16.672335600907033
--------------------
Round Score: 0
Possible Round Score: 2
Possible Total: 58
Total Score: 9.336507936507937
Rank: 16.09742747673782
--------------------
Round Score: 1
Possible Round Score: 3
Possible Total: 61
Total Score: 10.336507936507937
Rank: 16.945094977881865
--------------------
Round Score: 0
Possible Round Score: 1
Possible Total: 62
Total Score: 10.336507936507937
Rank: 16.67178699436764
--------------------
Round Score: 0
Possible Round Score: 1
Possible Total: 63
Total Score: 10.336507936507937
Rank: 16.407155454774504
--------------------
Round Score: 0
Possible Round Score: 1
Possible Total: 64
Total Score: 10.336507936507937
Rank: 16.150793650793652
--------------------
Round Score: 0.4
Possible Round Score: 2
Possible Total: 66
Total Score: 10.736507936507937
Rank: 16.26743626743627
--------------------
Round Score: 0
Possible Round Score: 2
Possible Total: 68
Total Score: 10.736507936507937
Rank: 15.788982259570497
--------------------
Round Score: 0.6666666666666666
Possible Round Score: 2
Possible Total: 70
Total Score: 11.403174603174604
Rank: 16.290249433106577
--------------------
Round Score: 0
Possible Round Score: 1
Possible Total: 71
Total Score: 11.403174603174604
Rank: 16.06080930024592
--------------------
Round Score: 0
Possible Round Score: 1
Possible Total: 72
Total Score: 11.403174603174604
Rank: 15.837742504409173
--------------------
Round Score: 0
Possible Round Score: 1
Possible Total: 73
Total Score: 11.403174603174604
Rank: 15.620787127636444
--------------------
Round Score: 0
Possible Round Score: 1
Possible Total: 74
Total Score: 11.403174603174604
Rank: 15.40969540969541
--------------------
Round Score: 0.5
Possible Round Score: 2
Possible Total: 76
Total Score: 11.903174603174604
Rank: 15.662071846282375
--------------------
Round Score: 0
Possible Round Score: 2
Possible Total: 78
Total Score: 11.903174603174604
Rank: 15.26048026048026
--------------------
Round Score: 0
Possible Round Score: 2
Possible Total: 80
Total Score: 11.903174603174604
Rank: 14.878968253968255
--------------------
Round Score: 1.2000000000000002
Possible Round Score: 3
Possible Total: 83
Total Score: 13.103174603174605
Rank: 15.786957353222414
--------------------
Round Score: 0.5
Possible Round Score: 2
Possible Total: 85
Total Score: 13.603174603174605
Rank: 16.00373482726424
--------------------
Round Score: 0.5
Possible Round Score: 2
Possible Total: 87
Total Score: 14.103174603174605
Rank: 16.21054552089035
--------------------
Round Score: 0.6666666666666666
Possible Round Score: 2
Possible Total: 89
Total Score: 14.76984126984127
Rank: 16.595327269484574
--------------------
Round Score: 0
Possible Round Score: 1
Possible Total: 90
Total Score: 14.76984126984127
Rank: 16.41093474426808
--------------------
Round Score: 2.6666666666666665
Possible Round Score: 4
Possible Total: 94
Total Score: 17.436507936507937
Rank: 18.549476528199932
--------------------
Round Score: 2.4
Possible Round Score: 4
Possible Total: 98
Total Score: 19.836507936507935
Rank: 20.24133462908973
--------------------
Round Score: 0
Possible Round Score: 1
Possible Total: 99
Total Score: 19.836507936507935
Rank: 20.036876703543367
--------------------
Round Score: 0
Possible Round Score: 1
Possible Total: 100
Total Score: 19.836507936507935
Rank: 19.836507936507935
--------------------
Round Score: 0
Possible Round Score: 1
Possible Total: 101
Total Score: 19.836507936507935
Rank: 19.640106867829637
--------------------
Round Score: 0
Possible Round Score: 2
Possible Total: 103
Total Score: 19.836507936507935
Rank: 19.25874556942518
--------------------
Round Score: 0
Possible Round Score: 1
Possible Total: 104
Total Score: 19.836507936507935
Rank: 19.073565323565322
--------------------
Round Score: 0
Possible Round Score: 1
Possible Total: 105
Total Score: 19.836507936507935
Rank: 18.891912320483748
--------------------
Round Score: 0
Possible Round Score: 3
Possible Total: 108
Total Score: 19.836507936507935
Rank: 18.367136978248087
--------------------
Round Score: 0
Possible Round Score: 1
Possible Total: 109
Total Score: 19.836507936507935
Rank: 18.19863113441095
--------------------
Round Score: 0
Possible Round Score: 3
Possible Total: 112
Total Score: 19.836507936507935
Rank: 17.711167800453513
--------------------
Round Score: 0
Possible Round Score: 1
Possible Total: 113
Total Score: 19.836507936507935
Rank: 17.554431802219412
--------------------
Round Score: 0
Possible Round Score: 1
Possible Total: 114
Total Score: 19.836507936507935
Rank: 17.400445558340294
--------------------
Round Score: 0.3333333333333333
Possible Round Score: 2
Possible Total: 116
Total Score: 20.169841269841267
Rank: 17.387794198139023
--------------------
Round Score: 0.3333333333333333
Possible Round Score: 2
Possible Total: 118
Total Score: 20.5031746031746
Rank: 17.375571697605594
--------------------
Round Score: 0
Possible Round Score: 1
Possible Total: 119
Total Score: 20.5031746031746
Rank: 17.229558490062686
--------------------
Round Score: 0.5
Possible Round Score: 2
Possible Total: 121
Total Score: 21.0031746031746
Rank: 17.35799553981372
--------------------
Round Score: 0
Possible Round Score: 1
Possible Total: 122
Total Score: 21.0031746031746
Rank: 17.215716887848032
--------------------
Round Score: 0
Possible Round Score: 1
Possible Total: 123
Total Score: 21.0031746031746
Rank: 17.07575170989805
--------------------
Round Score: 0.5
Possible Round Score: 2
Possible Total: 125
Total Score: 21.5031746031746
Rank: 17.20253968253968
--------------------
Round Score: 0
Possible Round Score: 1
Possible Total: 126
Total Score: 21.5031746031746
Rank: 17.066011589821112
--------------------
Round Score: 1
Possible Round Score: 3
Possible Total: 129
Total Score: 22.5031746031746
Rank: 17.444321397809766
--------------------
Round Score: 0
Possible Round Score: 1
Possible Total: 130
Total Score: 22.5031746031746
Rank: 17.310134310134305
--------------------
Round Score: 0
Possible Round Score: 1
Possible Total: 131
Total Score: 22.5031746031746
Rank: 17.177995880285955
--------------------
Round Score: 0
Possible Round Score: 1
Possible Total: 132
Total Score: 22.5031746031746
Rank: 17.047859547859545
--------------------
Round Score: 0
Possible Round Score: 1
Possible Total: 133
Total Score: 22.5031746031746
Rank: 16.919680152762854
--------------------
Round Score: 0
Possible Round Score: 1
Possible Total: 134
Total Score: 22.5031746031746
Rank: 16.793413882966117
--------------------
Round Score: 0
Possible Round Score: 3
Possible Total: 137
Total Score: 22.5031746031746
Rank: 16.425674892828173
--------------------
Round Score: 0
Possible Round Score: 2
Possible Total: 139
Total Score: 22.5031746031746
Rank: 16.1893342468882
--------------------
Round Score: 0
Possible Round Score: 1
Possible Total: 140
Total Score: 22.5031746031746
Rank: 16.073696145124714
--------------------
Round Score: 0
Possible Round Score: 1
Possible Total: 141
Total Score: 22.5031746031746
Rank: 15.95969830012383
--------------------
Round Score: 0
Possible Round Score: 1
Possible Total: 142
Total Score: 22.5031746031746
Rank: 15.847306058573663
--------------------
Round Score: 0
Possible Round Score: 2
Possible Total: 144
Total Score: 22.5031746031746
Rank: 15.627204585537916
--------------------
Round Score: 0.8571428571428571
Possible Round Score: 3
Possible Total: 147
Total Score: 23.360317460317457
Rank: 15.891372421984665
--------------------
Round Score: 0
Possible Round Score: 1
Possible Total: 148
Total Score: 23.360317460317457
Rank: 15.783998283998283
--------------------
Round Score: 0.5
Possible Round Score: 2
Possible Total: 150
Total Score: 23.860317460317457
Rank: 15.906878306878305
--------------------
Round Score: 1
Possible Round Score: 3
Possible Total: 153
Total Score: 24.860317460317457
Rank: 16.248573503475463
--------------------
Round Score: 1
Possible Round Score: 3
Possible Total: 156
Total Score: 25.860317460317457
Rank: 16.577126577126574
--------------------
Round Score: 0
Possible Round Score: 2
Possible Total: 158
Total Score: 25.860317460317457
Rank: 16.36728953184649
--------------------
Round Score: 1.5
Possible Round Score: 3
Possible Total: 161
Total Score: 27.360317460317457
Rank: 16.99398600019718
--------------------
Round Score: 0.42857142857142855
Possible Round Score: 3
Possible Total: 164
Total Score: 27.788888888888884
Rank: 16.944444444444443
--------------------
Round Score: 0.5
Possible Round Score: 2
Possible Total: 166
Total Score: 28.288888888888884
Rank: 17.041499330655956
--------------------
Round Score: 0
Possible Round Score: 1
Possible Total: 167
Total Score: 28.288888888888884
Rank: 16.939454424484364
--------------------
Round Score: 0
Possible Round Score: 1
Possible Total: 168
Total Score: 28.288888888888884
Rank: 16.838624338624335
--------------------
Round Score: 0
Possible Round Score: 1
Possible Total: 169
Total Score: 28.288888888888884
Rank: 16.738987508218276
--------------------
Round Score: 0
Possible Round Score: 2
Possible Total: 171
Total Score: 28.288888888888884
Rank: 16.54320987654321
--------------------
Round Score: 0
Possible Round Score: 1
Possible Total: 172
Total Score: 28.288888888888884
Rank: 16.447028423772608
--------------------
Round Score: 0
Possible Round Score: 1
Possible Total: 173
Total Score: 28.288888888888884
Rank: 16.351958895311494
--------------------
Round Score: 0
Possible Round Score: 1
Possible Total: 174
Total Score: 28.288888888888884
Rank: 16.257982120051082
--------------------
Round Score: 0
Possible Round Score: 2
Possible Total: 176
Total Score: 28.288888888888884
Rank: 16.073232323232318
--------------------
Round Score: 0
Possible Round Score: 4
Possible Total: 180
Total Score: 28.288888888888884
Rank: 15.716049382716047
--------------------
Round Score: 0
Possible Round Score: 1
Possible Total: 181
Total Score: 28.288888888888884
Rank: 15.629220380601595
--------------------
Round Score: 0.6666666666666666
Possible Round Score: 2
Possible Total: 183
Total Score: 28.955555555555552
Rank: 15.822707953855494
--------------------
Round Score: 0
Possible Round Score: 1
Possible Total: 184
Total Score: 28.955555555555552
Rank: 15.736714975845409
--------------------
Round Score: 0
Possible Round Score: 1
Possible Total: 185
Total Score: 28.955555555555552
Rank: 15.65165165165165
--------------------
Round Score: 1.5
Possible Round Score: 3
Possible Total: 188
Total Score: 30.455555555555552
Rank: 16.199763593380613
--------------------
Round Score: 0
Possible Round Score: 1
Possible Total: 189
Total Score: 30.455555555555552
Rank: 16.114050558495002
--------------------
Round Score: 0
Possible Round Score: 2
Possible Total: 191
Total Score: 30.455555555555552
Rank: 15.945317044793484
--------------------
Round Score: 0.75
Possible Round Score: 3
Possible Total: 194
Total Score: 31.205555555555552
Rank: 16.08533791523482
--------------------
Round Score: 0.5
Possible Round Score: 3
Possible Total: 197
Total Score: 31.705555555555552
Rank: 16.094190637337842
--------------------
Round Score: 0.4
Possible Round Score: 2
Possible Total: 199
Total Score: 32.105555555555554
Rank: 16.133445002791735
--------------------
Round Score: 1.6
Possible Round Score: 4
Possible Total: 203
Total Score: 33.705555555555556
Rank: 16.603721948549534
--------------------
Round Score: 0
Possible Round Score: 1
Possible Total: 204
Total Score: 33.705555555555556
Rank: 16.522331154684096
--------------------
Round Score: 0.5
Possible Round Score: 2
Possible Total: 206
Total Score: 34.205555555555556
Rank: 16.604638619201726
--------------------
Round Score: 0
Possible Round Score: 1
Possible Total: 207
Total Score: 34.205555555555556
Rank: 16.524422973698336
--------------------
Round Score: 1
Possible Round Score: 3
Possible Total: 210
Total Score: 35.205555555555556
Rank: 16.764550264550266
--------------------
Round Score: 0
Possible Round Score: 1
Possible Total: 211
Total Score: 35.205555555555556
Rank: 16.685097419694575
--------------------
Round Score: 0
Possible Round Score: 1
Possible Total: 212
Total Score: 35.205555555555556
Rank: 16.606394129979034
--------------------
Round Score: 0
Possible Round Score: 1
Possible Total: 213
Total Score: 35.205555555555556
Rank: 16.528429838288993
--------------------
Round Score: 0
Possible Round Score: 1
Possible Total: 214
Total Score: 35.205555555555556
Rank: 16.451194184839043
--------------------
Round Score: 0.5
Possible Round Score: 2
Possible Total: 216
Total Score: 35.705555555555556
Rank: 16.53034979423868
--------------------
Round Score: 0.4
Possible Round Score: 2
Possible Total: 218
Total Score: 36.105555555555554
Rank: 16.562181447502546
--------------------
Round Score: 0
Possible Round Score: 1
Possible Total: 219
Total Score: 36.105555555555554
Rank: 16.486555048198884
--------------------
Round Score: 0
Possible Round Score: 1
Possible Total: 220
Total Score: 36.105555555555554
Rank: 16.41161616161616
--------------------
Round Score: 0
Possible Round Score: 1
Possible Total: 221
Total Score: 36.105555555555554
Rank: 16.337355455002513
--------------------
Round Score: 0
Possible Round Score: 2
Possible Total: 223
Total Score: 36.105555555555554
Rank: 16.190832087693074
--------------------
Round Score: 0
Possible Round Score: 1
Possible Total: 224
Total Score: 36.105555555555554
Rank: 16.118551587301585
--------------------
Round Score: 0
Possible Round Score: 1
Possible Total: 225
Total Score: 36.105555555555554
Rank: 16.046913580246912
--------------------
Round Score: 0.5
Possible Round Score: 2
Possible Total: 227
Total Score: 36.605555555555554
Rank: 16.125795398923152
--------------------
Round Score: 0
Possible Round Score: 1
Possible Total: 228
Total Score: 36.605555555555554
Rank: 16.05506822612086
--------------------
Round Score: 1.5
Possible Round Score: 3
Possible Total: 231
Total Score: 38.105555555555554
Rank: 16.495911495911493
--------------------
Round Score: 0
Possible Round Score: 1
Possible Total: 232
Total Score: 38.105555555555554
Rank: 16.424808429118773
--------------------
Round Score: 0
Possible Round Score: 2
Possible Total: 234
Total Score: 38.105555555555554
Rank: 16.284425451092115
--------------------
Round Score: 0
Possible Round Score: 1
Possible Total: 235
Total Score: 38.105555555555554
Rank: 16.21513002364066
--------------------
Round Score: 0.6666666666666666
Possible Round Score: 2
Possible Total: 237
Total Score: 38.77222222222222
Rank: 16.359587435536803
--------------------
Round Score: 0
Possible Round Score: 2
Possible Total: 239
Total Score: 38.77222222222222
Rank: 16.222687122268713
--------------------
Round Score: 0
Possible Round Score: 2
Possible Total: 241
Total Score: 38.77222222222222
Rank: 16.088059013370216
--------------------
Round Score: 0
Possible Round Score: 2
Possible Total: 243
Total Score: 38.77222222222222
Rank: 15.95564700502972
--------------------
Round Score: 0
Possible Round Score: 1
Possible Total: 244
Total Score: 38.77222222222222
Rank: 15.890255009107468
--------------------
Round Score: 0.5
Possible Round Score: 2
Possible Total: 246
Total Score: 39.27222222222222
Rank: 15.964317976513097
--------------------
Round Score: 1.2000000000000002
Possible Round Score: 3
Possible Total: 249
Total Score: 40.47222222222222
Rank: 16.253904506916555
--------------------
Round Score: 0
Possible Round Score: 1
Possible Total: 250
Total Score: 40.47222222222222
Rank: 16.18888888888889
--------------------
Round Score: 0
Possible Round Score: 1
Possible Total: 251
Total Score: 40.47222222222222
Rank: 16.124391323594512
--------------------
Round Score: 0.6666666666666666
Possible Round Score: 2
Possible Total: 253
Total Score: 41.138888888888886
Rank: 16.26043039086517
--------------------
Round Score: 0
Possible Round Score: 1
Possible Total: 254
Total Score: 41.138888888888886
Rank: 16.19641294838145
--------------------
Round Score: 0.4
Possible Round Score: 2
Possible Total: 256
Total Score: 41.538888888888884
Rank: 16.22612847222222
--------------------
Round Score: 0
Possible Round Score: 1
Possible Total: 257
Total Score: 41.538888888888884
Rank: 16.16299178555988
--------------------
Round Score: 0
Possible Round Score: 1
Possible Total: 258
Total Score: 41.538888888888884
Rank: 16.100344530577086
--------------------
Round Score: 1.3333333333333333
Possible Round Score: 4
Possible Total: 262
Total Score: 42.87222222222222
Rank: 16.363443596268024
--------------------
Round Score: 0
Possible Round Score: 1
Possible Total: 263
Total Score: 42.87222222222222
Rank: 16.301225179552176
--------------------
Round Score: 0
Possible Round Score: 2
Possible Total: 265
Total Score: 42.87222222222222
Rank: 16.178197064989515
--------------------
Round Score: 0
Possible Round Score: 1
Possible Total: 266
Total Score: 42.87222222222222
Rank: 16.11737677527151
--------------------
Round Score: 0
Possible Round Score: 1
Possible Total: 267
Total Score: 42.87222222222222
Rank: 16.05701206824802
--------------------
Round Score: 0
Possible Round Score: 1
Possible Total: 268
Total Score: 42.87222222222222
Rank: 15.997097844112767
--------------------
Round Score: 0
Possible Round Score: 2
Possible Total: 270
Total Score: 42.87222222222222
Rank: 15.878600823045266
--------------------
Round Score: 0.6666666666666666
Possible Round Score: 2
Possible Total: 272
Total Score: 43.538888888888884
Rank: 16.006944444444443
--------------------
Round Score: 0
Possible Round Score: 1
Possible Total: 273
Total Score: 43.538888888888884
Rank: 15.948310948310946
--------------------
Round Score: 0
Possible Round Score: 2
Possible Total: 275
Total Score: 43.538888888888884
Rank: 15.832323232323231
--------------------
Round Score: 0.5
Possible Round Score: 2
Possible Total: 277
Total Score: 44.038888888888884
Rank: 15.89851584436422
--------------------
Round Score: 0
Possible Round Score: 1
Possible Total: 278
Total Score: 44.038888888888884
Rank: 15.841326938449237
--------------------
Round Score: 0
Possible Round Score: 1
Possible Total: 279
Total Score: 44.038888888888884
Rank: 15.784547988849063
--------------------
Round Score: 0
Possible Round Score: 1
Possible Total: 280
Total Score: 44.038888888888884
Rank: 15.728174603174603
--------------------
Round Score: 0
Possible Round Score: 2
Possible Total: 282
Total Score: 44.038888888888884
Rank: 15.616627265563436
--------------------
Round Score: 0
Possible Round Score: 1
Possible Total: 283
Total Score: 44.038888888888884
Rank: 15.56144483706321
--------------------
Round Score: 0
Possible Round Score: 2
Possible Total: 285
Total Score: 44.038888888888884
Rank: 15.452241715399609
--------------------
Round Score: 0
Possible Round Score: 1
Possible Total: 286
Total Score: 44.038888888888884
Rank: 15.398212898212895
--------------------
Round Score: 0
Possible Round Score: 1
Possible Total: 287
Total Score: 44.038888888888884
Rank: 15.344560588463027
--------------------
Round Score: 0
Possible Round Score: 1
Possible Total: 288
Total Score: 44.038888888888884
Rank: 15.291280864197528
--------------------
Round Score: 0
Possible Round Score: 1
Possible Total: 289
Total Score: 44.038888888888884
Rank: 15.238369857747019
--------------------
Round Score: 0
Possible Round Score: 1
Possible Total: 290
Total Score: 44.038888888888884
Rank: 15.18582375478927
--------------------
Round Score: 0.5
Possible Round Score: 2
Possible Total: 292
Total Score: 44.538888888888884
Rank: 15.25304414003044
--------------------
Round Score: 0
Possible Round Score: 1
Possible Total: 293
Total Score: 44.538888888888884
Rank: 15.200985968904057
--------------------
Round Score: 0
Possible Round Score: 2
Possible Total: 295
Total Score: 44.538888888888884
Rank: 15.097928436911486
--------------------
Round Score: 0
Possible Round Score: 1
Possible Total: 296
Total Score: 44.538888888888884
Rank: 15.046921921921921
--------------------
Round Score: 0
Possible Round Score: 1
Possible Total: 297
Total Score: 44.538888888888884
Rank: 14.996258885147773
--------------------
Round Score: 0
Possible Round Score: 1
Possible Total: 298
Total Score: 44.538888888888884
Rank: 14.94593586875466
--------------------
Round Score: 0.3333333333333333
Possible Round Score: 2
Possible Total: 300
Total Score: 44.87222222222222
Rank: 14.957407407407405
--------------------
Round Score: 0.3333333333333333
Possible Round Score: 2
Possible Total: 302
Total Score: 45.205555555555556
Rank: 14.968727005150848
--------------------
Round Score: 0.6666666666666666
Possible Round Score: 2
Possible Total: 304
Total Score: 45.87222222222222
Rank: 15.089546783625728
--------------------
Round Score: 0.4
Possible Round Score: 2
Possible Total: 306
Total Score: 46.27222222222222
Rank: 15.121641249092226
--------------------
Round Score: 0
Possible Round Score: 1
Possible Total: 307
Total Score: 46.27222222222222
Rank: 15.072385088671734
--------------------
Round Score: 0.6666666666666666
Possible Round Score: 2
Possible Total: 309
Total Score: 46.93888888888888
Rank: 15.190578928443005
--------------------
Round Score: 0.3333333333333333
Possible Round Score: 2
Possible Total: 311
Total Score: 47.27222222222222
Rank: 15.200071454090747
--------------------
Round Score: 0
Possible Round Score: 2
Possible Total: 313
Total Score: 47.27222222222222
Rank: 15.102946396876108
--------------------
Round Score: 0
Possible Round Score: 2
Possible Total: 315
Total Score: 47.27222222222222
Rank: 15.00705467372134
--------------------
Round Score: 0.25
Possible Round Score: 2
Possible Total: 317
Total Score: 47.52222222222222
Rank: 14.99123729407641
--------------------
Round Score: 0
Possible Round Score: 1
Possible Total: 318
Total Score: 47.52222222222222
Rank: 14.94409503843466
--------------------
Round Score: 0
Possible Round Score: 2
Possible Total: 320
Total Score: 47.52222222222222
Rank: 14.850694444444443
--------------------
Round Score: 0
Possible Round Score: 1
Possible Total: 321
Total Score: 47.52222222222222
Rank: 14.80443059882312
--------------------
Round Score: 0
Possible Round Score: 1
Possible Total: 322
Total Score: 47.52222222222222
Rank: 14.758454106280192
--------------------
Round Score: 0.5
Possible Round Score: 2
Possible Total: 324
Total Score: 48.02222222222222
Rank: 14.821673525377227
--------------------
Round Score: 0
Possible Round Score: 1
Possible Total: 325
Total Score: 48.02222222222222
Rank: 14.776068376068373
--------------------
Round Score: 1
Possible Round Score: 3
Possible Total: 328
Total Score: 49.02222222222222
Rank: 14.94579945799458
--------------------
Round Score: 0.6000000000000001
Possible Round Score: 3
Possible Total: 331
Total Score: 49.62222222222222
Rank: 14.991607922121517
--------------------
Round Score: 0.6666666666666666
Possible Round Score: 2
Possible Total: 333
Total Score: 50.288888888888884
Rank: 15.101768435101768
--------------------
Round Score: 0
Possible Round Score: 1
Possible Total: 334
Total Score: 50.288888888888884
Rank: 15.05655355954757
--------------------
Round Score: 0.3333333333333333
Possible Round Score: 2
Possible Total: 336
Total Score: 50.62222222222222
Rank: 15.066137566137566
--------------------
Round Score: 0
Possible Round Score: 1
Possible Total: 337
Total Score: 50.62222222222222
Rank: 15.021430926475437
--------------------
Round Score: 0
Possible Round Score: 1
Possible Total: 338
Total Score: 50.62222222222222
Rank: 14.976988823142667
--------------------
Round Score: 0
Possible Round Score: 1
Possible Total: 339
Total Score: 50.62222222222222
Rank: 14.9328089151098
--------------------
Round Score: 0
Possible Round Score: 1
Possible Total: 340
Total Score: 50.62222222222222
Rank: 14.888888888888888
--------------------
Round Score: 0
Possible Round Score: 2
Possible Total: 342
Total Score: 50.62222222222222
Rank: 14.80181936322287
--------------------
Round Score: 0.3333333333333333
Possible Round Score: 2
Possible Total: 344
Total Score: 50.955555555555556
Rank: 14.81266149870801
--------------------
Round Score: 1.5
Possible Round Score: 3
Possible Total: 347
Total Score: 52.455555555555556
Rank: 15.116874799871919
--------------------
Round Score: 0.6666666666666666
Possible Round Score: 2
Possible Total: 349
Total Score: 53.12222222222222
Rank: 15.22126711238459
--------------------
Round Score: 1.6
Possible Round Score: 4
Possible Total: 353
Total Score: 54.72222222222222
Rank: 15.502045955303744
--------------------
Round Score: 2
Possible Round Score: 5
Possible Total: 358
Total Score: 56.72222222222222
Rank: 15.84419615145872
--------------------
Round Score: 0
Possible Round Score: 2
Possible Total: 360
Total Score: 56.72222222222222
Rank: 15.756172839506172
--------------------
Round Score: 0
Possible Round Score: 1
Possible Total: 361
Total Score: 56.72222222222222
Rank: 15.712526931363497
--------------------
Round Score: 0
Possible Round Score: 1
Possible Total: 362
Total Score: 56.72222222222222
Rank: 15.669122160834867
--------------------
Round Score: 1
Possible Round Score: 4
Possible Total: 366
Total Score: 57.72222222222222
Rank: 15.77109896782028
--------------------
Round Score: 0
Possible Round Score: 2
Possible Total: 368
Total Score: 57.72222222222222
Rank: 15.685386473429952
--------------------
Round Score: 0
Possible Round Score: 1
Possible Total: 369
Total Score: 57.72222222222222
Rank: 15.642878651008733
--------------------
Round Score: 0
Possible Round Score: 2
Possible Total: 371
Total Score: 57.72222222222222
Rank: 15.55855046421084
--------------------
Round Score: 0.6666666666666666
Possible Round Score: 2
Possible Total: 373
Total Score: 58.388888888888886
Rank: 15.653857610962168
--------------------
Round Score: 0
Possible Round Score: 2
Possible Total: 375
Total Score: 58.388888888888886
Rank: 15.570370370370371
--------------------
Round Score: 0
Possible Round Score: 1
Possible Total: 376
Total Score: 58.388888888888886
Rank: 15.528959810874705
--------------------
Round Score: 0
Possible Round Score: 1
Possible Total: 377
Total Score: 58.388888888888886
Rank: 15.487768936044796
--------------------
Round Score: 0
Possible Round Score: 1
Possible Total: 378
Total Score: 58.388888888888886
Rank: 15.446796002351556
--------------------
Round Score: 0
Possible Round Score: 1
Possible Total: 379
Total Score: 58.388888888888886
Rank: 15.406039284667253
--------------------
Round Score: 0.5
Possible Round Score: 2
Possible Total: 381
Total Score: 58.888888888888886
Rank: 15.456401283172935
--------------------
Round Score: 0.4
Possible Round Score: 2
Possible Total: 383
Total Score: 59.288888888888884
Rank: 15.480127647229475
--------------------
Round Score: 0
Possible Round Score: 1
Possible Total: 384
Total Score: 59.288888888888884
Rank: 15.439814814814815
--------------------
Round Score: 0
Possible Round Score: 1
Possible Total: 385
Total Score: 59.288888888888884
Rank: 15.3997113997114
--------------------
Round Score: 0
Possible Round Score: 1
Possible Total: 386
Total Score: 59.288888888888884
Rank: 15.359815774323545
--------------------
Round Score: 0.4
Possible Round Score: 2
Possible Total: 388
Total Score: 59.68888888888888
Rank: 15.38373424971363
--------------------
Round Score: 3.75
Possible Round Score: 5
Possible Total: 393
Total Score: 63.43888888888888
Rank: 16.14221091320328
--------------------
Round Score: 0
Possible Round Score: 1
Possible Total: 394
Total Score: 63.43888888888888
Rank: 16.101240834743372
--------------------
Round Score: 0
Possible Round Score: 1
Possible Total: 395
Total Score: 63.43888888888888
Rank: 16.060478199718705
--------------------
Round Score: 0
Possible Round Score: 1
Possible Total: 396
Total Score: 63.43888888888888
Rank: 16.019921436588103
--------------------
Round Score: 0
Possible Round Score: 2
Possible Total: 398
Total Score: 63.43888888888888
Rank: 15.939419318816302
--------------------
Round Score: 0
Possible Round Score: 1
Possible Total: 399
Total Score: 63.43888888888888
Rank: 15.899470899470897
--------------------
Round Score: 1
Possible Round Score: 4
Possible Total: 403
Total Score: 64.43888888888888
Rank: 15.989798731734215
--------------------
Round Score: 0
Possible Round Score: 1
Possible Total: 404
Total Score: 64.43888888888888
Rank: 15.950220022002199
--------------------
Round Score: 0
Possible Round Score: 2
Possible Total: 406
Total Score: 64.43888888888888
Rank: 15.871647509578542
--------------------
Round Score: 0
Possible Round Score: 1
Possible Total: 407
Total Score: 64.43888888888888
Rank: 15.832650832650833
--------------------
Round Score: 0
Possible Round Score: 1
Possible Total: 408
Total Score: 64.43888888888888
Rank: 15.793845315904138
--------------------
Round Score: 0
Possible Round Score: 1
Possible Total: 409
Total Score: 64.43888888888888
Rank: 15.755229557185546
--------------------
Round Score: 0
Possible Round Score: 4
Possible Total: 413
Total Score: 64.43888888888888
Rank: 15.602636534839922
--------------------
Round Score: 0
Possible Round Score: 1
Possible Total: 414
Total Score: 64.43888888888888
Rank: 15.56494900697799
--------------------
Round Score: 0.75
Possible Round Score: 3
Possible Total: 417
Total Score: 65.18888888888888
Rank: 15.632827071675992
--------------------
Round Score: 0
Possible Round Score: 1
Possible Total: 418
Total Score: 65.18888888888888
Rank: 15.595427963849016
--------------------
Round Score: 0
Possible Round Score: 1
Possible Total: 419
Total Score: 65.18888888888888
Rank: 15.558207372049853
--------------------
Round Score: 1
Possible Round Score: 3
Possible Total: 422
Total Score: 66.18888888888888
Rank: 15.684570826750921
--------------------
Round Score: 0
Possible Round Score: 1
Possible Total: 423
Total Score: 66.18888888888888
Rank: 15.647491463094298
--------------------
Round Score: 0
Possible Round Score: 1
Possible Total: 424
Total Score: 66.18888888888888
Rank: 15.610587002096436
--------------------
Round Score: 0.5
Possible Round Score: 2
Possible Total: 426
Total Score: 66.68888888888888
Rank: 15.654668753260301
--------------------
Round Score: 0.6666666666666666
Possible Round Score: 2
Possible Total: 428
Total Score: 67.35555555555555
Rank: 15.737279335410175
--------------------
Round Score: 0
Possible Round Score: 1
Possible Total: 429
Total Score: 67.35555555555555
Rank: 15.700595700595702
--------------------
Round Score: 0
Possible Round Score: 1
Possible Total: 430
Total Score: 67.35555555555555
Rank: 15.664082687338501
--------------------
Round Score: 2
Possible Round Score: 4
Possible Total: 434
Total Score: 69.35555555555555
Rank: 15.980542754736302
--------------------
Round Score: 0
Possible Round Score: 1
Possible Total: 435
Total Score: 69.35555555555555
Rank: 15.943805874840358
--------------------
Round Score: 0
Possible Round Score: 1
Possible Total: 436
Total Score: 69.35555555555555
Rank: 15.9072375127421
--------------------
Round Score: 0.5
Possible Round Score: 2
Possible Total: 438
Total Score: 69.85555555555555
Rank: 15.948756976154236
--------------------
Round Score: 0
Possible Round Score: 1
Possible Total: 439
Total Score: 69.85555555555555
Rank: 15.912427233611742
--------------------
Round Score: 0
Possible Round Score: 1
Possible Total: 440
Total Score: 69.85555555555555
Rank: 15.876262626262626
--------------------
Round Score: 0.4
Possible Round Score: 2
Possible Total: 442
Total Score: 70.25555555555556
Rank: 15.894922071392662
--------------------
Round Score: 0
Possible Round Score: 1
Possible Total: 443
Total Score: 70.25555555555556
Rank: 15.859041886129924
--------------------
Round Score: 1.2000000000000002
Possible Round Score: 3
Possible Total: 446
Total Score: 71.45555555555556
Rank: 16.021425012456405
--------------------
Round Score: 0.6666666666666666
Possible Round Score: 3
Possible Total: 449
Total Score: 72.12222222222223
Rank: 16.062855728780008
--------------------
Round Score: 0.5
Possible Round Score: 2
Possible Total: 451
Total Score: 72.62222222222223
Rank: 16.10248829761025
--------------------
Round Score: 1.6
Possible Round Score: 4
Possible Total: 455
Total Score: 74.22222222222223
Rank: 16.31257631257631
--------------------
Round Score: 0.6000000000000001
Possible Round Score: 3
Possible Total: 458
Total Score: 74.82222222222222
Rank: 16.336729742843282
--------------------
Round Score: 0.6666666666666666
Possible Round Score: 2
Possible Total: 460
Total Score: 75.4888888888889
Rank: 16.410628019323674
--------------------
Round Score: 0.75
Possible Round Score: 3
Possible Total: 463
Total Score: 76.2388888888889
Rank: 16.46628269738421
--------------------
Round Score: 0.75
Possible Round Score: 3
Possible Total: 466
Total Score: 76.9888888888889
Rank: 16.521220791607057
--------------------
Round Score: 0
Possible Round Score: 4
Possible Total: 470
Total Score: 76.9888888888889
Rank: 16.3806146572104
--------------------
Round Score: 0
Possible Round Score: 1
Possible Total: 471
Total Score: 76.9888888888889
Rank: 16.345836282142017
--------------------
Round Score: 0
Possible Round Score: 2
Possible Total: 473
Total Score: 76.9888888888889
Rank: 16.27672069532535
--------------------
Round Score: 1.7142857142857142
Possible Round Score: 4
Possible Total: 477
Total Score: 78.7031746031746
Rank: 16.49961731722738
--------------------
Round Score: 0.75
Possible Round Score: 3
Possible Total: 480
Total Score: 79.4531746031746
Rank: 16.55274470899471
--------------------
Round Score: 0
Possible Round Score: 2
Possible Total: 482
Total Score: 79.4531746031746
Rank: 16.48406112099058
--------------------
Round Score: 0
Possible Round Score: 1
Possible Total: 483
Total Score: 79.4531746031746
Rank: 16.449932630056853
--------------------
Round Score: 0.4
Possible Round Score: 2
Possible Total: 485
Total Score: 79.85317460317461
Rank: 16.464572083128783
--------------------
Round Score: 0.5
Possible Round Score: 2
Possible Total: 487
Total Score: 80.35317460317461
Rank: 16.49962517518986
--------------------
Round Score: 0
Possible Round Score: 2
Possible Total: 489
Total Score: 80.35317460317461
Rank: 16.43214204563898
--------------------
Round Score: 0
Possible Round Score: 1
Possible Total: 490
Total Score: 80.35317460317461
Rank: 16.39860706187237
--------------------
Round Score: 0
Possible Round Score: 1
Possible Total: 491
Total Score: 80.35317460317461
Rank: 16.365208676817637
--------------------
Round Score: 0
Possible Round Score: 1
Possible Total: 492
Total Score: 80.35317460317461
Rank: 16.331946057555815
--------------------
Round Score: 0
Possible Round Score: 1
Possible Total: 493
Total Score: 80.35317460317461
Rank: 16.298818377925883
--------------------
Round Score: 0
Possible Round Score: 1
Possible Total: 494
Total Score: 80.35317460317461
Rank: 16.265824818456398
--------------------
Round Score: 0.4
Possible Round Score: 2
Possible Total: 496
Total Score: 80.75317460317461
Rank: 16.280881976446494
--------------------
Round Score: 0
Possible Round Score: 1
Possible Total: 497
Total Score: 80.75317460317461
Rank: 16.248123662610585
--------------------
Round Score: 1.3333333333333333
Possible Round Score: 4
Possible Total: 501
Total Score: 82.08650793650794
Rank: 16.384532522257075
--------------------
Round Score: 1
Possible Round Score: 3
Possible Total: 504
Total Score: 83.08650793650794
Rank: 16.485418241370624
--------------------
Round Score: 0
Possible Round Score: 1
Possible Total: 505
Total Score: 83.08650793650794
Rank: 16.452773848813454
--------------------
Round Score: 0.8571428571428571
Possible Round Score: 3
Possible Total: 508
Total Score: 83.9436507936508
Rank: 16.524340707411575
--------------------
Round Score: 0
Possible Round Score: 2
Possible Total: 510
Total Score: 83.9436507936508
Rank: 16.45953937130408
--------------------
Round Score: 0
Possible Round Score: 2
Possible Total: 512
Total Score: 83.9436507936508
Rank: 16.39524429563492
--------------------
Round Score: 0
Possible Round Score: 1
Possible Total: 513
Total Score: 83.9436507936508
Rank: 16.363284755097624
--------------------
Round Score: 0
Possible Round Score: 1
Possible Total: 514
Total Score: 83.9436507936508
Rank: 16.331449570749186
--------------------
Round Score: 0
Possible Round Score: 1
Possible Total: 515
Total Score: 83.9436507936508
Rank: 16.299738018184623
--------------------
Round Score: 0
Possible Round Score: 1
Possible Total: 516
Total Score: 83.9436507936508
Rank: 16.268149378614496
--------------------
Round Score: 2
Possible Round Score: 4
Possible Total: 520
Total Score: 85.9436507936508
Rank: 16.527625152625156
--------------------
Round Score: 0
Possible Round Score: 1
Possible Total: 521
Total Score: 85.9436507936508
Rank: 16.495902263656586
--------------------
Round Score: 0
Possible Round Score: 1
Possible Total: 522
Total Score: 85.9436507936508
Rank: 16.46430091832391
--------------------
Round Score: 0
Possible Round Score: 1
Possible Total: 523
Total Score: 85.9436507936508
Rank: 16.4328204194361
--------------------
Round Score: 0
Possible Round Score: 2
Possible Total: 525
Total Score: 85.9436507936508
Rank: 16.37021919879063
--------------------
Round Score: 0
Possible Round Score: 1
Possible Total: 526
Total Score: 85.9436507936508
Rank: 16.33909710905909
--------------------
Round Score: 0.6000000000000001
Possible Round Score: 3
Possible Total: 529
Total Score: 86.5436507936508
Rank: 16.359858373090887
--------------------
Round Score: 0.25
Possible Round Score: 2
Possible Total: 531
Total Score: 86.7936507936508
Rank: 16.34532030012256
--------------------
Round Score: 0
Possible Round Score: 1
Possible Total: 532
Total Score: 86.7936507936508
Rank: 16.314596013844135
--------------------
Round Score: 2
Possible Round Score: 4
Possible Total: 536
Total Score: 88.7936507936508
Rank: 16.56597962568112
--------------------
Round Score: 0
Possible Round Score: 2
Possible Total: 538
Total Score: 88.7936507936508
Rank: 16.504396058299406
--------------------
Round Score: 0
Possible Round Score: 1
Possible Total: 539
Total Score: 88.7936507936508
Rank: 16.473775657449128
--------------------
Round Score: 1.5
Possible Round Score: 6
Possible Total: 545
Total Score: 90.2936507936508
Rank: 16.56764234745886
--------------------
Round Score: 0
Possible Round Score: 1
Possible Total: 546
Total Score: 90.2936507936508
Rank: 16.537298680155825
--------------------
Round Score: 0
Possible Round Score: 1
Possible Total: 547
Total Score: 90.2936507936508
Rank: 16.50706595861989
--------------------
Round Score: 0
Possible Round Score: 1
Possible Total: 548
Total Score: 90.2936507936508
Rank: 16.47694357548372
--------------------
Round Score: 0
Possible Round Score: 1
Possible Total: 549
Total Score: 90.2936507936508
Rank: 16.446930927805244
--------------------
Round Score: 0
Possible Round Score: 1
Possible Total: 550
Total Score: 90.2936507936508
Rank: 16.41702741702742
--------------------
Round Score: 0
Possible Round Score: 1
Possible Total: 551
Total Score: 90.2936507936508
Rank: 16.387232448938438
--------------------
Round Score: 0
Possible Round Score: 1
Possible Total: 552
Total Score: 90.2936507936508
Rank: 16.357545433632392
--------------------
Round Score: 0
Possible Round Score: 1
Possible Total: 553
Total Score: 90.2936507936508
Rank: 16.327965785470308
--------------------
Round Score: 0
Possible Round Score: 1
Possible Total: 554
Total Score: 90.2936507936508
Rank: 16.29849292304166
--------------------
Round Score: 0
Possible Round Score: 1
Possible Total: 555
Total Score: 90.2936507936508
Rank: 16.269126269126268
--------------------
Round Score: 1.5
Possible Round Score: 3
Possible Total: 558
Total Score: 91.7936507936508
Rank: 16.450475052625592
--------------------
Round Score: 0
Possible Round Score: 1
Possible Total: 559
Total Score: 91.7936507936508
Rank: 16.421046653604794
--------------------
Round Score: 0
Possible Round Score: 1
Possible Total: 560
Total Score: 91.7936507936508
Rank: 16.391723356009074
--------------------
Round Score: 0
Possible Round Score: 1
Possible Total: 561
Total Score: 91.7936507936508
Rank: 16.362504597798715
--------------------
Round Score: 0.4
Possible Round Score: 2
Possible Total: 563
Total Score: 92.1936507936508
Rank: 16.375426428712398
--------------------
Round Score: 0
Possible Round Score: 1
Possible Total: 564
Total Score: 92.1936507936508
Rank: 16.34639198468986
--------------------
Round Score: 0
Possible Round Score: 1
Possible Total: 565
Total Score: 92.1936507936508
Rank: 16.31746031746032
--------------------
Round Score: 0
Possible Round Score: 2
Possible Total: 567
Total Score: 92.1936507936508
Rank: 16.25990313821002
--------------------
Round Score: 0
Possible Round Score: 1
Possible Total: 568
Total Score: 92.1936507936508
Rank: 16.23127654817796
--------------------
Round Score: 1
Possible Round Score: 5
Possible Total: 573
Total Score: 93.1936507936508
Rank: 16.264162442172918
--------------------
Round Score: 0
Possible Round Score: 1
Possible Total: 574
Total Score: 93.1936507936508
Rank: 16.235827664399093
--------------------
Round Score: 0.5
Possible Round Score: 2
Possible Total: 576
Total Score: 93.6936507936508
Rank: 16.266258818342152
--------------------
Round Score: 0
Possible Round Score: 1
Possible Total: 577
Total Score: 93.6936507936508
Rank: 16.23806772853567
--------------------
Round Score: 0
Possible Round Score: 1
Possible Total: 578
Total Score: 93.6936507936508
Rank: 16.209974185752735
--------------------
Round Score: 0
Possible Round Score: 2
Possible Total: 580
Total Score: 93.6936507936508
Rank: 16.15407772304324
--------------------
Round Score: 0
Possible Round Score: 1
Possible Total: 581
Total Score: 93.6936507936508
Rank: 16.12627380269377
--------------------
Round Score: 0
Possible Round Score: 1
Possible Total: 582
Total Score: 93.6936507936508
Rank: 16.09856542846234
--------------------
Round Score: 0.5
Possible Round Score: 2
Possible Total: 584
Total Score: 94.1936507936508
Rank: 16.129049793433357
--------------------
Round Score: 0.8571428571428571
Possible Round Score: 3
Possible Total: 587
Total Score: 95.05079365079366
Rank: 16.19263946350829
--------------------
Round Score: 0
Possible Round Score: 1
Possible Total: 588
Total Score: 95.05079365079366
Rank: 16.16510096101933
--------------------
Round Score: 0
Possible Round Score: 1
Possible Total: 589
Total Score: 95.05079365079366
Rank: 16.137655967876682
--------------------
Round Score: 0
Possible Round Score: 1
Possible Total: 590
Total Score: 95.05079365079366
Rank: 16.1103040086091
--------------------
Round Score: 0
Possible Round Score: 1
Possible Total: 591
Total Score: 95.05079365079366
Rank: 16.083044610963395
--------------------
Round Score: 0.6666666666666666
Possible Round Score: 2
Possible Total: 593
Total Score: 95.71746031746034
Rank: 16.141224336839855
--------------------
Round Score: 0
Possible Round Score: 1
Possible Total: 594
Total Score: 95.71746031746034
Rank: 16.114050558495006
--------------------
Round Score: 0
Possible Round Score: 2
Possible Total: 596
Total Score: 95.71746031746034
Rank: 16.05997656333227
--------------------
Round Score: 0
Possible Round Score: 1
Possible Total: 597
Total Score: 95.71746031746034
Rank: 16.033075430060357
--------------------
Round Score: 0
Possible Round Score: 1
Possible Total: 598
Total Score: 95.71746031746034
Rank: 16.006264267133837
--------------------
Round Score: 0
Possible Round Score: 2
Possible Total: 600
Total Score: 95.71746031746034
Rank: 15.952910052910054
--------------------
Round Score: 0
Possible Round Score: 2
Possible Total: 602
Total Score: 95.71746031746034
Rank: 15.899910351737597
--------------------
Round Score: 0
Possible Round Score: 1
Possible Total: 603
Total Score: 95.71746031746034
Rank: 15.873542341204036
--------------------
Round Score: 0
Possible Round Score: 1
Possible Total: 604
Total Score: 95.71746031746034
Rank: 15.84726164196363
--------------------
Round Score: 0
Possible Round Score: 1
Possible Total: 605
Total Score: 95.71746031746034
Rank: 15.821067821067825
--------------------
Round Score: 0
Possible Round Score: 1
Possible Total: 606
Total Score: 95.71746031746034
Rank: 15.7949604484258
--------------------
Round Score: 0
Possible Round Score: 1
Possible Total: 607
Total Score: 95.71746031746034
Rank: 15.768939096780946
--------------------
Round Score: 1
Possible Round Score: 2
Possible Total: 609
Total Score: 96.71746031746034
Rank: 15.881356373967215
--------------------
Round Score: 0.4
Possible Round Score: 2
Possible Total: 611
Total Score: 97.11746031746034
Rank: 15.8948380224976
--------------------
Round Score: 0
Possible Round Score: 3
Possible Total: 614
Total Score: 97.11746031746034
Rank: 15.817175947469112
--------------------
Round Score: 0
Possible Round Score: 1
Possible Total: 615
Total Score: 97.11746031746034
Rank: 15.791456962188674
--------------------
Round Score: 0
Possible Round Score: 1
Possible Total: 616
Total Score: 97.11746031746034
Rank: 15.765821480107197
--------------------
Round Score: 0
Possible Round Score: 1
Possible Total: 617
Total Score: 97.11746031746034
Rank: 15.740269095212373
--------------------
Round Score: 0.5
Possible Round Score: 2
Possible Total: 619
Total Score: 97.61746031746034
Rank: 15.770187450316694
--------------------
Round Score: 0
Possible Round Score: 1
Possible Total: 620
Total Score: 97.61746031746034
Rank: 15.744751664106508
--------------------
Round Score: 0.3333333333333333
Possible Round Score: 2
Possible Total: 622
Total Score: 97.95079365079367
Rank: 15.747716021027921
--------------------
Round Score: 0.5
Possible Round Score: 4
Possible Total: 626
Total Score: 98.45079365079367
Rank: 15.726963841979819
--------------------
Round Score: 0
Possible Round Score: 1
Possible Total: 627
Total Score: 98.45079365079367
Rank: 15.701880965038864
--------------------
Round Score: 0
Possible Round Score: 2
Possible Total: 629
Total Score: 98.45079365079367
Rank: 15.65195447548389
--------------------
Round Score: 0
Possible Round Score: 1
Possible Total: 630
Total Score: 98.45079365079367
Rank: 15.627110103300582
--------------------
Round Score: 0.30000000000000004
Possible Round Score: 3
Possible Total: 633
Total Score: 98.75079365079367
Rank: 15.600441335038495
--------------------
Round Score: 0
Possible Round Score: 2
Possible Total: 635
Total Score: 98.75079365079367
Rank: 15.551306086739162
--------------------
Round Score: 0
Possible Round Score: 2
Possible Total: 637
Total Score: 98.75079365079367
Rank: 15.502479380030405
--------------------
Round Score: 0.4
Possible Round Score: 2
Possible Total: 639
Total Score: 99.15079365079367
Rank: 15.51655612688477
--------------------
Round Score: 0.4
Possible Round Score: 2
Possible Total: 641
Total Score: 99.55079365079368
Rank: 15.530545031325065
--------------------
Round Score: 0
Possible Round Score: 1
Possible Total: 642
Total Score: 99.55079365079368
Rank: 15.50635415121397
--------------------
Round Score: 1.5
Possible Round Score: 3
Possible Total: 645
Total Score: 101.05079365079368
Rank: 15.666789713301347
--------------------
Round Score: 0.5
Possible Round Score: 2
Possible Total: 647
Total Score: 101.55079365079368
Rank: 15.695640440617261
--------------------
Round Score: 0
Possible Round Score: 2
Possible Total: 649
Total Score: 101.55079365079368
Rank: 15.647271748966668
--------------------
Round Score: 0
Possible Round Score: 1
Possible Total: 650
Total Score: 101.55079365079368
Rank: 15.623199023199028
--------------------
Round Score: 0.6666666666666666
Possible Round Score: 2
Possible Total: 652
Total Score: 102.21746031746035
Rank: 15.677524588567538
--------------------
Round Score: 0
Possible Round Score: 1
Possible Total: 653
Total Score: 102.21746031746035
Rank: 15.65351612824814
--------------------
Round Score: 0.2
Possible Round Score: 2
Possible Total: 655
Total Score: 102.41746031746035
Rank: 15.636253483581733
--------------------
Round Score: 0
Possible Round Score: 1
Possible Total: 656
Total Score: 102.41746031746035
Rank: 15.612417731320175
--------------------
Round Score: 0.6666666666666666
Possible Round Score: 2
Possible Total: 658
Total Score: 103.08412698412702
Rank: 15.666280696675837
--------------------
Round Score: 0
Possible Round Score: 1
Possible Total: 659
Total Score: 103.08412698412702
Rank: 15.642507888334906
--------------------
Round Score: 1
Possible Round Score: 3
Possible Total: 662
Total Score: 104.08412698412702
Rank: 15.722677792164202
--------------------
Round Score: 0
Possible Round Score: 3
Possible Total: 665
Total Score: 104.08412698412702
Rank: 15.651748418665717
--------------------
Round Score: 0
Possible Round Score: 1
Possible Total: 666
Total Score: 104.08412698412702
Rank: 15.628247294913969
--------------------
Round Score: 0.4
Possible Round Score: 2
Possible Total: 668
Total Score: 104.48412698412703
Rank: 15.641336374869317
--------------------
Round Score: 0
Possible Round Score: 2
Possible Total: 670
Total Score: 104.48412698412703
Rank: 15.594645818526423
--------------------
Round Score: 0
Possible Round Score: 1
Possible Total: 671
Total Score: 104.48412698412703
Rank: 15.571404915667216
--------------------
Round Score: 0.5
Possible Round Score: 2
Possible Total: 673
Total Score: 104.98412698412703
Rank: 15.599424514729126
--------------------
Round Score: 0
Possible Round Score: 1
Possible Total: 674
Total Score: 104.98412698412703
Rank: 15.576279967971368
--------------------
Round Score: 0
Possible Round Score: 2
Possible Total: 676
Total Score: 104.98412698412703
Rank: 15.530196299427077
--------------------
Round Score: 0
Possible Round Score: 1
Possible Total: 677
Total Score: 104.98412698412703
Rank: 15.507256570772087
--------------------
Round Score: 0
Possible Round Score: 1
Possible Total: 678
Total Score: 104.98412698412703
Rank: 15.484384510933191
--------------------
Round Score: 0
Possible Round Score: 2
Possible Total: 680
Total Score: 104.98412698412703
Rank: 15.438842203548091
--------------------
Round Score: 1.3333333333333333
Possible Round Score: 4
Possible Total: 684
Total Score: 106.31746031746036
Rank: 15.5434883505059
--------------------
Round Score: 0.6666666666666666
Possible Round Score: 2
Possible Total: 686
Total Score: 106.98412698412703
Rank: 15.59535378777362
--------------------
Round Score: 0.3333333333333333
Possible Round Score: 2
Possible Total: 688
Total Score: 107.31746031746036
Rank: 15.598468069398308
--------------------
Round Score: 0
Possible Round Score: 1
Possible Total: 689
Total Score: 107.31746031746036
Rank: 15.57582878337596
--------------------
Round Score: 0
Possible Round Score: 2
Possible Total: 691
Total Score: 107.31746031746036
Rank: 15.530746789791658
--------------------
Round Score: 0
Possible Round Score: 1
Possible Total: 692
Total Score: 107.31746031746036
Rank: 15.508303514083869
--------------------
Round Score: 0
Possible Round Score: 1
Possible Total: 693
Total Score: 107.31746031746036
Rank: 15.485925009734538
--------------------
Round Score: 0
Possible Round Score: 1
Possible Total: 694
Total Score: 107.31746031746036
Rank: 15.463610996752214
--------------------
Round Score: 0.5
Possible Round Score: 2
Possible Total: 696
Total Score: 107.81746031746036
Rank: 15.49101441342821
--------------------
Round Score: 0
Possible Round Score: 1
Possible Total: 697
Total Score: 107.81746031746036
Rank: 15.468789141672934
--------------------
Round Score: 0
Possible Round Score: 1
Possible Total: 698
Total Score: 107.81746031746036
Rank: 15.44662755264475
--------------------
Round Score: 0
Possible Round Score: 1
Possible Total: 699
Total Score: 107.81746031746036
Rank: 15.424529373027232
--------------------
Round Score: 0
Possible Round Score: 1
Possible Total: 700
Total Score: 107.81746031746036
Rank: 15.402494331065766
--------------------
Round Score: 0
Possible Round Score: 1
Possible Total: 701
Total Score: 107.81746031746036
Rank: 15.3805221565564
--------------------
Round Score: 0
Possible Round Score: 1
Possible Total: 702
Total Score: 107.81746031746036
Rank: 15.35861258083481
--------------------
Round Score: 0
Possible Round Score: 2
Possible Total: 704
Total Score: 107.81746031746036
Rank: 15.314980158730165
--------------------
Round Score: 0.4
Possible Round Score: 2
Possible Total: 706
Total Score: 108.21746031746036
Rank: 15.32825216961195
--------------------
Round Score: 0.3333333333333333
Possible Round Score: 2
Possible Total: 708
Total Score: 108.5507936507937
Rank: 15.332033001524534
--------------------
Round Score: 0
Possible Round Score: 1
Possible Total: 709
Total Score: 108.5507936507937
Rank: 15.310408131282607
--------------------
Round Score: 0
Possible Round Score: 1
Possible Total: 710
Total Score: 108.5507936507937
Rank: 15.288844176168126
--------------------
Round Score: 0
Possible Round Score: 1
Possible Total: 711
Total Score: 108.5507936507937
Rank: 15.267340879155231
--------------------
Round Score: 0
Possible Round Score: 3
Possible Total: 714
Total Score: 108.5507936507937
Rank: 15.203192388066345
--------------------
Round Score: 0.5
Possible Round Score: 2
Possible Total: 716
Total Score: 109.0507936507937
Rank: 15.230557772457221
--------------------
Round Score: 0
Possible Round Score: 1
Possible Total: 717
Total Score: 109.0507936507937
Rank: 15.209315711407767
--------------------
Round Score: 0.2857142857142857
Possible Round Score: 2
Possible Total: 719
Total Score: 109.33650793650799
Rank: 15.206746583658969
--------------------
Round Score: 0
Possible Round Score: 1
Possible Total: 720
Total Score: 109.33650793650799
Rank: 15.185626102292776
--------------------
Round Score: 0
Possible Round Score: 2
Possible Total: 722
Total Score: 109.33650793650799
Rank: 15.143560656026036
--------------------
Round Score: 0
Possible Round Score: 1
Possible Total: 723
Total Score: 109.33650793650799
Rank: 15.122615205602763
--------------------
Round Score: 0.5
Possible Round Score: 2
Possible Total: 725
Total Score: 109.83650793650799
Rank: 15.149863163656274
--------------------
Round Score: 0
Possible Round Score: 1
Possible Total: 726
Total Score: 109.83650793650799
Rank: 15.128995583541045
--------------------
Round Score: 0
Possible Round Score: 2
Possible Total: 728
Total Score: 109.83650793650799
Rank: 15.087432408860987
--------------------
Round Score: 0
Possible Round Score: 1
Possible Total: 729
Total Score: 109.83650793650799
Rank: 15.066736342456513
--------------------
Round Score: 0
Possible Round Score: 2
Possible Total: 731
Total Score: 109.83650793650799
Rank: 15.02551408160164
--------------------
Round Score: 0.6666666666666666
Possible Round Score: 3
Possible Total: 734
Total Score: 110.50317460317466
Rank: 15.054928420051041
--------------------
Round Score: 0
Possible Round Score: 1
Possible Total: 735
Total Score: 110.50317460317466
Rank: 15.03444552424145
--------------------
Round Score: 0
Possible Round Score: 1
Possible Total: 736
Total Score: 110.50317460317466
Rank: 15.014018288474817
--------------------
Round Score: 0
Possible Round Score: 1
Possible Total: 737
Total Score: 110.50317460317466
Rank: 14.993646486183806
--------------------
Round Score: 0
Possible Round Score: 1
Possible Total: 738
Total Score: 110.50317460317466
Rank: 14.973329892029085
--------------------
Round Score: 0
Possible Round Score: 1
Possible Total: 739
Total Score: 110.50317460317466
Rank: 14.95306828189102
--------------------
Round Score: 0
Possible Round Score: 1
Possible Total: 740
Total Score: 110.50317460317466
Rank: 14.932861432861442
--------------------
Round Score: 0
Possible Round Score: 1
Possible Total: 741
Total Score: 110.50317460317466
Rank: 14.912709123235446
--------------------
Round Score: 0
Possible Round Score: 1
Possible Total: 742
Total Score: 110.50317460317466
Rank: 14.892611132503323
--------------------
Round Score: 0
Possible Round Score: 1
Possible Total: 743
Total Score: 110.50317460317466
Rank: 14.872567241342486
--------------------
Round Score: 0
Possible Round Score: 1
Possible Total: 744
Total Score: 110.50317460317466
Rank: 14.852577231609496
--------------------
Round Score: 0
Possible Round Score: 1
Possible Total: 745
Total Score: 110.50317460317466
Rank: 14.832640886332168
--------------------
Round Score: 0
Possible Round Score: 2
Possible Total: 747
Total Score: 110.50317460317466
Rank: 14.79292832706488
--------------------
Round Score: 0
Possible Round Score: 1
Possible Total: 748
Total Score: 110.50317460317466
Rank: 14.773151684916396
--------------------
Round Score: 0
Possible Round Score: 1
Possible Total: 749
Total Score: 110.50317460317466
Rank: 14.753427850891143
--------------------
Round Score: 0
Possible Round Score: 1
Possible Total: 750
Total Score: 110.50317460317466
Rank: 14.733756613756622
--------------------
Round Score: 1.2000000000000002
Possible Round Score: 3
Possible Total: 753
Total Score: 111.70317460317466
Rank: 14.834418938004603
--------------------
Round Score: 0.5
Possible Round Score: 2
Possible Total: 755
Total Score: 112.20317460317466
Rank: 14.861347629559557
--------------------
Round Score: 0
Possible Round Score: 1
Possible Total: 756
Total Score: 112.20317460317466
Rank: 14.84168976232469
--------------------
Round Score: 0
Possible Round Score: 1
Possible Total: 757
Total Score: 112.20317460317466
Rank: 14.822083831330868
--------------------
Round Score: 0
Possible Round Score: 1
Possible Total: 758
Total Score: 112.20317460317466
Rank: 14.80252963102568
--------------------
Round Score: 0
Possible Round Score: 2
Possible Total: 760
Total Score: 112.20317460317466
Rank: 14.763575605680876
--------------------
Round Score: 0
Possible Round Score: 1
Possible Total: 761
Total Score: 112.20317460317466
Rank: 14.744175374924398
--------------------
Round Score: 0
Possible Round Score: 2
Possible Total: 763
Total Score: 112.20317460317466
Rank: 14.705527470927215
--------------------
Round Score: 0
Possible Round Score: 3
Possible Total: 766
Total Score: 112.20317460317466
Rank: 14.647934021302175
--------------------
Round Score: 0
Possible Round Score: 2
Possible Total: 768
Total Score: 112.20317460317466
Rank: 14.609788359788368
--------------------
Round Score: 0
Possible Round Score: 1
Possible Total: 769
Total Score: 112.20317460317466
Rank: 14.590789935393323
--------------------
Round Score: 0
Possible Round Score: 1
Possible Total: 770
Total Score: 112.20317460317466
Rank: 14.571840857555152
--------------------
Round Score: 0
Possible Round Score: 1
Possible Total: 771
Total Score: 112.20317460317466
Rank: 14.5529409342639
--------------------
Round Score: 0
Possible Round Score: 2
Possible Total: 773
Total Score: 112.20317460317466
Rank: 14.51528778825028
--------------------
Round Score: 0
Possible Round Score: 2
Possible Total: 775
Total Score: 112.20317460317466
Rank: 14.477828981054794
--------------------
Round Score: 0
Possible Round Score: 1
Possible Total: 776
Total Score: 112.20317460317466
Rank: 14.459171984945188
--------------------
Round Score: 0
Possible Round Score: 1
Possible Total: 777
Total Score: 112.20317460317466
Rank: 14.440563011991593
--------------------
Round Score: 0.3333333333333333
Possible Round Score: 2
Possible Total: 779
Total Score: 112.53650793650799
Rank: 14.446278297369448
--------------------
Round Score: 0
Possible Round Score: 1
Possible Total: 780
Total Score: 112.53650793650799
Rank: 14.427757427757435
--------------------
Round Score: 0
Possible Round Score: 1
Possible Total: 781
Total Score: 112.53650793650799
Rank: 14.409283986748783
--------------------
Round Score: 0
Possible Round Score: 1
Possible Total: 782
Total Score: 112.53650793650799
Rank: 14.390857792392325
--------------------
Round Score: 0
Possible Round Score: 1
Possible Total: 783
Total Score: 112.53650793650799
Rank: 14.37247866366641
--------------------
Round Score: 0
Possible Round Score: 1
Possible Total: 784
Total Score: 112.53650793650799
Rank: 14.354146420472958
--------------------
Round Score: 0
Possible Round Score: 1
Possible Total: 785
Total Score: 112.53650793650799
Rank: 14.33586088363159
--------------------
Round Score: 0
Possible Round Score: 1
Possible Total: 786
Total Score: 112.53650793650799
Rank: 14.31762187487379
--------------------
Round Score: 0
Possible Round Score: 1
Possible Total: 787
Total Score: 112.53650793650799
Rank: 14.299429216837101
--------------------
Round Score: 0
Possible Round Score: 1
Possible Total: 788
Total Score: 112.53650793650799
Rank: 14.281282733059388
--------------------
Round Score: 0.4
Possible Round Score: 2
Possible Total: 790
Total Score: 112.936507936508
Rank: 14.29576049829215
--------------------
Round Score: 0
Possible Round Score: 1
Possible Total: 791
Total Score: 112.936507936508
Rank: 14.277687476170417
--------------------
Round Score: 0
Possible Round Score: 1
Possible Total: 792
Total Score: 112.936507936508
Rank: 14.259660092993434
--------------------
Round Score: 0
Possible Round Score: 2
Possible Total: 794
Total Score: 112.936507936508
Rank: 14.223741553716371
--------------------
Round Score: 0
Possible Round Score: 1
Possible Total: 795
Total Score: 112.936507936508
Rank: 14.205850054906666
--------------------
Round Score: 0
Possible Round Score: 1
Possible Total: 796
Total Score: 112.936507936508
Rank: 14.188003509611558
--------------------
Round Score: 0
Possible Round Score: 2
Possible Total: 798
Total Score: 112.936507936508
Rank: 14.15244460357243
--------------------
Round Score: 0.3333333333333333
Possible Round Score: 2
Possible Total: 800
Total Score: 113.26984126984132
Rank: 14.158730158730165
--------------------
Round Score: 0
Possible Round Score: 1
Possible Total: 801
Total Score: 113.26984126984132
Rank: 14.14105384142838
--------------------
Round Score: 0
Possible Round Score: 4
Possible Total: 805
Total Score: 113.26984126984132
Rank: 14.070787735384016
--------------------
Round Score: 0.6000000000000001
Possible Round Score: 3
Possible Total: 808
Total Score: 113.86984126984132
Rank: 14.0928021373566
--------------------
Round Score: 0
Possible Round Score: 1
Possible Total: 809
Total Score: 113.86984126984132
Rank: 14.075382109992745
--------------------
Round Score: 0
Possible Round Score: 1
Possible Total: 810
Total Score: 113.86984126984132
Rank: 14.058005095042137
--------------------
Round Score: 0
Possible Round Score: 1
Possible Total: 811
Total Score: 113.86984126984132
Rank: 14.04067093339597
--------------------
Round Score: 0
Possible Round Score: 1
Possible Total: 812
Total Score: 113.86984126984132
Rank: 14.023379466729228
--------------------
Round Score: 0
Possible Round Score: 1
Possible Total: 813
Total Score: 113.86984126984132
Rank: 14.006130537495856
--------------------
Round Score: 0
Possible Round Score: 1
Possible Total: 814
Total Score: 113.86984126984132
Rank: 13.988923988923997
--------------------
Round Score: 0
Possible Round Score: 1
Possible Total: 815
Total Score: 113.86984126984132
Rank: 13.971759665011204
--------------------
Round Score: 0
Possible Round Score: 1
Possible Total: 816
Total Score: 113.86984126984132
Rank: 13.95463741051977
--------------------
Round Score: 0
Possible Round Score: 1
Possible Total: 817
Total Score: 113.86984126984132
Rank: 13.937557070972009
--------------------
Round Score: 0.4
Possible Round Score: 2
Possible Total: 819
Total Score: 114.26984126984132
Rank: 13.952361571409197
--------------------
Round Score: 0
Possible Round Score: 1
Possible Total: 820
Total Score: 114.26984126984132
Rank: 13.935346496322113
--------------------
Round Score: 1
Possible Round Score: 3
Possible Total: 823
Total Score: 115.26984126984132
Rank: 14.006056047368325
--------------------
Round Score: 3
Possible Round Score: 5
Possible Total: 828
Total Score: 118.26984126984132
Rank: 14.283797254811754
--------------------
Round Score: 0
Possible Round Score: 1
Possible Total: 829
Total Score: 118.26984126984132
Rank: 14.266567101307759
--------------------
